05/12/2023 15:23:41 - INFO - activitysim - Read logging configuration from: configs\GQ\logging.yaml
05/12/2023 15:23:41 - INFO - activitysim.cli.run - SETTING configs_dir: ['configs\\GQ']
05/12/2023 15:23:41 - INFO - activitysim.cli.run - SETTING settings_file_name: settings.yaml
05/12/2023 15:23:41 - INFO - activitysim.cli.run - SETTING data_dir: data
05/12/2023 15:23:41 - INFO - activitysim.cli.run - SETTING output_dir: output\GQ
05/12/2023 15:23:41 - INFO - activitysim.cli.run - SETTING multiprocess: None
05/12/2023 15:23:41 - INFO - activitysim.cli.run - SETTING num_processes: None
05/12/2023 15:23:41 - INFO - activitysim.cli.run - SETTING resume_after: None
05/12/2023 15:23:41 - INFO - activitysim.cli.run - SETTING GROUP_BY_INCIDENCE_SIGNATURE: True
05/12/2023 15:23:41 - INFO - activitysim.cli.run - SETTING INTEGERIZE_WITH_BACKSTOPPED_CONTROLS: True
05/12/2023 15:23:41 - INFO - activitysim.cli.run - SETTING SUB_BALANCE_WITH_FLOAT_SEED_WEIGHTS: False
05/12/2023 15:23:41 - INFO - activitysim.cli.run - SETTING meta_control_data: None
05/12/2023 15:23:41 - INFO - activitysim.cli.run - SETTING control_file_name: controls.csv
05/12/2023 15:23:41 - INFO - activitysim.cli.run - SETTING USE_CVXPY: False
05/12/2023 15:23:41 - INFO - activitysim.cli.run - SETTING USE_SIMUL_INTEGERIZER: True
05/12/2023 15:23:41 - INFO - activitysim.cli.run - ENV MKL_NUM_THREADS: None
05/12/2023 15:23:41 - INFO - activitysim.cli.run - ENV OMP_NUM_THREADS: None
05/12/2023 15:23:41 - INFO - activitysim.cli.run - ENV OPENBLAS_NUM_THREADS: None
05/12/2023 15:23:41 - INFO - activitysim.cli.run - NUMPY blas_info libraries: ['cblas', 'blas', 'cblas', 'blas', 'cblas', 'blas']
05/12/2023 15:23:41 - INFO - activitysim.cli.run - NUMPY blas_opt_info libraries: ['cblas', 'blas', 'cblas', 'blas', 'cblas', 'blas']
05/12/2023 15:23:41 - INFO - activitysim.cli.run - NUMPY lapack_info libraries: ['lapack', 'blas', 'lapack', 'blas']
05/12/2023 15:23:41 - INFO - activitysim.cli.run - NUMPY lapack_opt_info libraries: ['lapack', 'blas', 'lapack', 'blas', 'cblas', 'blas', 'cblas', 'blas', 'cblas', 'blas']
05/12/2023 15:23:41 - INFO - activitysim.cli.run - run single process simulation
05/12/2023 15:23:41 - DEBUG - activitysim.core.random - Set random seed base to 0
05/12/2023 15:23:41 - DEBUG - activitysim.core.pipeline - open_pipeline - new, empty pipeline
05/12/2023 15:23:41 - DEBUG - activitysim.core.pipeline - opened pipeline_store output\GQ\pipeline.h5
05/12/2023 15:23:41 - DEBUG - activitysim.core.pipeline - add_checkpoint init timestamp 2023-12-05 15:23:41.791774
05/12/2023 15:23:41 - DEBUG - activitysim.core.pipeline - open_pipeline complete
05/12/2023 15:23:41 - INFO - activitysim.core.tracing - Time to execute open_pipeline : 0.017 seconds (0.0 minutes)
05/12/2023 15:23:41 - INFO - activitysim.core.tracing - Time to execute preload_injectables : 0.02 seconds (0.0 minutes)
05/12/2023 15:23:41 - INFO - activitysim.core.pipeline - #run_model running step input_pre_processor
05/12/2023 15:23:41 - INFO - populationsim.steps.input_pre_processor - Using table list: [{'tablename': 'households', 'filename': 'seed_households_GQ.csv', 'index_col': 'hh_id'}, {'tablename': 'persons', 'filename': 'seed_persons_GQ.csv', 'column_map': {'SPORDER': 'per_num'}}, {'tablename': 'geo_cross_walk', 'filename': 'geo_crosswalksGQ.csv'}, {'tablename': 'MAZ_control_data', 'filename': 'control_totals_maz.csv'}, {'tablename': 'TAZ_control_data', 'filename': 'control_totals_taz.csv'}, {'tablename': 'REGION_control_data', 'filename': 'control_totals_region.csv'}]
05/12/2023 15:23:41 - INFO - activitysim.core.input - Reading CSV file data\seed_households_GQ.csv
05/12/2023 15:23:41 - DEBUG - activitysim.core.input - raw households table size: (2184, 240) 4.2 MB
05/12/2023 15:23:41 - DEBUG - activitysim.core.input - households table columns: ['RT' 'SERIALNO' 'DIVISION' 'PUMA' 'REGION' 'ST' 'ADJHSG' 'ADJINC' 'WGTP'
 'NP' 'TYPEHUGQ' 'ACCESSINET' 'ACR' 'AGS' 'BATH' 'BDSP' 'BLD' 'BROADBND'
 'COMPOTHX' 'CONP' 'DIALUP' 'ELEFP' 'ELEP' 'FS' 'FULFP' 'FULP' 'GASFP'
 'GASP' 'HFL' 'HISPEED' 'HOTWAT' 'INSP' 'LAPTOP' 'MHP' 'MRGI' 'MRGP'
 'MRGT' 'MRGX' 'OTHSVCEX' 'REFR' 'RMSP' 'RNTM' 'RNTP' 'RWAT' 'RWATPR'
 'SATELLITE' 'SINK' 'SMARTPHONE' 'SMP' 'STOV' 'TABLET' 'TEL' 'TEN' 'VACS'
 'VALP' 'VEH' 'WATFP' 'WATP' 'YRBLT' 'CPLT' 'FINCP' 'FPARC' 'GRNTP'
 'GRPIP' 'HHL' 'HHLANP' 'HHLDRAGEP' 'HHLDRHISP' 'HHLDRRAC1P' 'HHT' 'HHT2'
 'HINCP' 'HUGCL' 'HUPAC' 'HUPAOC' 'HUPARC' 'KIT' 'LNGI' 'MULTG' 'MV' 'NOC'
 'NPF' 'NPP' 'NR' 'NRC' 'OCPIP' 'PARTNER' 'PLM' 'PLMPRP' 'PSF' 'R18' 'R60'
 'R65' 'RESMODE' 'SMOCP' 'SMX' 'SRNT' 'SVAL' 'TAXAMT' 'WIF' 'WKEXREL'
 'WORKSTAT' 'FACCESSP' 'FACRP' 'FAGSP' 'FBATHP' 'FBDSP' 'FBLDP'
 'FBROADBNDP' 'FCOMPOTHXP' 'FCONP' 'FDIALUPP' 'FELEP' 'FFINCP' 'FFSP'
 'FFULP' 'FGASP' 'FGRNTP' 'FHFLP' 'FHINCP' 'FHISPEEDP' 'FHOTWATP' 'FINSP'
 'FKITP' 'FLAPTOPP' 'FMHP' 'FMRGIP' 'FMRGP' 'FMRGTP' 'FMRGXP' 'FMVP'
 'FOTHSVCEXP' 'FPLMP' 'FPLMPRP' 'FREFRP' 'FRMSP' 'FRNTMP' 'FRNTP' 'FRWATP'
 'FRWATPRP' 'FSATELLITEP' 'FSINKP' 'FSMARTPHONP' 'FSMOCP' 'FSMP' 'FSMXHP'
 'FSMXSP' 'FSTOVP' 'FTABLETP' 'FTAXP' 'FTELP' 'FTENP' 'FVACSP' 'FVALP'
 'FVEHP' 'FWATP' 'FYRBLTP' 'WGTP1' 'WGTP2' 'WGTP3' 'WGTP4' 'WGTP5' 'WGTP6'
 'WGTP7' 'WGTP8' 'WGTP9' 'WGTP10' 'WGTP11' 'WGTP12' 'WGTP13' 'WGTP14'
 'WGTP15' 'WGTP16' 'WGTP17' 'WGTP18' 'WGTP19' 'WGTP20' 'WGTP21' 'WGTP22'
 'WGTP23' 'WGTP24' 'WGTP25' 'WGTP26' 'WGTP27' 'WGTP28' 'WGTP29' 'WGTP30'
 'WGTP31' 'WGTP32' 'WGTP33' 'WGTP34' 'WGTP35' 'WGTP36' 'WGTP37' 'WGTP38'
 'WGTP39' 'WGTP40' 'WGTP41' 'WGTP42' 'WGTP43' 'WGTP44' 'WGTP45' 'WGTP46'
 'WGTP47' 'WGTP48' 'WGTP49' 'WGTP50' 'WGTP51' 'WGTP52' 'WGTP53' 'WGTP54'
 'WGTP55' 'WGTP56' 'WGTP57' 'WGTP58' 'WGTP59' 'WGTP60' 'WGTP61' 'WGTP62'
 'WGTP63' 'WGTP64' 'WGTP65' 'WGTP66' 'WGTP67' 'WGTP68' 'WGTP69' 'WGTP70'
 'WGTP71' 'WGTP72' 'WGTP73' 'WGTP74' 'WGTP75' 'WGTP76' 'WGTP77' 'WGTP78'
 'WGTP79' 'WGTP80' 'GQWGTP' 'GQTYPE']
05/12/2023 15:23:41 - DEBUG - activitysim.core.input - households table size: (2184, 239) 4.2 MB
05/12/2023 15:23:41 - DEBUG - activitysim.core.input - households index name: hh_id
05/12/2023 15:23:41 - INFO - populationsim.steps.input_pre_processor - registering table households
05/12/2023 15:23:41 - INFO - activitysim.core.input - Reading CSV file data\seed_persons_GQ.csv
05/12/2023 15:23:42 - DEBUG - activitysim.core.input - raw persons table size: (2184, 289) 5.0 MB
05/12/2023 15:23:42 - DEBUG - activitysim.core.input - renaming columns: {'SPORDER': 'per_num'}
05/12/2023 15:23:42 - DEBUG - activitysim.core.input - persons table columns: ['RT' 'SERIALNO' 'DIVISION' 'per_num' 'PUMA' 'REGION' 'ST' 'ADJINC'
 'GQWGTP' 'AGEP' 'CIT' 'CITWP' 'COW' 'DDRS' 'DEAR' 'DEYE' 'DOUT' 'DPHY'
 'DRAT' 'DRATX' 'DREM' 'ENG' 'FER' 'GCL' 'GCM' 'GCR' 'HINS1' 'HINS2'
 'HINS3' 'HINS4' 'HINS5' 'HINS6' 'HINS7' 'INTP' 'JWMNP' 'JWRIP' 'JWTRNS'
 'LANX' 'MAR' 'MARHD' 'MARHM' 'MARHT' 'MARHW' 'MARHYP' 'MIG' 'MIL' 'MLPA'
 'MLPB' 'MLPCD' 'MLPE' 'MLPFG' 'MLPH' 'MLPIK' 'MLPJ' 'NWAB' 'NWAV' 'NWLA'
 'NWLK' 'NWRE' 'OIP' 'PAP' 'RELSHIPP' 'RETP' 'SCH' 'SCHG' 'SCHL' 'SEMP'
 'SEX' 'SSIP' 'SSP' 'WAGP' 'WKHP' 'WKL' 'WKW' 'WKWN' 'WRK' 'YOEP' 'ANC'
 'ANC1P' 'ANC2P' 'DECADE' 'DIS' 'DRIVESP' 'ESP' 'ESR' 'FOD1P' 'FOD2P'
 'HICOV' 'HISP' 'INDP' 'JWAP' 'JWDP' 'LANP' 'MIGPUMA' 'MIGSP' 'MSP'
 'NAICSP' 'NATIVITY' 'NOP' 'OC' 'OCCP' 'PAOC' 'PERNP' 'PINCP' 'POBP'
 'POVPIP' 'POWPUMA' 'POWSP' 'PRIVCOV' 'PUBCOV' 'QTRBIR' 'RAC1P' 'RAC2P'
 'RAC3P' 'RACAIAN' 'RACASN' 'RACBLK' 'RACNH' 'RACNUM' 'RACPI' 'RACSOR'
 'RACWHT' 'RC' 'SCIENGP' 'SCIENGRLP' 'SFN' 'SFR' 'SOCP' 'VPS' 'WAOB'
 'FAGEP' 'FANCP' 'FCITP' 'FCITWP' 'FCOWP' 'FDDRSP' 'FDEARP' 'FDEYEP'
 'FDISP' 'FDOUTP' 'FDPHYP' 'FDRATP' 'FDRATXP' 'FDREMP' 'FENGP' 'FESRP'
 'FFERP' 'FFODP' 'FGCLP' 'FGCMP' 'FGCRP' 'FHICOVP' 'FHINS1P' 'FHINS2P'
 'FHINS3C' 'FHINS3P' 'FHINS4C' 'FHINS4P' 'FHINS5C' 'FHINS5P' 'FHINS6P'
 'FHINS7P' 'FHISP' 'FINDP' 'FINTP' 'FJWDP' 'FJWMNP' 'FJWRIP' 'FJWTRNSP'
 'FLANP' 'FLANXP' 'FMARP' 'FMARHDP' 'FMARHMP' 'FMARHTP' 'FMARHWP'
 'FMARHYP' 'FMIGP' 'FMIGSP' 'FMILPP' 'FMILSP' 'FOCCP' 'FOIP' 'FPAP'
 'FPERNP' 'FPINCP' 'FPOBP' 'FPOWSP' 'FPRIVCOVP' 'FPUBCOVP' 'FRACP'
 'FRELSHIPP' 'FRETP' 'FSCHGP' 'FSCHLP' 'FSCHP' 'FSEMP' 'FSEXP' 'FSSIP'
 'FSSP' 'FWAGP' 'FWKHP' 'FWKLP' 'FWKWNP' 'FWKWP' 'FWRKP' 'FYOEP' 'PWGTP1'
 'PWGTP2' 'PWGTP3' 'PWGTP4' 'PWGTP5' 'PWGTP6' 'PWGTP7' 'PWGTP8' 'PWGTP9'
 'PWGTP10' 'PWGTP11' 'PWGTP12' 'PWGTP13' 'PWGTP14' 'PWGTP15' 'PWGTP16'
 'PWGTP17' 'PWGTP18' 'PWGTP19' 'PWGTP20' 'PWGTP21' 'PWGTP22' 'PWGTP23'
 'PWGTP24' 'PWGTP25' 'PWGTP26' 'PWGTP27' 'PWGTP28' 'PWGTP29' 'PWGTP30'
 'PWGTP31' 'PWGTP32' 'PWGTP33' 'PWGTP34' 'PWGTP35' 'PWGTP36' 'PWGTP37'
 'PWGTP38' 'PWGTP39' 'PWGTP40' 'PWGTP41' 'PWGTP42' 'PWGTP43' 'PWGTP44'
 'PWGTP45' 'PWGTP46' 'PWGTP47' 'PWGTP48' 'PWGTP49' 'PWGTP50' 'PWGTP51'
 'PWGTP52' 'PWGTP53' 'PWGTP54' 'PWGTP55' 'PWGTP56' 'PWGTP57' 'PWGTP58'
 'PWGTP59' 'PWGTP60' 'PWGTP61' 'PWGTP62' 'PWGTP63' 'PWGTP64' 'PWGTP65'
 'PWGTP66' 'PWGTP67' 'PWGTP68' 'PWGTP69' 'PWGTP70' 'PWGTP71' 'PWGTP72'
 'PWGTP73' 'PWGTP74' 'PWGTP75' 'PWGTP76' 'PWGTP77' 'PWGTP78' 'PWGTP79'
 'PWGTP80' 'GQTYPE' 'hh_id']
05/12/2023 15:23:42 - DEBUG - activitysim.core.input - persons table size: (2184, 289) 5.0 MB
05/12/2023 15:23:42 - DEBUG - activitysim.core.input - persons index name: None
05/12/2023 15:23:42 - INFO - populationsim.steps.input_pre_processor - registering table persons
05/12/2023 15:23:42 - INFO - activitysim.core.input - Reading CSV file data\geo_crosswalksGQ.csv
05/12/2023 15:23:42 - DEBUG - activitysim.core.input - raw geo_cross_walk table size: (2557, 7) 143.3 KB
05/12/2023 15:23:42 - DEBUG - activitysim.core.input - geo_cross_walk table columns: ['MAZ' 'TAZ' 'BLOCKGRP' 'TRACT' 'PUMA' 'COUNTY' 'REGION']
05/12/2023 15:23:42 - DEBUG - activitysim.core.input - geo_cross_walk table size: (2557, 7) 143.3 KB
05/12/2023 15:23:42 - DEBUG - activitysim.core.input - geo_cross_walk index name: None
05/12/2023 15:23:42 - INFO - populationsim.steps.input_pre_processor - registering table geo_cross_walk
05/12/2023 15:23:42 - INFO - activitysim.core.input - Reading CSV file data\control_totals_maz.csv
05/12/2023 15:23:42 - DEBUG - activitysim.core.input - raw MAZ_control_data table size: (27925, 3) 670.3 KB
05/12/2023 15:23:42 - DEBUG - activitysim.core.input - MAZ_control_data table columns: ['MAZ' 'hh' 'GQ']
05/12/2023 15:23:42 - DEBUG - activitysim.core.input - MAZ_control_data table size: (27925, 3) 670.3 KB
05/12/2023 15:23:42 - DEBUG - activitysim.core.input - MAZ_control_data index name: None
05/12/2023 15:23:42 - INFO - populationsim.steps.input_pre_processor - registering table MAZ_control_data
05/12/2023 15:23:42 - INFO - activitysim.core.input - Reading CSV file data\control_totals_taz.csv
05/12/2023 15:23:42 - DEBUG - activitysim.core.input - raw TAZ_control_data table size: (3007, 45) 1.1 MB
05/12/2023 15:23:42 - DEBUG - activitysim.core.input - TAZ_control_data table columns: ['TAZ' 'HHS' 'GQ' 'PUMA' 'COUNTY' 'HHSIZE1_S3' 'HHSIZE2_S3' 'HHSIZE3_S3'
 'HHSIZE4M_S3' 'HHAGE1_S3' 'HHAGE2_S3' 'HHAGE3_S3' 'HHWRK1_S3' 'HHWRK2_S3'
 'HHWRK3_S3' 'HHWRK4_S3' 'HHINC1_S3' 'HHINC2_S3' 'HHINC3_S3' 'HHINC4_S3'
 'HHINC5_S3' 'HH_WIKID_S3' 'HH_WOKID_S3' 'HHFAMMAR_S3' 'HHFAMNOWIFE_S3'
 'HHFAMNOHUSBAND_S3' 'HHFAMNON_S3' 'HHFAMNONALONE_S3' 'HHUNITSINGLE_S3'
 'HHUNITMULTI_S3' 'HHUNITMOBILE_S3' 'TOTPOP_S' 'MALE_S' 'FEMALE_S'
 'AGE0to17_S' 'AGE18to24_S' 'AGE25to34_S' 'AGE35to49_S' 'AGE50to64_S'
 'AGE65to79_S' 'AGE80M_S' 'MALE' 'FEMALE' 'TOT_POP_CENSUS' 'TOTPOP_WGT']
05/12/2023 15:23:42 - DEBUG - activitysim.core.input - TAZ_control_data table size: (3007, 45) 1.1 MB
05/12/2023 15:23:42 - DEBUG - activitysim.core.input - TAZ_control_data index name: None
05/12/2023 15:23:42 - INFO - populationsim.steps.input_pre_processor - registering table TAZ_control_data
05/12/2023 15:23:42 - INFO - activitysim.core.input - Reading CSV file data\control_totals_region.csv
05/12/2023 15:23:42 - DEBUG - activitysim.core.input - raw REGION_control_data table size: (1, 2) 144 B
05/12/2023 15:23:42 - DEBUG - activitysim.core.input - REGION_control_data table columns: ['REGION' 'TOTPOP']
05/12/2023 15:23:42 - DEBUG - activitysim.core.input - REGION_control_data table size: (1, 2) 144 B
05/12/2023 15:23:42 - DEBUG - activitysim.core.input - REGION_control_data index name: None
05/12/2023 15:23:42 - INFO - populationsim.steps.input_pre_processor - registering table REGION_control_data
05/12/2023 15:23:42 - DEBUG - activitysim.core.tracing - Time to execute #run_model completed step 'input_pre_processor' : 0.232 seconds (0.0 minutes)
05/12/2023 15:23:42 - DEBUG - activitysim.core.pipeline - add_checkpoint input_pre_processor timestamp 2023-12-05 15:23:42.114222
05/12/2023 15:23:42 - DEBUG - activitysim.core.pipeline - add_checkpoint 'input_pre_processor' table 'households' (2184, 239) 4.2 MB
05/12/2023 15:23:42 - DEBUG - activitysim.core.pipeline - add_checkpoint 'input_pre_processor' table 'persons' (2184, 289) 5.0 MB
05/12/2023 15:23:42 - DEBUG - activitysim.core.pipeline - add_checkpoint 'input_pre_processor' table 'geo_cross_walk' (2557, 7) 143.3 KB
05/12/2023 15:23:42 - DEBUG - activitysim.core.pipeline - add_checkpoint 'input_pre_processor' table 'MAZ_control_data' (27925, 3) 670.3 KB
05/12/2023 15:23:42 - DEBUG - activitysim.core.pipeline - add_checkpoint 'input_pre_processor' table 'TAZ_control_data' (3007, 45) 1.1 MB
05/12/2023 15:23:42 - DEBUG - activitysim.core.pipeline - add_checkpoint 'input_pre_processor' table 'REGION_control_data' (1, 2) 144 B
05/12/2023 15:23:42 - INFO - activitysim.core.pipeline - #run_model running step setup_data_structures
05/12/2023 15:23:42 - INFO - populationsim.steps.setup_data_structures - Reading control file configs\GQ\controls.csv
05/12/2023 15:23:42 - INFO - populationsim.steps.setup_data_structures - dropping 27913 MAZ control rows with empty total_hh_control
05/12/2023 15:23:42 - INFO - populationsim.steps.setup_data_structures - dropped 1288 households not in seed zones
05/12/2023 15:23:42 - INFO - populationsim.steps.setup_data_structures - kept 896 households in seed zones
05/12/2023 15:23:42 - DEBUG - activitysim.core.pipeline - rewrap table households inplace=False
05/12/2023 15:23:42 - DEBUG - activitysim.core.pipeline - rewrap table persons inplace=False
05/12/2023 15:23:42 - INFO - populationsim.steps.setup_data_structures - control target num_gq
05/12/2023 15:23:42 - DEBUG - populationsim.steps.setup_data_structures - control_row.seed_table households
05/12/2023 15:23:42 - DEBUG - populationsim.steps.setup_data_structures - control_row.expression households.TYPEHUGQ == 3
05/12/2023 15:23:42 - INFO - populationsim.steps.setup_data_structures - grouped incidence table has 1 entries, ungrouped has 896
05/12/2023 15:23:42 - DEBUG - activitysim.core.tracing - Time to execute #run_model completed step 'setup_data_structures' : 0.053 seconds (0.0 minutes)
05/12/2023 15:23:42 - DEBUG - activitysim.core.pipeline - add_checkpoint setup_data_structures timestamp 2023-12-05 15:23:42.361639
05/12/2023 15:23:42 - DEBUG - activitysim.core.pipeline - add_checkpoint 'setup_data_structures' table 'crosswalk' (2194, 3) 70.2 KB
05/12/2023 15:23:42 - DEBUG - activitysim.core.pipeline - add_checkpoint 'setup_data_structures' table 'control_spec' (1, 6) 176 B
05/12/2023 15:23:42 - DEBUG - activitysim.core.pipeline - add_checkpoint 'setup_data_structures' table 'REGION_controls' (1, 1) 16 B
05/12/2023 15:23:42 - DEBUG - activitysim.core.pipeline - add_checkpoint 'setup_data_structures' table 'PUMA_controls' (1, 1) 16 B
05/12/2023 15:23:42 - DEBUG - activitysim.core.pipeline - add_checkpoint 'setup_data_structures' table 'MAZ_controls' (12, 1) 192 B
05/12/2023 15:23:42 - DEBUG - activitysim.core.pipeline - add_checkpoint 'setup_data_structures' table 'households' (896, 239) 1.7 MB
05/12/2023 15:23:42 - DEBUG - activitysim.core.pipeline - add_checkpoint 'setup_data_structures' table 'persons' (2184, 289) 5.0 MB
05/12/2023 15:23:42 - DEBUG - activitysim.core.pipeline - add_checkpoint 'setup_data_structures' table 'household_groups' (896, 3) 21.5 KB
05/12/2023 15:23:42 - DEBUG - activitysim.core.pipeline - add_checkpoint 'setup_data_structures' table 'incidence_table' (1, 6) 172 B
05/12/2023 15:23:42 - INFO - activitysim.core.pipeline - #run_model running step initial_seed_balancing
05/12/2023 15:23:42 - INFO - populationsim.steps.initial_seed_balancing - initial_seed_balancing seed id 4702505
05/12/2023 15:23:42 - INFO - populationsim.steps.initial_seed_balancing - seed_balancer status: {'converged': True, 'iter': 2, 'delta': 8.130882633849978e-10, 'max_gamma_dif': 7.527312106958561e-14}
05/12/2023 15:23:42 - INFO - populationsim.steps.initial_seed_balancing - Total balanced weights for seed 4702505 = 10799.35078470597
05/12/2023 15:23:42 - DEBUG - activitysim.core.tracing - Time to execute #run_model completed step 'initial_seed_balancing' : 0.016 seconds (0.0 minutes)
05/12/2023 15:23:42 - DEBUG - activitysim.core.pipeline - add_checkpoint initial_seed_balancing timestamp 2023-12-05 15:23:42.615067
05/12/2023 15:23:42 - DEBUG - activitysim.core.pipeline - add_checkpoint 'initial_seed_balancing' table 'PUMA_weights' (1, 4) 160 B
05/12/2023 15:23:42 - INFO - activitysim.core.pipeline - #run_model running step meta_control_factoring
05/12/2023 15:23:42 - WARNING - populationsim.steps.meta_control_factoring - meta_control_factoring: no meta targets so nothing to do
05/12/2023 15:23:42 - DEBUG - activitysim.core.tracing - Time to execute #run_model completed step 'meta_control_factoring' : 0.0 seconds (0.0 minutes)
05/12/2023 15:23:42 - DEBUG - activitysim.core.pipeline - add_checkpoint meta_control_factoring timestamp 2023-12-05 15:23:42.693696
05/12/2023 15:23:42 - INFO - activitysim.core.pipeline - #run_model running step final_seed_balancing
05/12/2023 15:23:42 - WARNING - populationsim.steps.final_seed_balancing - no need for final_seed_balancing because no meta controls
05/12/2023 15:23:42 - DEBUG - activitysim.core.tracing - Time to execute #run_model completed step 'final_seed_balancing' : 0.0 seconds (0.0 minutes)
05/12/2023 15:23:42 - DEBUG - activitysim.core.pipeline - add_checkpoint final_seed_balancing timestamp 2023-12-05 15:23:42.778340
05/12/2023 15:23:42 - DEBUG - activitysim.core.pipeline - rewrap table PUMA_weights inplace=True
05/12/2023 15:23:42 - DEBUG - activitysim.core.pipeline - add_checkpoint 'final_seed_balancing' table 'PUMA_weights' (1, 5) 168 B
05/12/2023 15:23:42 - INFO - activitysim.core.pipeline - #run_model running step integerize_final_seed_weights
05/12/2023 15:23:42 - INFO - populationsim.steps.integerize_final_seed_weights - integerize_final_seed_weights seed id 4702505
05/12/2023 15:23:42 - DEBUG - populationsim.integerizer - Integerizer: 1 out of 1 different from round
05/12/2023 15:23:42 - DEBUG - populationsim.integerizer - Integerizer status for unbackstopped PUMA_4702505: OPTIMAL
05/12/2023 15:23:42 - DEBUG - activitysim.core.tracing - Time to execute #run_model completed step 'integerize_final_seed_weights' : 0.016 seconds (0.0 minutes)
05/12/2023 15:23:42 - DEBUG - activitysim.core.pipeline - add_checkpoint integerize_final_seed_weights timestamp 2023-12-05 15:23:42.878609
05/12/2023 15:23:42 - DEBUG - activitysim.core.pipeline - rewrap table PUMA_weights inplace=True
05/12/2023 15:23:42 - DEBUG - activitysim.core.pipeline - add_checkpoint 'integerize_final_seed_weights' table 'PUMA_weights' (1, 6) 176 B
05/12/2023 15:23:42 - INFO - activitysim.core.pipeline - #run_model running step sub_balancing
05/12/2023 15:23:42 - INFO - populationsim.steps.sub_balancing - balancing 1/1 seed 4702505, PUMA 4702505.0
05/12/2023 15:23:42 - DEBUG - populationsim.simul_balancer - 1 positive weight rows out of 1
05/12/2023 15:23:42 - DEBUG - populationsim.simul_balancer - np_simul_balancer sample_count 1 control_count 1 zone_count 12
05/12/2023 15:23:42 - DEBUG - populationsim.simul_balancer - np_simul_balancer iteration 0 delta 7.247535904753022e-13 max_gamma_dif 9.250008394401377e-05
05/12/2023 15:23:42 - DEBUG - populationsim.steps.sub_balancing - PUMA 4702505.0 converged False iter 0
05/12/2023 15:23:43 - DEBUG - populationsim.multi_integerizer - SimulIntegerizer status OPTIMAL
05/12/2023 15:23:43 - INFO - populationsim.multi_integerizer - do_simul_integerizing succeeded for PUMA_4702505.0 status OPTIMAL. 
05/12/2023 15:23:43 - INFO - populationsim.steps.sub_balancing - adding table MAZ_weights
05/12/2023 15:23:43 - DEBUG - activitysim.core.tracing - Time to execute #run_model completed step 'sub_balancing.geography=MAZ' : 0.069 seconds (0.0 minutes)
05/12/2023 15:23:43 - DEBUG - activitysim.core.pipeline - add_checkpoint sub_balancing.geography=MAZ timestamp 2023-12-05 15:23:43.032272
05/12/2023 15:23:43 - DEBUG - activitysim.core.pipeline - add_checkpoint 'sub_balancing.geography=MAZ' table 'MAZ_weights' (12, 6) 624 B
05/12/2023 15:23:43 - DEBUG - activitysim.core.pipeline - add_checkpoint 'sub_balancing.geography=MAZ' table 'MAZ_weights_sparse' (12, 6) 624 B
05/12/2023 15:23:43 - DEBUG - activitysim.core.pipeline - add_checkpoint 'sub_balancing.geography=MAZ' table 'trace_MAZ_weights' (0, 6) 0 B
05/12/2023 15:23:43 - INFO - activitysim.core.pipeline - #run_model running step expand_households
05/12/2023 15:23:44 - DEBUG - activitysim.core.tracing - Time to execute #run_model completed step 'expand_households' : 1.705 seconds (0.0 minutes)
05/12/2023 15:23:44 - DEBUG - activitysim.core.pipeline - add_checkpoint expand_households timestamp 2023-12-05 15:23:44.852738
05/12/2023 15:23:44 - DEBUG - activitysim.core.pipeline - add_checkpoint 'expand_households' table 'expanded_household_ids' (10801, 3) 302.4 KB
05/12/2023 15:23:44 - INFO - activitysim.core.pipeline - #run_model running step summarize
05/12/2023 15:23:44 - INFO - populationsim.steps.summarize - saving summary table summary_REGION_3
05/12/2023 15:23:44 - INFO - populationsim.steps.summarize - saving summary table summary_MAZ_aggregate
05/12/2023 15:23:44 - INFO - populationsim.steps.summarize - saving summary table summary_MAZ_PUMA
05/12/2023 15:23:44 - INFO - populationsim.steps.summarize - saving summary table summary_MAZ
05/12/2023 15:23:44 - INFO - populationsim.steps.summarize - saving summary table summary_hh_weights
05/12/2023 15:23:44 - DEBUG - activitysim.core.tracing - Time to execute #run_model completed step 'summarize' : 0.047 seconds (0.0 minutes)
05/12/2023 15:23:44 - DEBUG - activitysim.core.pipeline - add_checkpoint summarize timestamp 2023-12-05 15:23:44.999882
05/12/2023 15:23:44 - DEBUG - activitysim.core.pipeline - add_checkpoint 'summarize' table 'summary_REGION_3' (1, 6) 56 B
05/12/2023 15:23:44 - DEBUG - activitysim.core.pipeline - add_checkpoint 'summarize' table 'summary_MAZ_aggregate' (1, 7) 60 B
05/12/2023 15:23:45 - DEBUG - activitysim.core.pipeline - add_checkpoint 'summarize' table 'summary_MAZ_PUMA' (1, 5) 44 B
05/12/2023 15:23:45 - DEBUG - activitysim.core.pipeline - add_checkpoint 'summarize' table 'summary_MAZ' (12, 5) 528 B
05/12/2023 15:23:45 - DEBUG - activitysim.core.pipeline - add_checkpoint 'summarize' table 'summary_hh_weights' (1, 4) 156 B
05/12/2023 15:23:45 - INFO - activitysim.core.pipeline - #run_model running step write_tables
05/12/2023 15:23:45 - WARNING - activitysim.core.steps.output - Skipping 'summary_TAZ': Table not found.
05/12/2023 15:23:45 - WARNING - activitysim.core.steps.output - Skipping 'summary_TAZ_PUMA': Table not found.
05/12/2023 15:23:45 - WARNING - activitysim.core.steps.output - Skipping 'summary_REGION': Table not found.
05/12/2023 15:23:45 - WARNING - activitysim.core.steps.output - Skipping 'summary_TAZ_aggregate': Table not found.
05/12/2023 15:23:45 - DEBUG - activitysim.core.tracing - Time to execute #run_model completed step 'write_tables' : 0.031 seconds (0.0 minutes)
05/12/2023 15:23:45 - DEBUG - activitysim.core.pipeline - add_checkpoint write_tables timestamp 2023-12-05 15:23:45.169169
05/12/2023 15:23:45 - INFO - activitysim.core.pipeline - #run_model running step write_synthetic_population
05/12/2023 15:23:45 - DEBUG - activitysim.core.tracing - Time to execute #run_model completed step 'write_synthetic_population' : 0.063 seconds (0.0 minutes)
05/12/2023 15:23:45 - DEBUG - activitysim.core.pipeline - add_checkpoint write_synthetic_population timestamp 2023-12-05 15:23:45.322830
05/12/2023 15:23:45 - INFO - activitysim.core.tracing - Time to execute run_model (11 models) : 3.541 seconds (0.1 minutes)
05/12/2023 15:23:45 - DEBUG - activitysim.core.pipeline - close_pipeline
05/12/2023 15:23:45 - INFO - activitysim.core.mem - MainProcess high water mark rss: 134_062_080 (134.1 MB) timestamp: 05/12/2023 15:23:45 label:pipeline.run_model write_synthetic_population finished
05/12/2023 15:23:45 - INFO - activitysim.core.mem - MainProcess high water mark uss: 126_853_120 (126.9 MB) timestamp: 05/12/2023 15:23:45 label:pipeline.run_model write_synthetic_population finished
05/12/2023 15:23:45 - INFO - activitysim.core.tracing - Time to execute all models : 3.594 seconds (0.1 minutes)
