
Attaching package: 'dplyr'

The following objects are masked from 'package:data.table':

    between, first, last

The following objects are masked from 'package:stats':

    filter, lag

The following objects are masked from 'package:base':

    intersect, setdiff, setequal, union

Loading required package: bit
Attaching package bit
package:bit (c) 2008-2012 Jens Oehlschlaegel (GPL-2)
creators: bit bitwhich
coercion: as.logical as.integer as.bit as.bitwhich which
operator: ! & | xor != ==
querying: print length any all min max range sum summary
bit access: length<- [ [<- [[ [[<-
for more help type ?bit

Attaching package: 'bit'

The following object is masked from 'package:data.table':

    setattr

The following object is masked from 'package:base':

    xor

Loading required package: methods
Attaching package bit64
package:bit64 (c) 2011-2012 Jens Oehlschlaegel
creators: integer64 seq :
coercion: as.integer64 as.vector as.logical as.integer as.double as.character as.bin
logical operator: ! & | xor != == < <= >= >
arithmetic operator: + - * / %/% %% ^
math: sign abs sqrt log log2 log10
math: floor ceiling trunc round
querying: is.integer64 is.vector [is.atomic} [length] format print str
values: is.na is.nan is.finite is.infinite
aggregation: any all min max range sum prod
cumulation: diff cummin cummax cumsum cumprod
access: length<- [ [<- [[ [[<-
combine: c rep cbind rbind as.data.frame
WARNING don't use as subscripts
WARNING semantics differ from integer
for more help type ?bit64

Attaching package: 'bit64'

The following object is masked from 'package:bit':

    still.identical

The following objects are masked from 'package:base':

    %in%, :, is.double, match, order, rank

[1] "household_id" "PUMA"         "MAZ"          "hh_id"        "NP"          
[1] "CHECK hhperm cols"
[1] "hh_id"        "household_id" "PUMA"         "MAZ"          "NP"          
[6] "serialno"    
[1] "CHECK hh_pums COLS:"
[1] "serialno" "HHINCADJ" "BLD"      "workers" 
[1] "Check hhperm names"
[1] "serialno" "hh_id"    "hhid"     "PUMA"     "hhparcel" "hhsize"   "hhincome"
[8] "hrestype" "workers" 
[1] "re check hhperm names"
 [1] "serialno" "hh_id"    "hhid"     "PUMA"     "hhparcel" "hhsize"  
 [7] "hhincome" "hrestype" "workers"  "hownrent" "hhvehs"   "hhftw"   
[13] "hhptw"    "hhret"    "hhoad"    "hhuni"    "hhhsc"    "hh515"   
[19] "hhcu5"    "hhexpfac" "samptype"
 [1] "serialno" "hh_id"    "hhno"     "PUMA"     "hhparcel" "hhsize"  
 [7] "hhincome" "hrestype" "hhwkrs"   "hownrent" "hhvehs"   "hhftw"   
[13] "hhptw"    "hhret"    "hhoad"    "hhuni"    "hhhsc"    "hh515"   
[19] "hhcu5"    "hhexpfac" "samptype" "hhwkrs"  
