15:23:40.37
Running PopulationSim....
Configured logging using basicConfig
INFO:activitysim:Configured logging using basicConfig
INFO - Read logging configuration from: configs\GQ\logging.yaml
INFO - SETTING configs_dir: ['configs\\GQ']
INFO - SETTING settings_file_name: settings.yaml
INFO - SETTING data_dir: data
INFO - SETTING output_dir: output\GQ
INFO - SETTING multiprocess: None
INFO - SETTING num_processes: None
INFO - SETTING resume_after: None
INFO - SETTING GROUP_BY_INCIDENCE_SIGNATURE: True
INFO - SETTING INTEGERIZE_WITH_BACKSTOPPED_CONTROLS: True
INFO - SETTING SUB_BALANCE_WITH_FLOAT_SEED_WEIGHTS: False
INFO - SETTING meta_control_data: None
INFO - SETTING control_file_name: controls.csv
INFO - SETTING USE_CVXPY: False
INFO - SETTING USE_SIMUL_INTEGERIZER: True
INFO - ENV MKL_NUM_THREADS: None
INFO - ENV OMP_NUM_THREADS: None
INFO - ENV OPENBLAS_NUM_THREADS: None
INFO - NUMPY blas_info libraries: ['cblas', 'blas', 'cblas', 'blas', 'cblas', 'blas']
INFO - NUMPY blas_opt_info libraries: ['cblas', 'blas', 'cblas', 'blas', 'cblas', 'blas']
INFO - NUMPY lapack_info libraries: ['lapack', 'blas', 'lapack', 'blas']
INFO - NUMPY lapack_opt_info libraries: ['lapack', 'blas', 'lapack', 'blas', 'cblas', 'blas', 'cblas', 'blas', 'cblas', 'blas']
INFO - run single process simulation
INFO - Time to execute open_pipeline : 0.017 seconds (0.0 minutes)
INFO - Time to execute preload_injectables : 0.02 seconds (0.0 minutes)
INFO - #run_model running step input_pre_processor
Running step 'input_pre_processor'
INFO - Using table list: [{'tablename': 'households', 'filename': 'seed_households_GQ.csv', 'index_col': 'hh_id'}, {'tablename': 'persons', 'filename': 'seed_persons_GQ.csv', 'column_map': {'SPORDER': 'per_num'}}, {'tablename': 'geo_cross_walk', 'filename': 'geo_crosswalksGQ.csv'}, {'tablename': 'MAZ_control_data', 'filename': 'control_totals_maz.csv'}, {'tablename': 'TAZ_control_data', 'filename': 'control_totals_taz.csv'}, {'tablename': 'REGION_control_data', 'filename': 'control_totals_region.csv'}]
INFO - Reading CSV file data\seed_households_GQ.csv
INFO - registering table households
INFO - Reading CSV file data\seed_persons_GQ.csv
WARNING - E:\Projects\Clients\NashvilleMPO\ModelUpdate2023\Tasks\Task4_Enhancements\Update_PopulationSim_Software\GitHub_William\Setup\software\popsim\lib\site-packages\activitysim\core\input.py:146: FutureWarning: table_inf option 'column_map' renamed 'rename_columns'Support for 'column_map' will be removed in future versions.
  warnings.warn(

INFO - registering table persons
INFO - Reading CSV file data\geo_crosswalksGQ.csv
INFO - registering table geo_cross_walk
INFO - Reading CSV file data\control_totals_maz.csv
INFO - registering table MAZ_control_data
INFO - Reading CSV file data\control_totals_taz.csv
INFO - registering table TAZ_control_data
INFO - Reading CSV file data\control_totals_region.csv
INFO - registering table REGION_control_data
Time to execute step 'input_pre_processor': 0.23 s
Total time to execute iteration 1 with iteration value None: 0.23 s
WARNING - E:\Projects\Clients\NashvilleMPO\ModelUpdate2023\Tasks\Task4_Enhancements\Update_PopulationSim_Software\GitHub_William\Setup\software\popsim\lib\site-packages\activitysim\core\pipeline.py:213: PerformanceWarning: 
your performance may suffer as PyTables will pickle object types that it cannot
map directly to c-types [inferred_type->mixed,key->block2_values] [items->Index(['RT', 'SERIALNO', 'NAICSP', 'SOCP'], dtype='object')]

  store[pipeline_table_key(table_name, checkpoint_name)] = df

INFO - #run_model running step setup_data_structures
Running step 'setup_data_structures'
INFO - Reading control file configs\GQ\controls.csv
INFO - dropping 27913 MAZ control rows with empty total_hh_control
INFO - dropped 1288 households not in seed zones
INFO - kept 896 households in seed zones
INFO - control target num_gq
INFO - grouped incidence table has 1 entries, ungrouped has 896
Time to execute step 'setup_data_structures': 0.05 s
Total time to execute iteration 1 with iteration value None: 0.05 s
WARNING - E:\Projects\Clients\NashvilleMPO\ModelUpdate2023\Tasks\Task4_Enhancements\Update_PopulationSim_Software\GitHub_William\Setup\software\popsim\lib\site-packages\activitysim\core\pipeline.py:213: PerformanceWarning: 
your performance may suffer as PyTables will pickle object types that it cannot
map directly to c-types [inferred_type->mixed,key->block2_values] [items->Index(['RT', 'SERIALNO', 'NAICSP', 'SOCP'], dtype='object')]

  store[pipeline_table_key(table_name, checkpoint_name)] = df

INFO - #run_model running step initial_seed_balancing
Running step 'initial_seed_balancing'
INFO - initial_seed_balancing seed id 4702505
INFO - seed_balancer status: {'converged': True, 'iter': 2, 'delta': 8.130882633849978e-10, 'max_gamma_dif': 7.527312106958561e-14}
INFO - Total balanced weights for seed 4702505 = 10799.35078470597
Time to execute step 'initial_seed_balancing': 0.02 s
Total time to execute iteration 1 with iteration value None: 0.02 s
INFO - #run_model running step meta_control_factoring
Running step 'meta_control_factoring'
WARNING - meta_control_factoring: no meta targets so nothing to do
Time to execute step 'meta_control_factoring': 0.00 s
Total time to execute iteration 1 with iteration value None: 0.00 s
INFO - #run_model running step final_seed_balancing
Running step 'final_seed_balancing'
WARNING - no need for final_seed_balancing because no meta controls
Time to execute step 'final_seed_balancing': 0.00 s
Total time to execute iteration 1 with iteration value None: 0.00 s
INFO - #run_model running step integerize_final_seed_weights
Running step 'integerize_final_seed_weights'
INFO - integerize_final_seed_weights seed id 4702505
Time to execute step 'integerize_final_seed_weights': 0.02 s
Total time to execute iteration 1 with iteration value None: 0.02 s
INFO - #run_model running step sub_balancing
Running step 'sub_balancing'
INFO - balancing 1/1 seed 4702505, PUMA 4702505.0
INFO - do_simul_integerizing succeeded for PUMA_4702505.0 status OPTIMAL. 
INFO - adding table MAZ_weights
Time to execute step 'sub_balancing': 0.07 s
Total time to execute iteration 1 with iteration value None: 0.07 s
INFO - #run_model running step expand_households
Running step 'expand_households'
Time to execute step 'expand_households': 1.70 s
Total time to execute iteration 1 with iteration value None: 1.70 s
INFO - #run_model running step summarize
Running step 'summarize'
INFO - saving summary table summary_REGION_3
INFO - saving summary table summary_MAZ_aggregate
INFO - saving summary table summary_MAZ_PUMA
INFO - saving summary table summary_MAZ
INFO - saving summary table summary_hh_weights
Time to execute step 'summarize': 0.05 s
Total time to execute iteration 1 with iteration value None: 0.05 s
INFO - #run_model running step write_tables
Running step 'write_tables'
WARNING - Skipping 'summary_TAZ': Table not found.
WARNING - Skipping 'summary_TAZ_PUMA': Table not found.
WARNING - Skipping 'summary_REGION': Table not found.
WARNING - Skipping 'summary_TAZ_aggregate': Table not found.
Time to execute step 'write_tables': 0.03 s
Total time to execute iteration 1 with iteration value None: 0.03 s
INFO - #run_model running step write_synthetic_population
Running step 'write_synthetic_population'
Time to execute step 'write_synthetic_population': 0.06 s
Total time to execute iteration 1 with iteration value None: 0.06 s
INFO - Time to execute run_model (11 models) : 3.541 seconds (0.1 minutes)
INFO - MainProcess high water mark rss: 134_062_080 (134.1 MB) timestamp: 05/12/2023 15:23:45 label:pipeline.run_model write_synthetic_population finished
INFO - MainProcess high water mark uss: 126_853_120 (126.9 MB) timestamp: 05/12/2023 15:23:45 label:pipeline.run_model write_synthetic_population finished
INFO - Time to execute all models : 3.594 seconds (0.1 minutes)
Welcome to the CBC MILP Solver 
Version: 2.10.7 
Build Date: Mar 10 2023 

command line - cbc -solve -quit (default strategy 1)
Presolve 0 (-1) rows, 0 (-2) columns and 0 (-1) elements
Empty problem - 0 rows, 0 columns and 0 elements
Optimal - objective value -0
After Postsolve, objective 0, infeasibilities - dual 0 (0), primal 0 (0)
Optimal objective 0 - 0 iterations time 0.002, Presolve 0.00
Total time (CPU seconds):       0.00   (Wallclock seconds):       0.00

Welcome to the CBC MILP Solver 
Version: 2.10.7 
Build Date: Mar 10 2023 

command line - cbc -solve -quit (default strategy 1)
Presolve 0 (-12) rows, 0 (-13) columns and 0 (-12) elements
Empty problem - 0 rows, 0 columns and 0 elements
Optimal - objective value 27.708307
After Postsolve, objective 27.708307, infeasibilities - dual 0 (0), primal 0 (0)
Optimal objective 27.70830689 - 0 iterations time 0.002, Presolve 0.00
Total time (CPU seconds):       0.00   (Wallclock seconds):       0.00

PopulationSim run complete!!
15:23:45.48
