24/10/2023 13:08:42 - INFO - activitysim - Read logging configuration from: configs\HH\logging.yaml
24/10/2023 13:08:42 - DEBUG - activitysim.core.mp_tasks - mp_run_simulation mp_sub_balancing_TAZ locutor=False 
24/10/2023 13:08:42 - DEBUG - activitysim.core.mp_tasks - injecting pipeline_file_prefix 'mp_sub_balancing_TAZ_2'
24/10/2023 13:08:42 - INFO - activitysim.core.mp_tasks - resume_after _
24/10/2023 13:08:42 - DEBUG - activitysim.core.random - Set random seed base to 0
24/10/2023 13:08:42 - DEBUG - activitysim.core.pipeline - open_pipeline - open existing pipeline
24/10/2023 13:08:42 - DEBUG - activitysim.core.pipeline - opened pipeline_store output\HH\mp_sub_balancing_TAZ_2-pipeline.h5
24/10/2023 13:08:42 - INFO - activitysim.core.pipeline - load_checkpoint _
24/10/2023 13:08:42 - INFO - activitysim.core.pipeline - loading checkpoint 'mp_seed_balancing'
24/10/2023 13:08:42 - INFO - activitysim.core.pipeline - load_checkpoint mp_seed_balancing timestamp 2023-10-24 13:08:25.011576
24/10/2023 13:08:43 - INFO - activitysim.core.pipeline - load_checkpoint table households (34034, 238)
24/10/2023 13:08:43 - DEBUG - activitysim.core.pipeline - rewrap table households inplace=False
24/10/2023 13:08:43 - INFO - activitysim.core.pipeline - load_checkpoint table persons (83294, 289)
24/10/2023 13:08:43 - DEBUG - activitysim.core.pipeline - rewrap table persons inplace=False
24/10/2023 13:08:43 - INFO - activitysim.core.pipeline - load_checkpoint table geo_cross_walk (33117, 7)
24/10/2023 13:08:43 - DEBUG - activitysim.core.pipeline - rewrap table geo_cross_walk inplace=False
24/10/2023 13:08:43 - INFO - activitysim.core.pipeline - load_checkpoint table MAZ_control_data (33117, 4)
24/10/2023 13:08:43 - DEBUG - activitysim.core.pipeline - rewrap table MAZ_control_data inplace=False
24/10/2023 13:08:43 - INFO - activitysim.core.pipeline - load_checkpoint table TAZ_control_data (2929, 45)
24/10/2023 13:08:43 - DEBUG - activitysim.core.pipeline - rewrap table TAZ_control_data inplace=False
24/10/2023 13:08:43 - INFO - activitysim.core.pipeline - load_checkpoint table REGION_control_data (1, 2)
24/10/2023 13:08:43 - DEBUG - activitysim.core.pipeline - rewrap table REGION_control_data inplace=False
24/10/2023 13:08:43 - INFO - activitysim.core.pipeline - load_checkpoint table crosswalk (3402, 4)
24/10/2023 13:08:43 - DEBUG - activitysim.core.pipeline - rewrap table crosswalk inplace=False
24/10/2023 13:08:43 - INFO - activitysim.core.pipeline - load_checkpoint table slice_crosswalk (1, 2)
24/10/2023 13:08:43 - DEBUG - activitysim.core.pipeline - rewrap table slice_crosswalk inplace=False
24/10/2023 13:08:43 - INFO - activitysim.core.pipeline - load_checkpoint table control_spec (24, 6)
24/10/2023 13:08:43 - DEBUG - activitysim.core.pipeline - rewrap table control_spec inplace=False
24/10/2023 13:08:44 - INFO - activitysim.core.pipeline - load_checkpoint table REGION_controls (1, 24)
24/10/2023 13:08:44 - DEBUG - activitysim.core.pipeline - rewrap table REGION_controls inplace=False
24/10/2023 13:08:44 - INFO - activitysim.core.pipeline - load_checkpoint table PUMA_controls (12, 24)
24/10/2023 13:08:44 - DEBUG - activitysim.core.pipeline - rewrap table PUMA_controls inplace=False
24/10/2023 13:08:44 - INFO - activitysim.core.pipeline - load_checkpoint table TAZ_controls (2702, 23)
24/10/2023 13:08:44 - DEBUG - activitysim.core.pipeline - rewrap table TAZ_controls inplace=False
24/10/2023 13:08:44 - INFO - activitysim.core.pipeline - load_checkpoint table MAZ_controls (20797, 1)
24/10/2023 13:08:44 - DEBUG - activitysim.core.pipeline - rewrap table MAZ_controls inplace=False
24/10/2023 13:08:44 - INFO - activitysim.core.pipeline - load_checkpoint table household_groups (34034, 3)
24/10/2023 13:08:44 - DEBUG - activitysim.core.pipeline - rewrap table household_groups inplace=False
24/10/2023 13:08:44 - INFO - activitysim.core.pipeline - load_checkpoint table incidence_table (8894, 29)
24/10/2023 13:08:44 - DEBUG - activitysim.core.pipeline - rewrap table incidence_table inplace=False
24/10/2023 13:08:44 - INFO - activitysim.core.pipeline - load_checkpoint table PUMA_weights (8894, 6)
24/10/2023 13:08:44 - DEBUG - activitysim.core.pipeline - rewrap table PUMA_weights inplace=False
24/10/2023 13:08:44 - DEBUG - activitysim.core.pipeline - open_pipeline complete
24/10/2023 13:08:44 - INFO - activitysim.core.pipeline - #run_model running step sub_balancing
24/10/2023 13:08:44 - INFO - populationsim.steps.sub_balancing - balancing 1/1 seed 4702300, PUMA 4702300
24/10/2023 13:08:44 - DEBUG - populationsim.simul_balancer - 642 positive weight rows out of 642
24/10/2023 13:08:44 - DEBUG - populationsim.simul_balancer - np_simul_balancer sample_count 642 control_count 23 zone_count 217
24/10/2023 13:08:44 - DEBUG - populationsim.simul_balancer - np_simul_balancer iteration 0 delta 32.820396378798236 max_gamma_dif 21.520827202592134
24/10/2023 13:09:17 - DEBUG - populationsim.simul_balancer - np_simul_balancer iteration 100 delta 0.016582178652073662 max_gamma_dif 20.101687028478256
24/10/2023 13:09:50 - DEBUG - populationsim.simul_balancer - np_simul_balancer iteration 200 delta 0.00354497091166846 max_gamma_dif 13.737337819657087
24/10/2023 13:10:23 - DEBUG - populationsim.simul_balancer - np_simul_balancer iteration 300 delta 0.0020623557458441916 max_gamma_dif 426.93192815474526
24/10/2023 13:10:57 - DEBUG - populationsim.simul_balancer - np_simul_balancer iteration 400 delta 0.0007088218652620168 max_gamma_dif 5.27554701653037
24/10/2023 13:11:30 - DEBUG - populationsim.simul_balancer - np_simul_balancer iteration 500 delta 0.000578545907049908 max_gamma_dif 5.067955593509864
24/10/2023 13:12:04 - DEBUG - populationsim.simul_balancer - np_simul_balancer iteration 600 delta 0.0001892610005855986 max_gamma_dif 6.257837385144894
24/10/2023 13:12:38 - DEBUG - populationsim.simul_balancer - np_simul_balancer iteration 700 delta 0.00016259912693214107 max_gamma_dif 3.296575796847092
24/10/2023 13:13:11 - DEBUG - populationsim.simul_balancer - np_simul_balancer iteration 800 delta 0.00017268846369253836 max_gamma_dif 3.0957434662509495
24/10/2023 13:13:45 - DEBUG - populationsim.simul_balancer - np_simul_balancer iteration 900 delta 0.00024630430479956686 max_gamma_dif 2.602072648371319
24/10/2023 13:14:15 - DEBUG - populationsim.steps.sub_balancing - PUMA 4702300 converged False iter 999
24/10/2023 13:14:33 - WARNING - populationsim.multi_integerizer - do_simul_integerizing failed for PUMA_4702300 status INFEASIBLE. 
24/10/2023 13:14:33 - INFO - populationsim.multi_integerizer - sequential_integerizing zone_id 2610 zone_name TAZ_2610
24/10/2023 13:14:33 - DEBUG - populationsim.integerizer - Integerizer: 54 out of 642 different from round
24/10/2023 13:14:33 - DEBUG - populationsim.integerizer - Integerizer status for backstopped PUMA_4702300_TAZ_2610: OPTIMAL
24/10/2023 13:14:33 - INFO - populationsim.multi_integerizer - sequential_integerizing zone_id 2611 zone_name TAZ_2611
24/10/2023 13:14:33 - DEBUG - populationsim.integerizer - Integerizer: 50 out of 642 different from round
24/10/2023 13:14:33 - DEBUG - populationsim.integerizer - Integerizer status for backstopped PUMA_4702300_TAZ_2611: OPTIMAL
24/10/2023 13:14:33 - INFO - populationsim.multi_integerizer - sequential_integerizing zone_id 2612 zone_name TAZ_2612
24/10/2023 13:14:33 - DEBUG - populationsim.integerizer - Integerizer: 56 out of 642 different from round
24/10/2023 13:14:33 - DEBUG - populationsim.integerizer - Integerizer status for backstopped PUMA_4702300_TAZ_2612: OPTIMAL
24/10/2023 13:14:33 - INFO - populationsim.multi_integerizer - sequential_integerizing zone_id 2613 zone_name TAZ_2613
24/10/2023 13:14:33 - DEBUG - populationsim.integerizer - Integerizer: 62 out of 642 different from round
24/10/2023 13:14:33 - DEBUG - populationsim.integerizer - Integerizer status for backstopped PUMA_4702300_TAZ_2613: OPTIMAL
24/10/2023 13:14:33 - INFO - populationsim.multi_integerizer - sequential_integerizing zone_id 2614 zone_name TAZ_2614
24/10/2023 13:14:33 - DEBUG - populationsim.integerizer - Integerizer: 71 out of 642 different from round
24/10/2023 13:14:33 - DEBUG - populationsim.integerizer - Integerizer status for backstopped PUMA_4702300_TAZ_2614: OPTIMAL
24/10/2023 13:14:33 - INFO - populationsim.multi_integerizer - sequential_integerizing zone_id 2615 zone_name TAZ_2615
24/10/2023 13:14:33 - DEBUG - populationsim.integerizer - Integerizer: 66 out of 642 different from round
24/10/2023 13:14:33 - DEBUG - populationsim.integerizer - Integerizer status for backstopped PUMA_4702300_TAZ_2615: OPTIMAL
24/10/2023 13:14:33 - INFO - populationsim.multi_integerizer - sequential_integerizing zone_id 2616 zone_name TAZ_2616
24/10/2023 13:14:33 - DEBUG - populationsim.integerizer - Integerizer: 67 out of 642 different from round
24/10/2023 13:14:33 - DEBUG - populationsim.integerizer - Integerizer status for backstopped PUMA_4702300_TAZ_2616: OPTIMAL
24/10/2023 13:14:33 - INFO - populationsim.multi_integerizer - sequential_integerizing zone_id 2618 zone_name TAZ_2618
24/10/2023 13:14:33 - DEBUG - populationsim.integerizer - Integerizer: 56 out of 642 different from round
24/10/2023 13:14:33 - DEBUG - populationsim.integerizer - Integerizer status for backstopped PUMA_4702300_TAZ_2618: OPTIMAL
24/10/2023 13:14:33 - INFO - populationsim.multi_integerizer - sequential_integerizing zone_id 2619 zone_name TAZ_2619
24/10/2023 13:14:33 - DEBUG - populationsim.integerizer - Integerizer: 39 out of 642 different from round
24/10/2023 13:14:33 - DEBUG - populationsim.integerizer - Integerizer status for backstopped PUMA_4702300_TAZ_2619: OPTIMAL
24/10/2023 13:14:33 - INFO - populationsim.multi_integerizer - sequential_integerizing zone_id 2620 zone_name TAZ_2620
24/10/2023 13:14:34 - DEBUG - populationsim.integerizer - Integerizer: 40 out of 642 different from round
24/10/2023 13:14:34 - DEBUG - populationsim.integerizer - Integerizer status for backstopped PUMA_4702300_TAZ_2620: OPTIMAL
24/10/2023 13:14:34 - INFO - populationsim.multi_integerizer - sequential_integerizing zone_id 2621 zone_name TAZ_2621
24/10/2023 13:14:34 - DEBUG - populationsim.integerizer - Integerizer: 51 out of 642 different from round
24/10/2023 13:14:34 - DEBUG - populationsim.integerizer - Integerizer status for backstopped PUMA_4702300_TAZ_2621: OPTIMAL
24/10/2023 13:14:34 - INFO - populationsim.multi_integerizer - sequential_integerizing zone_id 2622 zone_name TAZ_2622
24/10/2023 13:14:34 - DEBUG - populationsim.integerizer - Integerizer: 66 out of 642 different from round
24/10/2023 13:14:34 - DEBUG - populationsim.integerizer - Integerizer status for backstopped PUMA_4702300_TAZ_2622: OPTIMAL
24/10/2023 13:14:34 - INFO - populationsim.multi_integerizer - sequential_integerizing zone_id 2623 zone_name TAZ_2623
24/10/2023 13:14:34 - DEBUG - populationsim.integerizer - Integerizer: 53 out of 642 different from round
24/10/2023 13:14:34 - DEBUG - populationsim.integerizer - Integerizer status for backstopped PUMA_4702300_TAZ_2623: OPTIMAL
24/10/2023 13:14:34 - INFO - populationsim.multi_integerizer - sequential_integerizing zone_id 2624 zone_name TAZ_2624
24/10/2023 13:14:34 - DEBUG - populationsim.integerizer - Integerizer: 65 out of 642 different from round
24/10/2023 13:14:34 - DEBUG - populationsim.integerizer - Integerizer status for backstopped PUMA_4702300_TAZ_2624: OPTIMAL
24/10/2023 13:14:34 - INFO - populationsim.multi_integerizer - sequential_integerizing zone_id 2625 zone_name TAZ_2625
24/10/2023 13:14:34 - DEBUG - populationsim.integerizer - Integerizer: 40 out of 642 different from round
24/10/2023 13:14:34 - DEBUG - populationsim.integerizer - Integerizer status for backstopped PUMA_4702300_TAZ_2625: OPTIMAL
24/10/2023 13:14:34 - INFO - populationsim.multi_integerizer - sequential_integerizing zone_id 2626 zone_name TAZ_2626
24/10/2023 13:14:34 - DEBUG - populationsim.integerizer - Integerizer: 43 out of 642 different from round
24/10/2023 13:14:34 - DEBUG - populationsim.integerizer - Integerizer status for backstopped PUMA_4702300_TAZ_2626: OPTIMAL
24/10/2023 13:14:34 - INFO - populationsim.multi_integerizer - sequential_integerizing zone_id 2627 zone_name TAZ_2627
24/10/2023 13:14:34 - DEBUG - populationsim.integerizer - Integerizer: 55 out of 642 different from round
24/10/2023 13:14:34 - DEBUG - populationsim.integerizer - Integerizer status for backstopped PUMA_4702300_TAZ_2627: OPTIMAL
24/10/2023 13:14:34 - INFO - populationsim.multi_integerizer - sequential_integerizing zone_id 2628 zone_name TAZ_2628
24/10/2023 13:14:34 - DEBUG - populationsim.integerizer - Integerizer: 37 out of 642 different from round
24/10/2023 13:14:34 - DEBUG - populationsim.integerizer - Integerizer status for backstopped PUMA_4702300_TAZ_2628: OPTIMAL
24/10/2023 13:14:34 - INFO - populationsim.multi_integerizer - sequential_integerizing zone_id 2629 zone_name TAZ_2629
24/10/2023 13:14:34 - DEBUG - populationsim.integerizer - Integerizer: 60 out of 642 different from round
24/10/2023 13:14:34 - DEBUG - populationsim.integerizer - Integerizer status for backstopped PUMA_4702300_TAZ_2629: OPTIMAL
24/10/2023 13:14:34 - INFO - populationsim.multi_integerizer - sequential_integerizing zone_id 2630 zone_name TAZ_2630
24/10/2023 13:14:34 - DEBUG - populationsim.integerizer - Integerizer: 56 out of 642 different from round
24/10/2023 13:14:34 - DEBUG - populationsim.integerizer - Integerizer status for backstopped PUMA_4702300_TAZ_2630: OPTIMAL
24/10/2023 13:14:34 - INFO - populationsim.multi_integerizer - sequential_integerizing zone_id 2631 zone_name TAZ_2631
24/10/2023 13:14:34 - DEBUG - populationsim.integerizer - Integerizer: 10 out of 642 different from round
24/10/2023 13:14:34 - DEBUG - populationsim.integerizer - Integerizer status for backstopped PUMA_4702300_TAZ_2631: OPTIMAL
24/10/2023 13:14:34 - INFO - populationsim.multi_integerizer - sequential_integerizing zone_id 2632 zone_name TAZ_2632
24/10/2023 13:14:34 - DEBUG - populationsim.integerizer - Integerizer: 54 out of 642 different from round
24/10/2023 13:14:34 - DEBUG - populationsim.integerizer - Integerizer status for backstopped PUMA_4702300_TAZ_2632: OPTIMAL
24/10/2023 13:14:34 - INFO - populationsim.multi_integerizer - sequential_integerizing zone_id 2633 zone_name TAZ_2633
24/10/2023 13:14:34 - DEBUG - populationsim.integerizer - Integerizer: 58 out of 642 different from round
24/10/2023 13:14:34 - DEBUG - populationsim.integerizer - Integerizer status for backstopped PUMA_4702300_TAZ_2633: OPTIMAL
24/10/2023 13:14:34 - INFO - populationsim.multi_integerizer - sequential_integerizing zone_id 2634 zone_name TAZ_2634
24/10/2023 13:14:34 - DEBUG - populationsim.integerizer - Integerizer: 39 out of 642 different from round
24/10/2023 13:14:34 - DEBUG - populationsim.integerizer - Integerizer status for backstopped PUMA_4702300_TAZ_2634: OPTIMAL
24/10/2023 13:14:34 - INFO - populationsim.multi_integerizer - sequential_integerizing zone_id 2635 zone_name TAZ_2635
24/10/2023 13:14:34 - DEBUG - populationsim.integerizer - Integerizer: 29 out of 642 different from round
24/10/2023 13:14:34 - DEBUG - populationsim.integerizer - Integerizer status for backstopped PUMA_4702300_TAZ_2635: OPTIMAL
24/10/2023 13:14:34 - INFO - populationsim.multi_integerizer - sequential_integerizing zone_id 2636 zone_name TAZ_2636
24/10/2023 13:14:35 - DEBUG - populationsim.integerizer - Integerizer: 5 out of 642 different from round
24/10/2023 13:14:35 - DEBUG - populationsim.integerizer - Integerizer status for backstopped PUMA_4702300_TAZ_2636: OPTIMAL
24/10/2023 13:14:35 - INFO - populationsim.multi_integerizer - sequential_integerizing zone_id 2637 zone_name TAZ_2637
24/10/2023 13:14:35 - DEBUG - populationsim.integerizer - Integerizer: 15 out of 642 different from round
24/10/2023 13:14:35 - DEBUG - populationsim.integerizer - Integerizer status for backstopped PUMA_4702300_TAZ_2637: OPTIMAL
24/10/2023 13:14:35 - INFO - populationsim.multi_integerizer - sequential_integerizing zone_id 2638 zone_name TAZ_2638
24/10/2023 13:14:35 - DEBUG - populationsim.integerizer - Integerizer: 21 out of 642 different from round
24/10/2023 13:14:35 - DEBUG - populationsim.integerizer - Integerizer status for backstopped PUMA_4702300_TAZ_2638: OPTIMAL
24/10/2023 13:14:35 - INFO - populationsim.multi_integerizer - sequential_integerizing zone_id 2639 zone_name TAZ_2639
24/10/2023 13:14:35 - DEBUG - populationsim.integerizer - Integerizer: 51 out of 642 different from round
24/10/2023 13:14:35 - DEBUG - populationsim.integerizer - Integerizer status for backstopped PUMA_4702300_TAZ_2639: OPTIMAL
24/10/2023 13:14:35 - INFO - populationsim.multi_integerizer - sequential_integerizing zone_id 2640 zone_name TAZ_2640
24/10/2023 13:14:35 - DEBUG - populationsim.integerizer - Integerizer: 5 out of 642 different from round
24/10/2023 13:14:35 - DEBUG - populationsim.integerizer - Integerizer status for backstopped PUMA_4702300_TAZ_2640: OPTIMAL
24/10/2023 13:14:35 - INFO - populationsim.multi_integerizer - sequential_integerizing zone_id 2641 zone_name TAZ_2641
24/10/2023 13:14:35 - DEBUG - populationsim.integerizer - omitting 380 zero weight rows out of 642
24/10/2023 13:14:35 - DEBUG - populationsim.integerizer - Integerizer: 1 out of 262 different from round
24/10/2023 13:14:35 - DEBUG - populationsim.integerizer - Integerizer status for backstopped PUMA_4702300_TAZ_2641: OPTIMAL
24/10/2023 13:14:35 - INFO - populationsim.multi_integerizer - sequential_integerizing zone_id 2642 zone_name TAZ_2642
24/10/2023 13:14:35 - DEBUG - populationsim.integerizer - omitting 154 zero weight rows out of 642
24/10/2023 13:14:35 - DEBUG - populationsim.integerizer - Integerizer: 3 out of 488 different from round
24/10/2023 13:14:35 - DEBUG - populationsim.integerizer - Integerizer status for backstopped PUMA_4702300_TAZ_2642: OPTIMAL
24/10/2023 13:14:35 - INFO - populationsim.multi_integerizer - sequential_integerizing zone_id 2643 zone_name TAZ_2643
24/10/2023 13:14:35 - DEBUG - populationsim.integerizer - Integerizer: 50 out of 642 different from round
24/10/2023 13:14:35 - DEBUG - populationsim.integerizer - Integerizer status for backstopped PUMA_4702300_TAZ_2643: OPTIMAL
24/10/2023 13:14:35 - INFO - populationsim.multi_integerizer - sequential_integerizing zone_id 2644 zone_name TAZ_2644
24/10/2023 13:14:35 - DEBUG - populationsim.integerizer - Integerizer: 47 out of 642 different from round
24/10/2023 13:14:35 - DEBUG - populationsim.integerizer - Integerizer status for backstopped PUMA_4702300_TAZ_2644: OPTIMAL
24/10/2023 13:14:35 - INFO - populationsim.multi_integerizer - sequential_integerizing zone_id 2645 zone_name TAZ_2645
24/10/2023 13:14:35 - DEBUG - populationsim.integerizer - Integerizer: 66 out of 642 different from round
24/10/2023 13:14:35 - DEBUG - populationsim.integerizer - Integerizer status for backstopped PUMA_4702300_TAZ_2645: OPTIMAL
24/10/2023 13:14:35 - INFO - populationsim.multi_integerizer - sequential_integerizing zone_id 2646 zone_name TAZ_2646
24/10/2023 13:14:35 - DEBUG - populationsim.integerizer - Integerizer: 63 out of 642 different from round
24/10/2023 13:14:35 - DEBUG - populationsim.integerizer - Integerizer status for backstopped PUMA_4702300_TAZ_2646: OPTIMAL
24/10/2023 13:14:35 - INFO - populationsim.multi_integerizer - sequential_integerizing zone_id 2647 zone_name TAZ_2647
24/10/2023 13:14:35 - DEBUG - populationsim.integerizer - Integerizer: 61 out of 642 different from round
24/10/2023 13:14:35 - DEBUG - populationsim.integerizer - Integerizer status for backstopped PUMA_4702300_TAZ_2647: OPTIMAL
24/10/2023 13:14:35 - INFO - populationsim.multi_integerizer - sequential_integerizing zone_id 2648 zone_name TAZ_2648
24/10/2023 13:14:35 - DEBUG - populationsim.integerizer - Integerizer: 45 out of 642 different from round
24/10/2023 13:14:35 - DEBUG - populationsim.integerizer - Integerizer status for backstopped PUMA_4702300_TAZ_2648: OPTIMAL
24/10/2023 13:14:35 - INFO - populationsim.multi_integerizer - sequential_integerizing zone_id 2649 zone_name TAZ_2649
24/10/2023 13:14:35 - DEBUG - populationsim.integerizer - Integerizer: 51 out of 642 different from round
24/10/2023 13:14:35 - DEBUG - populationsim.integerizer - Integerizer status for backstopped PUMA_4702300_TAZ_2649: OPTIMAL
24/10/2023 13:14:35 - INFO - populationsim.multi_integerizer - sequential_integerizing zone_id 2650 zone_name TAZ_2650
24/10/2023 13:14:35 - DEBUG - populationsim.integerizer - Integerizer: 55 out of 642 different from round
24/10/2023 13:14:35 - DEBUG - populationsim.integerizer - Integerizer status for backstopped PUMA_4702300_TAZ_2650: OPTIMAL
24/10/2023 13:14:35 - INFO - populationsim.multi_integerizer - sequential_integerizing zone_id 2651 zone_name TAZ_2651
24/10/2023 13:14:35 - DEBUG - populationsim.integerizer - Integerizer: 54 out of 642 different from round
24/10/2023 13:14:35 - DEBUG - populationsim.integerizer - Integerizer status for backstopped PUMA_4702300_TAZ_2651: OPTIMAL
24/10/2023 13:14:35 - INFO - populationsim.multi_integerizer - sequential_integerizing zone_id 2652 zone_name TAZ_2652
24/10/2023 13:14:35 - DEBUG - populationsim.integerizer - Integerizer: 52 out of 642 different from round
24/10/2023 13:14:35 - DEBUG - populationsim.integerizer - Integerizer status for backstopped PUMA_4702300_TAZ_2652: OPTIMAL
24/10/2023 13:14:35 - INFO - populationsim.multi_integerizer - sequential_integerizing zone_id 2653 zone_name TAZ_2653
24/10/2023 13:14:36 - DEBUG - populationsim.integerizer - Integerizer: 42 out of 642 different from round
24/10/2023 13:14:36 - DEBUG - populationsim.integerizer - Integerizer status for backstopped PUMA_4702300_TAZ_2653: OPTIMAL
24/10/2023 13:14:36 - INFO - populationsim.multi_integerizer - sequential_integerizing zone_id 2654 zone_name TAZ_2654
24/10/2023 13:14:36 - DEBUG - populationsim.integerizer - Integerizer: 44 out of 642 different from round
24/10/2023 13:14:36 - DEBUG - populationsim.integerizer - Integerizer status for backstopped PUMA_4702300_TAZ_2654: OPTIMAL
24/10/2023 13:14:36 - INFO - populationsim.multi_integerizer - sequential_integerizing zone_id 2655 zone_name TAZ_2655
24/10/2023 13:14:36 - DEBUG - populationsim.integerizer - Integerizer: 58 out of 642 different from round
24/10/2023 13:14:36 - DEBUG - populationsim.integerizer - Integerizer status for backstopped PUMA_4702300_TAZ_2655: OPTIMAL
24/10/2023 13:14:36 - INFO - populationsim.multi_integerizer - sequential_integerizing zone_id 2656 zone_name TAZ_2656
24/10/2023 13:14:36 - DEBUG - populationsim.integerizer - Integerizer: 51 out of 642 different from round
24/10/2023 13:14:36 - DEBUG - populationsim.integerizer - Integerizer status for backstopped PUMA_4702300_TAZ_2656: OPTIMAL
24/10/2023 13:14:36 - INFO - populationsim.multi_integerizer - sequential_integerizing zone_id 2657 zone_name TAZ_2657
24/10/2023 13:14:36 - DEBUG - populationsim.integerizer - Integerizer: 68 out of 642 different from round
24/10/2023 13:14:36 - DEBUG - populationsim.integerizer - Integerizer status for backstopped PUMA_4702300_TAZ_2657: OPTIMAL
24/10/2023 13:14:36 - INFO - populationsim.multi_integerizer - sequential_integerizing zone_id 2658 zone_name TAZ_2658
24/10/2023 13:14:36 - DEBUG - populationsim.integerizer - Integerizer: 68 out of 642 different from round
24/10/2023 13:14:36 - DEBUG - populationsim.integerizer - Integerizer status for backstopped PUMA_4702300_TAZ_2658: OPTIMAL
24/10/2023 13:14:36 - INFO - populationsim.multi_integerizer - sequential_integerizing zone_id 2659 zone_name TAZ_2659
24/10/2023 13:14:36 - DEBUG - populationsim.integerizer - Integerizer: 59 out of 642 different from round
24/10/2023 13:14:36 - DEBUG - populationsim.integerizer - Integerizer status for backstopped PUMA_4702300_TAZ_2659: OPTIMAL
24/10/2023 13:14:36 - INFO - populationsim.multi_integerizer - sequential_integerizing zone_id 2660 zone_name TAZ_2660
24/10/2023 13:14:36 - DEBUG - populationsim.integerizer - Integerizer: 47 out of 642 different from round
24/10/2023 13:14:36 - DEBUG - populationsim.integerizer - Integerizer status for backstopped PUMA_4702300_TAZ_2660: OPTIMAL
24/10/2023 13:14:36 - INFO - populationsim.multi_integerizer - sequential_integerizing zone_id 2661 zone_name TAZ_2661
24/10/2023 13:14:36 - DEBUG - populationsim.integerizer - Integerizer: 58 out of 642 different from round
24/10/2023 13:14:36 - DEBUG - populationsim.integerizer - Integerizer status for backstopped PUMA_4702300_TAZ_2661: OPTIMAL
24/10/2023 13:14:36 - INFO - populationsim.multi_integerizer - sequential_integerizing zone_id 2662 zone_name TAZ_2662
24/10/2023 13:14:36 - DEBUG - populationsim.integerizer - Integerizer: 49 out of 642 different from round
24/10/2023 13:14:36 - DEBUG - populationsim.integerizer - Integerizer status for backstopped PUMA_4702300_TAZ_2662: OPTIMAL
24/10/2023 13:14:36 - INFO - populationsim.multi_integerizer - sequential_integerizing zone_id 2663 zone_name TAZ_2663
24/10/2023 13:14:36 - DEBUG - populationsim.integerizer - Integerizer: 62 out of 642 different from round
24/10/2023 13:14:36 - DEBUG - populationsim.integerizer - Integerizer status for backstopped PUMA_4702300_TAZ_2663: OPTIMAL
24/10/2023 13:14:36 - INFO - populationsim.multi_integerizer - sequential_integerizing zone_id 2664 zone_name TAZ_2664
24/10/2023 13:14:36 - DEBUG - populationsim.integerizer - Integerizer: 64 out of 642 different from round
24/10/2023 13:14:36 - DEBUG - populationsim.integerizer - Integerizer status for backstopped PUMA_4702300_TAZ_2664: OPTIMAL
24/10/2023 13:14:36 - INFO - populationsim.multi_integerizer - sequential_integerizing zone_id 2665 zone_name TAZ_2665
24/10/2023 13:14:36 - DEBUG - populationsim.integerizer - Integerizer: 16 out of 642 different from round
24/10/2023 13:14:36 - DEBUG - populationsim.integerizer - Integerizer status for backstopped PUMA_4702300_TAZ_2665: OPTIMAL
24/10/2023 13:14:36 - INFO - populationsim.multi_integerizer - sequential_integerizing zone_id 2666 zone_name TAZ_2666
24/10/2023 13:14:36 - DEBUG - populationsim.integerizer - Integerizer: 8 out of 642 different from round
24/10/2023 13:14:36 - DEBUG - populationsim.integerizer - Integerizer status for backstopped PUMA_4702300_TAZ_2666: OPTIMAL
24/10/2023 13:14:36 - INFO - populationsim.multi_integerizer - sequential_integerizing zone_id 2667 zone_name TAZ_2667
24/10/2023 13:14:36 - DEBUG - populationsim.integerizer - Integerizer: 57 out of 642 different from round
24/10/2023 13:14:36 - DEBUG - populationsim.integerizer - Integerizer status for backstopped PUMA_4702300_TAZ_2667: OPTIMAL
24/10/2023 13:14:36 - INFO - populationsim.multi_integerizer - sequential_integerizing zone_id 2668 zone_name TAZ_2668
24/10/2023 13:14:36 - DEBUG - populationsim.integerizer - Integerizer: 38 out of 642 different from round
24/10/2023 13:14:36 - DEBUG - populationsim.integerizer - Integerizer status for backstopped PUMA_4702300_TAZ_2668: OPTIMAL
24/10/2023 13:14:36 - INFO - populationsim.multi_integerizer - sequential_integerizing zone_id 2669 zone_name TAZ_2669
24/10/2023 13:14:36 - DEBUG - populationsim.integerizer - Integerizer: 36 out of 642 different from round
24/10/2023 13:14:36 - DEBUG - populationsim.integerizer - Integerizer status for backstopped PUMA_4702300_TAZ_2669: OPTIMAL
24/10/2023 13:14:36 - INFO - populationsim.multi_integerizer - sequential_integerizing zone_id 2670 zone_name TAZ_2670
24/10/2023 13:14:37 - DEBUG - populationsim.integerizer - Integerizer: 55 out of 642 different from round
24/10/2023 13:14:37 - DEBUG - populationsim.integerizer - Integerizer status for backstopped PUMA_4702300_TAZ_2670: OPTIMAL
24/10/2023 13:14:37 - INFO - populationsim.multi_integerizer - sequential_integerizing zone_id 2671 zone_name TAZ_2671
24/10/2023 13:14:37 - DEBUG - populationsim.integerizer - Integerizer: 63 out of 642 different from round
24/10/2023 13:14:37 - DEBUG - populationsim.integerizer - Integerizer status for backstopped PUMA_4702300_TAZ_2671: OPTIMAL
24/10/2023 13:14:37 - INFO - populationsim.multi_integerizer - sequential_integerizing zone_id 2672 zone_name TAZ_2672
24/10/2023 13:14:37 - DEBUG - populationsim.integerizer - Integerizer: 59 out of 642 different from round
24/10/2023 13:14:37 - DEBUG - populationsim.integerizer - Integerizer status for backstopped PUMA_4702300_TAZ_2672: OPTIMAL
24/10/2023 13:14:37 - INFO - populationsim.multi_integerizer - sequential_integerizing zone_id 2673 zone_name TAZ_2673
24/10/2023 13:14:37 - DEBUG - populationsim.integerizer - Integerizer: 53 out of 642 different from round
24/10/2023 13:14:37 - DEBUG - populationsim.integerizer - Integerizer status for backstopped PUMA_4702300_TAZ_2673: OPTIMAL
24/10/2023 13:14:37 - INFO - populationsim.multi_integerizer - sequential_integerizing zone_id 2674 zone_name TAZ_2674
24/10/2023 13:14:37 - DEBUG - populationsim.integerizer - Integerizer: 54 out of 642 different from round
24/10/2023 13:14:37 - DEBUG - populationsim.integerizer - Integerizer status for backstopped PUMA_4702300_TAZ_2674: OPTIMAL
24/10/2023 13:14:37 - INFO - populationsim.multi_integerizer - sequential_integerizing zone_id 2675 zone_name TAZ_2675
24/10/2023 13:14:37 - DEBUG - populationsim.integerizer - Integerizer: 63 out of 642 different from round
24/10/2023 13:14:37 - DEBUG - populationsim.integerizer - Integerizer status for backstopped PUMA_4702300_TAZ_2675: OPTIMAL
24/10/2023 13:14:37 - INFO - populationsim.multi_integerizer - sequential_integerizing zone_id 2676 zone_name TAZ_2676
24/10/2023 13:14:37 - DEBUG - populationsim.integerizer - Integerizer: 28 out of 642 different from round
24/10/2023 13:14:37 - DEBUG - populationsim.integerizer - Integerizer status for backstopped PUMA_4702300_TAZ_2676: OPTIMAL
24/10/2023 13:14:37 - INFO - populationsim.multi_integerizer - sequential_integerizing zone_id 2677 zone_name TAZ_2677
24/10/2023 13:14:37 - DEBUG - populationsim.integerizer - Integerizer: 61 out of 642 different from round
24/10/2023 13:14:37 - DEBUG - populationsim.integerizer - Integerizer status for backstopped PUMA_4702300_TAZ_2677: OPTIMAL
24/10/2023 13:14:37 - INFO - populationsim.multi_integerizer - sequential_integerizing zone_id 2678 zone_name TAZ_2678
24/10/2023 13:14:37 - DEBUG - populationsim.integerizer - Integerizer: 65 out of 642 different from round
24/10/2023 13:14:37 - DEBUG - populationsim.integerizer - Integerizer status for backstopped PUMA_4702300_TAZ_2678: OPTIMAL
24/10/2023 13:14:37 - INFO - populationsim.multi_integerizer - sequential_integerizing zone_id 2679 zone_name TAZ_2679
24/10/2023 13:14:37 - DEBUG - populationsim.integerizer - Integerizer: 46 out of 642 different from round
24/10/2023 13:14:37 - DEBUG - populationsim.integerizer - Integerizer status for backstopped PUMA_4702300_TAZ_2679: OPTIMAL
24/10/2023 13:14:37 - INFO - populationsim.multi_integerizer - sequential_integerizing zone_id 2680 zone_name TAZ_2680
24/10/2023 13:14:37 - DEBUG - populationsim.integerizer - Integerizer: 43 out of 642 different from round
24/10/2023 13:14:37 - DEBUG - populationsim.integerizer - Integerizer status for backstopped PUMA_4702300_TAZ_2680: OPTIMAL
24/10/2023 13:14:37 - INFO - populationsim.multi_integerizer - sequential_integerizing zone_id 2681 zone_name TAZ_2681
24/10/2023 13:14:37 - DEBUG - populationsim.integerizer - Integerizer: 68 out of 642 different from round
24/10/2023 13:14:37 - DEBUG - populationsim.integerizer - Integerizer status for backstopped PUMA_4702300_TAZ_2681: OPTIMAL
24/10/2023 13:14:37 - INFO - populationsim.multi_integerizer - sequential_integerizing zone_id 2682 zone_name TAZ_2682
24/10/2023 13:14:37 - DEBUG - populationsim.integerizer - Integerizer: 9 out of 642 different from round
24/10/2023 13:14:37 - DEBUG - populationsim.integerizer - Integerizer status for backstopped PUMA_4702300_TAZ_2682: OPTIMAL
24/10/2023 13:14:37 - INFO - populationsim.multi_integerizer - sequential_integerizing zone_id 2683 zone_name TAZ_2683
24/10/2023 13:14:37 - DEBUG - populationsim.integerizer - Integerizer: 19 out of 642 different from round
24/10/2023 13:14:37 - DEBUG - populationsim.integerizer - Integerizer status for backstopped PUMA_4702300_TAZ_2683: OPTIMAL
24/10/2023 13:14:37 - INFO - populationsim.multi_integerizer - sequential_integerizing zone_id 2684 zone_name TAZ_2684
24/10/2023 13:14:37 - DEBUG - populationsim.integerizer - Integerizer: 32 out of 642 different from round
24/10/2023 13:14:37 - DEBUG - populationsim.integerizer - Integerizer status for backstopped PUMA_4702300_TAZ_2684: OPTIMAL
24/10/2023 13:14:37 - INFO - populationsim.multi_integerizer - sequential_integerizing zone_id 2685 zone_name TAZ_2685
24/10/2023 13:14:37 - DEBUG - populationsim.integerizer - Integerizer: 57 out of 642 different from round
24/10/2023 13:14:37 - DEBUG - populationsim.integerizer - Integerizer status for backstopped PUMA_4702300_TAZ_2685: OPTIMAL
24/10/2023 13:14:37 - INFO - populationsim.multi_integerizer - sequential_integerizing zone_id 2686 zone_name TAZ_2686
24/10/2023 13:14:37 - DEBUG - populationsim.integerizer - Integerizer: 51 out of 642 different from round
24/10/2023 13:14:37 - DEBUG - populationsim.integerizer - Integerizer status for backstopped PUMA_4702300_TAZ_2686: OPTIMAL
24/10/2023 13:14:37 - INFO - populationsim.multi_integerizer - sequential_integerizing zone_id 2687 zone_name TAZ_2687
24/10/2023 13:14:38 - DEBUG - populationsim.integerizer - Integerizer: 41 out of 642 different from round
24/10/2023 13:14:38 - DEBUG - populationsim.integerizer - Integerizer status for backstopped PUMA_4702300_TAZ_2687: OPTIMAL
24/10/2023 13:14:38 - INFO - populationsim.multi_integerizer - sequential_integerizing zone_id 2688 zone_name TAZ_2688
24/10/2023 13:14:38 - DEBUG - populationsim.integerizer - Integerizer: 58 out of 642 different from round
24/10/2023 13:14:38 - DEBUG - populationsim.integerizer - Integerizer status for backstopped PUMA_4702300_TAZ_2688: OPTIMAL
24/10/2023 13:14:38 - INFO - populationsim.multi_integerizer - sequential_integerizing zone_id 2689 zone_name TAZ_2689
24/10/2023 13:14:38 - DEBUG - populationsim.integerizer - Integerizer: 60 out of 642 different from round
24/10/2023 13:14:38 - DEBUG - populationsim.integerizer - Integerizer status for backstopped PUMA_4702300_TAZ_2689: OPTIMAL
24/10/2023 13:14:38 - INFO - populationsim.multi_integerizer - sequential_integerizing zone_id 2690 zone_name TAZ_2690
24/10/2023 13:14:38 - DEBUG - populationsim.integerizer - Integerizer: 56 out of 642 different from round
24/10/2023 13:14:38 - DEBUG - populationsim.integerizer - Integerizer status for backstopped PUMA_4702300_TAZ_2690: OPTIMAL
24/10/2023 13:14:38 - INFO - populationsim.multi_integerizer - sequential_integerizing zone_id 2691 zone_name TAZ_2691
24/10/2023 13:14:38 - DEBUG - populationsim.integerizer - Integerizer: 60 out of 642 different from round
24/10/2023 13:14:38 - DEBUG - populationsim.integerizer - Integerizer status for backstopped PUMA_4702300_TAZ_2691: OPTIMAL
24/10/2023 13:14:38 - INFO - populationsim.multi_integerizer - sequential_integerizing zone_id 2692 zone_name TAZ_2692
24/10/2023 13:14:38 - DEBUG - populationsim.integerizer - Integerizer: 59 out of 642 different from round
24/10/2023 13:14:38 - DEBUG - populationsim.integerizer - Integerizer status for backstopped PUMA_4702300_TAZ_2692: OPTIMAL
24/10/2023 13:14:38 - INFO - populationsim.multi_integerizer - sequential_integerizing zone_id 2693 zone_name TAZ_2693
24/10/2023 13:14:38 - DEBUG - populationsim.integerizer - Integerizer: 65 out of 642 different from round
24/10/2023 13:14:38 - DEBUG - populationsim.integerizer - Integerizer status for backstopped PUMA_4702300_TAZ_2693: OPTIMAL
24/10/2023 13:14:38 - INFO - populationsim.multi_integerizer - sequential_integerizing zone_id 2694 zone_name TAZ_2694
24/10/2023 13:14:38 - DEBUG - populationsim.integerizer - Integerizer: 67 out of 642 different from round
24/10/2023 13:14:38 - DEBUG - populationsim.integerizer - Integerizer status for backstopped PUMA_4702300_TAZ_2694: OPTIMAL
24/10/2023 13:14:38 - INFO - populationsim.multi_integerizer - sequential_integerizing zone_id 2696 zone_name TAZ_2696
24/10/2023 13:14:38 - DEBUG - populationsim.integerizer - omitting 383 zero weight rows out of 642
24/10/2023 13:14:38 - DEBUG - populationsim.integerizer - Integerizer: 2 out of 259 different from round
24/10/2023 13:14:38 - DEBUG - populationsim.integerizer - Integerizer status for backstopped PUMA_4702300_TAZ_2696: INFEASIBLE
24/10/2023 13:14:38 - DEBUG - populationsim.integerizer - Integerizer: 2 out of 259 different from round
24/10/2023 13:14:38 - DEBUG - populationsim.integerizer - Integerizer status for unbackstopped PUMA_4702300_TAZ_2696: INFEASIBLE
24/10/2023 13:14:38 - ERROR - populationsim.integerizer - Integerizer failed for PUMA_4702300_TAZ_2696 status INFEASIBLE. Returning smart-rounded original weights
24/10/2023 13:14:38 - INFO - populationsim.multi_integerizer - sequential_integerizing zone_id 2697 zone_name TAZ_2697
24/10/2023 13:14:38 - DEBUG - populationsim.integerizer - Integerizer: 46 out of 642 different from round
24/10/2023 13:14:38 - DEBUG - populationsim.integerizer - Integerizer status for backstopped PUMA_4702300_TAZ_2697: OPTIMAL
24/10/2023 13:14:38 - INFO - populationsim.multi_integerizer - sequential_integerizing zone_id 2698 zone_name TAZ_2698
24/10/2023 13:14:38 - DEBUG - populationsim.integerizer - omitting 544 zero weight rows out of 642
24/10/2023 13:14:38 - DEBUG - populationsim.integerizer - Integerizer: 3 out of 98 different from round
24/10/2023 13:14:38 - DEBUG - populationsim.integerizer - Integerizer status for backstopped PUMA_4702300_TAZ_2698: INFEASIBLE
24/10/2023 13:14:38 - DEBUG - populationsim.integerizer - Integerizer: 3 out of 98 different from round
24/10/2023 13:14:38 - DEBUG - populationsim.integerizer - Integerizer status for unbackstopped PUMA_4702300_TAZ_2698: INFEASIBLE
24/10/2023 13:14:38 - ERROR - populationsim.integerizer - Integerizer failed for PUMA_4702300_TAZ_2698 status INFEASIBLE. Returning smart-rounded original weights
24/10/2023 13:14:38 - INFO - populationsim.multi_integerizer - sequential_integerizing zone_id 2699 zone_name TAZ_2699
24/10/2023 13:14:38 - DEBUG - populationsim.integerizer - Integerizer: 26 out of 642 different from round
24/10/2023 13:14:38 - DEBUG - populationsim.integerizer - Integerizer status for backstopped PUMA_4702300_TAZ_2699: OPTIMAL
24/10/2023 13:14:38 - INFO - populationsim.multi_integerizer - sequential_integerizing zone_id 2702 zone_name TAZ_2702
24/10/2023 13:14:38 - DEBUG - populationsim.integerizer - Integerizer: 56 out of 642 different from round
24/10/2023 13:14:38 - DEBUG - populationsim.integerizer - Integerizer status for backstopped PUMA_4702300_TAZ_2702: OPTIMAL
24/10/2023 13:14:38 - INFO - populationsim.multi_integerizer - sequential_integerizing zone_id 2703 zone_name TAZ_2703
24/10/2023 13:14:38 - DEBUG - populationsim.integerizer - Integerizer: 51 out of 642 different from round
24/10/2023 13:14:38 - DEBUG - populationsim.integerizer - Integerizer status for backstopped PUMA_4702300_TAZ_2703: OPTIMAL
24/10/2023 13:14:38 - INFO - populationsim.multi_integerizer - sequential_integerizing zone_id 2704 zone_name TAZ_2704
24/10/2023 13:14:38 - DEBUG - populationsim.integerizer - Integerizer: 57 out of 642 different from round
24/10/2023 13:14:38 - DEBUG - populationsim.integerizer - Integerizer status for backstopped PUMA_4702300_TAZ_2704: OPTIMAL
24/10/2023 13:14:38 - INFO - populationsim.multi_integerizer - sequential_integerizing zone_id 2705 zone_name TAZ_2705
24/10/2023 13:14:38 - DEBUG - populationsim.integerizer - Integerizer: 55 out of 642 different from round
24/10/2023 13:14:38 - DEBUG - populationsim.integerizer - Integerizer status for backstopped PUMA_4702300_TAZ_2705: OPTIMAL
24/10/2023 13:14:38 - INFO - populationsim.multi_integerizer - sequential_integerizing zone_id 2706 zone_name TAZ_2706
24/10/2023 13:14:38 - DEBUG - populationsim.integerizer - Integerizer: 53 out of 642 different from round
24/10/2023 13:14:38 - DEBUG - populationsim.integerizer - Integerizer status for backstopped PUMA_4702300_TAZ_2706: OPTIMAL
24/10/2023 13:14:38 - INFO - populationsim.multi_integerizer - sequential_integerizing zone_id 2708 zone_name TAZ_2708
24/10/2023 13:14:39 - DEBUG - populationsim.integerizer - Integerizer: 28 out of 642 different from round
24/10/2023 13:14:39 - DEBUG - populationsim.integerizer - Integerizer status for backstopped PUMA_4702300_TAZ_2708: OPTIMAL
24/10/2023 13:14:39 - INFO - populationsim.multi_integerizer - sequential_integerizing zone_id 2710 zone_name TAZ_2710
24/10/2023 13:14:39 - DEBUG - populationsim.integerizer - Integerizer: 46 out of 642 different from round
24/10/2023 13:14:39 - DEBUG - populationsim.integerizer - Integerizer status for backstopped PUMA_4702300_TAZ_2710: OPTIMAL
24/10/2023 13:14:39 - INFO - populationsim.multi_integerizer - sequential_integerizing zone_id 2711 zone_name TAZ_2711
24/10/2023 13:14:39 - DEBUG - populationsim.integerizer - Integerizer: 54 out of 642 different from round
24/10/2023 13:14:39 - DEBUG - populationsim.integerizer - Integerizer status for backstopped PUMA_4702300_TAZ_2711: OPTIMAL
24/10/2023 13:14:39 - INFO - populationsim.multi_integerizer - sequential_integerizing zone_id 2712 zone_name TAZ_2712
24/10/2023 13:14:39 - DEBUG - populationsim.integerizer - Integerizer: 40 out of 642 different from round
24/10/2023 13:14:39 - DEBUG - populationsim.integerizer - Integerizer status for backstopped PUMA_4702300_TAZ_2712: OPTIMAL
24/10/2023 13:14:39 - INFO - populationsim.multi_integerizer - sequential_integerizing zone_id 2713 zone_name TAZ_2713
24/10/2023 13:14:39 - DEBUG - populationsim.integerizer - Integerizer: 50 out of 642 different from round
24/10/2023 13:14:39 - DEBUG - populationsim.integerizer - Integerizer status for backstopped PUMA_4702300_TAZ_2713: OPTIMAL
24/10/2023 13:14:39 - INFO - populationsim.multi_integerizer - sequential_integerizing zone_id 2714 zone_name TAZ_2714
24/10/2023 13:14:39 - DEBUG - populationsim.integerizer - Integerizer: 49 out of 642 different from round
24/10/2023 13:14:39 - DEBUG - populationsim.integerizer - Integerizer status for backstopped PUMA_4702300_TAZ_2714: OPTIMAL
24/10/2023 13:14:39 - INFO - populationsim.multi_integerizer - sequential_integerizing zone_id 2715 zone_name TAZ_2715
24/10/2023 13:14:39 - DEBUG - populationsim.integerizer - Integerizer: 49 out of 642 different from round
24/10/2023 13:14:39 - DEBUG - populationsim.integerizer - Integerizer status for backstopped PUMA_4702300_TAZ_2715: OPTIMAL
24/10/2023 13:14:39 - INFO - populationsim.multi_integerizer - sequential_integerizing zone_id 2716 zone_name TAZ_2716
24/10/2023 13:14:39 - DEBUG - populationsim.integerizer - Integerizer: 50 out of 642 different from round
24/10/2023 13:14:39 - DEBUG - populationsim.integerizer - Integerizer status for backstopped PUMA_4702300_TAZ_2716: OPTIMAL
24/10/2023 13:14:39 - INFO - populationsim.multi_integerizer - sequential_integerizing zone_id 2717 zone_name TAZ_2717
24/10/2023 13:14:39 - DEBUG - populationsim.integerizer - Integerizer: 44 out of 642 different from round
24/10/2023 13:14:39 - DEBUG - populationsim.integerizer - Integerizer status for backstopped PUMA_4702300_TAZ_2717: OPTIMAL
24/10/2023 13:14:39 - INFO - populationsim.multi_integerizer - sequential_integerizing zone_id 2718 zone_name TAZ_2718
24/10/2023 13:14:39 - DEBUG - populationsim.integerizer - Integerizer: 55 out of 642 different from round
24/10/2023 13:14:39 - DEBUG - populationsim.integerizer - Integerizer status for backstopped PUMA_4702300_TAZ_2718: OPTIMAL
24/10/2023 13:14:39 - INFO - populationsim.multi_integerizer - sequential_integerizing zone_id 2719 zone_name TAZ_2719
24/10/2023 13:14:39 - DEBUG - populationsim.integerizer - Integerizer: 15 out of 642 different from round
24/10/2023 13:14:39 - DEBUG - populationsim.integerizer - Integerizer status for backstopped PUMA_4702300_TAZ_2719: OPTIMAL
24/10/2023 13:14:39 - INFO - populationsim.multi_integerizer - sequential_integerizing zone_id 2720 zone_name TAZ_2720
24/10/2023 13:14:39 - DEBUG - populationsim.integerizer - Integerizer: 45 out of 642 different from round
24/10/2023 13:14:39 - DEBUG - populationsim.integerizer - Integerizer status for backstopped PUMA_4702300_TAZ_2720: OPTIMAL
24/10/2023 13:14:39 - INFO - populationsim.multi_integerizer - sequential_integerizing zone_id 2721 zone_name TAZ_2721
24/10/2023 13:14:39 - DEBUG - populationsim.integerizer - Integerizer: 36 out of 642 different from round
24/10/2023 13:14:39 - DEBUG - populationsim.integerizer - Integerizer status for backstopped PUMA_4702300_TAZ_2721: OPTIMAL
24/10/2023 13:14:39 - INFO - populationsim.multi_integerizer - sequential_integerizing zone_id 2722 zone_name TAZ_2722
24/10/2023 13:14:39 - DEBUG - populationsim.integerizer - Integerizer: 24 out of 642 different from round
24/10/2023 13:14:39 - DEBUG - populationsim.integerizer - Integerizer status for backstopped PUMA_4702300_TAZ_2722: OPTIMAL
24/10/2023 13:14:39 - INFO - populationsim.multi_integerizer - sequential_integerizing zone_id 2725 zone_name TAZ_2725
24/10/2023 13:14:39 - DEBUG - populationsim.integerizer - Integerizer: 26 out of 642 different from round
24/10/2023 13:14:39 - DEBUG - populationsim.integerizer - Integerizer status for backstopped PUMA_4702300_TAZ_2725: OPTIMAL
24/10/2023 13:14:39 - INFO - populationsim.multi_integerizer - sequential_integerizing zone_id 2726 zone_name TAZ_2726
24/10/2023 13:14:39 - DEBUG - populationsim.integerizer - Integerizer: 27 out of 642 different from round
24/10/2023 13:14:39 - DEBUG - populationsim.integerizer - Integerizer status for backstopped PUMA_4702300_TAZ_2726: OPTIMAL
24/10/2023 13:14:39 - INFO - populationsim.multi_integerizer - sequential_integerizing zone_id 2727 zone_name TAZ_2727
24/10/2023 13:14:39 - DEBUG - populationsim.integerizer - Integerizer: 39 out of 642 different from round
24/10/2023 13:14:39 - DEBUG - populationsim.integerizer - Integerizer status for backstopped PUMA_4702300_TAZ_2727: OPTIMAL
24/10/2023 13:14:39 - INFO - populationsim.multi_integerizer - sequential_integerizing zone_id 2728 zone_name TAZ_2728
24/10/2023 13:14:40 - DEBUG - populationsim.integerizer - Integerizer: 47 out of 642 different from round
24/10/2023 13:14:40 - DEBUG - populationsim.integerizer - Integerizer status for backstopped PUMA_4702300_TAZ_2728: OPTIMAL
24/10/2023 13:14:40 - INFO - populationsim.multi_integerizer - sequential_integerizing zone_id 2729 zone_name TAZ_2729
24/10/2023 13:14:40 - DEBUG - populationsim.integerizer - Integerizer: 37 out of 642 different from round
24/10/2023 13:14:40 - DEBUG - populationsim.integerizer - Integerizer status for backstopped PUMA_4702300_TAZ_2729: OPTIMAL
24/10/2023 13:14:40 - INFO - populationsim.multi_integerizer - sequential_integerizing zone_id 2730 zone_name TAZ_2730
24/10/2023 13:14:40 - DEBUG - populationsim.integerizer - Integerizer: 42 out of 642 different from round
24/10/2023 13:14:40 - DEBUG - populationsim.integerizer - Integerizer status for backstopped PUMA_4702300_TAZ_2730: OPTIMAL
24/10/2023 13:14:40 - INFO - populationsim.multi_integerizer - sequential_integerizing zone_id 2731 zone_name TAZ_2731
24/10/2023 13:14:40 - DEBUG - populationsim.integerizer - Integerizer: 51 out of 642 different from round
24/10/2023 13:14:40 - DEBUG - populationsim.integerizer - Integerizer status for backstopped PUMA_4702300_TAZ_2731: OPTIMAL
24/10/2023 13:14:40 - INFO - populationsim.multi_integerizer - sequential_integerizing zone_id 2732 zone_name TAZ_2732
24/10/2023 13:14:40 - DEBUG - populationsim.integerizer - Integerizer: 41 out of 642 different from round
24/10/2023 13:14:40 - DEBUG - populationsim.integerizer - Integerizer status for backstopped PUMA_4702300_TAZ_2732: OPTIMAL
24/10/2023 13:14:40 - INFO - populationsim.multi_integerizer - sequential_integerizing zone_id 2733 zone_name TAZ_2733
24/10/2023 13:14:40 - DEBUG - populationsim.integerizer - Integerizer: 52 out of 642 different from round
24/10/2023 13:14:40 - DEBUG - populationsim.integerizer - Integerizer status for backstopped PUMA_4702300_TAZ_2733: OPTIMAL
24/10/2023 13:14:40 - INFO - populationsim.multi_integerizer - sequential_integerizing zone_id 2734 zone_name TAZ_2734
24/10/2023 13:14:40 - DEBUG - populationsim.integerizer - omitting 280 zero weight rows out of 642
24/10/2023 13:14:40 - DEBUG - populationsim.integerizer - Integerizer: 1 out of 362 different from round
24/10/2023 13:14:40 - DEBUG - populationsim.integerizer - Integerizer status for backstopped PUMA_4702300_TAZ_2734: INFEASIBLE
24/10/2023 13:14:40 - DEBUG - populationsim.integerizer - Integerizer: 1 out of 362 different from round
24/10/2023 13:14:40 - DEBUG - populationsim.integerizer - Integerizer status for unbackstopped PUMA_4702300_TAZ_2734: INFEASIBLE
24/10/2023 13:14:40 - ERROR - populationsim.integerizer - Integerizer failed for PUMA_4702300_TAZ_2734 status INFEASIBLE. Returning smart-rounded original weights
24/10/2023 13:14:40 - INFO - populationsim.multi_integerizer - sequential_integerizing zone_id 2735 zone_name TAZ_2735
24/10/2023 13:14:40 - DEBUG - populationsim.integerizer - Integerizer: 49 out of 642 different from round
24/10/2023 13:14:40 - DEBUG - populationsim.integerizer - Integerizer status for backstopped PUMA_4702300_TAZ_2735: OPTIMAL
24/10/2023 13:14:40 - INFO - populationsim.multi_integerizer - sequential_integerizing zone_id 2736 zone_name TAZ_2736
24/10/2023 13:14:40 - DEBUG - populationsim.integerizer - Integerizer: 24 out of 642 different from round
24/10/2023 13:14:40 - DEBUG - populationsim.integerizer - Integerizer status for backstopped PUMA_4702300_TAZ_2736: OPTIMAL
24/10/2023 13:14:40 - INFO - populationsim.multi_integerizer - sequential_integerizing zone_id 2737 zone_name TAZ_2737
24/10/2023 13:14:40 - DEBUG - populationsim.integerizer - Integerizer: 24 out of 642 different from round
24/10/2023 13:14:40 - DEBUG - populationsim.integerizer - Integerizer status for backstopped PUMA_4702300_TAZ_2737: OPTIMAL
24/10/2023 13:14:40 - INFO - populationsim.multi_integerizer - sequential_integerizing zone_id 2738 zone_name TAZ_2738
24/10/2023 13:14:40 - DEBUG - populationsim.integerizer - omitting 8 zero weight rows out of 642
24/10/2023 13:14:40 - DEBUG - populationsim.integerizer - Integerizer: 4 out of 634 different from round
24/10/2023 13:14:40 - DEBUG - populationsim.integerizer - Integerizer status for backstopped PUMA_4702300_TAZ_2738: OPTIMAL
24/10/2023 13:14:40 - INFO - populationsim.multi_integerizer - sequential_integerizing zone_id 2739 zone_name TAZ_2739
24/10/2023 13:14:40 - DEBUG - populationsim.integerizer - Integerizer: 17 out of 642 different from round
24/10/2023 13:14:40 - DEBUG - populationsim.integerizer - Integerizer status for backstopped PUMA_4702300_TAZ_2739: OPTIMAL
24/10/2023 13:14:40 - INFO - populationsim.multi_integerizer - sequential_integerizing zone_id 2740 zone_name TAZ_2740
24/10/2023 13:14:40 - DEBUG - populationsim.integerizer - Integerizer: 35 out of 642 different from round
24/10/2023 13:14:40 - DEBUG - populationsim.integerizer - Integerizer status for backstopped PUMA_4702300_TAZ_2740: OPTIMAL
24/10/2023 13:14:40 - INFO - populationsim.multi_integerizer - sequential_integerizing zone_id 2741 zone_name TAZ_2741
24/10/2023 13:14:40 - DEBUG - populationsim.integerizer - Integerizer: 9 out of 642 different from round
24/10/2023 13:14:40 - DEBUG - populationsim.integerizer - Integerizer status for backstopped PUMA_4702300_TAZ_2741: OPTIMAL
24/10/2023 13:14:40 - INFO - populationsim.multi_integerizer - sequential_integerizing zone_id 2743 zone_name TAZ_2743
24/10/2023 13:14:40 - DEBUG - populationsim.integerizer - Integerizer: 33 out of 642 different from round
24/10/2023 13:14:40 - DEBUG - populationsim.integerizer - Integerizer status for backstopped PUMA_4702300_TAZ_2743: OPTIMAL
24/10/2023 13:14:40 - INFO - populationsim.multi_integerizer - sequential_integerizing zone_id 2744 zone_name TAZ_2744
24/10/2023 13:14:40 - DEBUG - populationsim.integerizer - Integerizer: 22 out of 642 different from round
24/10/2023 13:14:40 - DEBUG - populationsim.integerizer - Integerizer status for backstopped PUMA_4702300_TAZ_2744: OPTIMAL
24/10/2023 13:14:40 - INFO - populationsim.multi_integerizer - sequential_integerizing zone_id 2745 zone_name TAZ_2745
24/10/2023 13:14:40 - DEBUG - populationsim.integerizer - Integerizer: 26 out of 642 different from round
24/10/2023 13:14:40 - DEBUG - populationsim.integerizer - Integerizer status for backstopped PUMA_4702300_TAZ_2745: OPTIMAL
24/10/2023 13:14:40 - INFO - populationsim.multi_integerizer - sequential_integerizing zone_id 2746 zone_name TAZ_2746
24/10/2023 13:14:41 - DEBUG - populationsim.integerizer - Integerizer: 49 out of 642 different from round
24/10/2023 13:14:41 - DEBUG - populationsim.integerizer - Integerizer status for backstopped PUMA_4702300_TAZ_2746: OPTIMAL
24/10/2023 13:14:41 - INFO - populationsim.multi_integerizer - sequential_integerizing zone_id 2747 zone_name TAZ_2747
24/10/2023 13:14:41 - DEBUG - populationsim.integerizer - Integerizer: 47 out of 642 different from round
24/10/2023 13:14:41 - DEBUG - populationsim.integerizer - Integerizer status for backstopped PUMA_4702300_TAZ_2747: OPTIMAL
24/10/2023 13:14:41 - INFO - populationsim.multi_integerizer - sequential_integerizing zone_id 2748 zone_name TAZ_2748
24/10/2023 13:14:41 - DEBUG - populationsim.integerizer - omitting 413 zero weight rows out of 642
24/10/2023 13:14:41 - DEBUG - populationsim.integerizer - Integerizer: 1 out of 229 different from round
24/10/2023 13:14:41 - DEBUG - populationsim.integerizer - Integerizer status for backstopped PUMA_4702300_TAZ_2748: OPTIMAL
24/10/2023 13:14:41 - INFO - populationsim.multi_integerizer - sequential_integerizing zone_id 2750 zone_name TAZ_2750
24/10/2023 13:14:41 - DEBUG - populationsim.integerizer - Integerizer: 56 out of 642 different from round
24/10/2023 13:14:41 - DEBUG - populationsim.integerizer - Integerizer status for backstopped PUMA_4702300_TAZ_2750: OPTIMAL
24/10/2023 13:14:41 - INFO - populationsim.multi_integerizer - sequential_integerizing zone_id 2751 zone_name TAZ_2751
24/10/2023 13:14:41 - DEBUG - populationsim.integerizer - Integerizer: 62 out of 642 different from round
24/10/2023 13:14:41 - DEBUG - populationsim.integerizer - Integerizer status for backstopped PUMA_4702300_TAZ_2751: OPTIMAL
24/10/2023 13:14:41 - INFO - populationsim.multi_integerizer - sequential_integerizing zone_id 2752 zone_name TAZ_2752
24/10/2023 13:14:41 - DEBUG - populationsim.integerizer - Integerizer: 35 out of 642 different from round
24/10/2023 13:14:41 - DEBUG - populationsim.integerizer - Integerizer status for backstopped PUMA_4702300_TAZ_2752: OPTIMAL
24/10/2023 13:14:41 - INFO - populationsim.multi_integerizer - sequential_integerizing zone_id 2753 zone_name TAZ_2753
24/10/2023 13:14:41 - DEBUG - populationsim.integerizer - Integerizer: 22 out of 642 different from round
24/10/2023 13:14:41 - DEBUG - populationsim.integerizer - Integerizer status for backstopped PUMA_4702300_TAZ_2753: OPTIMAL
24/10/2023 13:14:41 - INFO - populationsim.multi_integerizer - sequential_integerizing zone_id 2754 zone_name TAZ_2754
24/10/2023 13:14:41 - DEBUG - populationsim.integerizer - Integerizer: 45 out of 642 different from round
24/10/2023 13:14:41 - DEBUG - populationsim.integerizer - Integerizer status for backstopped PUMA_4702300_TAZ_2754: OPTIMAL
24/10/2023 13:14:41 - INFO - populationsim.multi_integerizer - sequential_integerizing zone_id 2755 zone_name TAZ_2755
24/10/2023 13:14:41 - DEBUG - populationsim.integerizer - Integerizer: 58 out of 642 different from round
24/10/2023 13:14:41 - DEBUG - populationsim.integerizer - Integerizer status for backstopped PUMA_4702300_TAZ_2755: OPTIMAL
24/10/2023 13:14:41 - INFO - populationsim.multi_integerizer - sequential_integerizing zone_id 2756 zone_name TAZ_2756
24/10/2023 13:14:41 - DEBUG - populationsim.integerizer - Integerizer: 61 out of 642 different from round
24/10/2023 13:14:41 - DEBUG - populationsim.integerizer - Integerizer status for backstopped PUMA_4702300_TAZ_2756: OPTIMAL
24/10/2023 13:14:41 - INFO - populationsim.multi_integerizer - sequential_integerizing zone_id 2757 zone_name TAZ_2757
24/10/2023 13:14:41 - DEBUG - populationsim.integerizer - Integerizer: 51 out of 642 different from round
24/10/2023 13:14:41 - DEBUG - populationsim.integerizer - Integerizer status for backstopped PUMA_4702300_TAZ_2757: OPTIMAL
24/10/2023 13:14:41 - INFO - populationsim.multi_integerizer - sequential_integerizing zone_id 2758 zone_name TAZ_2758
24/10/2023 13:14:41 - DEBUG - populationsim.integerizer - Integerizer: 27 out of 642 different from round
24/10/2023 13:14:41 - DEBUG - populationsim.integerizer - Integerizer status for backstopped PUMA_4702300_TAZ_2758: OPTIMAL
24/10/2023 13:14:41 - INFO - populationsim.multi_integerizer - sequential_integerizing zone_id 2759 zone_name TAZ_2759
24/10/2023 13:14:41 - DEBUG - populationsim.integerizer - Integerizer: 38 out of 642 different from round
24/10/2023 13:14:41 - DEBUG - populationsim.integerizer - Integerizer status for backstopped PUMA_4702300_TAZ_2759: OPTIMAL
24/10/2023 13:14:41 - INFO - populationsim.multi_integerizer - sequential_integerizing zone_id 2760 zone_name TAZ_2760
24/10/2023 13:14:41 - DEBUG - populationsim.integerizer - Integerizer: 47 out of 642 different from round
24/10/2023 13:14:41 - DEBUG - populationsim.integerizer - Integerizer status for backstopped PUMA_4702300_TAZ_2760: OPTIMAL
24/10/2023 13:14:41 - INFO - populationsim.multi_integerizer - sequential_integerizing zone_id 2761 zone_name TAZ_2761
24/10/2023 13:14:41 - DEBUG - populationsim.integerizer - Integerizer: 62 out of 642 different from round
24/10/2023 13:14:41 - DEBUG - populationsim.integerizer - Integerizer status for backstopped PUMA_4702300_TAZ_2761: OPTIMAL
24/10/2023 13:14:41 - INFO - populationsim.multi_integerizer - sequential_integerizing zone_id 2762 zone_name TAZ_2762
24/10/2023 13:14:41 - DEBUG - populationsim.integerizer - Integerizer: 56 out of 642 different from round
24/10/2023 13:14:41 - DEBUG - populationsim.integerizer - Integerizer status for backstopped PUMA_4702300_TAZ_2762: OPTIMAL
24/10/2023 13:14:41 - INFO - populationsim.multi_integerizer - sequential_integerizing zone_id 2763 zone_name TAZ_2763
24/10/2023 13:14:41 - DEBUG - populationsim.integerizer - Integerizer: 60 out of 642 different from round
24/10/2023 13:14:41 - DEBUG - populationsim.integerizer - Integerizer status for backstopped PUMA_4702300_TAZ_2763: OPTIMAL
24/10/2023 13:14:41 - INFO - populationsim.multi_integerizer - sequential_integerizing zone_id 2764 zone_name TAZ_2764
24/10/2023 13:14:41 - DEBUG - populationsim.integerizer - Integerizer: 37 out of 642 different from round
24/10/2023 13:14:41 - DEBUG - populationsim.integerizer - Integerizer status for backstopped PUMA_4702300_TAZ_2764: OPTIMAL
24/10/2023 13:14:41 - INFO - populationsim.multi_integerizer - sequential_integerizing zone_id 2765 zone_name TAZ_2765
24/10/2023 13:14:42 - DEBUG - populationsim.integerizer - Integerizer: 29 out of 642 different from round
24/10/2023 13:14:42 - DEBUG - populationsim.integerizer - Integerizer status for backstopped PUMA_4702300_TAZ_2765: OPTIMAL
24/10/2023 13:14:42 - INFO - populationsim.multi_integerizer - sequential_integerizing zone_id 2766 zone_name TAZ_2766
24/10/2023 13:14:42 - DEBUG - populationsim.integerizer - Integerizer: 43 out of 642 different from round
24/10/2023 13:14:42 - DEBUG - populationsim.integerizer - Integerizer status for backstopped PUMA_4702300_TAZ_2766: OPTIMAL
24/10/2023 13:14:42 - INFO - populationsim.multi_integerizer - sequential_integerizing zone_id 2767 zone_name TAZ_2767
24/10/2023 13:14:42 - DEBUG - populationsim.integerizer - Integerizer: 40 out of 642 different from round
24/10/2023 13:14:42 - DEBUG - populationsim.integerizer - Integerizer status for backstopped PUMA_4702300_TAZ_2767: OPTIMAL
24/10/2023 13:14:42 - INFO - populationsim.multi_integerizer - sequential_integerizing zone_id 2768 zone_name TAZ_2768
24/10/2023 13:14:42 - DEBUG - populationsim.integerizer - Integerizer: 12 out of 642 different from round
24/10/2023 13:14:42 - DEBUG - populationsim.integerizer - Integerizer status for backstopped PUMA_4702300_TAZ_2768: OPTIMAL
24/10/2023 13:14:42 - INFO - populationsim.multi_integerizer - sequential_integerizing zone_id 2769 zone_name TAZ_2769
24/10/2023 13:14:42 - DEBUG - populationsim.integerizer - Integerizer: 55 out of 642 different from round
24/10/2023 13:14:42 - DEBUG - populationsim.integerizer - Integerizer status for backstopped PUMA_4702300_TAZ_2769: OPTIMAL
24/10/2023 13:14:42 - INFO - populationsim.multi_integerizer - sequential_integerizing zone_id 2770 zone_name TAZ_2770
24/10/2023 13:14:42 - DEBUG - populationsim.integerizer - Integerizer: 62 out of 642 different from round
24/10/2023 13:14:42 - DEBUG - populationsim.integerizer - Integerizer status for backstopped PUMA_4702300_TAZ_2770: OPTIMAL
24/10/2023 13:14:42 - INFO - populationsim.multi_integerizer - sequential_integerizing zone_id 2771 zone_name TAZ_2771
24/10/2023 13:14:42 - DEBUG - populationsim.integerizer - Integerizer: 66 out of 642 different from round
24/10/2023 13:14:42 - DEBUG - populationsim.integerizer - Integerizer status for backstopped PUMA_4702300_TAZ_2771: OPTIMAL
24/10/2023 13:14:42 - INFO - populationsim.multi_integerizer - sequential_integerizing zone_id 2772 zone_name TAZ_2772
24/10/2023 13:14:42 - DEBUG - populationsim.integerizer - Integerizer: 67 out of 642 different from round
24/10/2023 13:14:42 - DEBUG - populationsim.integerizer - Integerizer status for backstopped PUMA_4702300_TAZ_2772: OPTIMAL
24/10/2023 13:14:42 - INFO - populationsim.multi_integerizer - sequential_integerizing zone_id 2773 zone_name TAZ_2773
24/10/2023 13:14:42 - DEBUG - populationsim.integerizer - Integerizer: 25 out of 642 different from round
24/10/2023 13:14:42 - DEBUG - populationsim.integerizer - Integerizer status for backstopped PUMA_4702300_TAZ_2773: OPTIMAL
24/10/2023 13:14:42 - INFO - populationsim.multi_integerizer - sequential_integerizing zone_id 2774 zone_name TAZ_2774
24/10/2023 13:14:42 - DEBUG - populationsim.integerizer - Integerizer: 42 out of 642 different from round
24/10/2023 13:14:42 - DEBUG - populationsim.integerizer - Integerizer status for backstopped PUMA_4702300_TAZ_2774: OPTIMAL
24/10/2023 13:14:42 - INFO - populationsim.multi_integerizer - sequential_integerizing zone_id 2775 zone_name TAZ_2775
24/10/2023 13:14:42 - DEBUG - populationsim.integerizer - Integerizer: 55 out of 642 different from round
24/10/2023 13:14:42 - DEBUG - populationsim.integerizer - Integerizer status for backstopped PUMA_4702300_TAZ_2775: OPTIMAL
24/10/2023 13:14:42 - INFO - populationsim.multi_integerizer - sequential_integerizing zone_id 2776 zone_name TAZ_2776
24/10/2023 13:14:42 - DEBUG - populationsim.integerizer - Integerizer: 57 out of 642 different from round
24/10/2023 13:14:42 - DEBUG - populationsim.integerizer - Integerizer status for backstopped PUMA_4702300_TAZ_2776: OPTIMAL
24/10/2023 13:14:42 - INFO - populationsim.multi_integerizer - sequential_integerizing zone_id 2777 zone_name TAZ_2777
24/10/2023 13:14:42 - DEBUG - populationsim.integerizer - Integerizer: 66 out of 642 different from round
24/10/2023 13:14:42 - DEBUG - populationsim.integerizer - Integerizer status for backstopped PUMA_4702300_TAZ_2777: OPTIMAL
24/10/2023 13:14:42 - INFO - populationsim.multi_integerizer - sequential_integerizing zone_id 2778 zone_name TAZ_2778
24/10/2023 13:14:42 - DEBUG - populationsim.integerizer - Integerizer: 66 out of 642 different from round
24/10/2023 13:14:42 - DEBUG - populationsim.integerizer - Integerizer status for backstopped PUMA_4702300_TAZ_2778: OPTIMAL
24/10/2023 13:14:42 - INFO - populationsim.multi_integerizer - sequential_integerizing zone_id 2779 zone_name TAZ_2779
24/10/2023 13:14:42 - DEBUG - populationsim.integerizer - Integerizer: 38 out of 642 different from round
24/10/2023 13:14:42 - DEBUG - populationsim.integerizer - Integerizer status for backstopped PUMA_4702300_TAZ_2779: OPTIMAL
24/10/2023 13:14:42 - INFO - populationsim.multi_integerizer - sequential_integerizing zone_id 2780 zone_name TAZ_2780
24/10/2023 13:14:42 - DEBUG - populationsim.integerizer - Integerizer: 5 out of 642 different from round
24/10/2023 13:14:42 - DEBUG - populationsim.integerizer - Integerizer status for backstopped PUMA_4702300_TAZ_2780: OPTIMAL
24/10/2023 13:14:42 - INFO - populationsim.multi_integerizer - sequential_integerizing zone_id 2781 zone_name TAZ_2781
24/10/2023 13:14:42 - DEBUG - populationsim.integerizer - Integerizer: 28 out of 642 different from round
24/10/2023 13:14:42 - DEBUG - populationsim.integerizer - Integerizer status for backstopped PUMA_4702300_TAZ_2781: OPTIMAL
24/10/2023 13:14:42 - INFO - populationsim.multi_integerizer - sequential_integerizing zone_id 2782 zone_name TAZ_2782
24/10/2023 13:14:43 - DEBUG - populationsim.integerizer - Integerizer: 43 out of 642 different from round
24/10/2023 13:14:43 - DEBUG - populationsim.integerizer - Integerizer status for backstopped PUMA_4702300_TAZ_2782: OPTIMAL
24/10/2023 13:14:43 - INFO - populationsim.multi_integerizer - sequential_integerizing zone_id 2783 zone_name TAZ_2783
24/10/2023 13:14:43 - DEBUG - populationsim.integerizer - Integerizer: 26 out of 642 different from round
24/10/2023 13:14:43 - DEBUG - populationsim.integerizer - Integerizer status for backstopped PUMA_4702300_TAZ_2783: OPTIMAL
24/10/2023 13:14:43 - INFO - populationsim.multi_integerizer - sequential_integerizing zone_id 2784 zone_name TAZ_2784
24/10/2023 13:14:43 - DEBUG - populationsim.integerizer - Integerizer: 23 out of 642 different from round
24/10/2023 13:14:43 - DEBUG - populationsim.integerizer - Integerizer status for backstopped PUMA_4702300_TAZ_2784: OPTIMAL
24/10/2023 13:14:43 - INFO - populationsim.multi_integerizer - sequential_integerizing zone_id 2785 zone_name TAZ_2785
24/10/2023 13:14:43 - DEBUG - populationsim.integerizer - Integerizer: 43 out of 642 different from round
24/10/2023 13:14:43 - DEBUG - populationsim.integerizer - Integerizer status for backstopped PUMA_4702300_TAZ_2785: OPTIMAL
24/10/2023 13:14:43 - INFO - populationsim.multi_integerizer - sequential_integerizing zone_id 2786 zone_name TAZ_2786
24/10/2023 13:14:43 - DEBUG - populationsim.integerizer - Integerizer: 56 out of 642 different from round
24/10/2023 13:14:43 - DEBUG - populationsim.integerizer - Integerizer status for backstopped PUMA_4702300_TAZ_2786: OPTIMAL
24/10/2023 13:14:43 - INFO - populationsim.multi_integerizer - sequential_integerizing zone_id 2787 zone_name TAZ_2787
24/10/2023 13:14:43 - DEBUG - populationsim.integerizer - Integerizer: 64 out of 642 different from round
24/10/2023 13:14:43 - DEBUG - populationsim.integerizer - Integerizer status for backstopped PUMA_4702300_TAZ_2787: OPTIMAL
24/10/2023 13:14:43 - INFO - populationsim.multi_integerizer - sequential_integerizing zone_id 2788 zone_name TAZ_2788
24/10/2023 13:14:43 - DEBUG - populationsim.integerizer - Integerizer: 52 out of 642 different from round
24/10/2023 13:14:43 - DEBUG - populationsim.integerizer - Integerizer status for backstopped PUMA_4702300_TAZ_2788: OPTIMAL
24/10/2023 13:14:43 - INFO - populationsim.multi_integerizer - sequential_integerizing zone_id 2789 zone_name TAZ_2789
24/10/2023 13:14:43 - DEBUG - populationsim.integerizer - Integerizer: 59 out of 642 different from round
24/10/2023 13:14:43 - DEBUG - populationsim.integerizer - Integerizer status for backstopped PUMA_4702300_TAZ_2789: OPTIMAL
24/10/2023 13:14:43 - INFO - populationsim.multi_integerizer - sequential_integerizing zone_id 2790 zone_name TAZ_2790
24/10/2023 13:14:43 - DEBUG - populationsim.integerizer - Integerizer: 13 out of 642 different from round
24/10/2023 13:14:43 - DEBUG - populationsim.integerizer - Integerizer status for backstopped PUMA_4702300_TAZ_2790: OPTIMAL
24/10/2023 13:14:43 - INFO - populationsim.multi_integerizer - sequential_integerizing zone_id 2791 zone_name TAZ_2791
24/10/2023 13:14:43 - DEBUG - populationsim.integerizer - Integerizer: 51 out of 642 different from round
24/10/2023 13:14:43 - DEBUG - populationsim.integerizer - Integerizer status for backstopped PUMA_4702300_TAZ_2791: OPTIMAL
24/10/2023 13:14:43 - INFO - populationsim.multi_integerizer - sequential_integerizing zone_id 2792 zone_name TAZ_2792
24/10/2023 13:14:43 - DEBUG - populationsim.integerizer - Integerizer: 43 out of 642 different from round
24/10/2023 13:14:43 - DEBUG - populationsim.integerizer - Integerizer status for backstopped PUMA_4702300_TAZ_2792: OPTIMAL
24/10/2023 13:14:43 - INFO - populationsim.multi_integerizer - sequential_integerizing zone_id 2793 zone_name TAZ_2793
24/10/2023 13:14:43 - DEBUG - populationsim.integerizer - Integerizer: 67 out of 642 different from round
24/10/2023 13:14:43 - DEBUG - populationsim.integerizer - Integerizer status for backstopped PUMA_4702300_TAZ_2793: OPTIMAL
24/10/2023 13:14:43 - INFO - populationsim.multi_integerizer - sequential_integerizing zone_id 2794 zone_name TAZ_2794
24/10/2023 13:14:43 - DEBUG - populationsim.integerizer - Integerizer: 52 out of 642 different from round
24/10/2023 13:14:43 - DEBUG - populationsim.integerizer - Integerizer status for backstopped PUMA_4702300_TAZ_2794: OPTIMAL
24/10/2023 13:14:43 - INFO - populationsim.multi_integerizer - sequential_integerizing zone_id 2795 zone_name TAZ_2795
24/10/2023 13:14:43 - DEBUG - populationsim.integerizer - Integerizer: 37 out of 642 different from round
24/10/2023 13:14:43 - DEBUG - populationsim.integerizer - Integerizer status for backstopped PUMA_4702300_TAZ_2795: OPTIMAL
24/10/2023 13:14:43 - INFO - populationsim.multi_integerizer - sequential_integerizing zone_id 2796 zone_name TAZ_2796
24/10/2023 13:14:43 - DEBUG - populationsim.integerizer - Integerizer: 51 out of 642 different from round
24/10/2023 13:14:43 - DEBUG - populationsim.integerizer - Integerizer status for backstopped PUMA_4702300_TAZ_2796: OPTIMAL
24/10/2023 13:14:43 - INFO - populationsim.multi_integerizer - sequential_integerizing zone_id 2797 zone_name TAZ_2797
24/10/2023 13:14:43 - DEBUG - populationsim.integerizer - Integerizer: 33 out of 642 different from round
24/10/2023 13:14:43 - DEBUG - populationsim.integerizer - Integerizer status for backstopped PUMA_4702300_TAZ_2797: OPTIMAL
24/10/2023 13:14:43 - INFO - populationsim.multi_integerizer - sequential_integerizing zone_id 2798 zone_name TAZ_2798
24/10/2023 13:14:43 - DEBUG - populationsim.integerizer - Integerizer: 36 out of 642 different from round
24/10/2023 13:14:43 - DEBUG - populationsim.integerizer - Integerizer status for backstopped PUMA_4702300_TAZ_2798: OPTIMAL
24/10/2023 13:14:43 - INFO - populationsim.multi_integerizer - sequential_integerizing zone_id 2799 zone_name TAZ_2799
24/10/2023 13:14:44 - DEBUG - populationsim.integerizer - Integerizer: 38 out of 642 different from round
24/10/2023 13:14:44 - DEBUG - populationsim.integerizer - Integerizer status for backstopped PUMA_4702300_TAZ_2799: OPTIMAL
24/10/2023 13:14:44 - INFO - populationsim.multi_integerizer - sequential_integerizing zone_id 2800 zone_name TAZ_2800
24/10/2023 13:14:44 - DEBUG - populationsim.integerizer - Integerizer: 44 out of 642 different from round
24/10/2023 13:14:44 - DEBUG - populationsim.integerizer - Integerizer status for backstopped PUMA_4702300_TAZ_2800: OPTIMAL
24/10/2023 13:14:44 - INFO - populationsim.multi_integerizer - sequential_integerizing zone_id 2801 zone_name TAZ_2801
24/10/2023 13:14:44 - DEBUG - populationsim.integerizer - Integerizer: 34 out of 642 different from round
24/10/2023 13:14:44 - DEBUG - populationsim.integerizer - Integerizer status for backstopped PUMA_4702300_TAZ_2801: OPTIMAL
24/10/2023 13:14:44 - INFO - populationsim.multi_integerizer - sequential_integerizing zone_id 2802 zone_name TAZ_2802
24/10/2023 13:14:44 - DEBUG - populationsim.integerizer - Integerizer: 38 out of 642 different from round
24/10/2023 13:14:44 - DEBUG - populationsim.integerizer - Integerizer status for backstopped PUMA_4702300_TAZ_2802: OPTIMAL
24/10/2023 13:14:44 - INFO - populationsim.multi_integerizer - sequential_integerizing zone_id 2803 zone_name TAZ_2803
24/10/2023 13:14:44 - DEBUG - populationsim.integerizer - Integerizer: 36 out of 642 different from round
24/10/2023 13:14:44 - DEBUG - populationsim.integerizer - Integerizer status for backstopped PUMA_4702300_TAZ_2803: OPTIMAL
24/10/2023 13:14:44 - INFO - populationsim.multi_integerizer - sequential_integerizing zone_id 2804 zone_name TAZ_2804
24/10/2023 13:14:44 - DEBUG - populationsim.integerizer - Integerizer: 31 out of 642 different from round
24/10/2023 13:14:44 - DEBUG - populationsim.integerizer - Integerizer status for backstopped PUMA_4702300_TAZ_2804: OPTIMAL
24/10/2023 13:14:44 - INFO - populationsim.multi_integerizer - sequential_integerizing zone_id 2805 zone_name TAZ_2805
24/10/2023 13:14:44 - DEBUG - populationsim.integerizer - Integerizer: 37 out of 642 different from round
24/10/2023 13:14:44 - DEBUG - populationsim.integerizer - Integerizer status for backstopped PUMA_4702300_TAZ_2805: OPTIMAL
24/10/2023 13:14:44 - INFO - populationsim.multi_integerizer - sequential_integerizing zone_id 2806 zone_name TAZ_2806
24/10/2023 13:14:44 - DEBUG - populationsim.integerizer - Integerizer: 40 out of 642 different from round
24/10/2023 13:14:44 - DEBUG - populationsim.integerizer - Integerizer status for backstopped PUMA_4702300_TAZ_2806: OPTIMAL
24/10/2023 13:14:44 - INFO - populationsim.multi_integerizer - sequential_integerizing zone_id 2807 zone_name TAZ_2807
24/10/2023 13:14:44 - DEBUG - populationsim.integerizer - Integerizer: 40 out of 642 different from round
24/10/2023 13:14:44 - DEBUG - populationsim.integerizer - Integerizer status for backstopped PUMA_4702300_TAZ_2807: OPTIMAL
24/10/2023 13:14:44 - INFO - populationsim.multi_integerizer - sequential_integerizing zone_id 2808 zone_name TAZ_2808
24/10/2023 13:14:44 - DEBUG - populationsim.integerizer - Integerizer: 55 out of 642 different from round
24/10/2023 13:14:44 - DEBUG - populationsim.integerizer - Integerizer status for backstopped PUMA_4702300_TAZ_2808: OPTIMAL
24/10/2023 13:14:44 - INFO - populationsim.multi_integerizer - sequential_integerizing zone_id 2809 zone_name TAZ_2809
24/10/2023 13:14:44 - DEBUG - populationsim.integerizer - Integerizer: 35 out of 642 different from round
24/10/2023 13:14:44 - DEBUG - populationsim.integerizer - Integerizer status for backstopped PUMA_4702300_TAZ_2809: OPTIMAL
24/10/2023 13:14:44 - INFO - populationsim.multi_integerizer - sequential_integerizing zone_id 2810 zone_name TAZ_2810
24/10/2023 13:14:44 - DEBUG - populationsim.integerizer - Integerizer: 51 out of 642 different from round
24/10/2023 13:14:44 - DEBUG - populationsim.integerizer - Integerizer status for backstopped PUMA_4702300_TAZ_2810: OPTIMAL
24/10/2023 13:14:44 - INFO - populationsim.multi_integerizer - sequential_integerizing zone_id 2811 zone_name TAZ_2811
24/10/2023 13:14:44 - DEBUG - populationsim.integerizer - Integerizer: 43 out of 642 different from round
24/10/2023 13:14:44 - DEBUG - populationsim.integerizer - Integerizer status for backstopped PUMA_4702300_TAZ_2811: OPTIMAL
24/10/2023 13:14:44 - INFO - populationsim.multi_integerizer - sequential_integerizing zone_id 2812 zone_name TAZ_2812
24/10/2023 13:14:44 - DEBUG - populationsim.integerizer - Integerizer: 24 out of 642 different from round
24/10/2023 13:14:44 - DEBUG - populationsim.integerizer - Integerizer status for backstopped PUMA_4702300_TAZ_2812: OPTIMAL
24/10/2023 13:14:44 - INFO - populationsim.multi_integerizer - sequential_integerizing zone_id 2813 zone_name TAZ_2813
24/10/2023 13:14:44 - DEBUG - populationsim.integerizer - Integerizer: 61 out of 642 different from round
24/10/2023 13:14:44 - DEBUG - populationsim.integerizer - Integerizer status for backstopped PUMA_4702300_TAZ_2813: OPTIMAL
24/10/2023 13:14:44 - INFO - populationsim.multi_integerizer - sequential_integerizing zone_id 2814 zone_name TAZ_2814
24/10/2023 13:14:44 - DEBUG - populationsim.integerizer - Integerizer: 28 out of 642 different from round
24/10/2023 13:14:44 - DEBUG - populationsim.integerizer - Integerizer status for backstopped PUMA_4702300_TAZ_2814: OPTIMAL
24/10/2023 13:14:44 - INFO - populationsim.multi_integerizer - sequential_integerizing zone_id 2815 zone_name TAZ_2815
24/10/2023 13:14:44 - DEBUG - populationsim.integerizer - Integerizer: 59 out of 642 different from round
24/10/2023 13:14:44 - DEBUG - populationsim.integerizer - Integerizer status for backstopped PUMA_4702300_TAZ_2815: OPTIMAL
24/10/2023 13:14:44 - INFO - populationsim.multi_integerizer - sequential_integerizing zone_id 2816 zone_name TAZ_2816
24/10/2023 13:14:45 - DEBUG - populationsim.integerizer - Integerizer: 51 out of 642 different from round
24/10/2023 13:14:45 - DEBUG - populationsim.integerizer - Integerizer status for backstopped PUMA_4702300_TAZ_2816: OPTIMAL
24/10/2023 13:14:45 - INFO - populationsim.multi_integerizer - sequential_integerizing zone_id 2817 zone_name TAZ_2817
24/10/2023 13:14:45 - DEBUG - populationsim.integerizer - Integerizer: 58 out of 642 different from round
24/10/2023 13:14:45 - DEBUG - populationsim.integerizer - Integerizer status for backstopped PUMA_4702300_TAZ_2817: OPTIMAL
24/10/2023 13:14:45 - INFO - populationsim.multi_integerizer - sequential_integerizing zone_id 2911 zone_name TAZ_2911
24/10/2023 13:14:45 - DEBUG - populationsim.integerizer - Integerizer: 55 out of 642 different from round
24/10/2023 13:14:45 - DEBUG - populationsim.integerizer - Integerizer status for backstopped PUMA_4702300_TAZ_2911: OPTIMAL
24/10/2023 13:14:45 - INFO - populationsim.multi_integerizer - sequential_integerizing zone_id 2912 zone_name TAZ_2912
24/10/2023 13:14:45 - DEBUG - populationsim.integerizer - Integerizer: 70 out of 642 different from round
24/10/2023 13:14:45 - DEBUG - populationsim.integerizer - Integerizer status for backstopped PUMA_4702300_TAZ_2912: OPTIMAL
24/10/2023 13:14:45 - INFO - populationsim.multi_integerizer - sequential_integerizing zone_id 2913 zone_name TAZ_2913
24/10/2023 13:14:45 - DEBUG - populationsim.integerizer - Integerizer: 62 out of 642 different from round
24/10/2023 13:14:45 - DEBUG - populationsim.integerizer - Integerizer status for backstopped PUMA_4702300_TAZ_2913: OPTIMAL
24/10/2023 13:14:45 - INFO - populationsim.multi_integerizer - sequential_integerizing zone_id 2914 zone_name TAZ_2914
24/10/2023 13:14:45 - DEBUG - populationsim.integerizer - Integerizer: 34 out of 642 different from round
24/10/2023 13:14:45 - DEBUG - populationsim.integerizer - Integerizer status for backstopped PUMA_4702300_TAZ_2914: OPTIMAL
24/10/2023 13:14:45 - INFO - populationsim.multi_integerizer - sequential_integerizing zone_id 2915 zone_name TAZ_2915
24/10/2023 13:14:45 - DEBUG - populationsim.integerizer - Integerizer: 36 out of 642 different from round
24/10/2023 13:14:45 - DEBUG - populationsim.integerizer - Integerizer status for backstopped PUMA_4702300_TAZ_2915: OPTIMAL
24/10/2023 13:14:45 - INFO - populationsim.multi_integerizer - sequential_integerizing zone_id 2916 zone_name TAZ_2916
24/10/2023 13:14:45 - DEBUG - populationsim.integerizer - Integerizer: 58 out of 642 different from round
24/10/2023 13:14:45 - DEBUG - populationsim.integerizer - Integerizer status for backstopped PUMA_4702300_TAZ_2916: OPTIMAL
24/10/2023 13:14:45 - INFO - populationsim.multi_integerizer - sequential_integerizing zone_id 2917 zone_name TAZ_2917
24/10/2023 13:14:45 - DEBUG - populationsim.integerizer - Integerizer: 49 out of 642 different from round
24/10/2023 13:14:45 - DEBUG - populationsim.integerizer - Integerizer status for backstopped PUMA_4702300_TAZ_2917: OPTIMAL
24/10/2023 13:14:45 - INFO - populationsim.multi_integerizer - sequential_integerizing zone_id 2918 zone_name TAZ_2918
24/10/2023 13:14:45 - DEBUG - populationsim.integerizer - Integerizer: 53 out of 642 different from round
24/10/2023 13:14:45 - DEBUG - populationsim.integerizer - Integerizer status for backstopped PUMA_4702300_TAZ_2918: OPTIMAL
24/10/2023 13:14:45 - INFO - populationsim.multi_integerizer - sequential_integerizing zone_id 2919 zone_name TAZ_2919
24/10/2023 13:14:45 - DEBUG - populationsim.integerizer - Integerizer: 31 out of 642 different from round
24/10/2023 13:14:45 - DEBUG - populationsim.integerizer - Integerizer status for backstopped PUMA_4702300_TAZ_2919: OPTIMAL
24/10/2023 13:14:45 - INFO - populationsim.multi_integerizer - sequential_integerizing zone_id 2920 zone_name TAZ_2920
24/10/2023 13:14:45 - DEBUG - populationsim.integerizer - Integerizer: 50 out of 642 different from round
24/10/2023 13:14:45 - DEBUG - populationsim.integerizer - Integerizer status for backstopped PUMA_4702300_TAZ_2920: OPTIMAL
24/10/2023 13:14:45 - INFO - populationsim.multi_integerizer - sequential_integerizing zone_id 2921 zone_name TAZ_2921
24/10/2023 13:14:45 - DEBUG - populationsim.integerizer - Integerizer: 53 out of 642 different from round
24/10/2023 13:14:45 - DEBUG - populationsim.integerizer - Integerizer status for backstopped PUMA_4702300_TAZ_2921: OPTIMAL
24/10/2023 13:14:45 - INFO - populationsim.multi_integerizer - sequential_integerizing zone_id 2922 zone_name TAZ_2922
24/10/2023 13:14:45 - DEBUG - populationsim.integerizer - Integerizer: 66 out of 642 different from round
24/10/2023 13:14:45 - DEBUG - populationsim.integerizer - Integerizer status for backstopped PUMA_4702300_TAZ_2922: OPTIMAL
24/10/2023 13:14:45 - INFO - populationsim.multi_integerizer - sequential_integerizing zone_id 2923 zone_name TAZ_2923
24/10/2023 13:14:45 - DEBUG - populationsim.integerizer - Integerizer: 63 out of 642 different from round
24/10/2023 13:14:45 - DEBUG - populationsim.integerizer - Integerizer status for backstopped PUMA_4702300_TAZ_2923: OPTIMAL
24/10/2023 13:14:45 - INFO - populationsim.multi_integerizer - sequential_integerizing zone_id 2924 zone_name TAZ_2924
24/10/2023 13:14:45 - DEBUG - populationsim.integerizer - Integerizer: 66 out of 642 different from round
24/10/2023 13:14:45 - DEBUG - populationsim.integerizer - Integerizer status for backstopped PUMA_4702300_TAZ_2924: OPTIMAL
24/10/2023 13:14:45 - INFO - populationsim.multi_integerizer - sequential_integerizing zone_id 2925 zone_name TAZ_2925
24/10/2023 13:14:45 - DEBUG - populationsim.integerizer - Integerizer: 49 out of 642 different from round
24/10/2023 13:14:45 - DEBUG - populationsim.integerizer - Integerizer status for backstopped PUMA_4702300_TAZ_2925: OPTIMAL
24/10/2023 13:14:45 - INFO - populationsim.multi_integerizer - sequential_integerizing zone_id 2926 zone_name TAZ_2926
24/10/2023 13:14:46 - DEBUG - populationsim.integerizer - Integerizer: 22 out of 642 different from round
24/10/2023 13:14:46 - DEBUG - populationsim.integerizer - Integerizer status for backstopped PUMA_4702300_TAZ_2926: OPTIMAL
24/10/2023 13:14:46 - INFO - populationsim.multi_integerizer - sequential_integerizing zone_id 2927 zone_name TAZ_2927
24/10/2023 13:14:46 - DEBUG - populationsim.integerizer - Integerizer: 61 out of 642 different from round
24/10/2023 13:14:46 - DEBUG - populationsim.integerizer - Integerizer status for backstopped PUMA_4702300_TAZ_2927: OPTIMAL
24/10/2023 13:14:46 - INFO - populationsim.multi_integerizer - sequential_integerizing zone_id 2928 zone_name TAZ_2928
24/10/2023 13:14:46 - DEBUG - populationsim.integerizer - Integerizer: 42 out of 642 different from round
24/10/2023 13:14:46 - DEBUG - populationsim.integerizer - Integerizer status for backstopped PUMA_4702300_TAZ_2928: OPTIMAL
24/10/2023 13:14:46 - INFO - populationsim.multi_integerizer - sequential_integerizing zone_id 2929 zone_name TAZ_2929
24/10/2023 13:14:46 - DEBUG - populationsim.integerizer - Integerizer: 42 out of 642 different from round
24/10/2023 13:14:46 - DEBUG - populationsim.integerizer - Integerizer status for backstopped PUMA_4702300_TAZ_2929: OPTIMAL
24/10/2023 13:14:46 - INFO - populationsim.multi_integerizer - do_simul_integerizing 3 infeasable subzones for PUMA_4702300. 
24/10/2023 13:15:07 - DEBUG - populationsim.multi_integerizer - SimulIntegerizer status OPTIMAL
24/10/2023 13:15:07 - INFO - populationsim.multi_integerizer - do_simul_integerizing retry succeeded for PUMA_4702300 status OPTIMAL. 
24/10/2023 13:15:07 - INFO - populationsim.steps.sub_balancing - adding table TAZ_weights
24/10/2023 13:15:07 - DEBUG - activitysim.core.tracing - Time to execute #run_model completed step 'sub_balancing.geography=TAZ' : 383.484 seconds (6.4 minutes)
24/10/2023 13:15:07 - DEBUG - activitysim.core.pipeline - add_checkpoint sub_balancing.geography=TAZ timestamp 2023-10-24 13:15:07.641850
24/10/2023 13:15:07 - DEBUG - activitysim.core.pipeline - add_checkpoint 'sub_balancing.geography=TAZ' table 'TAZ_weights' (139314, 6) 7.2 MB
24/10/2023 13:15:07 - DEBUG - activitysim.core.pipeline - add_checkpoint 'sub_balancing.geography=TAZ' table 'TAZ_weights_sparse' (27035, 6) 1.4 MB
24/10/2023 13:15:07 - DEBUG - activitysim.core.pipeline - add_checkpoint 'sub_balancing.geography=TAZ' table 'trace_TAZ_weights' (0, 6) 0 B
24/10/2023 13:15:07 - INFO - activitysim.core.tracing - Time to execute run (1 models) : 383.695 seconds (6.4 minutes)
24/10/2023 13:15:07 - DEBUG - activitysim.core.pipeline - add_checkpoint mp_sub_balancing_TAZ timestamp 2023-10-24 13:15:07.760601
24/10/2023 13:15:07 - DEBUG - activitysim.core.pipeline - close_pipeline
24/10/2023 13:15:07 - INFO - activitysim.core.mem - mp_sub_balancing_TAZ_2 high water mark rss: 410_320_896 (410.3 MB) timestamp: 24/10/2023 13:15:07 label:pipeline.run_model sub_balancing.geography=TAZ finished
24/10/2023 13:15:07 - INFO - activitysim.core.mem - mp_sub_balancing_TAZ_2 high water mark uss: 376_696_832 (376.7 MB) timestamp: 24/10/2023 13:15:07 label:pipeline.run_model sub_balancing.geography=TAZ finished
