05/12/2023 15:16:58 - INFO - activitysim - Read logging configuration from: configs\HH\logging.yaml
05/12/2023 15:16:58 - DEBUG - activitysim.core.mp_tasks - mp_run_simulation mp_summarize locutor=True 
05/12/2023 15:16:58 - INFO - activitysim.core.mp_tasks - resume_after _
05/12/2023 15:16:58 - DEBUG - activitysim.core.random - Set random seed base to 0
05/12/2023 15:16:58 - DEBUG - activitysim.core.pipeline - open_pipeline - open existing pipeline
05/12/2023 15:16:58 - DEBUG - activitysim.core.pipeline - opened pipeline_store output\HH\pipeline.h5
05/12/2023 15:16:58 - INFO - activitysim.core.pipeline - load_checkpoint _
05/12/2023 15:16:58 - INFO - activitysim.core.pipeline - loading checkpoint 'mp_sub_balancing_MAZ'
05/12/2023 15:16:58 - INFO - activitysim.core.pipeline - load_checkpoint mp_sub_balancing_MAZ timestamp 2023-12-05 15:16:51.216494
05/12/2023 15:16:58 - INFO - activitysim.core.pipeline - load_checkpoint table households (33856, 242)
05/12/2023 15:16:58 - DEBUG - activitysim.core.pipeline - rewrap table households inplace=False
05/12/2023 15:16:59 - INFO - activitysim.core.pipeline - load_checkpoint table persons (82464, 290)
05/12/2023 15:16:59 - DEBUG - activitysim.core.pipeline - rewrap table persons inplace=False
05/12/2023 15:16:59 - INFO - activitysim.core.pipeline - load_checkpoint table geo_cross_walk (27925, 7)
05/12/2023 15:16:59 - DEBUG - activitysim.core.pipeline - rewrap table geo_cross_walk inplace=False
05/12/2023 15:16:59 - INFO - activitysim.core.pipeline - load_checkpoint table MAZ_control_data (27925, 3)
05/12/2023 15:16:59 - DEBUG - activitysim.core.pipeline - rewrap table MAZ_control_data inplace=False
05/12/2023 15:16:59 - INFO - activitysim.core.pipeline - load_checkpoint table TAZ_control_data (3007, 45)
05/12/2023 15:16:59 - DEBUG - activitysim.core.pipeline - rewrap table TAZ_control_data inplace=False
05/12/2023 15:16:59 - INFO - activitysim.core.pipeline - load_checkpoint table REGION_control_data (1, 2)
05/12/2023 15:16:59 - DEBUG - activitysim.core.pipeline - rewrap table REGION_control_data inplace=False
05/12/2023 15:16:59 - INFO - activitysim.core.pipeline - load_checkpoint table crosswalk (27925, 4)
05/12/2023 15:16:59 - DEBUG - activitysim.core.pipeline - rewrap table crosswalk inplace=False
05/12/2023 15:16:59 - INFO - activitysim.core.pipeline - load_checkpoint table slice_crosswalk (12, 2)
05/12/2023 15:16:59 - DEBUG - activitysim.core.pipeline - rewrap table slice_crosswalk inplace=False
05/12/2023 15:17:00 - INFO - activitysim.core.pipeline - load_checkpoint table control_spec (24, 6)
05/12/2023 15:17:00 - DEBUG - activitysim.core.pipeline - rewrap table control_spec inplace=False
05/12/2023 15:17:00 - INFO - activitysim.core.pipeline - load_checkpoint table REGION_controls (1, 24)
05/12/2023 15:17:00 - DEBUG - activitysim.core.pipeline - rewrap table REGION_controls inplace=False
05/12/2023 15:17:00 - INFO - activitysim.core.pipeline - load_checkpoint table PUMA_controls (12, 24)
05/12/2023 15:17:00 - DEBUG - activitysim.core.pipeline - rewrap table PUMA_controls inplace=False
05/12/2023 15:17:00 - INFO - activitysim.core.pipeline - load_checkpoint table TAZ_controls (2808, 23)
05/12/2023 15:17:00 - DEBUG - activitysim.core.pipeline - rewrap table TAZ_controls inplace=False
05/12/2023 15:17:00 - INFO - activitysim.core.pipeline - load_checkpoint table MAZ_controls (20675, 1)
05/12/2023 15:17:00 - DEBUG - activitysim.core.pipeline - rewrap table MAZ_controls inplace=False
05/12/2023 15:17:00 - INFO - activitysim.core.pipeline - load_checkpoint table household_groups (33856, 3)
05/12/2023 15:17:00 - DEBUG - activitysim.core.pipeline - rewrap table household_groups inplace=False
05/12/2023 15:17:00 - INFO - activitysim.core.pipeline - load_checkpoint table incidence_table (8734, 29)
05/12/2023 15:17:00 - DEBUG - activitysim.core.pipeline - rewrap table incidence_table inplace=False
05/12/2023 15:17:00 - INFO - activitysim.core.pipeline - load_checkpoint table PUMA_weights (8734, 6)
05/12/2023 15:17:00 - DEBUG - activitysim.core.pipeline - rewrap table PUMA_weights inplace=False
05/12/2023 15:17:00 - INFO - activitysim.core.pipeline - load_checkpoint table TAZ_weights (2030296, 6)
05/12/2023 15:17:00 - DEBUG - activitysim.core.pipeline - rewrap table TAZ_weights inplace=False
05/12/2023 15:17:00 - INFO - activitysim.core.pipeline - load_checkpoint table TAZ_weights_sparse (330353, 6)
05/12/2023 15:17:00 - DEBUG - activitysim.core.pipeline - rewrap table TAZ_weights_sparse inplace=False
05/12/2023 15:17:00 - INFO - activitysim.core.pipeline - load_checkpoint table trace_TAZ_weights (589, 6)
05/12/2023 15:17:00 - DEBUG - activitysim.core.pipeline - rewrap table trace_TAZ_weights inplace=False
05/12/2023 15:17:02 - INFO - activitysim.core.pipeline - load_checkpoint table MAZ_weights (15091610, 7)
05/12/2023 15:17:02 - DEBUG - activitysim.core.pipeline - rewrap table MAZ_weights inplace=False
05/12/2023 15:17:02 - INFO - activitysim.core.pipeline - load_checkpoint table MAZ_weights_sparse (545596, 7)
05/12/2023 15:17:02 - DEBUG - activitysim.core.pipeline - rewrap table MAZ_weights_sparse inplace=False
05/12/2023 15:17:02 - INFO - activitysim.core.pipeline - load_checkpoint table trace_MAZ_weights (644, 7)
05/12/2023 15:17:02 - DEBUG - activitysim.core.pipeline - rewrap table trace_MAZ_weights inplace=False
05/12/2023 15:17:02 - DEBUG - activitysim.core.pipeline - open_pipeline complete
05/12/2023 15:17:02 - INFO - activitysim.core.pipeline - #run_model running step expand_households
05/12/2023 15:17:35 - DEBUG - activitysim.core.tracing - Time to execute #run_model completed step 'expand_households' : 33.572 seconds (0.6 minutes)
05/12/2023 15:17:35 - DEBUG - activitysim.core.pipeline - add_checkpoint expand_households timestamp 2023-12-05 15:17:35.752609
05/12/2023 15:17:35 - DEBUG - activitysim.core.pipeline - add_checkpoint 'expand_households' table 'expanded_household_ids' (724930, 4) 26.1 MB
05/12/2023 15:17:35 - INFO - activitysim.core.pipeline - #run_model running step summarize
05/12/2023 15:17:37 - INFO - populationsim.steps.summarize - saving summary table summary_REGION_3
05/12/2023 15:17:38 - INFO - populationsim.steps.summarize - saving summary table summary_TAZ_aggregate
05/12/2023 15:17:43 - INFO - populationsim.steps.summarize - saving summary table summary_TAZ_PUMA
05/12/2023 15:18:09 - INFO - populationsim.steps.summarize - saving summary table summary_TAZ
05/12/2023 15:18:12 - INFO - populationsim.steps.summarize - saving summary table summary_MAZ_aggregate
05/12/2023 15:18:45 - INFO - populationsim.steps.summarize - saving summary table summary_MAZ_PUMA
05/12/2023 15:23:18 - INFO - populationsim.steps.summarize - saving summary table summary_MAZ
05/12/2023 15:23:18 - INFO - populationsim.steps.summarize - saving summary table summary_hh_weights
05/12/2023 15:23:18 - DEBUG - activitysim.core.tracing - Time to execute #run_model completed step 'summarize' : 342.719 seconds (5.7 minutes)
05/12/2023 15:23:18 - DEBUG - activitysim.core.pipeline - add_checkpoint summarize timestamp 2023-12-05 15:23:18.661951
05/12/2023 15:23:18 - DEBUG - activitysim.core.pipeline - add_checkpoint 'summarize' table 'summary_REGION_3' (24, 8) 1.7 KB
05/12/2023 15:23:18 - DEBUG - activitysim.core.pipeline - add_checkpoint 'summarize' table 'summary_TAZ_aggregate' (8734, 7) 524.0 KB
05/12/2023 15:23:18 - DEBUG - activitysim.core.pipeline - add_checkpoint 'summarize' table 'summary_TAZ_PUMA' (12, 74) 6.0 KB
05/12/2023 15:23:18 - DEBUG - activitysim.core.pipeline - add_checkpoint 'summarize' table 'summary_TAZ' (2808, 71) 1.4 MB
05/12/2023 15:23:18 - DEBUG - activitysim.core.pipeline - add_checkpoint 'summarize' table 'summary_MAZ_aggregate' (8734, 7) 524.0 KB
05/12/2023 15:23:18 - DEBUG - activitysim.core.pipeline - add_checkpoint 'summarize' table 'summary_MAZ_PUMA' (12, 74) 6.0 KB
05/12/2023 15:23:18 - DEBUG - activitysim.core.pipeline - add_checkpoint 'summarize' table 'summary_MAZ' (20675, 5) 909.7 KB
05/12/2023 15:23:18 - DEBUG - activitysim.core.pipeline - add_checkpoint 'summarize' table 'summary_hh_weights' (8734, 6) 683.5 KB
05/12/2023 15:23:18 - INFO - activitysim.core.pipeline - #run_model running step write_tables
05/12/2023 15:23:20 - WARNING - activitysim.core.steps.output - Skipping 'summary_REGION': Table not found.
05/12/2023 15:23:20 - DEBUG - activitysim.core.tracing - Time to execute #run_model completed step 'write_tables' : 1.82 seconds (0.0 minutes)
05/12/2023 15:23:20 - DEBUG - activitysim.core.pipeline - add_checkpoint write_tables timestamp 2023-12-05 15:23:20.798854
05/12/2023 15:23:20 - INFO - activitysim.core.pipeline - #run_model running step write_synthetic_population
05/12/2023 15:23:29 - DEBUG - activitysim.core.tracing - Time to execute #run_model completed step 'write_synthetic_population' : 8.662 seconds (0.1 minutes)
05/12/2023 15:23:29 - DEBUG - activitysim.core.pipeline - add_checkpoint write_synthetic_population timestamp 2023-12-05 15:23:29.581864
05/12/2023 15:23:29 - INFO - activitysim.core.tracing - Time to execute run (4 models) : 387.487 seconds (6.5 minutes)
05/12/2023 15:23:29 - DEBUG - activitysim.core.pipeline - add_checkpoint mp_summarize timestamp 2023-12-05 15:23:29.598493
05/12/2023 15:23:29 - DEBUG - activitysim.core.pipeline - close_pipeline
05/12/2023 15:23:29 - INFO - activitysim.core.mem - mp_summarize high water mark rss: 1_502_609_408 (1.5 GB) timestamp: 05/12/2023 15:23:20 label:pipeline.run_model write_tables finished
05/12/2023 15:23:29 - INFO - activitysim.core.mem - mp_summarize high water mark uss: 1_477_980_160 (1.5 GB) timestamp: 05/12/2023 15:23:20 label:pipeline.run_model write_tables finished
