24/10/2023 13:07:43 - INFO - activitysim - Read logging configuration from: configs\HH\logging.yaml
24/10/2023 13:07:43 - DEBUG - activitysim.core.mp_tasks - mp_run_simulation mp_seed_balancing locutor=True 
24/10/2023 13:07:43 - DEBUG - activitysim.core.random - Set random seed base to 0
24/10/2023 13:07:43 - DEBUG - activitysim.core.pipeline - open_pipeline - new, empty pipeline
24/10/2023 13:07:43 - DEBUG - activitysim.core.pipeline - opened pipeline_store output\HH\pipeline.h5
24/10/2023 13:07:43 - DEBUG - activitysim.core.pipeline - add_checkpoint init timestamp 2023-10-24 13:07:43.151740
24/10/2023 13:07:43 - DEBUG - activitysim.core.pipeline - open_pipeline complete
24/10/2023 13:07:43 - INFO - activitysim.core.pipeline - #run_model running step input_pre_processor
24/10/2023 13:07:43 - INFO - populationsim.steps.input_pre_processor - Using table list: [{'tablename': 'households', 'filename': 'seed_households.csv', 'index_col': 'hh_id'}, {'tablename': 'persons', 'filename': 'seed_persons.csv', 'column_map': {'SPORDER': 'per_num'}}, {'tablename': 'geo_cross_walk', 'filename': 'geo_crosswalks.csv'}, {'tablename': 'MAZ_control_data', 'filename': 'control_totals_maz.csv'}, {'tablename': 'TAZ_control_data', 'filename': 'control_totals_taz.csv'}, {'tablename': 'REGION_control_data', 'filename': 'control_totals_region.csv'}]
24/10/2023 13:07:43 - INFO - activitysim.core.input - Reading CSV file data\seed_households.csv
24/10/2023 13:07:44 - DEBUG - activitysim.core.input - raw households table size: (34034, 239) 65.1 MB
24/10/2023 13:07:44 - DEBUG - activitysim.core.input - households table columns: ['RT' 'SERIALNO' 'DIVISION' 'PUMA' 'REGION' 'ST' 'ADJHSG' 'ADJINC' 'WGTP'
 'NP' 'TYPE' 'ACCESS' 'ACR' 'AGS' 'BATH' 'BDSP' 'BLD' 'BUS' 'BROADBND'
 'COMPOTHX' 'CONP' 'DIALUP' 'ELEP' 'FS' 'FULP' 'GASP' 'HFL' 'HISPEED'
 'HOTWAT' 'INSP' 'LAPTOP' 'MHP' 'MRGI' 'MRGP' 'MRGT' 'MRGX' 'OTHSVCEX'
 'REFR' 'RMSP' 'RNTM' 'RNTP' 'RWAT' 'RWATPR' 'SATELLITE' 'SINK'
 'SMARTPHONE' 'SMP' 'STOV' 'TABLET' 'TEL' 'TEN' 'TOIL' 'VACS' 'VALP' 'VEH'
 'WATP' 'YBL' 'FES' 'FINCP' 'FPARC' 'GRNTP' 'GRPIP' 'HHL' 'HHT' 'HINCP'
 'HUGCL' 'HUPAC' 'HUPAOC' 'HUPARC' 'KIT' 'LNGI' 'MULTG' 'MV' 'NOC' 'NPF'
 'NPP' 'NR' 'NRC' 'OCPIP' 'PARTNER' 'PLM' 'PLMPRP' 'PSF' 'R18' 'R60' 'R65'
 'RESMODE' 'SMOCP' 'SMX' 'SRNT' 'SSMC' 'SVAL' 'TAXP' 'WIF' 'WKEXREL'
 'WORKSTAT' 'FACCESSP' 'FACRP' 'FAGSP' 'FBATHP' 'FBDSP' 'FBLDP'
 'FBROADBNDP' 'FCOMPOTHXP' 'FBUSP' 'FCONP' 'FDIALUPP' 'FELEP' 'FFINCP'
 'FFSP' 'FFULP' 'FGASP' 'FGRNTP' 'FHFLP' 'FHINCP' 'FHISPEEDP' 'FHOTWATP'
 'FINSP' 'FKITP' 'FLAPTOPP' 'FMHP' 'FMRGIP' 'FMRGP' 'FMRGTP' 'FMRGXP'
 'FMVP' 'FOTHSVCEXP' 'FPLMP' 'FPLMPRP' 'FREFRP' 'FRMSP' 'FRNTMP' 'FRNTP'
 'FRWATP' 'FRWATPRP' 'FSATELLITEP' 'FSINKP' 'FSMARTPHONP' 'FSMOCP' 'FSMP'
 'FSMXHP' 'FSMXSP' 'FSTOVP' 'FTABLETP' 'FTAXP' 'FTELP' 'FTENP' 'FTOILP'
 'FVACSP' 'FVALP' 'FVEHP' 'FWATP' 'FYBLP' 'WGTP1' 'WGTP2' 'WGTP3' 'WGTP4'
 'WGTP5' 'WGTP6' 'WGTP7' 'WGTP8' 'WGTP9' 'WGTP10' 'WGTP11' 'WGTP12'
 'WGTP13' 'WGTP14' 'WGTP15' 'WGTP16' 'WGTP17' 'WGTP18' 'WGTP19' 'WGTP20'
 'WGTP21' 'WGTP22' 'WGTP23' 'WGTP24' 'WGTP25' 'WGTP26' 'WGTP27' 'WGTP28'
 'WGTP29' 'WGTP30' 'WGTP31' 'WGTP32' 'WGTP33' 'WGTP34' 'WGTP35' 'WGTP36'
 'WGTP37' 'WGTP38' 'WGTP39' 'WGTP40' 'WGTP41' 'WGTP42' 'WGTP43' 'WGTP44'
 'WGTP45' 'WGTP46' 'WGTP47' 'WGTP48' 'WGTP49' 'WGTP50' 'WGTP51' 'WGTP52'
 'WGTP53' 'WGTP54' 'WGTP55' 'WGTP56' 'WGTP57' 'WGTP58' 'WGTP59' 'WGTP60'
 'WGTP61' 'WGTP62' 'WGTP63' 'WGTP64' 'WGTP65' 'WGTP66' 'WGTP67' 'WGTP68'
 'WGTP69' 'WGTP70' 'WGTP71' 'WGTP72' 'WGTP73' 'WGTP74' 'WGTP75' 'WGTP76'
 'WGTP77' 'WGTP78' 'WGTP79' 'WGTP80' 'workers' 'AGEHOH' 'RELP' 'HHINCADJ'
 'KID']
24/10/2023 13:07:44 - DEBUG - activitysim.core.input - households table size: (34034, 238) 65.1 MB
24/10/2023 13:07:44 - DEBUG - activitysim.core.input - households index name: hh_id
24/10/2023 13:07:44 - INFO - populationsim.steps.input_pre_processor - registering table households
24/10/2023 13:07:44 - INFO - activitysim.core.input - Reading CSV file data\seed_persons.csv
24/10/2023 13:07:46 - DEBUG - activitysim.core.input - raw persons table size: (83294, 289) 192.6 MB
24/10/2023 13:07:46 - DEBUG - activitysim.core.input - renaming columns: {'SPORDER': 'per_num'}
24/10/2023 13:07:46 - DEBUG - activitysim.core.input - persons table columns: ['RT' 'SERIALNO' 'DIVISION' 'per_num' 'PUMA' 'REGION' 'ST' 'ADJINC'
 'PWGTP' 'AGEP' 'CIT' 'CITWP' 'COW' 'DDRS' 'DEAR' 'DEYE' 'DOUT' 'DPHY'
 'DRAT' 'DRATX' 'DREM' 'ENG' 'FER' 'GCL' 'GCM' 'GCR' 'HINS1' 'HINS2'
 'HINS3' 'HINS4' 'HINS5' 'HINS6' 'HINS7' 'INTP' 'JWMNP' 'JWRIP' 'JWTR'
 'LANX' 'MAR' 'MARHD' 'MARHM' 'MARHT' 'MARHW' 'MARHYP' 'MIG' 'MIL' 'MLPA'
 'MLPB' 'MLPCD' 'MLPE' 'MLPFG' 'MLPH' 'MLPI' 'MLPJ' 'MLPK' 'NWAB' 'NWAV'
 'NWLA' 'NWLK' 'NWRE' 'OIP' 'PAP' 'RELP' 'RETP' 'SCH' 'SCHG' 'SCHL' 'SEMP'
 'SEX' 'SSIP' 'SSP' 'WAGP' 'WKHP' 'WKL' 'WKW' 'WRK' 'YOEP' 'ANC' 'ANC1P'
 'ANC2P' 'DECADE' 'DIS' 'DRIVESP' 'ESP' 'ESR' 'FOD1P' 'FOD2P' 'HICOV'
 'HISP' 'INDP' 'JWAP' 'JWDP' 'LANP' 'MIGPUMA' 'MIGSP' 'MSP' 'NAICSP'
 'NATIVITY' 'NOP' 'OC' 'OCCP' 'PAOC' 'PERNP' 'PINCP' 'POBP' 'POVPIP'
 'POWPUMA' 'POWSP' 'PRIVCOV' 'PUBCOV' 'QTRBIR' 'RAC1P' 'RAC2P' 'RAC3P'
 'RACAIAN' 'RACASN' 'RACBLK' 'RACNH' 'RACNUM' 'RACPI' 'RACSOR' 'RACWHT'
 'RC' 'SCIENGP' 'SCIENGRLP' 'SFN' 'SFR' 'SOCP' 'VPS' 'WAOB' 'FAGEP'
 'FANCP' 'FCITP' 'FCITWP' 'FCOWP' 'FDDRSP' 'FDEARP' 'FDEYEP' 'FDISP'
 'FDOUTP' 'FDPHYP' 'FDRATP' 'FDRATXP' 'FDREMP' 'FENGP' 'FESRP' 'FFERP'
 'FFODP' 'FGCLP' 'FGCMP' 'FGCRP' 'FHICOVP' 'FHINS1P' 'FHINS2P' 'FHINS3C'
 'FHINS3P' 'FHINS4C' 'FHINS4P' 'FHINS5C' 'FHINS5P' 'FHINS6P' 'FHINS7P'
 'FHISP' 'FINDP' 'FINTP' 'FJWDP' 'FJWMNP' 'FJWRIP' 'FJWTRP' 'FLANP'
 'FLANXP' 'FMARP' 'FMARHDP' 'FMARHMP' 'FMARHTP' 'FMARHWP' 'FMARHYP'
 'FMIGP' 'FMIGSP' 'FMILPP' 'FMILSP' 'FOCCP' 'FOIP' 'FPAP' 'FPERNP'
 'FPINCP' 'FPOBP' 'FPOWSP' 'FPRIVCOVP' 'FPUBCOVP' 'FRACP' 'FRELP' 'FRETP'
 'FSCHGP' 'FSCHLP' 'FSCHP' 'FSEMP' 'FSEXP' 'FSSIP' 'FSSP' 'FWAGP' 'FWKHP'
 'FWKLP' 'FWKWP' 'FWRKP' 'FYOEP' 'PWGTP1' 'PWGTP2' 'PWGTP3' 'PWGTP4'
 'PWGTP5' 'PWGTP6' 'PWGTP7' 'PWGTP8' 'PWGTP9' 'PWGTP10' 'PWGTP11'
 'PWGTP12' 'PWGTP13' 'PWGTP14' 'PWGTP15' 'PWGTP16' 'PWGTP17' 'PWGTP18'
 'PWGTP19' 'PWGTP20' 'PWGTP21' 'PWGTP22' 'PWGTP23' 'PWGTP24' 'PWGTP25'
 'PWGTP26' 'PWGTP27' 'PWGTP28' 'PWGTP29' 'PWGTP30' 'PWGTP31' 'PWGTP32'
 'PWGTP33' 'PWGTP34' 'PWGTP35' 'PWGTP36' 'PWGTP37' 'PWGTP38' 'PWGTP39'
 'PWGTP40' 'PWGTP41' 'PWGTP42' 'PWGTP43' 'PWGTP44' 'PWGTP45' 'PWGTP46'
 'PWGTP47' 'PWGTP48' 'PWGTP49' 'PWGTP50' 'PWGTP51' 'PWGTP52' 'PWGTP53'
 'PWGTP54' 'PWGTP55' 'PWGTP56' 'PWGTP57' 'PWGTP58' 'PWGTP59' 'PWGTP60'
 'PWGTP61' 'PWGTP62' 'PWGTP63' 'PWGTP64' 'PWGTP65' 'PWGTP66' 'PWGTP67'
 'PWGTP68' 'PWGTP69' 'PWGTP70' 'PWGTP71' 'PWGTP72' 'PWGTP73' 'PWGTP74'
 'PWGTP75' 'PWGTP76' 'PWGTP77' 'PWGTP78' 'PWGTP79' 'PWGTP80' 'workers'
 'employed' 'hh_id']
24/10/2023 13:07:46 - DEBUG - activitysim.core.input - persons table size: (83294, 289) 192.6 MB
24/10/2023 13:07:46 - DEBUG - activitysim.core.input - persons index name: None
24/10/2023 13:07:46 - INFO - populationsim.steps.input_pre_processor - registering table persons
24/10/2023 13:07:46 - INFO - activitysim.core.input - Reading CSV file data\geo_crosswalks.csv
24/10/2023 13:07:46 - DEBUG - activitysim.core.input - raw geo_cross_walk table size: (33117, 7) 1.9 MB
24/10/2023 13:07:46 - DEBUG - activitysim.core.input - geo_cross_walk table columns: ['MAZ' 'TAZ' 'BLOCKGRP' 'TRACT' 'PUMA' 'COUNTY' 'REGION']
24/10/2023 13:07:46 - DEBUG - activitysim.core.input - geo_cross_walk table size: (33117, 7) 1.9 MB
24/10/2023 13:07:46 - DEBUG - activitysim.core.input - geo_cross_walk index name: None
24/10/2023 13:07:46 - INFO - populationsim.steps.input_pre_processor - registering table geo_cross_walk
24/10/2023 13:07:46 - INFO - activitysim.core.input - Reading CSV file data\control_totals_maz.csv
24/10/2023 13:07:46 - DEBUG - activitysim.core.input - raw MAZ_control_data table size: (33117, 4) 1.1 MB
24/10/2023 13:07:46 - DEBUG - activitysim.core.input - MAZ_control_data table columns: ['Unnamed: 0' 'MAZ' 'hh' 'GQ']
24/10/2023 13:07:46 - DEBUG - activitysim.core.input - MAZ_control_data table size: (33117, 4) 1.1 MB
24/10/2023 13:07:46 - DEBUG - activitysim.core.input - MAZ_control_data index name: None
24/10/2023 13:07:46 - INFO - populationsim.steps.input_pre_processor - registering table MAZ_control_data
24/10/2023 13:07:46 - INFO - activitysim.core.input - Reading CSV file data\control_totals_taz.csv
24/10/2023 13:07:46 - DEBUG - activitysim.core.input - raw TAZ_control_data table size: (2929, 45) 1.1 MB
24/10/2023 13:07:46 - DEBUG - activitysim.core.input - TAZ_control_data table columns: ['TAZ' 'HHS' 'GQ' 'PUMA' 'COUNTY' 'HHSIZE1_S3' 'HHSIZE2_S3' 'HHSIZE3_S3'
 'HHSIZE4M_S3' 'HHAGE1_S3' 'HHAGE2_S3' 'HHAGE3_S3' 'HHWRK1_S3' 'HHWRK2_S3'
 'HHWRK3_S3' 'HHWRK4_S3' 'HHINC1_S3' 'HHINC2_S3' 'HHINC3_S3' 'HHINC4_S3'
 'HHINC5_S3' 'HH_WIKID_S3' 'HH_WOKID_S3' 'HHFAMMAR_S3' 'HHFAMNOWIFE_S3'
 'HHFAMNOHUSBAND_S3' 'HHFAMNON_S3' 'HHFAMNONALONE_S3' 'HHUNITSINGLE_S3'
 'HHUNITMULTI_S3' 'HHUNITMOBILE_S3' 'TOTPOP_S' 'MALE_S' 'FEMALE_S'
 'AGE0to17_S' 'AGE18to24_S' 'AGE25to34_S' 'AGE35to49_S' 'AGE50to64_S'
 'AGE65to79_S' 'AGE80M_S' 'MALE' 'FEMALE' 'TOT_POP_CENSUS' 'TOTPOP_WGT']
24/10/2023 13:07:46 - DEBUG - activitysim.core.input - TAZ_control_data table size: (2929, 45) 1.1 MB
24/10/2023 13:07:46 - DEBUG - activitysim.core.input - TAZ_control_data index name: None
24/10/2023 13:07:46 - INFO - populationsim.steps.input_pre_processor - registering table TAZ_control_data
24/10/2023 13:07:46 - INFO - activitysim.core.input - Reading CSV file data\control_totals_region.csv
24/10/2023 13:07:46 - DEBUG - activitysim.core.input - raw REGION_control_data table size: (1, 2) 144 B
24/10/2023 13:07:46 - DEBUG - activitysim.core.input - REGION_control_data table columns: ['REGION' 'TOTPOP']
24/10/2023 13:07:46 - DEBUG - activitysim.core.input - REGION_control_data table size: (1, 2) 144 B
24/10/2023 13:07:46 - DEBUG - activitysim.core.input - REGION_control_data index name: None
24/10/2023 13:07:46 - INFO - populationsim.steps.input_pre_processor - registering table REGION_control_data
24/10/2023 13:07:46 - DEBUG - activitysim.core.tracing - Time to execute #run_model completed step 'input_pre_processor' : 3.208 seconds (0.1 minutes)
24/10/2023 13:07:46 - DEBUG - activitysim.core.pipeline - add_checkpoint input_pre_processor timestamp 2023-10-24 13:07:46.452604
24/10/2023 13:07:46 - DEBUG - activitysim.core.pipeline - add_checkpoint 'input_pre_processor' table 'households' (34034, 238) 65.1 MB
24/10/2023 13:07:46 - DEBUG - activitysim.core.pipeline - add_checkpoint 'input_pre_processor' table 'persons' (83294, 289) 192.6 MB
24/10/2023 13:07:47 - DEBUG - activitysim.core.pipeline - add_checkpoint 'input_pre_processor' table 'geo_cross_walk' (33117, 7) 1.9 MB
24/10/2023 13:07:47 - DEBUG - activitysim.core.pipeline - add_checkpoint 'input_pre_processor' table 'MAZ_control_data' (33117, 4) 1.1 MB
24/10/2023 13:07:47 - DEBUG - activitysim.core.pipeline - add_checkpoint 'input_pre_processor' table 'TAZ_control_data' (2929, 45) 1.1 MB
24/10/2023 13:07:47 - DEBUG - activitysim.core.pipeline - add_checkpoint 'input_pre_processor' table 'REGION_control_data' (1, 2) 144 B
24/10/2023 13:07:47 - INFO - activitysim.core.pipeline - #run_model running step setup_data_structures
24/10/2023 13:07:47 - INFO - populationsim.steps.setup_data_structures - Reading control file configs\HH\controls.csv
24/10/2023 13:07:47 - INFO - populationsim.steps.setup_data_structures - dropping 227 TAZ control rows with empty total_hh_control
24/10/2023 13:07:47 - INFO - populationsim.steps.setup_data_structures - dropping 12320 MAZ control rows with empty total_hh_control
24/10/2023 13:07:47 - INFO - populationsim.steps.setup_data_structures - dropped 0 households not in seed zones
24/10/2023 13:07:47 - INFO - populationsim.steps.setup_data_structures - kept 34034 households in seed zones
24/10/2023 13:07:47 - DEBUG - activitysim.core.pipeline - rewrap table households inplace=False
24/10/2023 13:07:47 - DEBUG - activitysim.core.pipeline - rewrap table persons inplace=False
24/10/2023 13:07:47 - INFO - populationsim.steps.setup_data_structures - control target num_hh
24/10/2023 13:07:47 - DEBUG - populationsim.steps.setup_data_structures - control_row.seed_table households
24/10/2023 13:07:47 - DEBUG - populationsim.steps.setup_data_structures - control_row.expression (households.WGTP > 0) & (households.WGTP < np.inf)
24/10/2023 13:07:47 - INFO - populationsim.steps.setup_data_structures - control target hh_size_1
24/10/2023 13:07:47 - DEBUG - populationsim.steps.setup_data_structures - control_row.seed_table households
24/10/2023 13:07:47 - DEBUG - populationsim.steps.setup_data_structures - control_row.expression households.NP == 1
24/10/2023 13:07:47 - INFO - populationsim.steps.setup_data_structures - control target hh_size_2
24/10/2023 13:07:47 - DEBUG - populationsim.steps.setup_data_structures - control_row.seed_table households
24/10/2023 13:07:47 - DEBUG - populationsim.steps.setup_data_structures - control_row.expression households.NP == 2
24/10/2023 13:07:47 - INFO - populationsim.steps.setup_data_structures - control target hh_size_3
24/10/2023 13:07:47 - DEBUG - populationsim.steps.setup_data_structures - control_row.seed_table households
24/10/2023 13:07:47 - DEBUG - populationsim.steps.setup_data_structures - control_row.expression households.NP == 3
24/10/2023 13:07:47 - INFO - populationsim.steps.setup_data_structures - control target hh_size_4
24/10/2023 13:07:47 - DEBUG - populationsim.steps.setup_data_structures - control_row.seed_table households
24/10/2023 13:07:47 - DEBUG - populationsim.steps.setup_data_structures - control_row.expression households.NP >= 4
24/10/2023 13:07:47 - INFO - populationsim.steps.setup_data_structures - control target hh_wrks_0
24/10/2023 13:07:47 - DEBUG - populationsim.steps.setup_data_structures - control_row.seed_table households
24/10/2023 13:07:47 - DEBUG - populationsim.steps.setup_data_structures - control_row.expression households.workers == 0
24/10/2023 13:07:47 - INFO - populationsim.steps.setup_data_structures - control target hh_wrks_1
24/10/2023 13:07:47 - DEBUG - populationsim.steps.setup_data_structures - control_row.seed_table households
24/10/2023 13:07:47 - DEBUG - populationsim.steps.setup_data_structures - control_row.expression households.workers == 1
24/10/2023 13:07:47 - INFO - populationsim.steps.setup_data_structures - control target hh_wrks_2
24/10/2023 13:07:47 - DEBUG - populationsim.steps.setup_data_structures - control_row.seed_table households
24/10/2023 13:07:47 - DEBUG - populationsim.steps.setup_data_structures - control_row.expression households.workers == 2
24/10/2023 13:07:47 - INFO - populationsim.steps.setup_data_structures - control target hh_wrks_3m
24/10/2023 13:07:47 - DEBUG - populationsim.steps.setup_data_structures - control_row.seed_table households
24/10/2023 13:07:47 - DEBUG - populationsim.steps.setup_data_structures - control_row.expression households.workers >= 3
24/10/2023 13:07:47 - INFO - populationsim.steps.setup_data_structures - control target hh_inc_0_25
24/10/2023 13:07:47 - DEBUG - populationsim.steps.setup_data_structures - control_row.seed_table households
24/10/2023 13:07:47 - DEBUG - populationsim.steps.setup_data_structures - control_row.expression (households.HHINCADJ > -999999999) & (households.HHINCADJ <= 24999)
24/10/2023 13:07:47 - INFO - populationsim.steps.setup_data_structures - control target hh_inc_25_50
24/10/2023 13:07:47 - DEBUG - populationsim.steps.setup_data_structures - control_row.seed_table households
24/10/2023 13:07:47 - DEBUG - populationsim.steps.setup_data_structures - control_row.expression (households.HHINCADJ > 24999) & (households.HHINCADJ <= 49999)
24/10/2023 13:07:47 - INFO - populationsim.steps.setup_data_structures - control target hh_inc_50_75
24/10/2023 13:07:47 - DEBUG - populationsim.steps.setup_data_structures - control_row.seed_table households
24/10/2023 13:07:47 - DEBUG - populationsim.steps.setup_data_structures - control_row.expression (households.HHINCADJ >49999) & (households.HHINCADJ <= 74999)
24/10/2023 13:07:47 - INFO - populationsim.steps.setup_data_structures - control target hh_inc_75_100
24/10/2023 13:07:47 - DEBUG - populationsim.steps.setup_data_structures - control_row.seed_table households
24/10/2023 13:07:47 - DEBUG - populationsim.steps.setup_data_structures - control_row.expression (households.HHINCADJ > 74999) & (households.HHINCADJ <= 99999)
24/10/2023 13:07:47 - INFO - populationsim.steps.setup_data_structures - control target hh_inc_100_plus
24/10/2023 13:07:47 - DEBUG - populationsim.steps.setup_data_structures - control_row.seed_table households
24/10/2023 13:07:47 - DEBUG - populationsim.steps.setup_data_structures - control_row.expression (households.HHINCADJ > 99999) & (households.HHINCADJ <= 999999999)
24/10/2023 13:07:47 - INFO - populationsim.steps.setup_data_structures - control target hh_kid
24/10/2023 13:07:47 - DEBUG - populationsim.steps.setup_data_structures - control_row.seed_table households
24/10/2023 13:07:47 - DEBUG - populationsim.steps.setup_data_structures - control_row.expression households.KID ==1
24/10/2023 13:07:47 - INFO - populationsim.steps.setup_data_structures - control target hh_no_kid
24/10/2023 13:07:47 - DEBUG - populationsim.steps.setup_data_structures - control_row.seed_table households
24/10/2023 13:07:47 - DEBUG - populationsim.steps.setup_data_structures - control_row.expression households.KID == 0
24/10/2023 13:07:47 - INFO - populationsim.steps.setup_data_structures - control target person_age0to17
24/10/2023 13:07:47 - DEBUG - populationsim.steps.setup_data_structures - control_row.seed_table persons
24/10/2023 13:07:47 - DEBUG - populationsim.steps.setup_data_structures - control_row.expression (persons.AGEP <= 17)
24/10/2023 13:07:47 - INFO - populationsim.steps.setup_data_structures - control target person_age18to24
24/10/2023 13:07:47 - DEBUG - populationsim.steps.setup_data_structures - control_row.seed_table persons
24/10/2023 13:07:47 - DEBUG - populationsim.steps.setup_data_structures - control_row.expression (persons.AGEP >= 18) & (persons.AGEP <= 24)
24/10/2023 13:07:47 - INFO - populationsim.steps.setup_data_structures - control target person_age25to34
24/10/2023 13:07:47 - DEBUG - populationsim.steps.setup_data_structures - control_row.seed_table persons
24/10/2023 13:07:47 - DEBUG - populationsim.steps.setup_data_structures - control_row.expression (persons.AGEP >= 25) & (persons.AGEP <= 34)
24/10/2023 13:07:47 - INFO - populationsim.steps.setup_data_structures - control target person_age35to49
24/10/2023 13:07:47 - DEBUG - populationsim.steps.setup_data_structures - control_row.seed_table persons
24/10/2023 13:07:47 - DEBUG - populationsim.steps.setup_data_structures - control_row.expression (persons.AGEP >= 35) & (persons.AGEP <= 49)
24/10/2023 13:07:47 - INFO - populationsim.steps.setup_data_structures - control target person_age50to64
24/10/2023 13:07:47 - DEBUG - populationsim.steps.setup_data_structures - control_row.seed_table persons
24/10/2023 13:07:47 - DEBUG - populationsim.steps.setup_data_structures - control_row.expression (persons.AGEP >= 50) & (persons.AGEP <= 64)
24/10/2023 13:07:47 - INFO - populationsim.steps.setup_data_structures - control target person_age65to79
24/10/2023 13:07:47 - DEBUG - populationsim.steps.setup_data_structures - control_row.seed_table persons
24/10/2023 13:07:47 - DEBUG - populationsim.steps.setup_data_structures - control_row.expression (persons.AGEP >= 65) & (persons.AGEP <= 79)
24/10/2023 13:07:47 - INFO - populationsim.steps.setup_data_structures - control target person_age80m
24/10/2023 13:07:47 - DEBUG - populationsim.steps.setup_data_structures - control_row.seed_table persons
24/10/2023 13:07:47 - DEBUG - populationsim.steps.setup_data_structures - control_row.expression (persons.AGEP >= 80) 
24/10/2023 13:07:47 - INFO - populationsim.steps.setup_data_structures - control target tot_pop
24/10/2023 13:07:47 - DEBUG - populationsim.steps.setup_data_structures - control_row.seed_table persons
24/10/2023 13:07:47 - DEBUG - populationsim.steps.setup_data_structures - control_row.expression (persons.PWGTP > 0) & (persons.PWGTP < np.inf)
24/10/2023 13:07:47 - INFO - populationsim.steps.setup_data_structures - grouped incidence table has 8894 entries, ungrouped has 34034
24/10/2023 13:07:47 - DEBUG - activitysim.core.tracing - Time to execute #run_model completed step 'setup_data_structures' : 0.532 seconds (0.0 minutes)
24/10/2023 13:07:48 - DEBUG - activitysim.core.pipeline - add_checkpoint setup_data_structures timestamp 2023-10-24 13:07:48.032733
24/10/2023 13:07:48 - DEBUG - activitysim.core.pipeline - add_checkpoint 'setup_data_structures' table 'crosswalk' (33117, 4) 1.1 MB
24/10/2023 13:07:48 - DEBUG - activitysim.core.pipeline - add_checkpoint 'setup_data_structures' table 'slice_crosswalk' (12, 2) 288 B
24/10/2023 13:07:48 - DEBUG - activitysim.core.pipeline - add_checkpoint 'setup_data_structures' table 'control_spec' (24, 6) 1.3 KB
24/10/2023 13:07:48 - DEBUG - activitysim.core.pipeline - add_checkpoint 'setup_data_structures' table 'REGION_controls' (1, 24) 200 B
24/10/2023 13:07:48 - DEBUG - activitysim.core.pipeline - add_checkpoint 'setup_data_structures' table 'PUMA_controls' (12, 23) 2.3 KB
24/10/2023 13:07:48 - DEBUG - activitysim.core.pipeline - add_checkpoint 'setup_data_structures' table 'TAZ_controls' (2702, 23) 518.8 KB
24/10/2023 13:07:48 - DEBUG - activitysim.core.pipeline - add_checkpoint 'setup_data_structures' table 'MAZ_controls' (20797, 1) 332.8 KB
24/10/2023 13:07:48 - DEBUG - activitysim.core.pipeline - add_checkpoint 'setup_data_structures' table 'households' (34034, 238) 65.1 MB
24/10/2023 13:07:48 - DEBUG - activitysim.core.pipeline - add_checkpoint 'setup_data_structures' table 'persons' (83294, 289) 192.6 MB
24/10/2023 13:07:48 - DEBUG - activitysim.core.pipeline - add_checkpoint 'setup_data_structures' table 'household_groups' (34034, 3) 816.8 KB
24/10/2023 13:07:48 - DEBUG - activitysim.core.pipeline - add_checkpoint 'setup_data_structures' table 'incidence_table' (8894, 29) 1.2 MB
24/10/2023 13:07:48 - INFO - activitysim.core.pipeline - #run_model running step initial_seed_balancing
24/10/2023 13:07:48 - INFO - populationsim.steps.initial_seed_balancing - initial_seed_balancing seed id 4700500
24/10/2023 13:07:50 - INFO - populationsim.steps.initial_seed_balancing - seed_balancer status: {'converged': True, 'iter': 954, 'delta': 9.264998795079308e-10, 'max_gamma_dif': 3.191349406961308e-10}
24/10/2023 13:07:50 - INFO - populationsim.steps.initial_seed_balancing - Total balanced weights for seed 4700500 = 64601.00013346589
24/10/2023 13:07:50 - INFO - populationsim.steps.initial_seed_balancing - initial_seed_balancing seed id 4702502
24/10/2023 13:07:51 - INFO - populationsim.steps.initial_seed_balancing - seed_balancer status: {'converged': True, 'iter': 930, 'delta': 9.466629211390528e-10, 'max_gamma_dif': 3.9895442505155643e-10}
24/10/2023 13:07:51 - INFO - populationsim.steps.initial_seed_balancing - Total balanced weights for seed 4702502 = 44327.00003364801
24/10/2023 13:07:51 - INFO - populationsim.steps.initial_seed_balancing - initial_seed_balancing seed id 4700400
24/10/2023 13:07:53 - INFO - populationsim.steps.initial_seed_balancing - seed_balancer status: {'converged': True, 'iter': 998, 'delta': 9.99380967701351e-10, 'max_gamma_dif': 9.173373172188803e-10}
24/10/2023 13:07:53 - INFO - populationsim.steps.initial_seed_balancing - Total balanced weights for seed 4700400 = 25065.000035829173
24/10/2023 13:07:53 - INFO - populationsim.steps.initial_seed_balancing - initial_seed_balancing seed id 4702300
24/10/2023 13:07:54 - INFO - populationsim.steps.initial_seed_balancing - seed_balancer status: {'converged': True, 'iter': 946, 'delta': 9.38309960709227e-10, 'max_gamma_dif': 3.287792260664446e-10}
24/10/2023 13:07:54 - INFO - populationsim.steps.initial_seed_balancing - Total balanced weights for seed 4702300 = 47211.00006994413
24/10/2023 13:07:54 - INFO - populationsim.steps.initial_seed_balancing - initial_seed_balancing seed id 4702501
24/10/2023 13:07:56 - INFO - populationsim.steps.initial_seed_balancing - seed_balancer status: {'converged': True, 'iter': 940, 'delta': 9.94499225415469e-10, 'max_gamma_dif': 2.9003088819479217e-10}
24/10/2023 13:07:56 - INFO - populationsim.steps.initial_seed_balancing - Total balanced weights for seed 4702501 = 65260.000079499674
24/10/2023 13:07:56 - INFO - populationsim.steps.initial_seed_balancing - initial_seed_balancing seed id 4702401
24/10/2023 13:07:57 - INFO - populationsim.steps.initial_seed_balancing - seed_balancer status: {'converged': True, 'iter': 944, 'delta': 9.429873210929638e-10, 'max_gamma_dif': 3.1093083663336074e-10}
24/10/2023 13:07:57 - INFO - populationsim.steps.initial_seed_balancing - Total balanced weights for seed 4702401 = 46763.00005744661
24/10/2023 13:07:57 - INFO - populationsim.steps.initial_seed_balancing - initial_seed_balancing seed id 4702503
24/10/2023 13:07:58 - INFO - populationsim.steps.initial_seed_balancing - seed_balancer status: {'converged': True, 'iter': 928, 'delta': 9.447888871781987e-10, 'max_gamma_dif': 4.131748276847702e-10}
24/10/2023 13:07:58 - INFO - populationsim.steps.initial_seed_balancing - Total balanced weights for seed 4702503 = 49031.00005178907
24/10/2023 13:07:58 - INFO - populationsim.steps.initial_seed_balancing - initial_seed_balancing seed id 4702505
24/10/2023 13:08:00 - INFO - populationsim.steps.initial_seed_balancing - seed_balancer status: {'converged': True, 'iter': 952, 'delta': 9.291721722155654e-10, 'max_gamma_dif': 3.5153280286692734e-10}
24/10/2023 13:08:00 - INFO - populationsim.steps.initial_seed_balancing - Total balanced weights for seed 4702505 = 63446.00015963517
24/10/2023 13:08:00 - INFO - populationsim.steps.initial_seed_balancing - initial_seed_balancing seed id 4702504
24/10/2023 13:08:01 - INFO - populationsim.steps.initial_seed_balancing - seed_balancer status: {'converged': True, 'iter': 940, 'delta': 9.95243240646659e-10, 'max_gamma_dif': 3.565177042474943e-10}
24/10/2023 13:08:01 - INFO - populationsim.steps.initial_seed_balancing - Total balanced weights for seed 4702504 = 51393.000059811064
24/10/2023 13:08:01 - INFO - populationsim.steps.initial_seed_balancing - initial_seed_balancing seed id 4702600
24/10/2023 13:08:02 - INFO - populationsim.steps.initial_seed_balancing - seed_balancer status: {'converged': True, 'iter': 964, 'delta': 9.790449451868756e-10, 'max_gamma_dif': 2.4243140828161813e-10}
24/10/2023 13:08:02 - INFO - populationsim.steps.initial_seed_balancing - Total balanced weights for seed 4702600 = 73159.00024287988
24/10/2023 13:08:02 - INFO - populationsim.steps.initial_seed_balancing - initial_seed_balancing seed id 4702700
24/10/2023 13:08:04 - INFO - populationsim.steps.initial_seed_balancing - seed_balancer status: {'converged': True, 'iter': 998, 'delta': 9.419836338914728e-10, 'max_gamma_dif': 5.850714357436004e-10}
24/10/2023 13:08:04 - INFO - populationsim.steps.initial_seed_balancing - Total balanced weights for seed 4702700 = 33331.00006149761
24/10/2023 13:08:04 - INFO - populationsim.steps.initial_seed_balancing - initial_seed_balancing seed id 4702402
24/10/2023 13:08:05 - INFO - populationsim.steps.initial_seed_balancing - seed_balancer status: {'converged': True, 'iter': 957, 'delta': 9.8546475814737e-10, 'max_gamma_dif': 2.826614498019353e-10}
24/10/2023 13:08:05 - INFO - populationsim.steps.initial_seed_balancing - Total balanced weights for seed 4702402 = 59910.00013335457
24/10/2023 13:08:05 - DEBUG - activitysim.core.tracing - Time to execute #run_model completed step 'initial_seed_balancing' : 16.611 seconds (0.3 minutes)
24/10/2023 13:08:05 - DEBUG - activitysim.core.pipeline - add_checkpoint initial_seed_balancing timestamp 2023-10-24 13:08:05.639449
24/10/2023 13:08:05 - DEBUG - activitysim.core.pipeline - add_checkpoint 'initial_seed_balancing' table 'PUMA_weights' (8894, 4) 284.7 KB
24/10/2023 13:08:05 - INFO - activitysim.core.pipeline - #run_model running step meta_control_factoring
24/10/2023 13:08:05 - INFO - populationsim.steps.meta_control_factoring - meta_control_factoring 1 targets
24/10/2023 13:08:05 - DEBUG - activitysim.core.pipeline - rewrap table PUMA_controls inplace=False
24/10/2023 13:08:05 - DEBUG - activitysim.core.tracing - Time to execute #run_model completed step 'meta_control_factoring' : 0.016 seconds (0.0 minutes)
24/10/2023 13:08:05 - DEBUG - activitysim.core.pipeline - add_checkpoint meta_control_factoring timestamp 2023-10-24 13:08:05.761858
24/10/2023 13:08:05 - DEBUG - activitysim.core.pipeline - add_checkpoint 'meta_control_factoring' table 'PUMA_controls' (12, 24) 2.7 KB
24/10/2023 13:08:05 - INFO - activitysim.core.pipeline - #run_model running step final_seed_balancing
24/10/2023 13:08:05 - INFO - populationsim.steps.final_seed_balancing - final_seed_balancing seed id 4700500
24/10/2023 13:08:07 - INFO - populationsim.steps.final_seed_balancing - seed_balancer status: {'converged': True, 'iter': 997, 'delta': 9.748474422931855e-10, 'max_gamma_dif': 1.0281775431053575e-10}
24/10/2023 13:08:07 - INFO - populationsim.steps.final_seed_balancing - final_seed_balancing seed id 4702502
24/10/2023 13:08:08 - INFO - populationsim.steps.final_seed_balancing - seed_balancer status: {'converged': True, 'iter': 958, 'delta': 9.980270273234308e-10, 'max_gamma_dif': 1.2795120518660497e-10}
24/10/2023 13:08:08 - INFO - populationsim.steps.final_seed_balancing - final_seed_balancing seed id 4700400
24/10/2023 13:08:10 - INFO - populationsim.steps.final_seed_balancing - seed_balancer status: {'converged': True, 'iter': 1039, 'delta': 9.86031410030613e-10, 'max_gamma_dif': 2.55856336117688e-10}
24/10/2023 13:08:10 - INFO - populationsim.steps.final_seed_balancing - final_seed_balancing seed id 4702300
24/10/2023 13:08:12 - INFO - populationsim.steps.final_seed_balancing - seed_balancer status: {'converged': True, 'iter': 980, 'delta': 9.879292365140339e-10, 'max_gamma_dif': 1.065492138963009e-10}
24/10/2023 13:08:12 - INFO - populationsim.steps.final_seed_balancing - final_seed_balancing seed id 4702501
24/10/2023 13:08:13 - INFO - populationsim.steps.final_seed_balancing - seed_balancer status: {'converged': True, 'iter': 970, 'delta': 9.503324460251646e-10, 'max_gamma_dif': 8.366707326956657e-11}
24/10/2023 13:08:13 - INFO - populationsim.steps.final_seed_balancing - final_seed_balancing seed id 4702401
24/10/2023 13:08:15 - INFO - populationsim.steps.final_seed_balancing - seed_balancer status: {'converged': True, 'iter': 964, 'delta': 9.862943817638367e-10, 'max_gamma_dif': 1.2164402818370945e-10}
24/10/2023 13:08:15 - INFO - populationsim.steps.final_seed_balancing - final_seed_balancing seed id 4702503
24/10/2023 13:08:16 - INFO - populationsim.steps.final_seed_balancing - seed_balancer status: {'converged': True, 'iter': 966, 'delta': 9.980261906327217e-10, 'max_gamma_dif': 1.1933476429248913e-10}
24/10/2023 13:08:16 - INFO - populationsim.steps.final_seed_balancing - final_seed_balancing seed id 4702505
24/10/2023 13:08:17 - INFO - populationsim.steps.final_seed_balancing - seed_balancer status: {'converged': True, 'iter': 1012, 'delta': 9.513542825977387e-10, 'max_gamma_dif': 8.303380205632038e-11}
24/10/2023 13:08:17 - INFO - populationsim.steps.final_seed_balancing - final_seed_balancing seed id 4702504
24/10/2023 13:08:19 - INFO - populationsim.steps.final_seed_balancing - seed_balancer status: {'converged': True, 'iter': 972, 'delta': 9.739928331051569e-10, 'max_gamma_dif': 1.0605560873955255e-10}
24/10/2023 13:08:19 - INFO - populationsim.steps.final_seed_balancing - final_seed_balancing seed id 4702600
24/10/2023 13:08:20 - INFO - populationsim.steps.final_seed_balancing - seed_balancer status: {'converged': True, 'iter': 1022, 'delta': 9.703871747723085e-10, 'max_gamma_dif': 7.452172212651931e-11}
24/10/2023 13:08:20 - INFO - populationsim.steps.final_seed_balancing - final_seed_balancing seed id 4702700
24/10/2023 13:08:22 - INFO - populationsim.steps.final_seed_balancing - seed_balancer status: {'converged': True, 'iter': 1053, 'delta': 9.762647162968708e-10, 'max_gamma_dif': 1.7175283417714127e-10}
24/10/2023 13:08:22 - INFO - populationsim.steps.final_seed_balancing - final_seed_balancing seed id 4702402
24/10/2023 13:08:24 - INFO - populationsim.steps.final_seed_balancing - seed_balancer status: {'converged': True, 'iter': 1001, 'delta': 9.687387491609542e-10, 'max_gamma_dif': 7.89011078694557e-11}
24/10/2023 13:08:24 - DEBUG - activitysim.core.tracing - Time to execute #run_model completed step 'final_seed_balancing' : 18.185 seconds (0.3 minutes)
24/10/2023 13:08:24 - DEBUG - activitysim.core.pipeline - add_checkpoint final_seed_balancing timestamp 2023-10-24 13:08:24.071400
24/10/2023 13:08:24 - DEBUG - activitysim.core.pipeline - rewrap table PUMA_weights inplace=True
24/10/2023 13:08:24 - DEBUG - activitysim.core.pipeline - add_checkpoint 'final_seed_balancing' table 'PUMA_weights' (8894, 5) 355.9 KB
24/10/2023 13:08:24 - INFO - activitysim.core.pipeline - #run_model running step integerize_final_seed_weights
24/10/2023 13:08:24 - INFO - populationsim.steps.integerize_final_seed_weights - integerize_final_seed_weights seed id 4700500
24/10/2023 13:08:24 - DEBUG - populationsim.integerizer - Integerizer: 30 out of 867 different from round
24/10/2023 13:08:24 - DEBUG - populationsim.integerizer - Integerizer status for unbackstopped PUMA_4700500: OPTIMAL
24/10/2023 13:08:24 - INFO - populationsim.steps.integerize_final_seed_weights - integerize_final_seed_weights seed id 4702502
24/10/2023 13:08:24 - DEBUG - populationsim.integerizer - Integerizer: 23 out of 701 different from round
24/10/2023 13:08:24 - DEBUG - populationsim.integerizer - Integerizer status for unbackstopped PUMA_4702502: OPTIMAL
24/10/2023 13:08:24 - INFO - populationsim.steps.integerize_final_seed_weights - integerize_final_seed_weights seed id 4700400
24/10/2023 13:08:24 - DEBUG - populationsim.integerizer - Integerizer: 27 out of 969 different from round
24/10/2023 13:08:24 - DEBUG - populationsim.integerizer - Integerizer status for unbackstopped PUMA_4700400: OPTIMAL
24/10/2023 13:08:24 - INFO - populationsim.steps.integerize_final_seed_weights - integerize_final_seed_weights seed id 4702300
24/10/2023 13:08:24 - DEBUG - populationsim.integerizer - Integerizer: 28 out of 642 different from round
24/10/2023 13:08:24 - DEBUG - populationsim.integerizer - Integerizer status for unbackstopped PUMA_4702300: OPTIMAL
24/10/2023 13:08:24 - INFO - populationsim.steps.integerize_final_seed_weights - integerize_final_seed_weights seed id 4702501
24/10/2023 13:08:24 - DEBUG - populationsim.integerizer - Integerizer: 31 out of 739 different from round
24/10/2023 13:08:24 - DEBUG - populationsim.integerizer - Integerizer status for unbackstopped PUMA_4702501: OPTIMAL
24/10/2023 13:08:24 - INFO - populationsim.steps.integerize_final_seed_weights - integerize_final_seed_weights seed id 4702401
24/10/2023 13:08:24 - DEBUG - populationsim.integerizer - Integerizer: 31 out of 687 different from round
24/10/2023 13:08:24 - DEBUG - populationsim.integerizer - Integerizer status for unbackstopped PUMA_4702401: OPTIMAL
24/10/2023 13:08:24 - INFO - populationsim.steps.integerize_final_seed_weights - integerize_final_seed_weights seed id 4702503
24/10/2023 13:08:24 - DEBUG - populationsim.integerizer - Integerizer: 35 out of 668 different from round
24/10/2023 13:08:24 - DEBUG - populationsim.integerizer - Integerizer status for unbackstopped PUMA_4702503: OPTIMAL
24/10/2023 13:08:24 - INFO - populationsim.steps.integerize_final_seed_weights - integerize_final_seed_weights seed id 4702505
24/10/2023 13:08:24 - DEBUG - populationsim.integerizer - Integerizer: 26 out of 622 different from round
24/10/2023 13:08:24 - DEBUG - populationsim.integerizer - Integerizer status for unbackstopped PUMA_4702505: OPTIMAL
24/10/2023 13:08:24 - INFO - populationsim.steps.integerize_final_seed_weights - integerize_final_seed_weights seed id 4702504
24/10/2023 13:08:24 - DEBUG - populationsim.integerizer - Integerizer: 26 out of 684 different from round
24/10/2023 13:08:24 - DEBUG - populationsim.integerizer - Integerizer status for unbackstopped PUMA_4702504: OPTIMAL
24/10/2023 13:08:24 - INFO - populationsim.steps.integerize_final_seed_weights - integerize_final_seed_weights seed id 4702600
24/10/2023 13:08:24 - DEBUG - populationsim.integerizer - Integerizer: 23 out of 775 different from round
24/10/2023 13:08:24 - DEBUG - populationsim.integerizer - Integerizer status for unbackstopped PUMA_4702600: OPTIMAL
24/10/2023 13:08:24 - INFO - populationsim.steps.integerize_final_seed_weights - integerize_final_seed_weights seed id 4702700
24/10/2023 13:08:24 - DEBUG - populationsim.integerizer - Integerizer: 17 out of 846 different from round
24/10/2023 13:08:24 - DEBUG - populationsim.integerizer - Integerizer status for unbackstopped PUMA_4702700: OPTIMAL
24/10/2023 13:08:24 - INFO - populationsim.steps.integerize_final_seed_weights - integerize_final_seed_weights seed id 4702402
24/10/2023 13:08:24 - DEBUG - populationsim.integerizer - Integerizer: 30 out of 694 different from round
24/10/2023 13:08:24 - DEBUG - populationsim.integerizer - Integerizer status for unbackstopped PUMA_4702402: OPTIMAL
24/10/2023 13:08:24 - DEBUG - activitysim.core.tracing - Time to execute #run_model completed step 'integerize_final_seed_weights' : 0.787 seconds (0.0 minutes)
24/10/2023 13:08:24 - DEBUG - activitysim.core.pipeline - add_checkpoint integerize_final_seed_weights timestamp 2023-10-24 13:08:24.973810
24/10/2023 13:08:24 - DEBUG - activitysim.core.pipeline - rewrap table PUMA_weights inplace=True
24/10/2023 13:08:24 - DEBUG - activitysim.core.pipeline - add_checkpoint 'integerize_final_seed_weights' table 'PUMA_weights' (8894, 6) 427.0 KB
24/10/2023 13:08:25 - INFO - activitysim.core.tracing - Time to execute run (6 models) : 41.844 seconds (0.7 minutes)
24/10/2023 13:08:25 - DEBUG - activitysim.core.pipeline - add_checkpoint mp_seed_balancing timestamp 2023-10-24 13:08:25.011576
24/10/2023 13:08:25 - DEBUG - activitysim.core.pipeline - close_pipeline
24/10/2023 13:08:25 - INFO - activitysim.core.mem - mp_seed_balancing high water mark rss: 422_871_040 (422.9 MB) timestamp: 24/10/2023 13:08:24 label:pipeline.run_model integerize_final_seed_weights start
24/10/2023 13:08:25 - INFO - activitysim.core.mem - mp_seed_balancing high water mark uss: 393_560_064 (393.6 MB) timestamp: 24/10/2023 13:08:24 label:pipeline.run_model integerize_final_seed_weights start
