24/10/2023 13:08:44 - INFO - activitysim - Read logging configuration from: configs\HH\logging.yaml
24/10/2023 13:08:44 - DEBUG - activitysim.core.mp_tasks - mp_run_simulation mp_sub_balancing_TAZ locutor=False 
24/10/2023 13:08:44 - DEBUG - activitysim.core.mp_tasks - injecting pipeline_file_prefix 'mp_sub_balancing_TAZ_4'
24/10/2023 13:08:44 - INFO - activitysim.core.mp_tasks - resume_after _
24/10/2023 13:08:44 - DEBUG - activitysim.core.random - Set random seed base to 0
24/10/2023 13:08:44 - DEBUG - activitysim.core.pipeline - open_pipeline - open existing pipeline
24/10/2023 13:08:44 - DEBUG - activitysim.core.pipeline - opened pipeline_store output\HH\mp_sub_balancing_TAZ_4-pipeline.h5
24/10/2023 13:08:44 - INFO - activitysim.core.pipeline - load_checkpoint _
24/10/2023 13:08:44 - INFO - activitysim.core.pipeline - loading checkpoint 'mp_seed_balancing'
24/10/2023 13:08:45 - INFO - activitysim.core.pipeline - load_checkpoint mp_seed_balancing timestamp 2023-10-24 13:08:25.011576
24/10/2023 13:08:45 - INFO - activitysim.core.pipeline - load_checkpoint table households (34034, 238)
24/10/2023 13:08:45 - DEBUG - activitysim.core.pipeline - rewrap table households inplace=False
24/10/2023 13:08:46 - INFO - activitysim.core.pipeline - load_checkpoint table persons (83294, 289)
24/10/2023 13:08:46 - DEBUG - activitysim.core.pipeline - rewrap table persons inplace=False
24/10/2023 13:08:46 - INFO - activitysim.core.pipeline - load_checkpoint table geo_cross_walk (33117, 7)
24/10/2023 13:08:46 - DEBUG - activitysim.core.pipeline - rewrap table geo_cross_walk inplace=False
24/10/2023 13:08:46 - INFO - activitysim.core.pipeline - load_checkpoint table MAZ_control_data (33117, 4)
24/10/2023 13:08:46 - DEBUG - activitysim.core.pipeline - rewrap table MAZ_control_data inplace=False
24/10/2023 13:08:46 - INFO - activitysim.core.pipeline - load_checkpoint table TAZ_control_data (2929, 45)
24/10/2023 13:08:46 - DEBUG - activitysim.core.pipeline - rewrap table TAZ_control_data inplace=False
24/10/2023 13:08:46 - INFO - activitysim.core.pipeline - load_checkpoint table REGION_control_data (1, 2)
24/10/2023 13:08:46 - DEBUG - activitysim.core.pipeline - rewrap table REGION_control_data inplace=False
24/10/2023 13:08:46 - INFO - activitysim.core.pipeline - load_checkpoint table crosswalk (2769, 4)
24/10/2023 13:08:46 - DEBUG - activitysim.core.pipeline - rewrap table crosswalk inplace=False
24/10/2023 13:08:46 - INFO - activitysim.core.pipeline - load_checkpoint table slice_crosswalk (1, 2)
24/10/2023 13:08:46 - DEBUG - activitysim.core.pipeline - rewrap table slice_crosswalk inplace=False
24/10/2023 13:08:46 - INFO - activitysim.core.pipeline - load_checkpoint table control_spec (24, 6)
24/10/2023 13:08:46 - DEBUG - activitysim.core.pipeline - rewrap table control_spec inplace=False
24/10/2023 13:08:46 - INFO - activitysim.core.pipeline - load_checkpoint table REGION_controls (1, 24)
24/10/2023 13:08:46 - DEBUG - activitysim.core.pipeline - rewrap table REGION_controls inplace=False
24/10/2023 13:08:46 - INFO - activitysim.core.pipeline - load_checkpoint table PUMA_controls (12, 24)
24/10/2023 13:08:46 - DEBUG - activitysim.core.pipeline - rewrap table PUMA_controls inplace=False
24/10/2023 13:08:46 - INFO - activitysim.core.pipeline - load_checkpoint table TAZ_controls (2702, 23)
24/10/2023 13:08:46 - DEBUG - activitysim.core.pipeline - rewrap table TAZ_controls inplace=False
24/10/2023 13:08:46 - INFO - activitysim.core.pipeline - load_checkpoint table MAZ_controls (20797, 1)
24/10/2023 13:08:46 - DEBUG - activitysim.core.pipeline - rewrap table MAZ_controls inplace=False
24/10/2023 13:08:46 - INFO - activitysim.core.pipeline - load_checkpoint table household_groups (34034, 3)
24/10/2023 13:08:46 - DEBUG - activitysim.core.pipeline - rewrap table household_groups inplace=False
24/10/2023 13:08:46 - INFO - activitysim.core.pipeline - load_checkpoint table incidence_table (8894, 29)
24/10/2023 13:08:46 - DEBUG - activitysim.core.pipeline - rewrap table incidence_table inplace=False
24/10/2023 13:08:46 - INFO - activitysim.core.pipeline - load_checkpoint table PUMA_weights (8894, 6)
24/10/2023 13:08:46 - DEBUG - activitysim.core.pipeline - rewrap table PUMA_weights inplace=False
24/10/2023 13:08:46 - DEBUG - activitysim.core.pipeline - open_pipeline complete
24/10/2023 13:08:46 - INFO - activitysim.core.pipeline - #run_model running step sub_balancing
24/10/2023 13:08:46 - INFO - populationsim.steps.sub_balancing - balancing 1/1 seed 4702402, PUMA 4702402
24/10/2023 13:08:46 - DEBUG - populationsim.simul_balancer - 694 positive weight rows out of 694
24/10/2023 13:08:46 - DEBUG - populationsim.simul_balancer - np_simul_balancer sample_count 694 control_count 23 zone_count 225
24/10/2023 13:08:46 - DEBUG - populationsim.simul_balancer - np_simul_balancer iteration 0 delta 47.813000023535956 max_gamma_dif 13.096782838876628
24/10/2023 13:09:21 - DEBUG - populationsim.simul_balancer - np_simul_balancer iteration 100 delta 0.01508688937494368 max_gamma_dif 6.001622221506172
24/10/2023 13:09:56 - DEBUG - populationsim.simul_balancer - np_simul_balancer iteration 200 delta 0.004998654981711698 max_gamma_dif 5.352846681680522
24/10/2023 13:10:31 - DEBUG - populationsim.simul_balancer - np_simul_balancer iteration 300 delta 0.0034453186045222688 max_gamma_dif 6.222705088230861
24/10/2023 13:11:06 - DEBUG - populationsim.simul_balancer - np_simul_balancer iteration 400 delta 0.0010962023297723944 max_gamma_dif 9.141334410748918
24/10/2023 13:11:41 - DEBUG - populationsim.simul_balancer - np_simul_balancer iteration 500 delta 0.0007921218897468997 max_gamma_dif 6.794960496554543
24/10/2023 13:12:17 - DEBUG - populationsim.simul_balancer - np_simul_balancer iteration 600 delta 0.0009928122460710694 max_gamma_dif 4.872032338443637
24/10/2023 13:12:52 - DEBUG - populationsim.simul_balancer - np_simul_balancer iteration 700 delta 0.0002540058476461614 max_gamma_dif 3.5000479478667934
24/10/2023 13:13:27 - DEBUG - populationsim.simul_balancer - np_simul_balancer iteration 800 delta 0.0003408962337771899 max_gamma_dif 3.1548165816625486
24/10/2023 13:14:01 - DEBUG - populationsim.simul_balancer - np_simul_balancer iteration 900 delta 0.00050108211986873 max_gamma_dif 2.8542561477552377
24/10/2023 13:14:33 - DEBUG - populationsim.steps.sub_balancing - PUMA 4702402 converged False iter 999
24/10/2023 13:14:51 - WARNING - populationsim.multi_integerizer - do_simul_integerizing failed for PUMA_4702402 status INFEASIBLE. 
24/10/2023 13:14:51 - INFO - populationsim.multi_integerizer - sequential_integerizing zone_id 1719 zone_name TAZ_1719
24/10/2023 13:14:51 - DEBUG - populationsim.integerizer - Integerizer: 58 out of 694 different from round
24/10/2023 13:14:51 - DEBUG - populationsim.integerizer - Integerizer status for backstopped PUMA_4702402_TAZ_1719: OPTIMAL
24/10/2023 13:14:51 - INFO - populationsim.multi_integerizer - sequential_integerizing zone_id 1720 zone_name TAZ_1720
24/10/2023 13:14:51 - DEBUG - populationsim.integerizer - Integerizer: 61 out of 694 different from round
24/10/2023 13:14:51 - DEBUG - populationsim.integerizer - Integerizer status for backstopped PUMA_4702402_TAZ_1720: OPTIMAL
24/10/2023 13:14:51 - INFO - populationsim.multi_integerizer - sequential_integerizing zone_id 1721 zone_name TAZ_1721
24/10/2023 13:14:52 - DEBUG - populationsim.integerizer - Integerizer: 55 out of 694 different from round
24/10/2023 13:14:52 - DEBUG - populationsim.integerizer - Integerizer status for backstopped PUMA_4702402_TAZ_1721: OPTIMAL
24/10/2023 13:14:52 - INFO - populationsim.multi_integerizer - sequential_integerizing zone_id 1722 zone_name TAZ_1722
24/10/2023 13:14:52 - DEBUG - populationsim.integerizer - Integerizer: 51 out of 694 different from round
24/10/2023 13:14:52 - DEBUG - populationsim.integerizer - Integerizer status for backstopped PUMA_4702402_TAZ_1722: OPTIMAL
24/10/2023 13:14:52 - INFO - populationsim.multi_integerizer - sequential_integerizing zone_id 1723 zone_name TAZ_1723
24/10/2023 13:14:52 - DEBUG - populationsim.integerizer - Integerizer: 12 out of 694 different from round
24/10/2023 13:14:52 - DEBUG - populationsim.integerizer - Integerizer status for backstopped PUMA_4702402_TAZ_1723: OPTIMAL
24/10/2023 13:14:52 - INFO - populationsim.multi_integerizer - sequential_integerizing zone_id 1724 zone_name TAZ_1724
24/10/2023 13:14:52 - DEBUG - populationsim.integerizer - Integerizer: 51 out of 694 different from round
24/10/2023 13:14:52 - DEBUG - populationsim.integerizer - Integerizer status for backstopped PUMA_4702402_TAZ_1724: OPTIMAL
24/10/2023 13:14:52 - INFO - populationsim.multi_integerizer - sequential_integerizing zone_id 1725 zone_name TAZ_1725
24/10/2023 13:14:52 - DEBUG - populationsim.integerizer - Integerizer: 18 out of 694 different from round
24/10/2023 13:14:52 - DEBUG - populationsim.integerizer - Integerizer status for backstopped PUMA_4702402_TAZ_1725: OPTIMAL
24/10/2023 13:14:52 - INFO - populationsim.multi_integerizer - sequential_integerizing zone_id 1726 zone_name TAZ_1726
24/10/2023 13:14:52 - DEBUG - populationsim.integerizer - Integerizer: 41 out of 694 different from round
24/10/2023 13:14:52 - DEBUG - populationsim.integerizer - Integerizer status for backstopped PUMA_4702402_TAZ_1726: OPTIMAL
24/10/2023 13:14:52 - INFO - populationsim.multi_integerizer - sequential_integerizing zone_id 1727 zone_name TAZ_1727
24/10/2023 13:14:52 - DEBUG - populationsim.integerizer - Integerizer: 16 out of 694 different from round
24/10/2023 13:14:52 - DEBUG - populationsim.integerizer - Integerizer status for backstopped PUMA_4702402_TAZ_1727: OPTIMAL
24/10/2023 13:14:52 - INFO - populationsim.multi_integerizer - sequential_integerizing zone_id 1728 zone_name TAZ_1728
24/10/2023 13:14:52 - DEBUG - populationsim.integerizer - Integerizer: 22 out of 694 different from round
24/10/2023 13:14:52 - DEBUG - populationsim.integerizer - Integerizer status for backstopped PUMA_4702402_TAZ_1728: OPTIMAL
24/10/2023 13:14:52 - INFO - populationsim.multi_integerizer - sequential_integerizing zone_id 1729 zone_name TAZ_1729
24/10/2023 13:14:52 - DEBUG - populationsim.integerizer - Integerizer: 74 out of 694 different from round
24/10/2023 13:14:52 - DEBUG - populationsim.integerizer - Integerizer status for backstopped PUMA_4702402_TAZ_1729: OPTIMAL
24/10/2023 13:14:52 - INFO - populationsim.multi_integerizer - sequential_integerizing zone_id 1730 zone_name TAZ_1730
24/10/2023 13:14:52 - DEBUG - populationsim.integerizer - Integerizer: 49 out of 694 different from round
24/10/2023 13:14:52 - DEBUG - populationsim.integerizer - Integerizer status for backstopped PUMA_4702402_TAZ_1730: OPTIMAL
24/10/2023 13:14:52 - INFO - populationsim.multi_integerizer - sequential_integerizing zone_id 1731 zone_name TAZ_1731
24/10/2023 13:14:52 - DEBUG - populationsim.integerizer - Integerizer: 45 out of 694 different from round
24/10/2023 13:14:52 - DEBUG - populationsim.integerizer - Integerizer status for backstopped PUMA_4702402_TAZ_1731: OPTIMAL
24/10/2023 13:14:52 - INFO - populationsim.multi_integerizer - sequential_integerizing zone_id 1732 zone_name TAZ_1732
24/10/2023 13:14:52 - DEBUG - populationsim.integerizer - Integerizer: 38 out of 694 different from round
24/10/2023 13:14:52 - DEBUG - populationsim.integerizer - Integerizer status for backstopped PUMA_4702402_TAZ_1732: OPTIMAL
24/10/2023 13:14:52 - INFO - populationsim.multi_integerizer - sequential_integerizing zone_id 1733 zone_name TAZ_1733
24/10/2023 13:14:52 - DEBUG - populationsim.integerizer - Integerizer: 41 out of 694 different from round
24/10/2023 13:14:52 - DEBUG - populationsim.integerizer - Integerizer status for backstopped PUMA_4702402_TAZ_1733: OPTIMAL
24/10/2023 13:14:52 - INFO - populationsim.multi_integerizer - sequential_integerizing zone_id 1734 zone_name TAZ_1734
24/10/2023 13:14:52 - DEBUG - populationsim.integerizer - Integerizer: 52 out of 694 different from round
24/10/2023 13:14:52 - DEBUG - populationsim.integerizer - Integerizer status for backstopped PUMA_4702402_TAZ_1734: OPTIMAL
24/10/2023 13:14:52 - INFO - populationsim.multi_integerizer - sequential_integerizing zone_id 1735 zone_name TAZ_1735
24/10/2023 13:14:52 - DEBUG - populationsim.integerizer - Integerizer: 43 out of 694 different from round
24/10/2023 13:14:52 - DEBUG - populationsim.integerizer - Integerizer status for backstopped PUMA_4702402_TAZ_1735: OPTIMAL
24/10/2023 13:14:52 - INFO - populationsim.multi_integerizer - sequential_integerizing zone_id 1736 zone_name TAZ_1736
24/10/2023 13:14:53 - DEBUG - populationsim.integerizer - Integerizer: 50 out of 694 different from round
24/10/2023 13:14:53 - DEBUG - populationsim.integerizer - Integerizer status for backstopped PUMA_4702402_TAZ_1736: OPTIMAL
24/10/2023 13:14:53 - INFO - populationsim.multi_integerizer - sequential_integerizing zone_id 1737 zone_name TAZ_1737
24/10/2023 13:14:53 - DEBUG - populationsim.integerizer - Integerizer: 46 out of 694 different from round
24/10/2023 13:14:53 - DEBUG - populationsim.integerizer - Integerizer status for backstopped PUMA_4702402_TAZ_1737: OPTIMAL
24/10/2023 13:14:53 - INFO - populationsim.multi_integerizer - sequential_integerizing zone_id 1738 zone_name TAZ_1738
24/10/2023 13:14:53 - DEBUG - populationsim.integerizer - Integerizer: 53 out of 694 different from round
24/10/2023 13:14:53 - DEBUG - populationsim.integerizer - Integerizer status for backstopped PUMA_4702402_TAZ_1738: OPTIMAL
24/10/2023 13:14:53 - INFO - populationsim.multi_integerizer - sequential_integerizing zone_id 1739 zone_name TAZ_1739
24/10/2023 13:14:53 - DEBUG - populationsim.integerizer - Integerizer: 56 out of 694 different from round
24/10/2023 13:14:53 - DEBUG - populationsim.integerizer - Integerizer status for backstopped PUMA_4702402_TAZ_1739: OPTIMAL
24/10/2023 13:14:53 - INFO - populationsim.multi_integerizer - sequential_integerizing zone_id 1740 zone_name TAZ_1740
24/10/2023 13:14:53 - DEBUG - populationsim.integerizer - Integerizer: 57 out of 694 different from round
24/10/2023 13:14:53 - DEBUG - populationsim.integerizer - Integerizer status for backstopped PUMA_4702402_TAZ_1740: OPTIMAL
24/10/2023 13:14:53 - INFO - populationsim.multi_integerizer - sequential_integerizing zone_id 1741 zone_name TAZ_1741
24/10/2023 13:14:53 - DEBUG - populationsim.integerizer - Integerizer: 67 out of 694 different from round
24/10/2023 13:14:53 - DEBUG - populationsim.integerizer - Integerizer status for backstopped PUMA_4702402_TAZ_1741: OPTIMAL
24/10/2023 13:14:53 - INFO - populationsim.multi_integerizer - sequential_integerizing zone_id 1742 zone_name TAZ_1742
24/10/2023 13:14:53 - DEBUG - populationsim.integerizer - Integerizer: 53 out of 694 different from round
24/10/2023 13:14:53 - DEBUG - populationsim.integerizer - Integerizer status for backstopped PUMA_4702402_TAZ_1742: OPTIMAL
24/10/2023 13:14:53 - INFO - populationsim.multi_integerizer - sequential_integerizing zone_id 1743 zone_name TAZ_1743
24/10/2023 13:14:53 - DEBUG - populationsim.integerizer - Integerizer: 78 out of 694 different from round
24/10/2023 13:14:53 - DEBUG - populationsim.integerizer - Integerizer status for backstopped PUMA_4702402_TAZ_1743: OPTIMAL
24/10/2023 13:14:53 - INFO - populationsim.multi_integerizer - sequential_integerizing zone_id 1744 zone_name TAZ_1744
24/10/2023 13:14:53 - DEBUG - populationsim.integerizer - Integerizer: 70 out of 694 different from round
24/10/2023 13:14:53 - DEBUG - populationsim.integerizer - Integerizer status for backstopped PUMA_4702402_TAZ_1744: OPTIMAL
24/10/2023 13:14:53 - INFO - populationsim.multi_integerizer - sequential_integerizing zone_id 1745 zone_name TAZ_1745
24/10/2023 13:14:53 - DEBUG - populationsim.integerizer - Integerizer: 56 out of 694 different from round
24/10/2023 13:14:53 - DEBUG - populationsim.integerizer - Integerizer status for backstopped PUMA_4702402_TAZ_1745: OPTIMAL
24/10/2023 13:14:53 - INFO - populationsim.multi_integerizer - sequential_integerizing zone_id 1746 zone_name TAZ_1746
24/10/2023 13:14:53 - DEBUG - populationsim.integerizer - Integerizer: 67 out of 694 different from round
24/10/2023 13:14:53 - DEBUG - populationsim.integerizer - Integerizer status for backstopped PUMA_4702402_TAZ_1746: OPTIMAL
24/10/2023 13:14:53 - INFO - populationsim.multi_integerizer - sequential_integerizing zone_id 1747 zone_name TAZ_1747
24/10/2023 13:14:53 - DEBUG - populationsim.integerizer - Integerizer: 55 out of 694 different from round
24/10/2023 13:14:53 - DEBUG - populationsim.integerizer - Integerizer status for backstopped PUMA_4702402_TAZ_1747: OPTIMAL
24/10/2023 13:14:53 - INFO - populationsim.multi_integerizer - sequential_integerizing zone_id 1748 zone_name TAZ_1748
24/10/2023 13:14:53 - DEBUG - populationsim.integerizer - Integerizer: 57 out of 694 different from round
24/10/2023 13:14:53 - DEBUG - populationsim.integerizer - Integerizer status for backstopped PUMA_4702402_TAZ_1748: OPTIMAL
24/10/2023 13:14:53 - INFO - populationsim.multi_integerizer - sequential_integerizing zone_id 1749 zone_name TAZ_1749
24/10/2023 13:14:53 - DEBUG - populationsim.integerizer - Integerizer: 48 out of 694 different from round
24/10/2023 13:14:53 - DEBUG - populationsim.integerizer - Integerizer status for backstopped PUMA_4702402_TAZ_1749: OPTIMAL
24/10/2023 13:14:53 - INFO - populationsim.multi_integerizer - sequential_integerizing zone_id 1750 zone_name TAZ_1750
24/10/2023 13:14:53 - DEBUG - populationsim.integerizer - Integerizer: 30 out of 694 different from round
24/10/2023 13:14:53 - DEBUG - populationsim.integerizer - Integerizer status for backstopped PUMA_4702402_TAZ_1750: OPTIMAL
24/10/2023 13:14:53 - INFO - populationsim.multi_integerizer - sequential_integerizing zone_id 1751 zone_name TAZ_1751
24/10/2023 13:14:54 - DEBUG - populationsim.integerizer - Integerizer: 55 out of 694 different from round
24/10/2023 13:14:54 - DEBUG - populationsim.integerizer - Integerizer status for backstopped PUMA_4702402_TAZ_1751: OPTIMAL
24/10/2023 13:14:54 - INFO - populationsim.multi_integerizer - sequential_integerizing zone_id 1782 zone_name TAZ_1782
24/10/2023 13:14:54 - DEBUG - populationsim.integerizer - Integerizer: 71 out of 694 different from round
24/10/2023 13:14:54 - DEBUG - populationsim.integerizer - Integerizer status for backstopped PUMA_4702402_TAZ_1782: OPTIMAL
24/10/2023 13:14:54 - INFO - populationsim.multi_integerizer - sequential_integerizing zone_id 1783 zone_name TAZ_1783
24/10/2023 13:14:54 - DEBUG - populationsim.integerizer - Integerizer: 63 out of 694 different from round
24/10/2023 13:14:54 - DEBUG - populationsim.integerizer - Integerizer status for backstopped PUMA_4702402_TAZ_1783: OPTIMAL
24/10/2023 13:14:54 - INFO - populationsim.multi_integerizer - sequential_integerizing zone_id 1784 zone_name TAZ_1784
24/10/2023 13:14:54 - DEBUG - populationsim.integerizer - Integerizer: 46 out of 694 different from round
24/10/2023 13:14:54 - DEBUG - populationsim.integerizer - Integerizer status for backstopped PUMA_4702402_TAZ_1784: OPTIMAL
24/10/2023 13:14:54 - INFO - populationsim.multi_integerizer - sequential_integerizing zone_id 1785 zone_name TAZ_1785
24/10/2023 13:14:54 - DEBUG - populationsim.integerizer - Integerizer: 70 out of 694 different from round
24/10/2023 13:14:54 - DEBUG - populationsim.integerizer - Integerizer status for backstopped PUMA_4702402_TAZ_1785: OPTIMAL
24/10/2023 13:14:54 - INFO - populationsim.multi_integerizer - sequential_integerizing zone_id 1786 zone_name TAZ_1786
24/10/2023 13:14:54 - DEBUG - populationsim.integerizer - Integerizer: 66 out of 694 different from round
24/10/2023 13:14:54 - DEBUG - populationsim.integerizer - Integerizer status for backstopped PUMA_4702402_TAZ_1786: OPTIMAL
24/10/2023 13:14:54 - INFO - populationsim.multi_integerizer - sequential_integerizing zone_id 1787 zone_name TAZ_1787
24/10/2023 13:14:54 - DEBUG - populationsim.integerizer - Integerizer: 50 out of 694 different from round
24/10/2023 13:14:54 - DEBUG - populationsim.integerizer - Integerizer status for backstopped PUMA_4702402_TAZ_1787: OPTIMAL
24/10/2023 13:14:54 - INFO - populationsim.multi_integerizer - sequential_integerizing zone_id 1788 zone_name TAZ_1788
24/10/2023 13:14:54 - DEBUG - populationsim.integerizer - Integerizer: 52 out of 694 different from round
24/10/2023 13:14:54 - DEBUG - populationsim.integerizer - Integerizer status for backstopped PUMA_4702402_TAZ_1788: OPTIMAL
24/10/2023 13:14:54 - INFO - populationsim.multi_integerizer - sequential_integerizing zone_id 1789 zone_name TAZ_1789
24/10/2023 13:14:54 - DEBUG - populationsim.integerizer - Integerizer: 67 out of 694 different from round
24/10/2023 13:14:54 - DEBUG - populationsim.integerizer - Integerizer status for backstopped PUMA_4702402_TAZ_1789: OPTIMAL
24/10/2023 13:14:54 - INFO - populationsim.multi_integerizer - sequential_integerizing zone_id 1790 zone_name TAZ_1790
24/10/2023 13:14:54 - DEBUG - populationsim.integerizer - Integerizer: 50 out of 694 different from round
24/10/2023 13:14:54 - DEBUG - populationsim.integerizer - Integerizer status for backstopped PUMA_4702402_TAZ_1790: OPTIMAL
24/10/2023 13:14:54 - INFO - populationsim.multi_integerizer - sequential_integerizing zone_id 1791 zone_name TAZ_1791
24/10/2023 13:14:54 - DEBUG - populationsim.integerizer - Integerizer: 37 out of 694 different from round
24/10/2023 13:14:54 - DEBUG - populationsim.integerizer - Integerizer status for backstopped PUMA_4702402_TAZ_1791: OPTIMAL
24/10/2023 13:14:54 - INFO - populationsim.multi_integerizer - sequential_integerizing zone_id 1792 zone_name TAZ_1792
24/10/2023 13:14:54 - DEBUG - populationsim.integerizer - Integerizer: 18 out of 694 different from round
24/10/2023 13:14:54 - DEBUG - populationsim.integerizer - Integerizer status for backstopped PUMA_4702402_TAZ_1792: OPTIMAL
24/10/2023 13:14:54 - INFO - populationsim.multi_integerizer - sequential_integerizing zone_id 1793 zone_name TAZ_1793
24/10/2023 13:14:54 - DEBUG - populationsim.integerizer - Integerizer: 67 out of 694 different from round
24/10/2023 13:14:54 - DEBUG - populationsim.integerizer - Integerizer status for backstopped PUMA_4702402_TAZ_1793: OPTIMAL
24/10/2023 13:14:54 - INFO - populationsim.multi_integerizer - sequential_integerizing zone_id 1794 zone_name TAZ_1794
24/10/2023 13:14:54 - DEBUG - populationsim.integerizer - Integerizer: 43 out of 694 different from round
24/10/2023 13:14:54 - DEBUG - populationsim.integerizer - Integerizer status for backstopped PUMA_4702402_TAZ_1794: OPTIMAL
24/10/2023 13:14:54 - INFO - populationsim.multi_integerizer - sequential_integerizing zone_id 1795 zone_name TAZ_1795
24/10/2023 13:14:54 - DEBUG - populationsim.integerizer - Integerizer: 57 out of 694 different from round
24/10/2023 13:14:54 - DEBUG - populationsim.integerizer - Integerizer status for backstopped PUMA_4702402_TAZ_1795: OPTIMAL
24/10/2023 13:14:54 - INFO - populationsim.multi_integerizer - sequential_integerizing zone_id 1797 zone_name TAZ_1797
24/10/2023 13:14:54 - DEBUG - populationsim.integerizer - Integerizer: 55 out of 694 different from round
24/10/2023 13:14:54 - DEBUG - populationsim.integerizer - Integerizer status for backstopped PUMA_4702402_TAZ_1797: OPTIMAL
24/10/2023 13:14:54 - INFO - populationsim.multi_integerizer - sequential_integerizing zone_id 1798 zone_name TAZ_1798
24/10/2023 13:14:55 - DEBUG - populationsim.integerizer - Integerizer: 43 out of 694 different from round
24/10/2023 13:14:55 - DEBUG - populationsim.integerizer - Integerizer status for backstopped PUMA_4702402_TAZ_1798: OPTIMAL
24/10/2023 13:14:55 - INFO - populationsim.multi_integerizer - sequential_integerizing zone_id 1799 zone_name TAZ_1799
24/10/2023 13:14:55 - DEBUG - populationsim.integerizer - omitting 419 zero weight rows out of 694
24/10/2023 13:14:55 - DEBUG - populationsim.integerizer - Integerizer: 2 out of 275 different from round
24/10/2023 13:14:55 - DEBUG - populationsim.integerizer - Integerizer status for backstopped PUMA_4702402_TAZ_1799: INFEASIBLE
24/10/2023 13:14:55 - DEBUG - populationsim.integerizer - Integerizer: 2 out of 275 different from round
24/10/2023 13:14:55 - DEBUG - populationsim.integerizer - Integerizer status for unbackstopped PUMA_4702402_TAZ_1799: INFEASIBLE
24/10/2023 13:14:55 - ERROR - populationsim.integerizer - Integerizer failed for PUMA_4702402_TAZ_1799 status INFEASIBLE. Returning smart-rounded original weights
24/10/2023 13:14:55 - INFO - populationsim.multi_integerizer - sequential_integerizing zone_id 1800 zone_name TAZ_1800
24/10/2023 13:14:55 - DEBUG - populationsim.integerizer - Integerizer: 12 out of 694 different from round
24/10/2023 13:14:55 - DEBUG - populationsim.integerizer - Integerizer status for backstopped PUMA_4702402_TAZ_1800: OPTIMAL
24/10/2023 13:14:55 - INFO - populationsim.multi_integerizer - sequential_integerizing zone_id 1801 zone_name TAZ_1801
24/10/2023 13:14:55 - DEBUG - populationsim.integerizer - Integerizer: 41 out of 694 different from round
24/10/2023 13:14:55 - DEBUG - populationsim.integerizer - Integerizer status for backstopped PUMA_4702402_TAZ_1801: OPTIMAL
24/10/2023 13:14:55 - INFO - populationsim.multi_integerizer - sequential_integerizing zone_id 1802 zone_name TAZ_1802
24/10/2023 13:14:55 - DEBUG - populationsim.integerizer - Integerizer: 16 out of 694 different from round
24/10/2023 13:14:55 - DEBUG - populationsim.integerizer - Integerizer status for backstopped PUMA_4702402_TAZ_1802: OPTIMAL
24/10/2023 13:14:55 - INFO - populationsim.multi_integerizer - sequential_integerizing zone_id 1803 zone_name TAZ_1803
24/10/2023 13:14:55 - DEBUG - populationsim.integerizer - omitting 20 zero weight rows out of 694
24/10/2023 13:14:55 - DEBUG - populationsim.integerizer - Integerizer: 1 out of 674 different from round
24/10/2023 13:14:55 - DEBUG - populationsim.integerizer - Integerizer status for backstopped PUMA_4702402_TAZ_1803: OPTIMAL
24/10/2023 13:14:55 - INFO - populationsim.multi_integerizer - sequential_integerizing zone_id 1804 zone_name TAZ_1804
24/10/2023 13:14:55 - DEBUG - populationsim.integerizer - omitting 247 zero weight rows out of 694
24/10/2023 13:14:55 - DEBUG - populationsim.integerizer - Integerizer: 2 out of 447 different from round
24/10/2023 13:14:55 - DEBUG - populationsim.integerizer - Integerizer status for backstopped PUMA_4702402_TAZ_1804: OPTIMAL
24/10/2023 13:14:55 - INFO - populationsim.multi_integerizer - sequential_integerizing zone_id 1805 zone_name TAZ_1805
24/10/2023 13:14:55 - DEBUG - populationsim.integerizer - Integerizer: 54 out of 694 different from round
24/10/2023 13:14:55 - DEBUG - populationsim.integerizer - Integerizer status for backstopped PUMA_4702402_TAZ_1805: OPTIMAL
24/10/2023 13:14:55 - INFO - populationsim.multi_integerizer - sequential_integerizing zone_id 1806 zone_name TAZ_1806
24/10/2023 13:14:55 - DEBUG - populationsim.integerizer - omitting 419 zero weight rows out of 694
24/10/2023 13:14:55 - DEBUG - populationsim.integerizer - Integerizer: 2 out of 275 different from round
24/10/2023 13:14:55 - DEBUG - populationsim.integerizer - Integerizer status for backstopped PUMA_4702402_TAZ_1806: INFEASIBLE
24/10/2023 13:14:55 - DEBUG - populationsim.integerizer - Integerizer: 2 out of 275 different from round
24/10/2023 13:14:55 - DEBUG - populationsim.integerizer - Integerizer status for unbackstopped PUMA_4702402_TAZ_1806: INFEASIBLE
24/10/2023 13:14:55 - ERROR - populationsim.integerizer - Integerizer failed for PUMA_4702402_TAZ_1806 status INFEASIBLE. Returning smart-rounded original weights
24/10/2023 13:14:55 - INFO - populationsim.multi_integerizer - sequential_integerizing zone_id 1808 zone_name TAZ_1808
24/10/2023 13:14:55 - DEBUG - populationsim.integerizer - Integerizer: 47 out of 694 different from round
24/10/2023 13:14:55 - DEBUG - populationsim.integerizer - Integerizer status for backstopped PUMA_4702402_TAZ_1808: OPTIMAL
24/10/2023 13:14:55 - INFO - populationsim.multi_integerizer - sequential_integerizing zone_id 1809 zone_name TAZ_1809
24/10/2023 13:14:55 - DEBUG - populationsim.integerizer - Integerizer: 53 out of 694 different from round
24/10/2023 13:14:55 - DEBUG - populationsim.integerizer - Integerizer status for backstopped PUMA_4702402_TAZ_1809: OPTIMAL
24/10/2023 13:14:55 - INFO - populationsim.multi_integerizer - sequential_integerizing zone_id 1810 zone_name TAZ_1810
24/10/2023 13:14:55 - DEBUG - populationsim.integerizer - Integerizer: 45 out of 694 different from round
24/10/2023 13:14:55 - DEBUG - populationsim.integerizer - Integerizer status for backstopped PUMA_4702402_TAZ_1810: OPTIMAL
24/10/2023 13:14:55 - INFO - populationsim.multi_integerizer - sequential_integerizing zone_id 1811 zone_name TAZ_1811
24/10/2023 13:14:55 - DEBUG - populationsim.integerizer - Integerizer: 58 out of 694 different from round
24/10/2023 13:14:55 - DEBUG - populationsim.integerizer - Integerizer status for backstopped PUMA_4702402_TAZ_1811: OPTIMAL
24/10/2023 13:14:55 - INFO - populationsim.multi_integerizer - sequential_integerizing zone_id 1812 zone_name TAZ_1812
24/10/2023 13:14:55 - DEBUG - populationsim.integerizer - Integerizer: 55 out of 694 different from round
24/10/2023 13:14:55 - DEBUG - populationsim.integerizer - Integerizer status for backstopped PUMA_4702402_TAZ_1812: OPTIMAL
24/10/2023 13:14:55 - INFO - populationsim.multi_integerizer - sequential_integerizing zone_id 1813 zone_name TAZ_1813
24/10/2023 13:14:55 - DEBUG - populationsim.integerizer - Integerizer: 42 out of 694 different from round
24/10/2023 13:14:55 - DEBUG - populationsim.integerizer - Integerizer status for backstopped PUMA_4702402_TAZ_1813: OPTIMAL
24/10/2023 13:14:55 - INFO - populationsim.multi_integerizer - sequential_integerizing zone_id 1814 zone_name TAZ_1814
24/10/2023 13:14:55 - DEBUG - populationsim.integerizer - Integerizer: 67 out of 694 different from round
24/10/2023 13:14:55 - DEBUG - populationsim.integerizer - Integerizer status for backstopped PUMA_4702402_TAZ_1814: OPTIMAL
24/10/2023 13:14:55 - INFO - populationsim.multi_integerizer - sequential_integerizing zone_id 1815 zone_name TAZ_1815
24/10/2023 13:14:55 - DEBUG - populationsim.integerizer - Integerizer: 64 out of 694 different from round
24/10/2023 13:14:55 - DEBUG - populationsim.integerizer - Integerizer status for backstopped PUMA_4702402_TAZ_1815: OPTIMAL
24/10/2023 13:14:55 - INFO - populationsim.multi_integerizer - sequential_integerizing zone_id 1816 zone_name TAZ_1816
24/10/2023 13:14:56 - DEBUG - populationsim.integerizer - Integerizer: 54 out of 694 different from round
24/10/2023 13:14:56 - DEBUG - populationsim.integerizer - Integerizer status for backstopped PUMA_4702402_TAZ_1816: OPTIMAL
24/10/2023 13:14:56 - INFO - populationsim.multi_integerizer - sequential_integerizing zone_id 1817 zone_name TAZ_1817
24/10/2023 13:14:56 - DEBUG - populationsim.integerizer - Integerizer: 61 out of 694 different from round
24/10/2023 13:14:56 - DEBUG - populationsim.integerizer - Integerizer status for backstopped PUMA_4702402_TAZ_1817: OPTIMAL
24/10/2023 13:14:56 - INFO - populationsim.multi_integerizer - sequential_integerizing zone_id 1818 zone_name TAZ_1818
24/10/2023 13:14:56 - DEBUG - populationsim.integerizer - Integerizer: 56 out of 694 different from round
24/10/2023 13:14:56 - DEBUG - populationsim.integerizer - Integerizer status for backstopped PUMA_4702402_TAZ_1818: OPTIMAL
24/10/2023 13:14:56 - INFO - populationsim.multi_integerizer - sequential_integerizing zone_id 1819 zone_name TAZ_1819
24/10/2023 13:14:56 - DEBUG - populationsim.integerizer - Integerizer: 54 out of 694 different from round
24/10/2023 13:14:56 - DEBUG - populationsim.integerizer - Integerizer status for backstopped PUMA_4702402_TAZ_1819: OPTIMAL
24/10/2023 13:14:56 - INFO - populationsim.multi_integerizer - sequential_integerizing zone_id 1820 zone_name TAZ_1820
24/10/2023 13:14:56 - DEBUG - populationsim.integerizer - Integerizer: 59 out of 694 different from round
24/10/2023 13:14:56 - DEBUG - populationsim.integerizer - Integerizer status for backstopped PUMA_4702402_TAZ_1820: OPTIMAL
24/10/2023 13:14:56 - INFO - populationsim.multi_integerizer - sequential_integerizing zone_id 1821 zone_name TAZ_1821
24/10/2023 13:14:56 - DEBUG - populationsim.integerizer - Integerizer: 56 out of 694 different from round
24/10/2023 13:14:56 - DEBUG - populationsim.integerizer - Integerizer status for backstopped PUMA_4702402_TAZ_1821: OPTIMAL
24/10/2023 13:14:56 - INFO - populationsim.multi_integerizer - sequential_integerizing zone_id 1822 zone_name TAZ_1822
24/10/2023 13:14:56 - DEBUG - populationsim.integerizer - Integerizer: 59 out of 694 different from round
24/10/2023 13:14:56 - DEBUG - populationsim.integerizer - Integerizer status for backstopped PUMA_4702402_TAZ_1822: OPTIMAL
24/10/2023 13:14:56 - INFO - populationsim.multi_integerizer - sequential_integerizing zone_id 1823 zone_name TAZ_1823
24/10/2023 13:14:56 - DEBUG - populationsim.integerizer - Integerizer: 64 out of 694 different from round
24/10/2023 13:14:56 - DEBUG - populationsim.integerizer - Integerizer status for backstopped PUMA_4702402_TAZ_1823: OPTIMAL
24/10/2023 13:14:56 - INFO - populationsim.multi_integerizer - sequential_integerizing zone_id 1824 zone_name TAZ_1824
24/10/2023 13:14:56 - DEBUG - populationsim.integerizer - Integerizer: 59 out of 694 different from round
24/10/2023 13:14:56 - DEBUG - populationsim.integerizer - Integerizer status for backstopped PUMA_4702402_TAZ_1824: OPTIMAL
24/10/2023 13:14:56 - INFO - populationsim.multi_integerizer - sequential_integerizing zone_id 1825 zone_name TAZ_1825
24/10/2023 13:14:56 - DEBUG - populationsim.integerizer - Integerizer: 56 out of 694 different from round
24/10/2023 13:14:56 - DEBUG - populationsim.integerizer - Integerizer status for backstopped PUMA_4702402_TAZ_1825: OPTIMAL
24/10/2023 13:14:56 - INFO - populationsim.multi_integerizer - sequential_integerizing zone_id 1826 zone_name TAZ_1826
24/10/2023 13:14:56 - DEBUG - populationsim.integerizer - Integerizer: 51 out of 694 different from round
24/10/2023 13:14:56 - DEBUG - populationsim.integerizer - Integerizer status for backstopped PUMA_4702402_TAZ_1826: OPTIMAL
24/10/2023 13:14:56 - INFO - populationsim.multi_integerizer - sequential_integerizing zone_id 1827 zone_name TAZ_1827
24/10/2023 13:14:56 - DEBUG - populationsim.integerizer - Integerizer: 55 out of 694 different from round
24/10/2023 13:14:56 - DEBUG - populationsim.integerizer - Integerizer status for backstopped PUMA_4702402_TAZ_1827: OPTIMAL
24/10/2023 13:14:56 - INFO - populationsim.multi_integerizer - sequential_integerizing zone_id 1828 zone_name TAZ_1828
24/10/2023 13:14:56 - DEBUG - populationsim.integerizer - Integerizer: 60 out of 694 different from round
24/10/2023 13:14:56 - DEBUG - populationsim.integerizer - Integerizer status for backstopped PUMA_4702402_TAZ_1828: OPTIMAL
24/10/2023 13:14:56 - INFO - populationsim.multi_integerizer - sequential_integerizing zone_id 1829 zone_name TAZ_1829
24/10/2023 13:14:56 - DEBUG - populationsim.integerizer - Integerizer: 57 out of 694 different from round
24/10/2023 13:14:56 - DEBUG - populationsim.integerizer - Integerizer status for backstopped PUMA_4702402_TAZ_1829: OPTIMAL
24/10/2023 13:14:56 - INFO - populationsim.multi_integerizer - sequential_integerizing zone_id 1830 zone_name TAZ_1830
24/10/2023 13:14:56 - DEBUG - populationsim.integerizer - Integerizer: 66 out of 694 different from round
24/10/2023 13:14:56 - DEBUG - populationsim.integerizer - Integerizer status for backstopped PUMA_4702402_TAZ_1830: OPTIMAL
24/10/2023 13:14:56 - INFO - populationsim.multi_integerizer - sequential_integerizing zone_id 1831 zone_name TAZ_1831
24/10/2023 13:14:56 - DEBUG - populationsim.integerizer - Integerizer: 65 out of 694 different from round
24/10/2023 13:14:56 - DEBUG - populationsim.integerizer - Integerizer status for backstopped PUMA_4702402_TAZ_1831: OPTIMAL
24/10/2023 13:14:56 - INFO - populationsim.multi_integerizer - sequential_integerizing zone_id 1832 zone_name TAZ_1832
24/10/2023 13:14:57 - DEBUG - populationsim.integerizer - Integerizer: 52 out of 694 different from round
24/10/2023 13:14:57 - DEBUG - populationsim.integerizer - Integerizer status for backstopped PUMA_4702402_TAZ_1832: OPTIMAL
24/10/2023 13:14:57 - INFO - populationsim.multi_integerizer - sequential_integerizing zone_id 1833 zone_name TAZ_1833
24/10/2023 13:14:57 - DEBUG - populationsim.integerizer - Integerizer: 62 out of 694 different from round
24/10/2023 13:14:57 - DEBUG - populationsim.integerizer - Integerizer status for backstopped PUMA_4702402_TAZ_1833: OPTIMAL
24/10/2023 13:14:57 - INFO - populationsim.multi_integerizer - sequential_integerizing zone_id 1834 zone_name TAZ_1834
24/10/2023 13:14:57 - DEBUG - populationsim.integerizer - Integerizer: 61 out of 694 different from round
24/10/2023 13:14:57 - DEBUG - populationsim.integerizer - Integerizer status for backstopped PUMA_4702402_TAZ_1834: OPTIMAL
24/10/2023 13:14:57 - INFO - populationsim.multi_integerizer - sequential_integerizing zone_id 1835 zone_name TAZ_1835
24/10/2023 13:14:57 - DEBUG - populationsim.integerizer - Integerizer: 69 out of 694 different from round
24/10/2023 13:14:57 - DEBUG - populationsim.integerizer - Integerizer status for backstopped PUMA_4702402_TAZ_1835: OPTIMAL
24/10/2023 13:14:57 - INFO - populationsim.multi_integerizer - sequential_integerizing zone_id 1836 zone_name TAZ_1836
24/10/2023 13:14:57 - DEBUG - populationsim.integerizer - Integerizer: 56 out of 694 different from round
24/10/2023 13:14:57 - DEBUG - populationsim.integerizer - Integerizer status for backstopped PUMA_4702402_TAZ_1836: OPTIMAL
24/10/2023 13:14:57 - INFO - populationsim.multi_integerizer - sequential_integerizing zone_id 1837 zone_name TAZ_1837
24/10/2023 13:14:57 - DEBUG - populationsim.integerizer - Integerizer: 62 out of 694 different from round
24/10/2023 13:14:57 - DEBUG - populationsim.integerizer - Integerizer status for backstopped PUMA_4702402_TAZ_1837: OPTIMAL
24/10/2023 13:14:57 - INFO - populationsim.multi_integerizer - sequential_integerizing zone_id 1846 zone_name TAZ_1846
24/10/2023 13:14:57 - DEBUG - populationsim.integerizer - Integerizer: 42 out of 694 different from round
24/10/2023 13:14:57 - DEBUG - populationsim.integerizer - Integerizer status for backstopped PUMA_4702402_TAZ_1846: OPTIMAL
24/10/2023 13:14:57 - INFO - populationsim.multi_integerizer - sequential_integerizing zone_id 1847 zone_name TAZ_1847
24/10/2023 13:14:57 - DEBUG - populationsim.integerizer - Integerizer: 64 out of 694 different from round
24/10/2023 13:14:57 - DEBUG - populationsim.integerizer - Integerizer status for backstopped PUMA_4702402_TAZ_1847: OPTIMAL
24/10/2023 13:14:57 - INFO - populationsim.multi_integerizer - sequential_integerizing zone_id 1848 zone_name TAZ_1848
24/10/2023 13:14:57 - DEBUG - populationsim.integerizer - Integerizer: 64 out of 694 different from round
24/10/2023 13:14:57 - DEBUG - populationsim.integerizer - Integerizer status for backstopped PUMA_4702402_TAZ_1848: OPTIMAL
24/10/2023 13:14:57 - INFO - populationsim.multi_integerizer - sequential_integerizing zone_id 1849 zone_name TAZ_1849
24/10/2023 13:14:57 - DEBUG - populationsim.integerizer - Integerizer: 64 out of 694 different from round
24/10/2023 13:14:57 - DEBUG - populationsim.integerizer - Integerizer status for backstopped PUMA_4702402_TAZ_1849: OPTIMAL
24/10/2023 13:14:57 - INFO - populationsim.multi_integerizer - sequential_integerizing zone_id 1850 zone_name TAZ_1850
24/10/2023 13:14:57 - DEBUG - populationsim.integerizer - Integerizer: 56 out of 694 different from round
24/10/2023 13:14:57 - DEBUG - populationsim.integerizer - Integerizer status for backstopped PUMA_4702402_TAZ_1850: OPTIMAL
24/10/2023 13:14:57 - INFO - populationsim.multi_integerizer - sequential_integerizing zone_id 1851 zone_name TAZ_1851
24/10/2023 13:14:57 - DEBUG - populationsim.integerizer - Integerizer: 64 out of 694 different from round
24/10/2023 13:14:57 - DEBUG - populationsim.integerizer - Integerizer status for backstopped PUMA_4702402_TAZ_1851: OPTIMAL
24/10/2023 13:14:57 - INFO - populationsim.multi_integerizer - sequential_integerizing zone_id 1852 zone_name TAZ_1852
24/10/2023 13:14:57 - DEBUG - populationsim.integerizer - Integerizer: 63 out of 694 different from round
24/10/2023 13:14:57 - DEBUG - populationsim.integerizer - Integerizer status for backstopped PUMA_4702402_TAZ_1852: OPTIMAL
24/10/2023 13:14:57 - INFO - populationsim.multi_integerizer - sequential_integerizing zone_id 1853 zone_name TAZ_1853
24/10/2023 13:14:57 - DEBUG - populationsim.integerizer - Integerizer: 42 out of 694 different from round
24/10/2023 13:14:57 - DEBUG - populationsim.integerizer - Integerizer status for backstopped PUMA_4702402_TAZ_1853: OPTIMAL
24/10/2023 13:14:57 - INFO - populationsim.multi_integerizer - sequential_integerizing zone_id 1854 zone_name TAZ_1854
24/10/2023 13:14:57 - DEBUG - populationsim.integerizer - Integerizer: 42 out of 694 different from round
24/10/2023 13:14:57 - DEBUG - populationsim.integerizer - Integerizer status for backstopped PUMA_4702402_TAZ_1854: OPTIMAL
24/10/2023 13:14:57 - INFO - populationsim.multi_integerizer - sequential_integerizing zone_id 1855 zone_name TAZ_1855
24/10/2023 13:14:57 - DEBUG - populationsim.integerizer - Integerizer: 61 out of 694 different from round
24/10/2023 13:14:57 - DEBUG - populationsim.integerizer - Integerizer status for backstopped PUMA_4702402_TAZ_1855: OPTIMAL
24/10/2023 13:14:57 - INFO - populationsim.multi_integerizer - sequential_integerizing zone_id 1856 zone_name TAZ_1856
24/10/2023 13:14:57 - DEBUG - populationsim.integerizer - Integerizer: 63 out of 694 different from round
24/10/2023 13:14:57 - DEBUG - populationsim.integerizer - Integerizer status for backstopped PUMA_4702402_TAZ_1856: OPTIMAL
24/10/2023 13:14:58 - INFO - populationsim.multi_integerizer - sequential_integerizing zone_id 1857 zone_name TAZ_1857
24/10/2023 13:14:58 - DEBUG - populationsim.integerizer - Integerizer: 47 out of 694 different from round
24/10/2023 13:14:58 - DEBUG - populationsim.integerizer - Integerizer status for backstopped PUMA_4702402_TAZ_1857: OPTIMAL
24/10/2023 13:14:58 - INFO - populationsim.multi_integerizer - sequential_integerizing zone_id 1858 zone_name TAZ_1858
24/10/2023 13:14:58 - DEBUG - populationsim.integerizer - Integerizer: 56 out of 694 different from round
24/10/2023 13:14:58 - DEBUG - populationsim.integerizer - Integerizer status for backstopped PUMA_4702402_TAZ_1858: OPTIMAL
24/10/2023 13:14:58 - INFO - populationsim.multi_integerizer - sequential_integerizing zone_id 1859 zone_name TAZ_1859
24/10/2023 13:14:58 - DEBUG - populationsim.integerizer - Integerizer: 13 out of 694 different from round
24/10/2023 13:14:58 - DEBUG - populationsim.integerizer - Integerizer status for backstopped PUMA_4702402_TAZ_1859: OPTIMAL
24/10/2023 13:14:58 - INFO - populationsim.multi_integerizer - sequential_integerizing zone_id 1860 zone_name TAZ_1860
24/10/2023 13:14:58 - DEBUG - populationsim.integerizer - Integerizer: 69 out of 694 different from round
24/10/2023 13:14:58 - DEBUG - populationsim.integerizer - Integerizer status for backstopped PUMA_4702402_TAZ_1860: OPTIMAL
24/10/2023 13:14:58 - INFO - populationsim.multi_integerizer - sequential_integerizing zone_id 1861 zone_name TAZ_1861
24/10/2023 13:14:58 - DEBUG - populationsim.integerizer - Integerizer: 64 out of 694 different from round
24/10/2023 13:14:58 - DEBUG - populationsim.integerizer - Integerizer status for backstopped PUMA_4702402_TAZ_1861: OPTIMAL
24/10/2023 13:14:58 - INFO - populationsim.multi_integerizer - sequential_integerizing zone_id 1862 zone_name TAZ_1862
24/10/2023 13:14:58 - DEBUG - populationsim.integerizer - Integerizer: 61 out of 694 different from round
24/10/2023 13:14:58 - DEBUG - populationsim.integerizer - Integerizer status for backstopped PUMA_4702402_TAZ_1862: OPTIMAL
24/10/2023 13:14:58 - INFO - populationsim.multi_integerizer - sequential_integerizing zone_id 1863 zone_name TAZ_1863
24/10/2023 13:14:58 - DEBUG - populationsim.integerizer - Integerizer: 10 out of 694 different from round
24/10/2023 13:14:58 - DEBUG - populationsim.integerizer - Integerizer status for backstopped PUMA_4702402_TAZ_1863: OPTIMAL
24/10/2023 13:14:58 - INFO - populationsim.multi_integerizer - sequential_integerizing zone_id 1864 zone_name TAZ_1864
24/10/2023 13:14:58 - DEBUG - populationsim.integerizer - Integerizer: 5 out of 694 different from round
24/10/2023 13:14:58 - DEBUG - populationsim.integerizer - Integerizer status for backstopped PUMA_4702402_TAZ_1864: OPTIMAL
24/10/2023 13:14:58 - INFO - populationsim.multi_integerizer - sequential_integerizing zone_id 1866 zone_name TAZ_1866
24/10/2023 13:14:58 - DEBUG - populationsim.integerizer - Integerizer: 45 out of 694 different from round
24/10/2023 13:14:58 - DEBUG - populationsim.integerizer - Integerizer status for backstopped PUMA_4702402_TAZ_1866: OPTIMAL
24/10/2023 13:14:58 - INFO - populationsim.multi_integerizer - sequential_integerizing zone_id 1867 zone_name TAZ_1867
24/10/2023 13:14:58 - DEBUG - populationsim.integerizer - Integerizer: 31 out of 694 different from round
24/10/2023 13:14:58 - DEBUG - populationsim.integerizer - Integerizer status for backstopped PUMA_4702402_TAZ_1867: OPTIMAL
24/10/2023 13:14:58 - INFO - populationsim.multi_integerizer - sequential_integerizing zone_id 1868 zone_name TAZ_1868
24/10/2023 13:14:58 - DEBUG - populationsim.integerizer - Integerizer: 41 out of 694 different from round
24/10/2023 13:14:58 - DEBUG - populationsim.integerizer - Integerizer status for backstopped PUMA_4702402_TAZ_1868: OPTIMAL
24/10/2023 13:14:58 - INFO - populationsim.multi_integerizer - sequential_integerizing zone_id 1869 zone_name TAZ_1869
24/10/2023 13:14:58 - DEBUG - populationsim.integerizer - Integerizer: 45 out of 694 different from round
24/10/2023 13:14:58 - DEBUG - populationsim.integerizer - Integerizer status for backstopped PUMA_4702402_TAZ_1869: OPTIMAL
24/10/2023 13:14:58 - INFO - populationsim.multi_integerizer - sequential_integerizing zone_id 1870 zone_name TAZ_1870
24/10/2023 13:14:58 - DEBUG - populationsim.integerizer - Integerizer: 53 out of 694 different from round
24/10/2023 13:14:58 - DEBUG - populationsim.integerizer - Integerizer status for backstopped PUMA_4702402_TAZ_1870: OPTIMAL
24/10/2023 13:14:58 - INFO - populationsim.multi_integerizer - sequential_integerizing zone_id 1871 zone_name TAZ_1871
24/10/2023 13:14:58 - DEBUG - populationsim.integerizer - Integerizer: 20 out of 694 different from round
24/10/2023 13:14:58 - DEBUG - populationsim.integerizer - Integerizer status for backstopped PUMA_4702402_TAZ_1871: OPTIMAL
24/10/2023 13:14:58 - INFO - populationsim.multi_integerizer - sequential_integerizing zone_id 1872 zone_name TAZ_1872
24/10/2023 13:14:58 - DEBUG - populationsim.integerizer - Integerizer: 62 out of 694 different from round
24/10/2023 13:14:58 - DEBUG - populationsim.integerizer - Integerizer status for backstopped PUMA_4702402_TAZ_1872: OPTIMAL
24/10/2023 13:14:58 - INFO - populationsim.multi_integerizer - sequential_integerizing zone_id 1873 zone_name TAZ_1873
24/10/2023 13:14:58 - DEBUG - populationsim.integerizer - Integerizer: 53 out of 694 different from round
24/10/2023 13:14:58 - DEBUG - populationsim.integerizer - Integerizer status for backstopped PUMA_4702402_TAZ_1873: OPTIMAL
24/10/2023 13:14:58 - INFO - populationsim.multi_integerizer - sequential_integerizing zone_id 1874 zone_name TAZ_1874
24/10/2023 13:14:59 - DEBUG - populationsim.integerizer - Integerizer: 70 out of 694 different from round
24/10/2023 13:14:59 - DEBUG - populationsim.integerizer - Integerizer status for backstopped PUMA_4702402_TAZ_1874: OPTIMAL
24/10/2023 13:14:59 - INFO - populationsim.multi_integerizer - sequential_integerizing zone_id 1875 zone_name TAZ_1875
24/10/2023 13:14:59 - DEBUG - populationsim.integerizer - Integerizer: 64 out of 694 different from round
24/10/2023 13:14:59 - DEBUG - populationsim.integerizer - Integerizer status for backstopped PUMA_4702402_TAZ_1875: OPTIMAL
24/10/2023 13:14:59 - INFO - populationsim.multi_integerizer - sequential_integerizing zone_id 1876 zone_name TAZ_1876
24/10/2023 13:14:59 - DEBUG - populationsim.integerizer - Integerizer: 58 out of 694 different from round
24/10/2023 13:14:59 - DEBUG - populationsim.integerizer - Integerizer status for backstopped PUMA_4702402_TAZ_1876: OPTIMAL
24/10/2023 13:14:59 - INFO - populationsim.multi_integerizer - sequential_integerizing zone_id 1877 zone_name TAZ_1877
24/10/2023 13:14:59 - DEBUG - populationsim.integerizer - Integerizer: 52 out of 694 different from round
24/10/2023 13:14:59 - DEBUG - populationsim.integerizer - Integerizer status for backstopped PUMA_4702402_TAZ_1877: OPTIMAL
24/10/2023 13:14:59 - INFO - populationsim.multi_integerizer - sequential_integerizing zone_id 1878 zone_name TAZ_1878
24/10/2023 13:14:59 - DEBUG - populationsim.integerizer - Integerizer: 63 out of 694 different from round
24/10/2023 13:14:59 - DEBUG - populationsim.integerizer - Integerizer status for backstopped PUMA_4702402_TAZ_1878: OPTIMAL
24/10/2023 13:14:59 - INFO - populationsim.multi_integerizer - sequential_integerizing zone_id 1879 zone_name TAZ_1879
24/10/2023 13:14:59 - DEBUG - populationsim.integerizer - Integerizer: 46 out of 694 different from round
24/10/2023 13:14:59 - DEBUG - populationsim.integerizer - Integerizer status for backstopped PUMA_4702402_TAZ_1879: OPTIMAL
24/10/2023 13:14:59 - INFO - populationsim.multi_integerizer - sequential_integerizing zone_id 1880 zone_name TAZ_1880
24/10/2023 13:14:59 - DEBUG - populationsim.integerizer - Integerizer: 68 out of 694 different from round
24/10/2023 13:14:59 - DEBUG - populationsim.integerizer - Integerizer status for backstopped PUMA_4702402_TAZ_1880: OPTIMAL
24/10/2023 13:14:59 - INFO - populationsim.multi_integerizer - sequential_integerizing zone_id 1881 zone_name TAZ_1881
24/10/2023 13:14:59 - DEBUG - populationsim.integerizer - Integerizer: 60 out of 694 different from round
24/10/2023 13:14:59 - DEBUG - populationsim.integerizer - Integerizer status for backstopped PUMA_4702402_TAZ_1881: OPTIMAL
24/10/2023 13:14:59 - INFO - populationsim.multi_integerizer - sequential_integerizing zone_id 1882 zone_name TAZ_1882
24/10/2023 13:14:59 - DEBUG - populationsim.integerizer - Integerizer: 54 out of 694 different from round
24/10/2023 13:14:59 - DEBUG - populationsim.integerizer - Integerizer status for backstopped PUMA_4702402_TAZ_1882: OPTIMAL
24/10/2023 13:14:59 - INFO - populationsim.multi_integerizer - sequential_integerizing zone_id 1883 zone_name TAZ_1883
24/10/2023 13:14:59 - DEBUG - populationsim.integerizer - Integerizer: 70 out of 694 different from round
24/10/2023 13:14:59 - DEBUG - populationsim.integerizer - Integerizer status for backstopped PUMA_4702402_TAZ_1883: OPTIMAL
24/10/2023 13:14:59 - INFO - populationsim.multi_integerizer - sequential_integerizing zone_id 1884 zone_name TAZ_1884
24/10/2023 13:14:59 - DEBUG - populationsim.integerizer - Integerizer: 61 out of 694 different from round
24/10/2023 13:14:59 - DEBUG - populationsim.integerizer - Integerizer status for backstopped PUMA_4702402_TAZ_1884: OPTIMAL
24/10/2023 13:14:59 - INFO - populationsim.multi_integerizer - sequential_integerizing zone_id 1885 zone_name TAZ_1885
24/10/2023 13:14:59 - DEBUG - populationsim.integerizer - Integerizer: 41 out of 694 different from round
24/10/2023 13:14:59 - DEBUG - populationsim.integerizer - Integerizer status for backstopped PUMA_4702402_TAZ_1885: OPTIMAL
24/10/2023 13:14:59 - INFO - populationsim.multi_integerizer - sequential_integerizing zone_id 1886 zone_name TAZ_1886
24/10/2023 13:14:59 - DEBUG - populationsim.integerizer - Integerizer: 35 out of 694 different from round
24/10/2023 13:14:59 - DEBUG - populationsim.integerizer - Integerizer status for backstopped PUMA_4702402_TAZ_1886: OPTIMAL
24/10/2023 13:14:59 - INFO - populationsim.multi_integerizer - sequential_integerizing zone_id 1887 zone_name TAZ_1887
24/10/2023 13:14:59 - DEBUG - populationsim.integerizer - Integerizer: 45 out of 694 different from round
24/10/2023 13:14:59 - DEBUG - populationsim.integerizer - Integerizer status for backstopped PUMA_4702402_TAZ_1887: OPTIMAL
24/10/2023 13:14:59 - INFO - populationsim.multi_integerizer - sequential_integerizing zone_id 1888 zone_name TAZ_1888
24/10/2023 13:14:59 - DEBUG - populationsim.integerizer - Integerizer: 43 out of 694 different from round
24/10/2023 13:14:59 - DEBUG - populationsim.integerizer - Integerizer status for backstopped PUMA_4702402_TAZ_1888: OPTIMAL
24/10/2023 13:14:59 - INFO - populationsim.multi_integerizer - sequential_integerizing zone_id 1889 zone_name TAZ_1889
24/10/2023 13:14:59 - DEBUG - populationsim.integerizer - Integerizer: 41 out of 694 different from round
24/10/2023 13:14:59 - DEBUG - populationsim.integerizer - Integerizer status for backstopped PUMA_4702402_TAZ_1889: OPTIMAL
24/10/2023 13:14:59 - INFO - populationsim.multi_integerizer - sequential_integerizing zone_id 1890 zone_name TAZ_1890
24/10/2023 13:15:00 - DEBUG - populationsim.integerizer - Integerizer: 36 out of 694 different from round
24/10/2023 13:15:00 - DEBUG - populationsim.integerizer - Integerizer status for backstopped PUMA_4702402_TAZ_1890: OPTIMAL
24/10/2023 13:15:00 - INFO - populationsim.multi_integerizer - sequential_integerizing zone_id 1891 zone_name TAZ_1891
24/10/2023 13:15:00 - DEBUG - populationsim.integerizer - Integerizer: 57 out of 694 different from round
24/10/2023 13:15:00 - DEBUG - populationsim.integerizer - Integerizer status for backstopped PUMA_4702402_TAZ_1891: OPTIMAL
24/10/2023 13:15:00 - INFO - populationsim.multi_integerizer - sequential_integerizing zone_id 1892 zone_name TAZ_1892
24/10/2023 13:15:00 - DEBUG - populationsim.integerizer - Integerizer: 57 out of 694 different from round
24/10/2023 13:15:00 - DEBUG - populationsim.integerizer - Integerizer status for backstopped PUMA_4702402_TAZ_1892: OPTIMAL
24/10/2023 13:15:00 - INFO - populationsim.multi_integerizer - sequential_integerizing zone_id 1893 zone_name TAZ_1893
24/10/2023 13:15:00 - DEBUG - populationsim.integerizer - Integerizer: 65 out of 694 different from round
24/10/2023 13:15:00 - DEBUG - populationsim.integerizer - Integerizer status for backstopped PUMA_4702402_TAZ_1893: OPTIMAL
24/10/2023 13:15:00 - INFO - populationsim.multi_integerizer - sequential_integerizing zone_id 1894 zone_name TAZ_1894
24/10/2023 13:15:00 - DEBUG - populationsim.integerizer - Integerizer: 29 out of 694 different from round
24/10/2023 13:15:00 - DEBUG - populationsim.integerizer - Integerizer status for backstopped PUMA_4702402_TAZ_1894: OPTIMAL
24/10/2023 13:15:00 - INFO - populationsim.multi_integerizer - sequential_integerizing zone_id 1895 zone_name TAZ_1895
24/10/2023 13:15:00 - DEBUG - populationsim.integerizer - Integerizer: 19 out of 694 different from round
24/10/2023 13:15:00 - DEBUG - populationsim.integerizer - Integerizer status for backstopped PUMA_4702402_TAZ_1895: OPTIMAL
24/10/2023 13:15:00 - INFO - populationsim.multi_integerizer - sequential_integerizing zone_id 1896 zone_name TAZ_1896
24/10/2023 13:15:00 - DEBUG - populationsim.integerizer - Integerizer: 47 out of 694 different from round
24/10/2023 13:15:00 - DEBUG - populationsim.integerizer - Integerizer status for backstopped PUMA_4702402_TAZ_1896: OPTIMAL
24/10/2023 13:15:00 - INFO - populationsim.multi_integerizer - sequential_integerizing zone_id 1897 zone_name TAZ_1897
24/10/2023 13:15:00 - DEBUG - populationsim.integerizer - Integerizer: 49 out of 694 different from round
24/10/2023 13:15:00 - DEBUG - populationsim.integerizer - Integerizer status for backstopped PUMA_4702402_TAZ_1897: OPTIMAL
24/10/2023 13:15:00 - INFO - populationsim.multi_integerizer - sequential_integerizing zone_id 1898 zone_name TAZ_1898
24/10/2023 13:15:00 - DEBUG - populationsim.integerizer - Integerizer: 35 out of 694 different from round
24/10/2023 13:15:00 - DEBUG - populationsim.integerizer - Integerizer status for backstopped PUMA_4702402_TAZ_1898: OPTIMAL
24/10/2023 13:15:00 - INFO - populationsim.multi_integerizer - sequential_integerizing zone_id 1899 zone_name TAZ_1899
24/10/2023 13:15:00 - DEBUG - populationsim.integerizer - Integerizer: 30 out of 694 different from round
24/10/2023 13:15:00 - DEBUG - populationsim.integerizer - Integerizer status for backstopped PUMA_4702402_TAZ_1899: OPTIMAL
24/10/2023 13:15:00 - INFO - populationsim.multi_integerizer - sequential_integerizing zone_id 1900 zone_name TAZ_1900
24/10/2023 13:15:00 - DEBUG - populationsim.integerizer - Integerizer: 32 out of 694 different from round
24/10/2023 13:15:00 - DEBUG - populationsim.integerizer - Integerizer status for backstopped PUMA_4702402_TAZ_1900: OPTIMAL
24/10/2023 13:15:00 - INFO - populationsim.multi_integerizer - sequential_integerizing zone_id 1901 zone_name TAZ_1901
24/10/2023 13:15:00 - DEBUG - populationsim.integerizer - Integerizer: 52 out of 694 different from round
24/10/2023 13:15:00 - DEBUG - populationsim.integerizer - Integerizer status for backstopped PUMA_4702402_TAZ_1901: OPTIMAL
24/10/2023 13:15:00 - INFO - populationsim.multi_integerizer - sequential_integerizing zone_id 1902 zone_name TAZ_1902
24/10/2023 13:15:00 - DEBUG - populationsim.integerizer - Integerizer: 52 out of 694 different from round
24/10/2023 13:15:00 - DEBUG - populationsim.integerizer - Integerizer status for backstopped PUMA_4702402_TAZ_1902: OPTIMAL
24/10/2023 13:15:00 - INFO - populationsim.multi_integerizer - sequential_integerizing zone_id 1903 zone_name TAZ_1903
24/10/2023 13:15:00 - DEBUG - populationsim.integerizer - Integerizer: 55 out of 694 different from round
24/10/2023 13:15:00 - DEBUG - populationsim.integerizer - Integerizer status for backstopped PUMA_4702402_TAZ_1903: OPTIMAL
24/10/2023 13:15:00 - INFO - populationsim.multi_integerizer - sequential_integerizing zone_id 1904 zone_name TAZ_1904
24/10/2023 13:15:00 - DEBUG - populationsim.integerizer - Integerizer: 34 out of 694 different from round
24/10/2023 13:15:00 - DEBUG - populationsim.integerizer - Integerizer status for backstopped PUMA_4702402_TAZ_1904: OPTIMAL
24/10/2023 13:15:00 - INFO - populationsim.multi_integerizer - sequential_integerizing zone_id 1905 zone_name TAZ_1905
24/10/2023 13:15:00 - DEBUG - populationsim.integerizer - Integerizer: 64 out of 694 different from round
24/10/2023 13:15:00 - DEBUG - populationsim.integerizer - Integerizer status for backstopped PUMA_4702402_TAZ_1905: OPTIMAL
24/10/2023 13:15:00 - INFO - populationsim.multi_integerizer - sequential_integerizing zone_id 1906 zone_name TAZ_1906
24/10/2023 13:15:01 - DEBUG - populationsim.integerizer - Integerizer: 55 out of 694 different from round
24/10/2023 13:15:01 - DEBUG - populationsim.integerizer - Integerizer status for backstopped PUMA_4702402_TAZ_1906: OPTIMAL
24/10/2023 13:15:01 - INFO - populationsim.multi_integerizer - sequential_integerizing zone_id 1907 zone_name TAZ_1907
24/10/2023 13:15:01 - DEBUG - populationsim.integerizer - Integerizer: 58 out of 694 different from round
24/10/2023 13:15:01 - DEBUG - populationsim.integerizer - Integerizer status for backstopped PUMA_4702402_TAZ_1907: OPTIMAL
24/10/2023 13:15:01 - INFO - populationsim.multi_integerizer - sequential_integerizing zone_id 1908 zone_name TAZ_1908
24/10/2023 13:15:01 - DEBUG - populationsim.integerizer - Integerizer: 45 out of 694 different from round
24/10/2023 13:15:01 - DEBUG - populationsim.integerizer - Integerizer status for backstopped PUMA_4702402_TAZ_1908: OPTIMAL
24/10/2023 13:15:01 - INFO - populationsim.multi_integerizer - sequential_integerizing zone_id 1911 zone_name TAZ_1911
24/10/2023 13:15:01 - DEBUG - populationsim.integerizer - Integerizer: 1 out of 694 different from round
24/10/2023 13:15:01 - DEBUG - populationsim.integerizer - Integerizer status for backstopped PUMA_4702402_TAZ_1911: OPTIMAL
24/10/2023 13:15:01 - INFO - populationsim.multi_integerizer - sequential_integerizing zone_id 1912 zone_name TAZ_1912
24/10/2023 13:15:01 - DEBUG - populationsim.integerizer - Integerizer: 38 out of 694 different from round
24/10/2023 13:15:01 - DEBUG - populationsim.integerizer - Integerizer status for backstopped PUMA_4702402_TAZ_1912: OPTIMAL
24/10/2023 13:15:01 - INFO - populationsim.multi_integerizer - sequential_integerizing zone_id 1913 zone_name TAZ_1913
24/10/2023 13:15:01 - DEBUG - populationsim.integerizer - Integerizer: 30 out of 694 different from round
24/10/2023 13:15:01 - DEBUG - populationsim.integerizer - Integerizer status for backstopped PUMA_4702402_TAZ_1913: OPTIMAL
24/10/2023 13:15:01 - INFO - populationsim.multi_integerizer - sequential_integerizing zone_id 1914 zone_name TAZ_1914
24/10/2023 13:15:01 - DEBUG - populationsim.integerizer - Integerizer: 50 out of 694 different from round
24/10/2023 13:15:01 - DEBUG - populationsim.integerizer - Integerizer status for backstopped PUMA_4702402_TAZ_1914: OPTIMAL
24/10/2023 13:15:01 - INFO - populationsim.multi_integerizer - sequential_integerizing zone_id 1915 zone_name TAZ_1915
24/10/2023 13:15:01 - DEBUG - populationsim.integerizer - Integerizer: 56 out of 694 different from round
24/10/2023 13:15:01 - DEBUG - populationsim.integerizer - Integerizer status for backstopped PUMA_4702402_TAZ_1915: OPTIMAL
24/10/2023 13:15:01 - INFO - populationsim.multi_integerizer - sequential_integerizing zone_id 1916 zone_name TAZ_1916
24/10/2023 13:15:01 - DEBUG - populationsim.integerizer - Integerizer: 46 out of 694 different from round
24/10/2023 13:15:01 - DEBUG - populationsim.integerizer - Integerizer status for backstopped PUMA_4702402_TAZ_1916: OPTIMAL
24/10/2023 13:15:01 - INFO - populationsim.multi_integerizer - sequential_integerizing zone_id 1917 zone_name TAZ_1917
24/10/2023 13:15:01 - DEBUG - populationsim.integerizer - Integerizer: 61 out of 694 different from round
24/10/2023 13:15:01 - DEBUG - populationsim.integerizer - Integerizer status for backstopped PUMA_4702402_TAZ_1917: OPTIMAL
24/10/2023 13:15:01 - INFO - populationsim.multi_integerizer - sequential_integerizing zone_id 1918 zone_name TAZ_1918
24/10/2023 13:15:01 - DEBUG - populationsim.integerizer - omitting 419 zero weight rows out of 694
24/10/2023 13:15:01 - DEBUG - populationsim.integerizer - Integerizer: 2 out of 275 different from round
24/10/2023 13:15:01 - DEBUG - populationsim.integerizer - Integerizer status for backstopped PUMA_4702402_TAZ_1918: INFEASIBLE
24/10/2023 13:15:01 - DEBUG - populationsim.integerizer - Integerizer: 2 out of 275 different from round
24/10/2023 13:15:01 - DEBUG - populationsim.integerizer - Integerizer status for unbackstopped PUMA_4702402_TAZ_1918: INFEASIBLE
24/10/2023 13:15:01 - ERROR - populationsim.integerizer - Integerizer failed for PUMA_4702402_TAZ_1918 status INFEASIBLE. Returning smart-rounded original weights
24/10/2023 13:15:01 - INFO - populationsim.multi_integerizer - sequential_integerizing zone_id 1919 zone_name TAZ_1919
24/10/2023 13:15:01 - DEBUG - populationsim.integerizer - Integerizer: 13 out of 694 different from round
24/10/2023 13:15:01 - DEBUG - populationsim.integerizer - Integerizer status for backstopped PUMA_4702402_TAZ_1919: OPTIMAL
24/10/2023 13:15:01 - INFO - populationsim.multi_integerizer - sequential_integerizing zone_id 1920 zone_name TAZ_1920
24/10/2023 13:15:01 - DEBUG - populationsim.integerizer - Integerizer: 46 out of 694 different from round
24/10/2023 13:15:01 - DEBUG - populationsim.integerizer - Integerizer status for backstopped PUMA_4702402_TAZ_1920: OPTIMAL
24/10/2023 13:15:01 - INFO - populationsim.multi_integerizer - sequential_integerizing zone_id 1921 zone_name TAZ_1921
24/10/2023 13:15:01 - DEBUG - populationsim.integerizer - Integerizer: 43 out of 694 different from round
24/10/2023 13:15:01 - DEBUG - populationsim.integerizer - Integerizer status for backstopped PUMA_4702402_TAZ_1921: OPTIMAL
24/10/2023 13:15:01 - INFO - populationsim.multi_integerizer - sequential_integerizing zone_id 1922 zone_name TAZ_1922
24/10/2023 13:15:01 - DEBUG - populationsim.integerizer - omitting 419 zero weight rows out of 694
24/10/2023 13:15:01 - DEBUG - populationsim.integerizer - Integerizer: 2 out of 275 different from round
24/10/2023 13:15:01 - DEBUG - populationsim.integerizer - Integerizer status for backstopped PUMA_4702402_TAZ_1922: INFEASIBLE
24/10/2023 13:15:01 - DEBUG - populationsim.integerizer - Integerizer: 2 out of 275 different from round
24/10/2023 13:15:01 - DEBUG - populationsim.integerizer - Integerizer status for unbackstopped PUMA_4702402_TAZ_1922: INFEASIBLE
24/10/2023 13:15:01 - ERROR - populationsim.integerizer - Integerizer failed for PUMA_4702402_TAZ_1922 status INFEASIBLE. Returning smart-rounded original weights
24/10/2023 13:15:01 - INFO - populationsim.multi_integerizer - sequential_integerizing zone_id 1923 zone_name TAZ_1923
24/10/2023 13:15:01 - DEBUG - populationsim.integerizer - Integerizer: 35 out of 694 different from round
24/10/2023 13:15:01 - DEBUG - populationsim.integerizer - Integerizer status for backstopped PUMA_4702402_TAZ_1923: OPTIMAL
24/10/2023 13:15:01 - INFO - populationsim.multi_integerizer - sequential_integerizing zone_id 1924 zone_name TAZ_1924
24/10/2023 13:15:02 - DEBUG - populationsim.integerizer - Integerizer: 56 out of 694 different from round
24/10/2023 13:15:02 - DEBUG - populationsim.integerizer - Integerizer status for backstopped PUMA_4702402_TAZ_1924: OPTIMAL
24/10/2023 13:15:02 - INFO - populationsim.multi_integerizer - sequential_integerizing zone_id 1925 zone_name TAZ_1925
24/10/2023 13:15:02 - DEBUG - populationsim.integerizer - Integerizer: 45 out of 694 different from round
24/10/2023 13:15:02 - DEBUG - populationsim.integerizer - Integerizer status for backstopped PUMA_4702402_TAZ_1925: OPTIMAL
24/10/2023 13:15:02 - INFO - populationsim.multi_integerizer - sequential_integerizing zone_id 1926 zone_name TAZ_1926
24/10/2023 13:15:02 - DEBUG - populationsim.integerizer - Integerizer: 38 out of 694 different from round
24/10/2023 13:15:02 - DEBUG - populationsim.integerizer - Integerizer status for backstopped PUMA_4702402_TAZ_1926: OPTIMAL
24/10/2023 13:15:02 - INFO - populationsim.multi_integerizer - sequential_integerizing zone_id 1927 zone_name TAZ_1927
24/10/2023 13:15:02 - DEBUG - populationsim.integerizer - Integerizer: 45 out of 694 different from round
24/10/2023 13:15:02 - DEBUG - populationsim.integerizer - Integerizer status for backstopped PUMA_4702402_TAZ_1927: OPTIMAL
24/10/2023 13:15:02 - INFO - populationsim.multi_integerizer - sequential_integerizing zone_id 1928 zone_name TAZ_1928
24/10/2023 13:15:02 - DEBUG - populationsim.integerizer - Integerizer: 54 out of 694 different from round
24/10/2023 13:15:02 - DEBUG - populationsim.integerizer - Integerizer status for backstopped PUMA_4702402_TAZ_1928: OPTIMAL
24/10/2023 13:15:02 - INFO - populationsim.multi_integerizer - sequential_integerizing zone_id 1929 zone_name TAZ_1929
24/10/2023 13:15:02 - DEBUG - populationsim.integerizer - Integerizer: 49 out of 694 different from round
24/10/2023 13:15:02 - DEBUG - populationsim.integerizer - Integerizer status for backstopped PUMA_4702402_TAZ_1929: OPTIMAL
24/10/2023 13:15:02 - INFO - populationsim.multi_integerizer - sequential_integerizing zone_id 1930 zone_name TAZ_1930
24/10/2023 13:15:02 - DEBUG - populationsim.integerizer - Integerizer: 42 out of 694 different from round
24/10/2023 13:15:02 - DEBUG - populationsim.integerizer - Integerizer status for backstopped PUMA_4702402_TAZ_1930: OPTIMAL
24/10/2023 13:15:02 - INFO - populationsim.multi_integerizer - sequential_integerizing zone_id 1931 zone_name TAZ_1931
24/10/2023 13:15:02 - DEBUG - populationsim.integerizer - omitting 190 zero weight rows out of 694
24/10/2023 13:15:02 - DEBUG - populationsim.integerizer - Integerizer: 5 out of 504 different from round
24/10/2023 13:15:02 - DEBUG - populationsim.integerizer - Integerizer status for backstopped PUMA_4702402_TAZ_1931: OPTIMAL
24/10/2023 13:15:02 - INFO - populationsim.multi_integerizer - sequential_integerizing zone_id 1932 zone_name TAZ_1932
24/10/2023 13:15:02 - DEBUG - populationsim.integerizer - omitting 340 zero weight rows out of 694
24/10/2023 13:15:02 - DEBUG - populationsim.integerizer - Integerizer: 1 out of 354 different from round
24/10/2023 13:15:02 - DEBUG - populationsim.integerizer - Integerizer status for backstopped PUMA_4702402_TAZ_1932: INFEASIBLE
24/10/2023 13:15:02 - DEBUG - populationsim.integerizer - Integerizer: 1 out of 354 different from round
24/10/2023 13:15:02 - DEBUG - populationsim.integerizer - Integerizer status for unbackstopped PUMA_4702402_TAZ_1932: INFEASIBLE
24/10/2023 13:15:02 - ERROR - populationsim.integerizer - Integerizer failed for PUMA_4702402_TAZ_1932 status INFEASIBLE. Returning smart-rounded original weights
24/10/2023 13:15:02 - INFO - populationsim.multi_integerizer - sequential_integerizing zone_id 1934 zone_name TAZ_1934
24/10/2023 13:15:02 - DEBUG - populationsim.integerizer - Integerizer: 47 out of 694 different from round
24/10/2023 13:15:02 - DEBUG - populationsim.integerizer - Integerizer status for backstopped PUMA_4702402_TAZ_1934: OPTIMAL
24/10/2023 13:15:02 - INFO - populationsim.multi_integerizer - sequential_integerizing zone_id 1936 zone_name TAZ_1936
24/10/2023 13:15:02 - DEBUG - populationsim.integerizer - Integerizer: 12 out of 694 different from round
24/10/2023 13:15:02 - DEBUG - populationsim.integerizer - Integerizer status for backstopped PUMA_4702402_TAZ_1936: OPTIMAL
24/10/2023 13:15:02 - INFO - populationsim.multi_integerizer - sequential_integerizing zone_id 1937 zone_name TAZ_1937
24/10/2023 13:15:02 - DEBUG - populationsim.integerizer - Integerizer: 50 out of 694 different from round
24/10/2023 13:15:02 - DEBUG - populationsim.integerizer - Integerizer status for backstopped PUMA_4702402_TAZ_1937: OPTIMAL
24/10/2023 13:15:02 - INFO - populationsim.multi_integerizer - sequential_integerizing zone_id 1938 zone_name TAZ_1938
24/10/2023 13:15:02 - DEBUG - populationsim.integerizer - Integerizer: 18 out of 694 different from round
24/10/2023 13:15:02 - DEBUG - populationsim.integerizer - Integerizer status for backstopped PUMA_4702402_TAZ_1938: OPTIMAL
24/10/2023 13:15:02 - INFO - populationsim.multi_integerizer - sequential_integerizing zone_id 1939 zone_name TAZ_1939
24/10/2023 13:15:02 - DEBUG - populationsim.integerizer - Integerizer: 42 out of 694 different from round
24/10/2023 13:15:02 - DEBUG - populationsim.integerizer - Integerizer status for backstopped PUMA_4702402_TAZ_1939: OPTIMAL
24/10/2023 13:15:02 - INFO - populationsim.multi_integerizer - sequential_integerizing zone_id 1940 zone_name TAZ_1940
24/10/2023 13:15:02 - DEBUG - populationsim.integerizer - Integerizer: 39 out of 694 different from round
24/10/2023 13:15:02 - DEBUG - populationsim.integerizer - Integerizer status for backstopped PUMA_4702402_TAZ_1940: OPTIMAL
24/10/2023 13:15:02 - INFO - populationsim.multi_integerizer - sequential_integerizing zone_id 1941 zone_name TAZ_1941
24/10/2023 13:15:02 - DEBUG - populationsim.integerizer - Integerizer: 45 out of 694 different from round
24/10/2023 13:15:02 - DEBUG - populationsim.integerizer - Integerizer status for backstopped PUMA_4702402_TAZ_1941: OPTIMAL
24/10/2023 13:15:02 - INFO - populationsim.multi_integerizer - sequential_integerizing zone_id 1942 zone_name TAZ_1942
24/10/2023 13:15:03 - DEBUG - populationsim.integerizer - Integerizer: 23 out of 694 different from round
24/10/2023 13:15:03 - DEBUG - populationsim.integerizer - Integerizer status for backstopped PUMA_4702402_TAZ_1942: OPTIMAL
24/10/2023 13:15:03 - INFO - populationsim.multi_integerizer - sequential_integerizing zone_id 1943 zone_name TAZ_1943
24/10/2023 13:15:03 - DEBUG - populationsim.integerizer - Integerizer: 17 out of 694 different from round
24/10/2023 13:15:03 - DEBUG - populationsim.integerizer - Integerizer status for backstopped PUMA_4702402_TAZ_1943: OPTIMAL
24/10/2023 13:15:03 - INFO - populationsim.multi_integerizer - sequential_integerizing zone_id 1944 zone_name TAZ_1944
24/10/2023 13:15:03 - DEBUG - populationsim.integerizer - Integerizer: 25 out of 694 different from round
24/10/2023 13:15:03 - DEBUG - populationsim.integerizer - Integerizer status for backstopped PUMA_4702402_TAZ_1944: OPTIMAL
24/10/2023 13:15:03 - INFO - populationsim.multi_integerizer - sequential_integerizing zone_id 1945 zone_name TAZ_1945
24/10/2023 13:15:03 - DEBUG - populationsim.integerizer - Integerizer: 11 out of 694 different from round
24/10/2023 13:15:03 - DEBUG - populationsim.integerizer - Integerizer status for backstopped PUMA_4702402_TAZ_1945: OPTIMAL
24/10/2023 13:15:03 - INFO - populationsim.multi_integerizer - sequential_integerizing zone_id 1946 zone_name TAZ_1946
24/10/2023 13:15:03 - DEBUG - populationsim.integerizer - omitting 340 zero weight rows out of 694
24/10/2023 13:15:03 - DEBUG - populationsim.integerizer - Integerizer: 1 out of 354 different from round
24/10/2023 13:15:03 - DEBUG - populationsim.integerizer - Integerizer status for backstopped PUMA_4702402_TAZ_1946: INFEASIBLE
24/10/2023 13:15:03 - DEBUG - populationsim.integerizer - Integerizer: 1 out of 354 different from round
24/10/2023 13:15:03 - DEBUG - populationsim.integerizer - Integerizer status for unbackstopped PUMA_4702402_TAZ_1946: INFEASIBLE
24/10/2023 13:15:03 - ERROR - populationsim.integerizer - Integerizer failed for PUMA_4702402_TAZ_1946 status INFEASIBLE. Returning smart-rounded original weights
24/10/2023 13:15:03 - INFO - populationsim.multi_integerizer - sequential_integerizing zone_id 1947 zone_name TAZ_1947
24/10/2023 13:15:03 - DEBUG - populationsim.integerizer - Integerizer: 6 out of 694 different from round
24/10/2023 13:15:03 - DEBUG - populationsim.integerizer - Integerizer status for backstopped PUMA_4702402_TAZ_1947: OPTIMAL
24/10/2023 13:15:03 - INFO - populationsim.multi_integerizer - sequential_integerizing zone_id 1948 zone_name TAZ_1948
24/10/2023 13:15:03 - DEBUG - populationsim.integerizer - Integerizer: 17 out of 694 different from round
24/10/2023 13:15:03 - DEBUG - populationsim.integerizer - Integerizer status for backstopped PUMA_4702402_TAZ_1948: OPTIMAL
24/10/2023 13:15:03 - INFO - populationsim.multi_integerizer - sequential_integerizing zone_id 1949 zone_name TAZ_1949
24/10/2023 13:15:03 - DEBUG - populationsim.integerizer - omitting 340 zero weight rows out of 694
24/10/2023 13:15:03 - DEBUG - populationsim.integerizer - Integerizer: 1 out of 354 different from round
24/10/2023 13:15:03 - DEBUG - populationsim.integerizer - Integerizer status for backstopped PUMA_4702402_TAZ_1949: INFEASIBLE
24/10/2023 13:15:03 - DEBUG - populationsim.integerizer - Integerizer: 1 out of 354 different from round
24/10/2023 13:15:03 - DEBUG - populationsim.integerizer - Integerizer status for unbackstopped PUMA_4702402_TAZ_1949: INFEASIBLE
24/10/2023 13:15:03 - ERROR - populationsim.integerizer - Integerizer failed for PUMA_4702402_TAZ_1949 status INFEASIBLE. Returning smart-rounded original weights
24/10/2023 13:15:03 - INFO - populationsim.multi_integerizer - sequential_integerizing zone_id 1951 zone_name TAZ_1951
24/10/2023 13:15:03 - DEBUG - populationsim.integerizer - omitting 340 zero weight rows out of 694
24/10/2023 13:15:03 - DEBUG - populationsim.integerizer - Integerizer: 1 out of 354 different from round
24/10/2023 13:15:03 - DEBUG - populationsim.integerizer - Integerizer status for backstopped PUMA_4702402_TAZ_1951: INFEASIBLE
24/10/2023 13:15:03 - DEBUG - populationsim.integerizer - Integerizer: 1 out of 354 different from round
24/10/2023 13:15:03 - DEBUG - populationsim.integerizer - Integerizer status for unbackstopped PUMA_4702402_TAZ_1951: INFEASIBLE
24/10/2023 13:15:03 - ERROR - populationsim.integerizer - Integerizer failed for PUMA_4702402_TAZ_1951 status INFEASIBLE. Returning smart-rounded original weights
24/10/2023 13:15:03 - INFO - populationsim.multi_integerizer - sequential_integerizing zone_id 1953 zone_name TAZ_1953
24/10/2023 13:15:03 - DEBUG - populationsim.integerizer - Integerizer: 18 out of 694 different from round
24/10/2023 13:15:03 - DEBUG - populationsim.integerizer - Integerizer status for backstopped PUMA_4702402_TAZ_1953: OPTIMAL
24/10/2023 13:15:03 - INFO - populationsim.multi_integerizer - sequential_integerizing zone_id 1955 zone_name TAZ_1955
24/10/2023 13:15:03 - DEBUG - populationsim.integerizer - Integerizer: 11 out of 694 different from round
24/10/2023 13:15:03 - DEBUG - populationsim.integerizer - Integerizer status for backstopped PUMA_4702402_TAZ_1955: OPTIMAL
24/10/2023 13:15:03 - INFO - populationsim.multi_integerizer - sequential_integerizing zone_id 1956 zone_name TAZ_1956
24/10/2023 13:15:03 - DEBUG - populationsim.integerizer - omitting 419 zero weight rows out of 694
24/10/2023 13:15:03 - DEBUG - populationsim.integerizer - Integerizer: 2 out of 275 different from round
24/10/2023 13:15:03 - DEBUG - populationsim.integerizer - Integerizer status for backstopped PUMA_4702402_TAZ_1956: INFEASIBLE
24/10/2023 13:15:03 - DEBUG - populationsim.integerizer - Integerizer: 2 out of 275 different from round
24/10/2023 13:15:03 - DEBUG - populationsim.integerizer - Integerizer status for unbackstopped PUMA_4702402_TAZ_1956: INFEASIBLE
24/10/2023 13:15:03 - ERROR - populationsim.integerizer - Integerizer failed for PUMA_4702402_TAZ_1956 status INFEASIBLE. Returning smart-rounded original weights
24/10/2023 13:15:03 - INFO - populationsim.multi_integerizer - sequential_integerizing zone_id 1957 zone_name TAZ_1957
24/10/2023 13:15:03 - DEBUG - populationsim.integerizer - Integerizer: 17 out of 694 different from round
24/10/2023 13:15:03 - DEBUG - populationsim.integerizer - Integerizer status for backstopped PUMA_4702402_TAZ_1957: OPTIMAL
24/10/2023 13:15:03 - INFO - populationsim.multi_integerizer - sequential_integerizing zone_id 1958 zone_name TAZ_1958
24/10/2023 13:15:03 - DEBUG - populationsim.integerizer - Integerizer: 16 out of 694 different from round
24/10/2023 13:15:03 - DEBUG - populationsim.integerizer - Integerizer status for backstopped PUMA_4702402_TAZ_1958: OPTIMAL
24/10/2023 13:15:03 - INFO - populationsim.multi_integerizer - sequential_integerizing zone_id 1960 zone_name TAZ_1960
24/10/2023 13:15:03 - DEBUG - populationsim.integerizer - Integerizer: 8 out of 694 different from round
24/10/2023 13:15:03 - DEBUG - populationsim.integerizer - Integerizer status for backstopped PUMA_4702402_TAZ_1960: OPTIMAL
24/10/2023 13:15:03 - INFO - populationsim.multi_integerizer - sequential_integerizing zone_id 1961 zone_name TAZ_1961
24/10/2023 13:15:03 - DEBUG - populationsim.integerizer - omitting 340 zero weight rows out of 694
24/10/2023 13:15:03 - DEBUG - populationsim.integerizer - Integerizer: 1 out of 354 different from round
24/10/2023 13:15:03 - DEBUG - populationsim.integerizer - Integerizer status for backstopped PUMA_4702402_TAZ_1961: INFEASIBLE
24/10/2023 13:15:03 - DEBUG - populationsim.integerizer - Integerizer: 1 out of 354 different from round
24/10/2023 13:15:03 - DEBUG - populationsim.integerizer - Integerizer status for unbackstopped PUMA_4702402_TAZ_1961: INFEASIBLE
24/10/2023 13:15:03 - ERROR - populationsim.integerizer - Integerizer failed for PUMA_4702402_TAZ_1961 status INFEASIBLE. Returning smart-rounded original weights
24/10/2023 13:15:04 - INFO - populationsim.multi_integerizer - sequential_integerizing zone_id 1962 zone_name TAZ_1962
24/10/2023 13:15:04 - DEBUG - populationsim.integerizer - omitting 6 zero weight rows out of 694
24/10/2023 13:15:04 - DEBUG - populationsim.integerizer - Integerizer: 5 out of 688 different from round
24/10/2023 13:15:04 - DEBUG - populationsim.integerizer - Integerizer status for backstopped PUMA_4702402_TAZ_1962: OPTIMAL
24/10/2023 13:15:04 - INFO - populationsim.multi_integerizer - sequential_integerizing zone_id 1963 zone_name TAZ_1963
24/10/2023 13:15:04 - DEBUG - populationsim.integerizer - omitting 430 zero weight rows out of 694
24/10/2023 13:15:04 - DEBUG - populationsim.integerizer - Integerizer: 3 out of 264 different from round
24/10/2023 13:15:04 - DEBUG - populationsim.integerizer - Integerizer status for backstopped PUMA_4702402_TAZ_1963: INFEASIBLE
24/10/2023 13:15:04 - DEBUG - populationsim.integerizer - Integerizer: 3 out of 264 different from round
24/10/2023 13:15:04 - DEBUG - populationsim.integerizer - Integerizer status for unbackstopped PUMA_4702402_TAZ_1963: INFEASIBLE
24/10/2023 13:15:04 - ERROR - populationsim.integerizer - Integerizer failed for PUMA_4702402_TAZ_1963 status INFEASIBLE. Returning smart-rounded original weights
24/10/2023 13:15:04 - INFO - populationsim.multi_integerizer - sequential_integerizing zone_id 1964 zone_name TAZ_1964
24/10/2023 13:15:04 - DEBUG - populationsim.integerizer - Integerizer: 27 out of 694 different from round
24/10/2023 13:15:04 - DEBUG - populationsim.integerizer - Integerizer status for backstopped PUMA_4702402_TAZ_1964: OPTIMAL
24/10/2023 13:15:04 - INFO - populationsim.multi_integerizer - sequential_integerizing zone_id 1965 zone_name TAZ_1965
24/10/2023 13:15:04 - DEBUG - populationsim.integerizer - Integerizer: 48 out of 694 different from round
24/10/2023 13:15:04 - DEBUG - populationsim.integerizer - Integerizer status for backstopped PUMA_4702402_TAZ_1965: OPTIMAL
24/10/2023 13:15:04 - INFO - populationsim.multi_integerizer - sequential_integerizing zone_id 1966 zone_name TAZ_1966
24/10/2023 13:15:04 - DEBUG - populationsim.integerizer - Integerizer: 58 out of 694 different from round
24/10/2023 13:15:04 - DEBUG - populationsim.integerizer - Integerizer status for backstopped PUMA_4702402_TAZ_1966: OPTIMAL
24/10/2023 13:15:04 - INFO - populationsim.multi_integerizer - sequential_integerizing zone_id 1967 zone_name TAZ_1967
24/10/2023 13:15:04 - DEBUG - populationsim.integerizer - Integerizer: 41 out of 694 different from round
24/10/2023 13:15:04 - DEBUG - populationsim.integerizer - Integerizer status for backstopped PUMA_4702402_TAZ_1967: OPTIMAL
24/10/2023 13:15:04 - INFO - populationsim.multi_integerizer - sequential_integerizing zone_id 1968 zone_name TAZ_1968
24/10/2023 13:15:04 - DEBUG - populationsim.integerizer - Integerizer: 43 out of 694 different from round
24/10/2023 13:15:04 - DEBUG - populationsim.integerizer - Integerizer status for backstopped PUMA_4702402_TAZ_1968: OPTIMAL
24/10/2023 13:15:04 - INFO - populationsim.multi_integerizer - sequential_integerizing zone_id 1969 zone_name TAZ_1969
24/10/2023 13:15:04 - DEBUG - populationsim.integerizer - Integerizer: 59 out of 694 different from round
24/10/2023 13:15:04 - DEBUG - populationsim.integerizer - Integerizer status for backstopped PUMA_4702402_TAZ_1969: OPTIMAL
24/10/2023 13:15:04 - INFO - populationsim.multi_integerizer - sequential_integerizing zone_id 1970 zone_name TAZ_1970
24/10/2023 13:15:04 - DEBUG - populationsim.integerizer - Integerizer: 40 out of 694 different from round
24/10/2023 13:15:04 - DEBUG - populationsim.integerizer - Integerizer status for backstopped PUMA_4702402_TAZ_1970: OPTIMAL
24/10/2023 13:15:04 - INFO - populationsim.multi_integerizer - sequential_integerizing zone_id 1971 zone_name TAZ_1971
24/10/2023 13:15:04 - DEBUG - populationsim.integerizer - Integerizer: 48 out of 694 different from round
24/10/2023 13:15:04 - DEBUG - populationsim.integerizer - Integerizer status for backstopped PUMA_4702402_TAZ_1971: OPTIMAL
24/10/2023 13:15:04 - INFO - populationsim.multi_integerizer - sequential_integerizing zone_id 1972 zone_name TAZ_1972
24/10/2023 13:15:04 - DEBUG - populationsim.integerizer - Integerizer: 33 out of 694 different from round
24/10/2023 13:15:04 - DEBUG - populationsim.integerizer - Integerizer status for backstopped PUMA_4702402_TAZ_1972: OPTIMAL
24/10/2023 13:15:04 - INFO - populationsim.multi_integerizer - sequential_integerizing zone_id 1973 zone_name TAZ_1973
24/10/2023 13:15:04 - DEBUG - populationsim.integerizer - Integerizer: 35 out of 694 different from round
24/10/2023 13:15:04 - DEBUG - populationsim.integerizer - Integerizer status for backstopped PUMA_4702402_TAZ_1973: OPTIMAL
24/10/2023 13:15:04 - INFO - populationsim.multi_integerizer - sequential_integerizing zone_id 1974 zone_name TAZ_1974
24/10/2023 13:15:04 - DEBUG - populationsim.integerizer - Integerizer: 63 out of 694 different from round
24/10/2023 13:15:04 - DEBUG - populationsim.integerizer - Integerizer status for backstopped PUMA_4702402_TAZ_1974: OPTIMAL
24/10/2023 13:15:04 - INFO - populationsim.multi_integerizer - sequential_integerizing zone_id 1975 zone_name TAZ_1975
24/10/2023 13:15:04 - DEBUG - populationsim.integerizer - Integerizer: 71 out of 694 different from round
24/10/2023 13:15:04 - DEBUG - populationsim.integerizer - Integerizer status for backstopped PUMA_4702402_TAZ_1975: OPTIMAL
24/10/2023 13:15:04 - INFO - populationsim.multi_integerizer - sequential_integerizing zone_id 1976 zone_name TAZ_1976
24/10/2023 13:15:04 - DEBUG - populationsim.integerizer - Integerizer: 64 out of 694 different from round
24/10/2023 13:15:04 - DEBUG - populationsim.integerizer - Integerizer status for backstopped PUMA_4702402_TAZ_1976: OPTIMAL
24/10/2023 13:15:04 - INFO - populationsim.multi_integerizer - sequential_integerizing zone_id 1977 zone_name TAZ_1977
24/10/2023 13:15:05 - DEBUG - populationsim.integerizer - Integerizer: 51 out of 694 different from round
24/10/2023 13:15:05 - DEBUG - populationsim.integerizer - Integerizer status for backstopped PUMA_4702402_TAZ_1977: OPTIMAL
24/10/2023 13:15:05 - INFO - populationsim.multi_integerizer - sequential_integerizing zone_id 1978 zone_name TAZ_1978
24/10/2023 13:15:05 - DEBUG - populationsim.integerizer - Integerizer: 43 out of 694 different from round
24/10/2023 13:15:05 - DEBUG - populationsim.integerizer - Integerizer status for backstopped PUMA_4702402_TAZ_1978: OPTIMAL
24/10/2023 13:15:05 - INFO - populationsim.multi_integerizer - sequential_integerizing zone_id 1979 zone_name TAZ_1979
24/10/2023 13:15:05 - DEBUG - populationsim.integerizer - Integerizer: 58 out of 694 different from round
24/10/2023 13:15:05 - DEBUG - populationsim.integerizer - Integerizer status for backstopped PUMA_4702402_TAZ_1979: OPTIMAL
24/10/2023 13:15:05 - INFO - populationsim.multi_integerizer - sequential_integerizing zone_id 1980 zone_name TAZ_1980
24/10/2023 13:15:05 - DEBUG - populationsim.integerizer - Integerizer: 41 out of 694 different from round
24/10/2023 13:15:05 - DEBUG - populationsim.integerizer - Integerizer status for backstopped PUMA_4702402_TAZ_1980: OPTIMAL
24/10/2023 13:15:05 - INFO - populationsim.multi_integerizer - sequential_integerizing zone_id 1981 zone_name TAZ_1981
24/10/2023 13:15:05 - DEBUG - populationsim.integerizer - Integerizer: 28 out of 694 different from round
24/10/2023 13:15:05 - DEBUG - populationsim.integerizer - Integerizer status for backstopped PUMA_4702402_TAZ_1981: OPTIMAL
24/10/2023 13:15:05 - INFO - populationsim.multi_integerizer - sequential_integerizing zone_id 1982 zone_name TAZ_1982
24/10/2023 13:15:05 - DEBUG - populationsim.integerizer - Integerizer: 51 out of 694 different from round
24/10/2023 13:15:05 - DEBUG - populationsim.integerizer - Integerizer status for backstopped PUMA_4702402_TAZ_1982: OPTIMAL
24/10/2023 13:15:05 - INFO - populationsim.multi_integerizer - sequential_integerizing zone_id 1983 zone_name TAZ_1983
24/10/2023 13:15:05 - DEBUG - populationsim.integerizer - Integerizer: 43 out of 694 different from round
24/10/2023 13:15:05 - DEBUG - populationsim.integerizer - Integerizer status for backstopped PUMA_4702402_TAZ_1983: OPTIMAL
24/10/2023 13:15:05 - INFO - populationsim.multi_integerizer - sequential_integerizing zone_id 1984 zone_name TAZ_1984
24/10/2023 13:15:05 - DEBUG - populationsim.integerizer - Integerizer: 39 out of 694 different from round
24/10/2023 13:15:05 - DEBUG - populationsim.integerizer - Integerizer status for backstopped PUMA_4702402_TAZ_1984: OPTIMAL
24/10/2023 13:15:05 - INFO - populationsim.multi_integerizer - sequential_integerizing zone_id 1985 zone_name TAZ_1985
24/10/2023 13:15:05 - DEBUG - populationsim.integerizer - Integerizer: 14 out of 694 different from round
24/10/2023 13:15:05 - DEBUG - populationsim.integerizer - Integerizer status for backstopped PUMA_4702402_TAZ_1985: OPTIMAL
24/10/2023 13:15:05 - INFO - populationsim.multi_integerizer - sequential_integerizing zone_id 1986 zone_name TAZ_1986
24/10/2023 13:15:05 - DEBUG - populationsim.integerizer - Integerizer: 53 out of 694 different from round
24/10/2023 13:15:05 - DEBUG - populationsim.integerizer - Integerizer status for backstopped PUMA_4702402_TAZ_1986: OPTIMAL
24/10/2023 13:15:05 - INFO - populationsim.multi_integerizer - sequential_integerizing zone_id 1987 zone_name TAZ_1987
24/10/2023 13:15:05 - DEBUG - populationsim.integerizer - Integerizer: 58 out of 694 different from round
24/10/2023 13:15:05 - DEBUG - populationsim.integerizer - Integerizer status for backstopped PUMA_4702402_TAZ_1987: OPTIMAL
24/10/2023 13:15:05 - INFO - populationsim.multi_integerizer - sequential_integerizing zone_id 1988 zone_name TAZ_1988
24/10/2023 13:15:05 - DEBUG - populationsim.integerizer - Integerizer: 15 out of 694 different from round
24/10/2023 13:15:05 - DEBUG - populationsim.integerizer - Integerizer status for backstopped PUMA_4702402_TAZ_1988: OPTIMAL
24/10/2023 13:15:05 - INFO - populationsim.multi_integerizer - sequential_integerizing zone_id 1989 zone_name TAZ_1989
24/10/2023 13:15:05 - DEBUG - populationsim.integerizer - Integerizer: 57 out of 694 different from round
24/10/2023 13:15:05 - DEBUG - populationsim.integerizer - Integerizer status for backstopped PUMA_4702402_TAZ_1989: OPTIMAL
24/10/2023 13:15:05 - INFO - populationsim.multi_integerizer - sequential_integerizing zone_id 1990 zone_name TAZ_1990
24/10/2023 13:15:05 - DEBUG - populationsim.integerizer - Integerizer: 53 out of 694 different from round
24/10/2023 13:15:05 - DEBUG - populationsim.integerizer - Integerizer status for backstopped PUMA_4702402_TAZ_1990: OPTIMAL
24/10/2023 13:15:05 - INFO - populationsim.multi_integerizer - sequential_integerizing zone_id 1991 zone_name TAZ_1991
24/10/2023 13:15:05 - DEBUG - populationsim.integerizer - Integerizer: 46 out of 694 different from round
24/10/2023 13:15:05 - DEBUG - populationsim.integerizer - Integerizer status for backstopped PUMA_4702402_TAZ_1991: OPTIMAL
24/10/2023 13:15:05 - INFO - populationsim.multi_integerizer - sequential_integerizing zone_id 1992 zone_name TAZ_1992
24/10/2023 13:15:05 - DEBUG - populationsim.integerizer - Integerizer: 15 out of 694 different from round
24/10/2023 13:15:05 - DEBUG - populationsim.integerizer - Integerizer status for backstopped PUMA_4702402_TAZ_1992: OPTIMAL
24/10/2023 13:15:06 - INFO - populationsim.multi_integerizer - do_simul_integerizing 11 infeasable subzones for PUMA_4702402. 
24/10/2023 13:15:28 - DEBUG - populationsim.multi_integerizer - SimulIntegerizer status OPTIMAL
24/10/2023 13:15:28 - INFO - populationsim.multi_integerizer - do_simul_integerizing retry succeeded for PUMA_4702402 status OPTIMAL. 
24/10/2023 13:15:28 - INFO - populationsim.steps.sub_balancing - adding table TAZ_weights
24/10/2023 13:15:28 - DEBUG - activitysim.core.tracing - Time to execute #run_model completed step 'sub_balancing.geography=TAZ' : 401.91 seconds (6.7 minutes)
24/10/2023 13:15:28 - DEBUG - activitysim.core.pipeline - add_checkpoint sub_balancing.geography=TAZ timestamp 2023-10-24 13:15:28.195788
24/10/2023 13:15:28 - DEBUG - activitysim.core.pipeline - add_checkpoint 'sub_balancing.geography=TAZ' table 'TAZ_weights' (156150, 6) 8.1 MB
24/10/2023 13:15:28 - DEBUG - activitysim.core.pipeline - add_checkpoint 'sub_balancing.geography=TAZ' table 'TAZ_weights_sparse' (31796, 6) 1.7 MB
24/10/2023 13:15:28 - DEBUG - activitysim.core.pipeline - add_checkpoint 'sub_balancing.geography=TAZ' table 'trace_TAZ_weights' (0, 6) 0 B
24/10/2023 13:15:28 - INFO - activitysim.core.tracing - Time to execute run (1 models) : 402.12 seconds (6.7 minutes)
24/10/2023 13:15:28 - DEBUG - activitysim.core.pipeline - add_checkpoint mp_sub_balancing_TAZ timestamp 2023-10-24 13:15:28.318047
24/10/2023 13:15:28 - DEBUG - activitysim.core.pipeline - close_pipeline
24/10/2023 13:15:28 - INFO - activitysim.core.mem - mp_sub_balancing_TAZ_4 high water mark rss: 409_452_544 (409.5 MB) timestamp: 24/10/2023 13:15:28 label:pipeline.run_model sub_balancing.geography=TAZ finished
24/10/2023 13:15:28 - INFO - activitysim.core.mem - mp_sub_balancing_TAZ_4 high water mark uss: 378_785_792 (378.8 MB) timestamp: 24/10/2023 13:15:28 label:pipeline.run_model sub_balancing.geography=TAZ finished
