24/10/2023 13:08:47 - INFO - activitysim - Read logging configuration from: configs\HH\logging.yaml
24/10/2023 13:08:47 - DEBUG - activitysim.core.mp_tasks - mp_run_simulation mp_sub_balancing_TAZ locutor=False 
24/10/2023 13:08:47 - DEBUG - activitysim.core.mp_tasks - injecting pipeline_file_prefix 'mp_sub_balancing_TAZ_6'
24/10/2023 13:08:47 - INFO - activitysim.core.mp_tasks - resume_after _
24/10/2023 13:08:47 - DEBUG - activitysim.core.random - Set random seed base to 0
24/10/2023 13:08:47 - DEBUG - activitysim.core.pipeline - open_pipeline - open existing pipeline
24/10/2023 13:08:47 - DEBUG - activitysim.core.pipeline - opened pipeline_store output\HH\mp_sub_balancing_TAZ_6-pipeline.h5
24/10/2023 13:08:47 - INFO - activitysim.core.pipeline - load_checkpoint _
24/10/2023 13:08:47 - INFO - activitysim.core.pipeline - loading checkpoint 'mp_seed_balancing'
24/10/2023 13:08:47 - INFO - activitysim.core.pipeline - load_checkpoint mp_seed_balancing timestamp 2023-10-24 13:08:25.011576
24/10/2023 13:08:47 - INFO - activitysim.core.pipeline - load_checkpoint table households (34034, 238)
24/10/2023 13:08:47 - DEBUG - activitysim.core.pipeline - rewrap table households inplace=False
24/10/2023 13:08:48 - INFO - activitysim.core.pipeline - load_checkpoint table persons (83294, 289)
24/10/2023 13:08:48 - DEBUG - activitysim.core.pipeline - rewrap table persons inplace=False
24/10/2023 13:08:48 - INFO - activitysim.core.pipeline - load_checkpoint table geo_cross_walk (33117, 7)
24/10/2023 13:08:48 - DEBUG - activitysim.core.pipeline - rewrap table geo_cross_walk inplace=False
24/10/2023 13:08:48 - INFO - activitysim.core.pipeline - load_checkpoint table MAZ_control_data (33117, 4)
24/10/2023 13:08:48 - DEBUG - activitysim.core.pipeline - rewrap table MAZ_control_data inplace=False
24/10/2023 13:08:48 - INFO - activitysim.core.pipeline - load_checkpoint table TAZ_control_data (2929, 45)
24/10/2023 13:08:48 - DEBUG - activitysim.core.pipeline - rewrap table TAZ_control_data inplace=False
24/10/2023 13:08:48 - INFO - activitysim.core.pipeline - load_checkpoint table REGION_control_data (1, 2)
24/10/2023 13:08:48 - DEBUG - activitysim.core.pipeline - rewrap table REGION_control_data inplace=False
24/10/2023 13:08:48 - INFO - activitysim.core.pipeline - load_checkpoint table crosswalk (1568, 4)
24/10/2023 13:08:48 - DEBUG - activitysim.core.pipeline - rewrap table crosswalk inplace=False
24/10/2023 13:08:48 - INFO - activitysim.core.pipeline - load_checkpoint table slice_crosswalk (1, 2)
24/10/2023 13:08:48 - DEBUG - activitysim.core.pipeline - rewrap table slice_crosswalk inplace=False
24/10/2023 13:08:48 - INFO - activitysim.core.pipeline - load_checkpoint table control_spec (24, 6)
24/10/2023 13:08:48 - DEBUG - activitysim.core.pipeline - rewrap table control_spec inplace=False
24/10/2023 13:08:48 - INFO - activitysim.core.pipeline - load_checkpoint table REGION_controls (1, 24)
24/10/2023 13:08:48 - DEBUG - activitysim.core.pipeline - rewrap table REGION_controls inplace=False
24/10/2023 13:08:48 - INFO - activitysim.core.pipeline - load_checkpoint table PUMA_controls (12, 24)
24/10/2023 13:08:48 - DEBUG - activitysim.core.pipeline - rewrap table PUMA_controls inplace=False
24/10/2023 13:08:48 - INFO - activitysim.core.pipeline - load_checkpoint table TAZ_controls (2702, 23)
24/10/2023 13:08:48 - DEBUG - activitysim.core.pipeline - rewrap table TAZ_controls inplace=False
24/10/2023 13:08:48 - INFO - activitysim.core.pipeline - load_checkpoint table MAZ_controls (20797, 1)
24/10/2023 13:08:48 - DEBUG - activitysim.core.pipeline - rewrap table MAZ_controls inplace=False
24/10/2023 13:08:48 - INFO - activitysim.core.pipeline - load_checkpoint table household_groups (34034, 3)
24/10/2023 13:08:48 - DEBUG - activitysim.core.pipeline - rewrap table household_groups inplace=False
24/10/2023 13:08:48 - INFO - activitysim.core.pipeline - load_checkpoint table incidence_table (8894, 29)
24/10/2023 13:08:48 - DEBUG - activitysim.core.pipeline - rewrap table incidence_table inplace=False
24/10/2023 13:08:48 - INFO - activitysim.core.pipeline - load_checkpoint table PUMA_weights (8894, 6)
24/10/2023 13:08:48 - DEBUG - activitysim.core.pipeline - rewrap table PUMA_weights inplace=False
24/10/2023 13:08:48 - DEBUG - activitysim.core.pipeline - open_pipeline complete
24/10/2023 13:08:48 - INFO - activitysim.core.pipeline - #run_model running step sub_balancing
24/10/2023 13:08:48 - INFO - populationsim.steps.sub_balancing - balancing 1/1 seed 4702502, PUMA 4702502
24/10/2023 13:08:48 - DEBUG - populationsim.simul_balancer - 701 positive weight rows out of 701
24/10/2023 13:08:48 - DEBUG - populationsim.simul_balancer - np_simul_balancer sample_count 701 control_count 23 zone_count 182
24/10/2023 13:08:48 - DEBUG - populationsim.simul_balancer - np_simul_balancer iteration 0 delta 31.873538200107056 max_gamma_dif 40.92224831647479
24/10/2023 13:09:16 - DEBUG - populationsim.simul_balancer - np_simul_balancer iteration 100 delta 0.012431763352088131 max_gamma_dif 17.71298227034568
24/10/2023 13:09:45 - DEBUG - populationsim.simul_balancer - np_simul_balancer iteration 200 delta 0.0028611664093152606 max_gamma_dif 15.58843069536536
24/10/2023 13:10:13 - DEBUG - populationsim.simul_balancer - np_simul_balancer iteration 300 delta 0.0013670514313067845 max_gamma_dif 12.258043767920428
24/10/2023 13:10:41 - DEBUG - populationsim.simul_balancer - np_simul_balancer iteration 400 delta 0.0010589210028994255 max_gamma_dif 7.968465550759772
24/10/2023 13:11:09 - DEBUG - populationsim.simul_balancer - np_simul_balancer iteration 500 delta 0.0009073645856771262 max_gamma_dif 4.006422991483682
24/10/2023 13:11:37 - DEBUG - populationsim.simul_balancer - np_simul_balancer iteration 600 delta 0.000747506893405384 max_gamma_dif 6.588709589621262
24/10/2023 13:12:05 - DEBUG - populationsim.simul_balancer - np_simul_balancer iteration 700 delta 0.0005411089618479454 max_gamma_dif 5.275433573083903
24/10/2023 13:12:34 - DEBUG - populationsim.simul_balancer - np_simul_balancer iteration 800 delta 0.0005040333489990022 max_gamma_dif 5.045299635725946
24/10/2023 13:13:02 - DEBUG - populationsim.simul_balancer - np_simul_balancer iteration 900 delta 0.0006098050364912995 max_gamma_dif 4.434515603507787
24/10/2023 13:13:30 - DEBUG - populationsim.steps.sub_balancing - PUMA 4702502 converged False iter 999
24/10/2023 13:13:48 - WARNING - populationsim.multi_integerizer - do_simul_integerizing failed for PUMA_4702502 status INFEASIBLE. 
24/10/2023 13:13:48 - INFO - populationsim.multi_integerizer - sequential_integerizing zone_id 268 zone_name TAZ_268
24/10/2023 13:13:48 - DEBUG - populationsim.integerizer - Integerizer: 68 out of 701 different from round
24/10/2023 13:13:48 - DEBUG - populationsim.integerizer - Integerizer status for backstopped PUMA_4702502_TAZ_268: OPTIMAL
24/10/2023 13:13:48 - INFO - populationsim.multi_integerizer - sequential_integerizing zone_id 269 zone_name TAZ_269
24/10/2023 13:13:48 - DEBUG - populationsim.integerizer - Integerizer: 40 out of 701 different from round
24/10/2023 13:13:48 - DEBUG - populationsim.integerizer - Integerizer status for backstopped PUMA_4702502_TAZ_269: OPTIMAL
24/10/2023 13:13:48 - INFO - populationsim.multi_integerizer - sequential_integerizing zone_id 270 zone_name TAZ_270
24/10/2023 13:13:49 - DEBUG - populationsim.integerizer - Integerizer: 74 out of 701 different from round
24/10/2023 13:13:49 - DEBUG - populationsim.integerizer - Integerizer status for backstopped PUMA_4702502_TAZ_270: OPTIMAL
24/10/2023 13:13:49 - INFO - populationsim.multi_integerizer - sequential_integerizing zone_id 271 zone_name TAZ_271
24/10/2023 13:13:49 - DEBUG - populationsim.integerizer - Integerizer: 49 out of 701 different from round
24/10/2023 13:13:49 - DEBUG - populationsim.integerizer - Integerizer status for backstopped PUMA_4702502_TAZ_271: OPTIMAL
24/10/2023 13:13:49 - INFO - populationsim.multi_integerizer - sequential_integerizing zone_id 272 zone_name TAZ_272
24/10/2023 13:13:49 - DEBUG - populationsim.integerizer - Integerizer: 51 out of 701 different from round
24/10/2023 13:13:49 - DEBUG - populationsim.integerizer - Integerizer status for backstopped PUMA_4702502_TAZ_272: OPTIMAL
24/10/2023 13:13:49 - INFO - populationsim.multi_integerizer - sequential_integerizing zone_id 273 zone_name TAZ_273
24/10/2023 13:13:49 - DEBUG - populationsim.integerizer - Integerizer: 58 out of 701 different from round
24/10/2023 13:13:49 - DEBUG - populationsim.integerizer - Integerizer status for backstopped PUMA_4702502_TAZ_273: OPTIMAL
24/10/2023 13:13:49 - INFO - populationsim.multi_integerizer - sequential_integerizing zone_id 274 zone_name TAZ_274
24/10/2023 13:13:49 - DEBUG - populationsim.integerizer - Integerizer: 54 out of 701 different from round
24/10/2023 13:13:49 - DEBUG - populationsim.integerizer - Integerizer status for backstopped PUMA_4702502_TAZ_274: OPTIMAL
24/10/2023 13:13:49 - INFO - populationsim.multi_integerizer - sequential_integerizing zone_id 275 zone_name TAZ_275
24/10/2023 13:13:49 - DEBUG - populationsim.integerizer - Integerizer: 32 out of 701 different from round
24/10/2023 13:13:49 - DEBUG - populationsim.integerizer - Integerizer status for backstopped PUMA_4702502_TAZ_275: OPTIMAL
24/10/2023 13:13:49 - INFO - populationsim.multi_integerizer - sequential_integerizing zone_id 276 zone_name TAZ_276
24/10/2023 13:13:49 - DEBUG - populationsim.integerizer - Integerizer: 62 out of 701 different from round
24/10/2023 13:13:49 - DEBUG - populationsim.integerizer - Integerizer status for backstopped PUMA_4702502_TAZ_276: OPTIMAL
24/10/2023 13:13:49 - INFO - populationsim.multi_integerizer - sequential_integerizing zone_id 277 zone_name TAZ_277
24/10/2023 13:13:49 - DEBUG - populationsim.integerizer - Integerizer: 42 out of 701 different from round
24/10/2023 13:13:49 - DEBUG - populationsim.integerizer - Integerizer status for backstopped PUMA_4702502_TAZ_277: OPTIMAL
24/10/2023 13:13:49 - INFO - populationsim.multi_integerizer - sequential_integerizing zone_id 278 zone_name TAZ_278
24/10/2023 13:13:49 - DEBUG - populationsim.integerizer - Integerizer: 54 out of 701 different from round
24/10/2023 13:13:49 - DEBUG - populationsim.integerizer - Integerizer status for backstopped PUMA_4702502_TAZ_278: OPTIMAL
24/10/2023 13:13:49 - INFO - populationsim.multi_integerizer - sequential_integerizing zone_id 279 zone_name TAZ_279
24/10/2023 13:13:49 - DEBUG - populationsim.integerizer - Integerizer: 53 out of 701 different from round
24/10/2023 13:13:49 - DEBUG - populationsim.integerizer - Integerizer status for backstopped PUMA_4702502_TAZ_279: OPTIMAL
24/10/2023 13:13:49 - INFO - populationsim.multi_integerizer - sequential_integerizing zone_id 280 zone_name TAZ_280
24/10/2023 13:13:49 - DEBUG - populationsim.integerizer - Integerizer: 59 out of 701 different from round
24/10/2023 13:13:49 - DEBUG - populationsim.integerizer - Integerizer status for backstopped PUMA_4702502_TAZ_280: OPTIMAL
24/10/2023 13:13:49 - INFO - populationsim.multi_integerizer - sequential_integerizing zone_id 281 zone_name TAZ_281
24/10/2023 13:13:49 - DEBUG - populationsim.integerizer - Integerizer: 56 out of 701 different from round
24/10/2023 13:13:49 - DEBUG - populationsim.integerizer - Integerizer status for backstopped PUMA_4702502_TAZ_281: OPTIMAL
24/10/2023 13:13:49 - INFO - populationsim.multi_integerizer - sequential_integerizing zone_id 282 zone_name TAZ_282
24/10/2023 13:13:49 - DEBUG - populationsim.integerizer - Integerizer: 67 out of 701 different from round
24/10/2023 13:13:49 - DEBUG - populationsim.integerizer - Integerizer status for backstopped PUMA_4702502_TAZ_282: OPTIMAL
24/10/2023 13:13:49 - INFO - populationsim.multi_integerizer - sequential_integerizing zone_id 283 zone_name TAZ_283
24/10/2023 13:13:49 - DEBUG - populationsim.integerizer - Integerizer: 60 out of 701 different from round
24/10/2023 13:13:49 - DEBUG - populationsim.integerizer - Integerizer status for backstopped PUMA_4702502_TAZ_283: OPTIMAL
24/10/2023 13:13:49 - INFO - populationsim.multi_integerizer - sequential_integerizing zone_id 284 zone_name TAZ_284
24/10/2023 13:13:50 - DEBUG - populationsim.integerizer - Integerizer: 15 out of 701 different from round
24/10/2023 13:13:50 - DEBUG - populationsim.integerizer - Integerizer status for backstopped PUMA_4702502_TAZ_284: OPTIMAL
24/10/2023 13:13:50 - INFO - populationsim.multi_integerizer - sequential_integerizing zone_id 285 zone_name TAZ_285
24/10/2023 13:13:50 - DEBUG - populationsim.integerizer - Integerizer: 48 out of 701 different from round
24/10/2023 13:13:50 - DEBUG - populationsim.integerizer - Integerizer status for backstopped PUMA_4702502_TAZ_285: OPTIMAL
24/10/2023 13:13:50 - INFO - populationsim.multi_integerizer - sequential_integerizing zone_id 286 zone_name TAZ_286
24/10/2023 13:13:50 - DEBUG - populationsim.integerizer - Integerizer: 65 out of 701 different from round
24/10/2023 13:13:50 - DEBUG - populationsim.integerizer - Integerizer status for backstopped PUMA_4702502_TAZ_286: OPTIMAL
24/10/2023 13:13:50 - INFO - populationsim.multi_integerizer - sequential_integerizing zone_id 287 zone_name TAZ_287
24/10/2023 13:13:50 - DEBUG - populationsim.integerizer - Integerizer: 43 out of 701 different from round
24/10/2023 13:13:50 - DEBUG - populationsim.integerizer - Integerizer status for backstopped PUMA_4702502_TAZ_287: OPTIMAL
24/10/2023 13:13:50 - INFO - populationsim.multi_integerizer - sequential_integerizing zone_id 288 zone_name TAZ_288
24/10/2023 13:13:50 - DEBUG - populationsim.integerizer - Integerizer: 70 out of 701 different from round
24/10/2023 13:13:50 - DEBUG - populationsim.integerizer - Integerizer status for backstopped PUMA_4702502_TAZ_288: OPTIMAL
24/10/2023 13:13:50 - INFO - populationsim.multi_integerizer - sequential_integerizing zone_id 290 zone_name TAZ_290
24/10/2023 13:13:50 - DEBUG - populationsim.integerizer - Integerizer: 73 out of 701 different from round
24/10/2023 13:13:50 - DEBUG - populationsim.integerizer - Integerizer status for backstopped PUMA_4702502_TAZ_290: OPTIMAL
24/10/2023 13:13:50 - INFO - populationsim.multi_integerizer - sequential_integerizing zone_id 292 zone_name TAZ_292
24/10/2023 13:13:50 - DEBUG - populationsim.integerizer - Integerizer: 70 out of 701 different from round
24/10/2023 13:13:50 - DEBUG - populationsim.integerizer - Integerizer status for backstopped PUMA_4702502_TAZ_292: OPTIMAL
24/10/2023 13:13:50 - INFO - populationsim.multi_integerizer - sequential_integerizing zone_id 293 zone_name TAZ_293
24/10/2023 13:13:50 - DEBUG - populationsim.integerizer - Integerizer: 77 out of 701 different from round
24/10/2023 13:13:50 - DEBUG - populationsim.integerizer - Integerizer status for backstopped PUMA_4702502_TAZ_293: OPTIMAL
24/10/2023 13:13:50 - INFO - populationsim.multi_integerizer - sequential_integerizing zone_id 294 zone_name TAZ_294
24/10/2023 13:13:50 - DEBUG - populationsim.integerizer - Integerizer: 19 out of 701 different from round
24/10/2023 13:13:50 - DEBUG - populationsim.integerizer - Integerizer status for backstopped PUMA_4702502_TAZ_294: OPTIMAL
24/10/2023 13:13:50 - INFO - populationsim.multi_integerizer - sequential_integerizing zone_id 295 zone_name TAZ_295
24/10/2023 13:13:50 - DEBUG - populationsim.integerizer - Integerizer: 70 out of 701 different from round
24/10/2023 13:13:50 - DEBUG - populationsim.integerizer - Integerizer status for backstopped PUMA_4702502_TAZ_295: OPTIMAL
24/10/2023 13:13:50 - INFO - populationsim.multi_integerizer - sequential_integerizing zone_id 296 zone_name TAZ_296
24/10/2023 13:13:50 - DEBUG - populationsim.integerizer - Integerizer: 70 out of 701 different from round
24/10/2023 13:13:50 - DEBUG - populationsim.integerizer - Integerizer status for backstopped PUMA_4702502_TAZ_296: OPTIMAL
24/10/2023 13:13:50 - INFO - populationsim.multi_integerizer - sequential_integerizing zone_id 297 zone_name TAZ_297
24/10/2023 13:13:50 - DEBUG - populationsim.integerizer - Integerizer: 71 out of 701 different from round
24/10/2023 13:13:50 - DEBUG - populationsim.integerizer - Integerizer status for backstopped PUMA_4702502_TAZ_297: OPTIMAL
24/10/2023 13:13:50 - INFO - populationsim.multi_integerizer - sequential_integerizing zone_id 298 zone_name TAZ_298
24/10/2023 13:13:50 - DEBUG - populationsim.integerizer - Integerizer: 54 out of 701 different from round
24/10/2023 13:13:50 - DEBUG - populationsim.integerizer - Integerizer status for backstopped PUMA_4702502_TAZ_298: OPTIMAL
24/10/2023 13:13:50 - INFO - populationsim.multi_integerizer - sequential_integerizing zone_id 299 zone_name TAZ_299
24/10/2023 13:13:50 - DEBUG - populationsim.integerizer - Integerizer: 44 out of 701 different from round
24/10/2023 13:13:50 - DEBUG - populationsim.integerizer - Integerizer status for backstopped PUMA_4702502_TAZ_299: OPTIMAL
24/10/2023 13:13:50 - INFO - populationsim.multi_integerizer - sequential_integerizing zone_id 300 zone_name TAZ_300
24/10/2023 13:13:50 - DEBUG - populationsim.integerizer - Integerizer: 42 out of 701 different from round
24/10/2023 13:13:50 - DEBUG - populationsim.integerizer - Integerizer status for backstopped PUMA_4702502_TAZ_300: OPTIMAL
24/10/2023 13:13:50 - INFO - populationsim.multi_integerizer - sequential_integerizing zone_id 301 zone_name TAZ_301
24/10/2023 13:13:51 - DEBUG - populationsim.integerizer - Integerizer: 63 out of 701 different from round
24/10/2023 13:13:51 - DEBUG - populationsim.integerizer - Integerizer status for backstopped PUMA_4702502_TAZ_301: OPTIMAL
24/10/2023 13:13:51 - INFO - populationsim.multi_integerizer - sequential_integerizing zone_id 302 zone_name TAZ_302
24/10/2023 13:13:51 - DEBUG - populationsim.integerizer - Integerizer: 32 out of 701 different from round
24/10/2023 13:13:51 - DEBUG - populationsim.integerizer - Integerizer status for backstopped PUMA_4702502_TAZ_302: OPTIMAL
24/10/2023 13:13:51 - INFO - populationsim.multi_integerizer - sequential_integerizing zone_id 303 zone_name TAZ_303
24/10/2023 13:13:51 - DEBUG - populationsim.integerizer - Integerizer: 33 out of 701 different from round
24/10/2023 13:13:51 - DEBUG - populationsim.integerizer - Integerizer status for backstopped PUMA_4702502_TAZ_303: OPTIMAL
24/10/2023 13:13:51 - INFO - populationsim.multi_integerizer - sequential_integerizing zone_id 304 zone_name TAZ_304
24/10/2023 13:13:51 - DEBUG - populationsim.integerizer - Integerizer: 57 out of 701 different from round
24/10/2023 13:13:51 - DEBUG - populationsim.integerizer - Integerizer status for backstopped PUMA_4702502_TAZ_304: OPTIMAL
24/10/2023 13:13:51 - INFO - populationsim.multi_integerizer - sequential_integerizing zone_id 305 zone_name TAZ_305
24/10/2023 13:13:51 - DEBUG - populationsim.integerizer - Integerizer: 53 out of 701 different from round
24/10/2023 13:13:51 - DEBUG - populationsim.integerizer - Integerizer status for backstopped PUMA_4702502_TAZ_305: OPTIMAL
24/10/2023 13:13:51 - INFO - populationsim.multi_integerizer - sequential_integerizing zone_id 306 zone_name TAZ_306
24/10/2023 13:13:51 - DEBUG - populationsim.integerizer - Integerizer: 51 out of 701 different from round
24/10/2023 13:13:51 - DEBUG - populationsim.integerizer - Integerizer status for backstopped PUMA_4702502_TAZ_306: OPTIMAL
24/10/2023 13:13:51 - INFO - populationsim.multi_integerizer - sequential_integerizing zone_id 307 zone_name TAZ_307
24/10/2023 13:13:51 - DEBUG - populationsim.integerizer - Integerizer: 72 out of 701 different from round
24/10/2023 13:13:51 - DEBUG - populationsim.integerizer - Integerizer status for backstopped PUMA_4702502_TAZ_307: OPTIMAL
24/10/2023 13:13:51 - INFO - populationsim.multi_integerizer - sequential_integerizing zone_id 308 zone_name TAZ_308
24/10/2023 13:13:51 - DEBUG - populationsim.integerizer - Integerizer: 62 out of 701 different from round
24/10/2023 13:13:51 - DEBUG - populationsim.integerizer - Integerizer status for backstopped PUMA_4702502_TAZ_308: OPTIMAL
24/10/2023 13:13:51 - INFO - populationsim.multi_integerizer - sequential_integerizing zone_id 309 zone_name TAZ_309
24/10/2023 13:13:51 - DEBUG - populationsim.integerizer - Integerizer: 51 out of 701 different from round
24/10/2023 13:13:51 - DEBUG - populationsim.integerizer - Integerizer status for backstopped PUMA_4702502_TAZ_309: OPTIMAL
24/10/2023 13:13:51 - INFO - populationsim.multi_integerizer - sequential_integerizing zone_id 310 zone_name TAZ_310
24/10/2023 13:13:51 - DEBUG - populationsim.integerizer - Integerizer: 64 out of 701 different from round
24/10/2023 13:13:51 - DEBUG - populationsim.integerizer - Integerizer status for backstopped PUMA_4702502_TAZ_310: OPTIMAL
24/10/2023 13:13:51 - INFO - populationsim.multi_integerizer - sequential_integerizing zone_id 311 zone_name TAZ_311
24/10/2023 13:13:51 - DEBUG - populationsim.integerizer - Integerizer: 55 out of 701 different from round
24/10/2023 13:13:51 - DEBUG - populationsim.integerizer - Integerizer status for backstopped PUMA_4702502_TAZ_311: OPTIMAL
24/10/2023 13:13:51 - INFO - populationsim.multi_integerizer - sequential_integerizing zone_id 312 zone_name TAZ_312
24/10/2023 13:13:51 - DEBUG - populationsim.integerizer - Integerizer: 42 out of 701 different from round
24/10/2023 13:13:51 - DEBUG - populationsim.integerizer - Integerizer status for backstopped PUMA_4702502_TAZ_312: OPTIMAL
24/10/2023 13:13:51 - INFO - populationsim.multi_integerizer - sequential_integerizing zone_id 313 zone_name TAZ_313
24/10/2023 13:13:51 - DEBUG - populationsim.integerizer - Integerizer: 49 out of 701 different from round
24/10/2023 13:13:51 - DEBUG - populationsim.integerizer - Integerizer status for backstopped PUMA_4702502_TAZ_313: OPTIMAL
24/10/2023 13:13:51 - INFO - populationsim.multi_integerizer - sequential_integerizing zone_id 314 zone_name TAZ_314
24/10/2023 13:13:51 - DEBUG - populationsim.integerizer - Integerizer: 57 out of 701 different from round
24/10/2023 13:13:51 - DEBUG - populationsim.integerizer - Integerizer status for backstopped PUMA_4702502_TAZ_314: OPTIMAL
24/10/2023 13:13:51 - INFO - populationsim.multi_integerizer - sequential_integerizing zone_id 315 zone_name TAZ_315
24/10/2023 13:13:52 - DEBUG - populationsim.integerizer - Integerizer: 14 out of 701 different from round
24/10/2023 13:13:52 - DEBUG - populationsim.integerizer - Integerizer status for backstopped PUMA_4702502_TAZ_315: OPTIMAL
24/10/2023 13:13:52 - INFO - populationsim.multi_integerizer - sequential_integerizing zone_id 317 zone_name TAZ_317
24/10/2023 13:13:52 - DEBUG - populationsim.integerizer - Integerizer: 70 out of 701 different from round
24/10/2023 13:13:52 - DEBUG - populationsim.integerizer - Integerizer status for backstopped PUMA_4702502_TAZ_317: OPTIMAL
24/10/2023 13:13:52 - INFO - populationsim.multi_integerizer - sequential_integerizing zone_id 319 zone_name TAZ_319
24/10/2023 13:13:52 - DEBUG - populationsim.integerizer - Integerizer: 34 out of 701 different from round
24/10/2023 13:13:52 - DEBUG - populationsim.integerizer - Integerizer status for backstopped PUMA_4702502_TAZ_319: OPTIMAL
24/10/2023 13:13:52 - INFO - populationsim.multi_integerizer - sequential_integerizing zone_id 320 zone_name TAZ_320
24/10/2023 13:13:52 - DEBUG - populationsim.integerizer - Integerizer: 25 out of 701 different from round
24/10/2023 13:13:52 - DEBUG - populationsim.integerizer - Integerizer status for backstopped PUMA_4702502_TAZ_320: OPTIMAL
24/10/2023 13:13:52 - INFO - populationsim.multi_integerizer - sequential_integerizing zone_id 321 zone_name TAZ_321
24/10/2023 13:13:52 - DEBUG - populationsim.integerizer - Integerizer: 56 out of 701 different from round
24/10/2023 13:13:52 - DEBUG - populationsim.integerizer - Integerizer status for backstopped PUMA_4702502_TAZ_321: OPTIMAL
24/10/2023 13:13:52 - INFO - populationsim.multi_integerizer - sequential_integerizing zone_id 322 zone_name TAZ_322
24/10/2023 13:13:52 - DEBUG - populationsim.integerizer - Integerizer: 43 out of 701 different from round
24/10/2023 13:13:52 - DEBUG - populationsim.integerizer - Integerizer status for backstopped PUMA_4702502_TAZ_322: OPTIMAL
24/10/2023 13:13:52 - INFO - populationsim.multi_integerizer - sequential_integerizing zone_id 323 zone_name TAZ_323
24/10/2023 13:13:52 - DEBUG - populationsim.integerizer - omitting 58 zero weight rows out of 701
24/10/2023 13:13:52 - DEBUG - populationsim.integerizer - Integerizer: 7 out of 643 different from round
24/10/2023 13:13:52 - DEBUG - populationsim.integerizer - Integerizer status for backstopped PUMA_4702502_TAZ_323: OPTIMAL
24/10/2023 13:13:52 - INFO - populationsim.multi_integerizer - sequential_integerizing zone_id 324 zone_name TAZ_324
24/10/2023 13:13:52 - DEBUG - populationsim.integerizer - Integerizer: 8 out of 701 different from round
24/10/2023 13:13:52 - DEBUG - populationsim.integerizer - Integerizer status for backstopped PUMA_4702502_TAZ_324: OPTIMAL
24/10/2023 13:13:52 - INFO - populationsim.multi_integerizer - sequential_integerizing zone_id 325 zone_name TAZ_325
24/10/2023 13:13:52 - DEBUG - populationsim.integerizer - Integerizer: 58 out of 701 different from round
24/10/2023 13:13:52 - DEBUG - populationsim.integerizer - Integerizer status for backstopped PUMA_4702502_TAZ_325: OPTIMAL
24/10/2023 13:13:52 - INFO - populationsim.multi_integerizer - sequential_integerizing zone_id 329 zone_name TAZ_329
24/10/2023 13:13:52 - DEBUG - populationsim.integerizer - omitting 58 zero weight rows out of 701
24/10/2023 13:13:52 - DEBUG - populationsim.integerizer - Integerizer: 7 out of 643 different from round
24/10/2023 13:13:52 - DEBUG - populationsim.integerizer - Integerizer status for backstopped PUMA_4702502_TAZ_329: OPTIMAL
24/10/2023 13:13:52 - INFO - populationsim.multi_integerizer - sequential_integerizing zone_id 330 zone_name TAZ_330
24/10/2023 13:13:52 - DEBUG - populationsim.integerizer - Integerizer: 34 out of 701 different from round
24/10/2023 13:13:52 - DEBUG - populationsim.integerizer - Integerizer status for backstopped PUMA_4702502_TAZ_330: OPTIMAL
24/10/2023 13:13:52 - INFO - populationsim.multi_integerizer - sequential_integerizing zone_id 331 zone_name TAZ_331
24/10/2023 13:13:52 - DEBUG - populationsim.integerizer - Integerizer: 28 out of 701 different from round
24/10/2023 13:13:52 - DEBUG - populationsim.integerizer - Integerizer status for backstopped PUMA_4702502_TAZ_331: OPTIMAL
24/10/2023 13:13:52 - INFO - populationsim.multi_integerizer - sequential_integerizing zone_id 332 zone_name TAZ_332
24/10/2023 13:13:52 - DEBUG - populationsim.integerizer - Integerizer: 12 out of 701 different from round
24/10/2023 13:13:52 - DEBUG - populationsim.integerizer - Integerizer status for backstopped PUMA_4702502_TAZ_332: OPTIMAL
24/10/2023 13:13:52 - INFO - populationsim.multi_integerizer - sequential_integerizing zone_id 333 zone_name TAZ_333
24/10/2023 13:13:52 - DEBUG - populationsim.integerizer - Integerizer: 53 out of 701 different from round
24/10/2023 13:13:52 - DEBUG - populationsim.integerizer - Integerizer status for backstopped PUMA_4702502_TAZ_333: OPTIMAL
24/10/2023 13:13:52 - INFO - populationsim.multi_integerizer - sequential_integerizing zone_id 334 zone_name TAZ_334
24/10/2023 13:13:52 - DEBUG - populationsim.integerizer - Integerizer: 52 out of 701 different from round
24/10/2023 13:13:52 - DEBUG - populationsim.integerizer - Integerizer status for backstopped PUMA_4702502_TAZ_334: OPTIMAL
24/10/2023 13:13:52 - INFO - populationsim.multi_integerizer - sequential_integerizing zone_id 335 zone_name TAZ_335
24/10/2023 13:13:53 - DEBUG - populationsim.integerizer - Integerizer: 51 out of 701 different from round
24/10/2023 13:13:53 - DEBUG - populationsim.integerizer - Integerizer status for backstopped PUMA_4702502_TAZ_335: OPTIMAL
24/10/2023 13:13:53 - INFO - populationsim.multi_integerizer - sequential_integerizing zone_id 337 zone_name TAZ_337
24/10/2023 13:13:53 - DEBUG - populationsim.integerizer - Integerizer: 5 out of 701 different from round
24/10/2023 13:13:53 - DEBUG - populationsim.integerizer - Integerizer status for backstopped PUMA_4702502_TAZ_337: OPTIMAL
24/10/2023 13:13:53 - INFO - populationsim.multi_integerizer - sequential_integerizing zone_id 338 zone_name TAZ_338
24/10/2023 13:13:53 - DEBUG - populationsim.integerizer - Integerizer: 62 out of 701 different from round
24/10/2023 13:13:53 - DEBUG - populationsim.integerizer - Integerizer status for backstopped PUMA_4702502_TAZ_338: OPTIMAL
24/10/2023 13:13:53 - INFO - populationsim.multi_integerizer - sequential_integerizing zone_id 339 zone_name TAZ_339
24/10/2023 13:13:53 - DEBUG - populationsim.integerizer - Integerizer: 35 out of 701 different from round
24/10/2023 13:13:53 - DEBUG - populationsim.integerizer - Integerizer status for backstopped PUMA_4702502_TAZ_339: OPTIMAL
24/10/2023 13:13:53 - INFO - populationsim.multi_integerizer - sequential_integerizing zone_id 341 zone_name TAZ_341
24/10/2023 13:13:53 - DEBUG - populationsim.integerizer - Integerizer: 39 out of 701 different from round
24/10/2023 13:13:53 - DEBUG - populationsim.integerizer - Integerizer status for backstopped PUMA_4702502_TAZ_341: OPTIMAL
24/10/2023 13:13:53 - INFO - populationsim.multi_integerizer - sequential_integerizing zone_id 342 zone_name TAZ_342
24/10/2023 13:13:53 - DEBUG - populationsim.integerizer - omitting 338 zero weight rows out of 701
24/10/2023 13:13:53 - DEBUG - populationsim.integerizer - Integerizer: 1 out of 363 different from round
24/10/2023 13:13:53 - DEBUG - populationsim.integerizer - Integerizer status for backstopped PUMA_4702502_TAZ_342: INFEASIBLE
24/10/2023 13:13:53 - DEBUG - populationsim.integerizer - Integerizer: 1 out of 363 different from round
24/10/2023 13:13:53 - DEBUG - populationsim.integerizer - Integerizer status for unbackstopped PUMA_4702502_TAZ_342: INFEASIBLE
24/10/2023 13:13:53 - ERROR - populationsim.integerizer - Integerizer failed for PUMA_4702502_TAZ_342 status INFEASIBLE. Returning smart-rounded original weights
24/10/2023 13:13:53 - INFO - populationsim.multi_integerizer - sequential_integerizing zone_id 343 zone_name TAZ_343
24/10/2023 13:13:53 - DEBUG - populationsim.integerizer - Integerizer: 9 out of 701 different from round
24/10/2023 13:13:53 - DEBUG - populationsim.integerizer - Integerizer status for backstopped PUMA_4702502_TAZ_343: OPTIMAL
24/10/2023 13:13:53 - INFO - populationsim.multi_integerizer - sequential_integerizing zone_id 344 zone_name TAZ_344
24/10/2023 13:13:53 - DEBUG - populationsim.integerizer - Integerizer: 49 out of 701 different from round
24/10/2023 13:13:53 - DEBUG - populationsim.integerizer - Integerizer status for backstopped PUMA_4702502_TAZ_344: OPTIMAL
24/10/2023 13:13:53 - INFO - populationsim.multi_integerizer - sequential_integerizing zone_id 345 zone_name TAZ_345
24/10/2023 13:13:53 - DEBUG - populationsim.integerizer - Integerizer: 31 out of 701 different from round
24/10/2023 13:13:53 - DEBUG - populationsim.integerizer - Integerizer status for backstopped PUMA_4702502_TAZ_345: OPTIMAL
24/10/2023 13:13:53 - INFO - populationsim.multi_integerizer - sequential_integerizing zone_id 346 zone_name TAZ_346
24/10/2023 13:13:53 - DEBUG - populationsim.integerizer - Integerizer: 22 out of 701 different from round
24/10/2023 13:13:53 - DEBUG - populationsim.integerizer - Integerizer status for backstopped PUMA_4702502_TAZ_346: OPTIMAL
24/10/2023 13:13:53 - INFO - populationsim.multi_integerizer - sequential_integerizing zone_id 347 zone_name TAZ_347
24/10/2023 13:13:53 - DEBUG - populationsim.integerizer - Integerizer: 28 out of 701 different from round
24/10/2023 13:13:53 - DEBUG - populationsim.integerizer - Integerizer status for backstopped PUMA_4702502_TAZ_347: OPTIMAL
24/10/2023 13:13:53 - INFO - populationsim.multi_integerizer - sequential_integerizing zone_id 348 zone_name TAZ_348
24/10/2023 13:13:53 - DEBUG - populationsim.integerizer - Integerizer: 9 out of 701 different from round
24/10/2023 13:13:53 - DEBUG - populationsim.integerizer - Integerizer status for backstopped PUMA_4702502_TAZ_348: OPTIMAL
24/10/2023 13:13:53 - INFO - populationsim.multi_integerizer - sequential_integerizing zone_id 349 zone_name TAZ_349
24/10/2023 13:13:53 - DEBUG - populationsim.integerizer - Integerizer: 41 out of 701 different from round
24/10/2023 13:13:53 - DEBUG - populationsim.integerizer - Integerizer status for backstopped PUMA_4702502_TAZ_349: OPTIMAL
24/10/2023 13:13:53 - INFO - populationsim.multi_integerizer - sequential_integerizing zone_id 351 zone_name TAZ_351
24/10/2023 13:13:53 - DEBUG - populationsim.integerizer - Integerizer: 38 out of 701 different from round
24/10/2023 13:13:53 - DEBUG - populationsim.integerizer - Integerizer status for backstopped PUMA_4702502_TAZ_351: OPTIMAL
24/10/2023 13:13:53 - INFO - populationsim.multi_integerizer - sequential_integerizing zone_id 352 zone_name TAZ_352
24/10/2023 13:13:53 - DEBUG - populationsim.integerizer - Integerizer: 43 out of 701 different from round
24/10/2023 13:13:53 - DEBUG - populationsim.integerizer - Integerizer status for backstopped PUMA_4702502_TAZ_352: OPTIMAL
24/10/2023 13:13:53 - INFO - populationsim.multi_integerizer - sequential_integerizing zone_id 353 zone_name TAZ_353
24/10/2023 13:13:54 - DEBUG - populationsim.integerizer - Integerizer: 10 out of 701 different from round
24/10/2023 13:13:54 - DEBUG - populationsim.integerizer - Integerizer status for backstopped PUMA_4702502_TAZ_353: OPTIMAL
24/10/2023 13:13:54 - INFO - populationsim.multi_integerizer - sequential_integerizing zone_id 367 zone_name TAZ_367
24/10/2023 13:13:54 - DEBUG - populationsim.integerizer - Integerizer: 74 out of 701 different from round
24/10/2023 13:13:54 - DEBUG - populationsim.integerizer - Integerizer status for backstopped PUMA_4702502_TAZ_367: OPTIMAL
24/10/2023 13:13:54 - INFO - populationsim.multi_integerizer - sequential_integerizing zone_id 368 zone_name TAZ_368
24/10/2023 13:13:54 - DEBUG - populationsim.integerizer - Integerizer: 65 out of 701 different from round
24/10/2023 13:13:54 - DEBUG - populationsim.integerizer - Integerizer status for backstopped PUMA_4702502_TAZ_368: OPTIMAL
24/10/2023 13:13:54 - INFO - populationsim.multi_integerizer - sequential_integerizing zone_id 369 zone_name TAZ_369
24/10/2023 13:13:54 - DEBUG - populationsim.integerizer - Integerizer: 44 out of 701 different from round
24/10/2023 13:13:54 - DEBUG - populationsim.integerizer - Integerizer status for backstopped PUMA_4702502_TAZ_369: OPTIMAL
24/10/2023 13:13:54 - INFO - populationsim.multi_integerizer - sequential_integerizing zone_id 370 zone_name TAZ_370
24/10/2023 13:13:54 - DEBUG - populationsim.integerizer - Integerizer: 51 out of 701 different from round
24/10/2023 13:13:54 - DEBUG - populationsim.integerizer - Integerizer status for backstopped PUMA_4702502_TAZ_370: OPTIMAL
24/10/2023 13:13:54 - INFO - populationsim.multi_integerizer - sequential_integerizing zone_id 371 zone_name TAZ_371
24/10/2023 13:13:54 - DEBUG - populationsim.integerizer - Integerizer: 47 out of 701 different from round
24/10/2023 13:13:54 - DEBUG - populationsim.integerizer - Integerizer status for backstopped PUMA_4702502_TAZ_371: OPTIMAL
24/10/2023 13:13:54 - INFO - populationsim.multi_integerizer - sequential_integerizing zone_id 372 zone_name TAZ_372
24/10/2023 13:13:54 - DEBUG - populationsim.integerizer - Integerizer: 29 out of 701 different from round
24/10/2023 13:13:54 - DEBUG - populationsim.integerizer - Integerizer status for backstopped PUMA_4702502_TAZ_372: OPTIMAL
24/10/2023 13:13:54 - INFO - populationsim.multi_integerizer - sequential_integerizing zone_id 373 zone_name TAZ_373
24/10/2023 13:13:54 - DEBUG - populationsim.integerizer - Integerizer: 29 out of 701 different from round
24/10/2023 13:13:54 - DEBUG - populationsim.integerizer - Integerizer status for backstopped PUMA_4702502_TAZ_373: OPTIMAL
24/10/2023 13:13:54 - INFO - populationsim.multi_integerizer - sequential_integerizing zone_id 374 zone_name TAZ_374
24/10/2023 13:13:54 - DEBUG - populationsim.integerizer - Integerizer: 66 out of 701 different from round
24/10/2023 13:13:54 - DEBUG - populationsim.integerizer - Integerizer status for backstopped PUMA_4702502_TAZ_374: OPTIMAL
24/10/2023 13:13:54 - INFO - populationsim.multi_integerizer - sequential_integerizing zone_id 375 zone_name TAZ_375
24/10/2023 13:13:54 - DEBUG - populationsim.integerizer - Integerizer: 74 out of 701 different from round
24/10/2023 13:13:54 - DEBUG - populationsim.integerizer - Integerizer status for backstopped PUMA_4702502_TAZ_375: OPTIMAL
24/10/2023 13:13:54 - INFO - populationsim.multi_integerizer - sequential_integerizing zone_id 376 zone_name TAZ_376
24/10/2023 13:13:54 - DEBUG - populationsim.integerizer - Integerizer: 73 out of 701 different from round
24/10/2023 13:13:54 - DEBUG - populationsim.integerizer - Integerizer status for backstopped PUMA_4702502_TAZ_376: OPTIMAL
24/10/2023 13:13:54 - INFO - populationsim.multi_integerizer - sequential_integerizing zone_id 377 zone_name TAZ_377
24/10/2023 13:13:54 - DEBUG - populationsim.integerizer - Integerizer: 64 out of 701 different from round
24/10/2023 13:13:54 - DEBUG - populationsim.integerizer - Integerizer status for backstopped PUMA_4702502_TAZ_377: OPTIMAL
24/10/2023 13:13:54 - INFO - populationsim.multi_integerizer - sequential_integerizing zone_id 378 zone_name TAZ_378
24/10/2023 13:13:54 - DEBUG - populationsim.integerizer - Integerizer: 71 out of 701 different from round
24/10/2023 13:13:54 - DEBUG - populationsim.integerizer - Integerizer status for backstopped PUMA_4702502_TAZ_378: OPTIMAL
24/10/2023 13:13:54 - INFO - populationsim.multi_integerizer - sequential_integerizing zone_id 379 zone_name TAZ_379
24/10/2023 13:13:54 - DEBUG - populationsim.integerizer - Integerizer: 40 out of 701 different from round
24/10/2023 13:13:54 - DEBUG - populationsim.integerizer - Integerizer status for backstopped PUMA_4702502_TAZ_379: OPTIMAL
24/10/2023 13:13:54 - INFO - populationsim.multi_integerizer - sequential_integerizing zone_id 380 zone_name TAZ_380
24/10/2023 13:13:54 - DEBUG - populationsim.integerizer - Integerizer: 33 out of 701 different from round
24/10/2023 13:13:54 - DEBUG - populationsim.integerizer - Integerizer status for backstopped PUMA_4702502_TAZ_380: OPTIMAL
24/10/2023 13:13:54 - INFO - populationsim.multi_integerizer - sequential_integerizing zone_id 381 zone_name TAZ_381
24/10/2023 13:13:54 - DEBUG - populationsim.integerizer - Integerizer: 17 out of 701 different from round
24/10/2023 13:13:54 - DEBUG - populationsim.integerizer - Integerizer status for backstopped PUMA_4702502_TAZ_381: OPTIMAL
24/10/2023 13:13:55 - INFO - populationsim.multi_integerizer - sequential_integerizing zone_id 382 zone_name TAZ_382
24/10/2023 13:13:55 - DEBUG - populationsim.integerizer - Integerizer: 59 out of 701 different from round
24/10/2023 13:13:55 - DEBUG - populationsim.integerizer - Integerizer status for backstopped PUMA_4702502_TAZ_382: OPTIMAL
24/10/2023 13:13:55 - INFO - populationsim.multi_integerizer - sequential_integerizing zone_id 383 zone_name TAZ_383
24/10/2023 13:13:55 - DEBUG - populationsim.integerizer - Integerizer: 60 out of 701 different from round
24/10/2023 13:13:55 - DEBUG - populationsim.integerizer - Integerizer status for backstopped PUMA_4702502_TAZ_383: OPTIMAL
24/10/2023 13:13:55 - INFO - populationsim.multi_integerizer - sequential_integerizing zone_id 384 zone_name TAZ_384
24/10/2023 13:13:55 - DEBUG - populationsim.integerizer - Integerizer: 49 out of 701 different from round
24/10/2023 13:13:55 - DEBUG - populationsim.integerizer - Integerizer status for backstopped PUMA_4702502_TAZ_384: OPTIMAL
24/10/2023 13:13:55 - INFO - populationsim.multi_integerizer - sequential_integerizing zone_id 385 zone_name TAZ_385
24/10/2023 13:13:55 - DEBUG - populationsim.integerizer - Integerizer: 56 out of 701 different from round
24/10/2023 13:13:55 - DEBUG - populationsim.integerizer - Integerizer status for backstopped PUMA_4702502_TAZ_385: OPTIMAL
24/10/2023 13:13:55 - INFO - populationsim.multi_integerizer - sequential_integerizing zone_id 387 zone_name TAZ_387
24/10/2023 13:13:55 - DEBUG - populationsim.integerizer - Integerizer: 19 out of 701 different from round
24/10/2023 13:13:55 - DEBUG - populationsim.integerizer - Integerizer status for backstopped PUMA_4702502_TAZ_387: OPTIMAL
24/10/2023 13:13:55 - INFO - populationsim.multi_integerizer - sequential_integerizing zone_id 388 zone_name TAZ_388
24/10/2023 13:13:55 - DEBUG - populationsim.integerizer - Integerizer: 19 out of 701 different from round
24/10/2023 13:13:55 - DEBUG - populationsim.integerizer - Integerizer status for backstopped PUMA_4702502_TAZ_388: OPTIMAL
24/10/2023 13:13:55 - INFO - populationsim.multi_integerizer - sequential_integerizing zone_id 390 zone_name TAZ_390
24/10/2023 13:13:55 - DEBUG - populationsim.integerizer - Integerizer: 55 out of 701 different from round
24/10/2023 13:13:55 - DEBUG - populationsim.integerizer - Integerizer status for backstopped PUMA_4702502_TAZ_390: OPTIMAL
24/10/2023 13:13:55 - INFO - populationsim.multi_integerizer - sequential_integerizing zone_id 391 zone_name TAZ_391
24/10/2023 13:13:55 - DEBUG - populationsim.integerizer - Integerizer: 54 out of 701 different from round
24/10/2023 13:13:55 - DEBUG - populationsim.integerizer - Integerizer status for backstopped PUMA_4702502_TAZ_391: OPTIMAL
24/10/2023 13:13:55 - INFO - populationsim.multi_integerizer - sequential_integerizing zone_id 392 zone_name TAZ_392
24/10/2023 13:13:55 - DEBUG - populationsim.integerizer - Integerizer: 11 out of 701 different from round
24/10/2023 13:13:55 - DEBUG - populationsim.integerizer - Integerizer status for backstopped PUMA_4702502_TAZ_392: OPTIMAL
24/10/2023 13:13:55 - INFO - populationsim.multi_integerizer - sequential_integerizing zone_id 393 zone_name TAZ_393
24/10/2023 13:13:55 - DEBUG - populationsim.integerizer - omitting 338 zero weight rows out of 701
24/10/2023 13:13:55 - DEBUG - populationsim.integerizer - Integerizer: 1 out of 363 different from round
24/10/2023 13:13:55 - DEBUG - populationsim.integerizer - Integerizer status for backstopped PUMA_4702502_TAZ_393: INFEASIBLE
24/10/2023 13:13:55 - DEBUG - populationsim.integerizer - Integerizer: 1 out of 363 different from round
24/10/2023 13:13:55 - DEBUG - populationsim.integerizer - Integerizer status for unbackstopped PUMA_4702502_TAZ_393: INFEASIBLE
24/10/2023 13:13:55 - ERROR - populationsim.integerizer - Integerizer failed for PUMA_4702502_TAZ_393 status INFEASIBLE. Returning smart-rounded original weights
24/10/2023 13:13:55 - INFO - populationsim.multi_integerizer - sequential_integerizing zone_id 394 zone_name TAZ_394
24/10/2023 13:13:55 - DEBUG - populationsim.integerizer - Integerizer: 64 out of 701 different from round
24/10/2023 13:13:55 - DEBUG - populationsim.integerizer - Integerizer status for backstopped PUMA_4702502_TAZ_394: OPTIMAL
24/10/2023 13:13:55 - INFO - populationsim.multi_integerizer - sequential_integerizing zone_id 395 zone_name TAZ_395
24/10/2023 13:13:55 - DEBUG - populationsim.integerizer - Integerizer: 54 out of 701 different from round
24/10/2023 13:13:55 - DEBUG - populationsim.integerizer - Integerizer status for backstopped PUMA_4702502_TAZ_395: OPTIMAL
24/10/2023 13:13:55 - INFO - populationsim.multi_integerizer - sequential_integerizing zone_id 396 zone_name TAZ_396
24/10/2023 13:13:55 - DEBUG - populationsim.integerizer - Integerizer: 56 out of 701 different from round
24/10/2023 13:13:55 - DEBUG - populationsim.integerizer - Integerizer status for backstopped PUMA_4702502_TAZ_396: OPTIMAL
24/10/2023 13:13:55 - INFO - populationsim.multi_integerizer - sequential_integerizing zone_id 397 zone_name TAZ_397
24/10/2023 13:13:55 - DEBUG - populationsim.integerizer - Integerizer: 47 out of 701 different from round
24/10/2023 13:13:55 - DEBUG - populationsim.integerizer - Integerizer status for backstopped PUMA_4702502_TAZ_397: OPTIMAL
24/10/2023 13:13:55 - INFO - populationsim.multi_integerizer - sequential_integerizing zone_id 398 zone_name TAZ_398
24/10/2023 13:13:55 - DEBUG - populationsim.integerizer - Integerizer: 51 out of 701 different from round
24/10/2023 13:13:55 - DEBUG - populationsim.integerizer - Integerizer status for backstopped PUMA_4702502_TAZ_398: OPTIMAL
24/10/2023 13:13:55 - INFO - populationsim.multi_integerizer - sequential_integerizing zone_id 399 zone_name TAZ_399
24/10/2023 13:13:56 - DEBUG - populationsim.integerizer - Integerizer: 35 out of 701 different from round
24/10/2023 13:13:56 - DEBUG - populationsim.integerizer - Integerizer status for backstopped PUMA_4702502_TAZ_399: OPTIMAL
24/10/2023 13:13:56 - INFO - populationsim.multi_integerizer - sequential_integerizing zone_id 400 zone_name TAZ_400
24/10/2023 13:13:56 - DEBUG - populationsim.integerizer - Integerizer: 40 out of 701 different from round
24/10/2023 13:13:56 - DEBUG - populationsim.integerizer - Integerizer status for backstopped PUMA_4702502_TAZ_400: OPTIMAL
24/10/2023 13:13:56 - INFO - populationsim.multi_integerizer - sequential_integerizing zone_id 401 zone_name TAZ_401
24/10/2023 13:13:56 - DEBUG - populationsim.integerizer - Integerizer: 56 out of 701 different from round
24/10/2023 13:13:56 - DEBUG - populationsim.integerizer - Integerizer status for backstopped PUMA_4702502_TAZ_401: OPTIMAL
24/10/2023 13:13:56 - INFO - populationsim.multi_integerizer - sequential_integerizing zone_id 402 zone_name TAZ_402
24/10/2023 13:13:56 - DEBUG - populationsim.integerizer - Integerizer: 15 out of 701 different from round
24/10/2023 13:13:56 - DEBUG - populationsim.integerizer - Integerizer status for backstopped PUMA_4702502_TAZ_402: OPTIMAL
24/10/2023 13:13:56 - INFO - populationsim.multi_integerizer - sequential_integerizing zone_id 403 zone_name TAZ_403
24/10/2023 13:13:56 - DEBUG - populationsim.integerizer - Integerizer: 63 out of 701 different from round
24/10/2023 13:13:56 - DEBUG - populationsim.integerizer - Integerizer status for backstopped PUMA_4702502_TAZ_403: OPTIMAL
24/10/2023 13:13:56 - INFO - populationsim.multi_integerizer - sequential_integerizing zone_id 404 zone_name TAZ_404
24/10/2023 13:13:56 - DEBUG - populationsim.integerizer - Integerizer: 53 out of 701 different from round
24/10/2023 13:13:56 - DEBUG - populationsim.integerizer - Integerizer status for backstopped PUMA_4702502_TAZ_404: OPTIMAL
24/10/2023 13:13:56 - INFO - populationsim.multi_integerizer - sequential_integerizing zone_id 405 zone_name TAZ_405
24/10/2023 13:13:56 - DEBUG - populationsim.integerizer - Integerizer: 7 out of 701 different from round
24/10/2023 13:13:56 - DEBUG - populationsim.integerizer - Integerizer status for backstopped PUMA_4702502_TAZ_405: OPTIMAL
24/10/2023 13:13:56 - INFO - populationsim.multi_integerizer - sequential_integerizing zone_id 406 zone_name TAZ_406
24/10/2023 13:13:56 - DEBUG - populationsim.integerizer - Integerizer: 28 out of 701 different from round
24/10/2023 13:13:56 - DEBUG - populationsim.integerizer - Integerizer status for backstopped PUMA_4702502_TAZ_406: OPTIMAL
24/10/2023 13:13:56 - INFO - populationsim.multi_integerizer - sequential_integerizing zone_id 407 zone_name TAZ_407
24/10/2023 13:13:56 - DEBUG - populationsim.integerizer - Integerizer: 41 out of 701 different from round
24/10/2023 13:13:56 - DEBUG - populationsim.integerizer - Integerizer status for backstopped PUMA_4702502_TAZ_407: OPTIMAL
24/10/2023 13:13:56 - INFO - populationsim.multi_integerizer - sequential_integerizing zone_id 408 zone_name TAZ_408
24/10/2023 13:13:56 - DEBUG - populationsim.integerizer - Integerizer: 42 out of 701 different from round
24/10/2023 13:13:56 - DEBUG - populationsim.integerizer - Integerizer status for backstopped PUMA_4702502_TAZ_408: OPTIMAL
24/10/2023 13:13:56 - INFO - populationsim.multi_integerizer - sequential_integerizing zone_id 409 zone_name TAZ_409
24/10/2023 13:13:56 - DEBUG - populationsim.integerizer - Integerizer: 41 out of 701 different from round
24/10/2023 13:13:56 - DEBUG - populationsim.integerizer - Integerizer status for backstopped PUMA_4702502_TAZ_409: OPTIMAL
24/10/2023 13:13:56 - INFO - populationsim.multi_integerizer - sequential_integerizing zone_id 410 zone_name TAZ_410
24/10/2023 13:13:56 - DEBUG - populationsim.integerizer - Integerizer: 41 out of 701 different from round
24/10/2023 13:13:56 - DEBUG - populationsim.integerizer - Integerizer status for backstopped PUMA_4702502_TAZ_410: OPTIMAL
24/10/2023 13:13:56 - INFO - populationsim.multi_integerizer - sequential_integerizing zone_id 411 zone_name TAZ_411
24/10/2023 13:13:56 - DEBUG - populationsim.integerizer - Integerizer: 52 out of 701 different from round
24/10/2023 13:13:56 - DEBUG - populationsim.integerizer - Integerizer status for backstopped PUMA_4702502_TAZ_411: OPTIMAL
24/10/2023 13:13:56 - INFO - populationsim.multi_integerizer - sequential_integerizing zone_id 412 zone_name TAZ_412
24/10/2023 13:13:56 - DEBUG - populationsim.integerizer - Integerizer: 66 out of 701 different from round
24/10/2023 13:13:56 - DEBUG - populationsim.integerizer - Integerizer status for backstopped PUMA_4702502_TAZ_412: OPTIMAL
24/10/2023 13:13:56 - INFO - populationsim.multi_integerizer - sequential_integerizing zone_id 413 zone_name TAZ_413
24/10/2023 13:13:56 - DEBUG - populationsim.integerizer - Integerizer: 51 out of 701 different from round
24/10/2023 13:13:56 - DEBUG - populationsim.integerizer - Integerizer status for backstopped PUMA_4702502_TAZ_413: OPTIMAL
24/10/2023 13:13:56 - INFO - populationsim.multi_integerizer - sequential_integerizing zone_id 414 zone_name TAZ_414
24/10/2023 13:13:57 - DEBUG - populationsim.integerizer - Integerizer: 61 out of 701 different from round
24/10/2023 13:13:57 - DEBUG - populationsim.integerizer - Integerizer status for backstopped PUMA_4702502_TAZ_414: OPTIMAL
24/10/2023 13:13:57 - INFO - populationsim.multi_integerizer - sequential_integerizing zone_id 415 zone_name TAZ_415
24/10/2023 13:13:57 - DEBUG - populationsim.integerizer - Integerizer: 62 out of 701 different from round
24/10/2023 13:13:57 - DEBUG - populationsim.integerizer - Integerizer status for backstopped PUMA_4702502_TAZ_415: OPTIMAL
24/10/2023 13:13:57 - INFO - populationsim.multi_integerizer - sequential_integerizing zone_id 416 zone_name TAZ_416
24/10/2023 13:13:57 - DEBUG - populationsim.integerizer - Integerizer: 56 out of 701 different from round
24/10/2023 13:13:57 - DEBUG - populationsim.integerizer - Integerizer status for backstopped PUMA_4702502_TAZ_416: OPTIMAL
24/10/2023 13:13:57 - INFO - populationsim.multi_integerizer - sequential_integerizing zone_id 417 zone_name TAZ_417
24/10/2023 13:13:57 - DEBUG - populationsim.integerizer - Integerizer: 52 out of 701 different from round
24/10/2023 13:13:57 - DEBUG - populationsim.integerizer - Integerizer status for backstopped PUMA_4702502_TAZ_417: OPTIMAL
24/10/2023 13:13:57 - INFO - populationsim.multi_integerizer - sequential_integerizing zone_id 418 zone_name TAZ_418
24/10/2023 13:13:57 - DEBUG - populationsim.integerizer - Integerizer: 56 out of 701 different from round
24/10/2023 13:13:57 - DEBUG - populationsim.integerizer - Integerizer status for backstopped PUMA_4702502_TAZ_418: OPTIMAL
24/10/2023 13:13:57 - INFO - populationsim.multi_integerizer - sequential_integerizing zone_id 419 zone_name TAZ_419
24/10/2023 13:13:57 - DEBUG - populationsim.integerizer - Integerizer: 48 out of 701 different from round
24/10/2023 13:13:57 - DEBUG - populationsim.integerizer - Integerizer status for backstopped PUMA_4702502_TAZ_419: OPTIMAL
24/10/2023 13:13:57 - INFO - populationsim.multi_integerizer - sequential_integerizing zone_id 421 zone_name TAZ_421
24/10/2023 13:13:57 - DEBUG - populationsim.integerizer - Integerizer: 61 out of 701 different from round
24/10/2023 13:13:57 - DEBUG - populationsim.integerizer - Integerizer status for backstopped PUMA_4702502_TAZ_421: OPTIMAL
24/10/2023 13:13:57 - INFO - populationsim.multi_integerizer - sequential_integerizing zone_id 422 zone_name TAZ_422
24/10/2023 13:13:57 - DEBUG - populationsim.integerizer - Integerizer: 58 out of 701 different from round
24/10/2023 13:13:57 - DEBUG - populationsim.integerizer - Integerizer status for backstopped PUMA_4702502_TAZ_422: OPTIMAL
24/10/2023 13:13:57 - INFO - populationsim.multi_integerizer - sequential_integerizing zone_id 423 zone_name TAZ_423
24/10/2023 13:13:57 - DEBUG - populationsim.integerizer - Integerizer: 49 out of 701 different from round
24/10/2023 13:13:57 - DEBUG - populationsim.integerizer - Integerizer status for backstopped PUMA_4702502_TAZ_423: OPTIMAL
24/10/2023 13:13:57 - INFO - populationsim.multi_integerizer - sequential_integerizing zone_id 424 zone_name TAZ_424
24/10/2023 13:13:57 - DEBUG - populationsim.integerizer - Integerizer: 51 out of 701 different from round
24/10/2023 13:13:57 - DEBUG - populationsim.integerizer - Integerizer status for backstopped PUMA_4702502_TAZ_424: OPTIMAL
24/10/2023 13:13:57 - INFO - populationsim.multi_integerizer - sequential_integerizing zone_id 425 zone_name TAZ_425
24/10/2023 13:13:57 - DEBUG - populationsim.integerizer - Integerizer: 70 out of 701 different from round
24/10/2023 13:13:57 - DEBUG - populationsim.integerizer - Integerizer status for backstopped PUMA_4702502_TAZ_425: OPTIMAL
24/10/2023 13:13:57 - INFO - populationsim.multi_integerizer - sequential_integerizing zone_id 426 zone_name TAZ_426
24/10/2023 13:13:57 - DEBUG - populationsim.integerizer - Integerizer: 72 out of 701 different from round
24/10/2023 13:13:57 - DEBUG - populationsim.integerizer - Integerizer status for backstopped PUMA_4702502_TAZ_426: OPTIMAL
24/10/2023 13:13:57 - INFO - populationsim.multi_integerizer - sequential_integerizing zone_id 427 zone_name TAZ_427
24/10/2023 13:13:57 - DEBUG - populationsim.integerizer - Integerizer: 28 out of 701 different from round
24/10/2023 13:13:57 - DEBUG - populationsim.integerizer - Integerizer status for backstopped PUMA_4702502_TAZ_427: OPTIMAL
24/10/2023 13:13:57 - INFO - populationsim.multi_integerizer - sequential_integerizing zone_id 428 zone_name TAZ_428
24/10/2023 13:13:57 - DEBUG - populationsim.integerizer - Integerizer: 27 out of 701 different from round
24/10/2023 13:13:57 - DEBUG - populationsim.integerizer - Integerizer status for backstopped PUMA_4702502_TAZ_428: OPTIMAL
24/10/2023 13:13:57 - INFO - populationsim.multi_integerizer - sequential_integerizing zone_id 429 zone_name TAZ_429
24/10/2023 13:13:57 - DEBUG - populationsim.integerizer - Integerizer: 36 out of 701 different from round
24/10/2023 13:13:57 - DEBUG - populationsim.integerizer - Integerizer status for backstopped PUMA_4702502_TAZ_429: OPTIMAL
24/10/2023 13:13:57 - INFO - populationsim.multi_integerizer - sequential_integerizing zone_id 430 zone_name TAZ_430
24/10/2023 13:13:57 - DEBUG - populationsim.integerizer - Integerizer: 49 out of 701 different from round
24/10/2023 13:13:57 - DEBUG - populationsim.integerizer - Integerizer status for backstopped PUMA_4702502_TAZ_430: OPTIMAL
24/10/2023 13:13:57 - INFO - populationsim.multi_integerizer - sequential_integerizing zone_id 431 zone_name TAZ_431
24/10/2023 13:13:58 - DEBUG - populationsim.integerizer - Integerizer: 35 out of 701 different from round
24/10/2023 13:13:58 - DEBUG - populationsim.integerizer - Integerizer status for backstopped PUMA_4702502_TAZ_431: OPTIMAL
24/10/2023 13:13:58 - INFO - populationsim.multi_integerizer - sequential_integerizing zone_id 432 zone_name TAZ_432
24/10/2023 13:13:58 - DEBUG - populationsim.integerizer - Integerizer: 40 out of 701 different from round
24/10/2023 13:13:58 - DEBUG - populationsim.integerizer - Integerizer status for backstopped PUMA_4702502_TAZ_432: OPTIMAL
24/10/2023 13:13:58 - INFO - populationsim.multi_integerizer - sequential_integerizing zone_id 433 zone_name TAZ_433
24/10/2023 13:13:58 - DEBUG - populationsim.integerizer - Integerizer: 53 out of 701 different from round
24/10/2023 13:13:58 - DEBUG - populationsim.integerizer - Integerizer status for backstopped PUMA_4702502_TAZ_433: OPTIMAL
24/10/2023 13:13:58 - INFO - populationsim.multi_integerizer - sequential_integerizing zone_id 434 zone_name TAZ_434
24/10/2023 13:13:58 - DEBUG - populationsim.integerizer - Integerizer: 56 out of 701 different from round
24/10/2023 13:13:58 - DEBUG - populationsim.integerizer - Integerizer status for backstopped PUMA_4702502_TAZ_434: OPTIMAL
24/10/2023 13:13:58 - INFO - populationsim.multi_integerizer - sequential_integerizing zone_id 435 zone_name TAZ_435
24/10/2023 13:13:58 - DEBUG - populationsim.integerizer - Integerizer: 53 out of 701 different from round
24/10/2023 13:13:58 - DEBUG - populationsim.integerizer - Integerizer status for backstopped PUMA_4702502_TAZ_435: OPTIMAL
24/10/2023 13:13:58 - INFO - populationsim.multi_integerizer - sequential_integerizing zone_id 437 zone_name TAZ_437
24/10/2023 13:13:58 - DEBUG - populationsim.integerizer - Integerizer: 62 out of 701 different from round
24/10/2023 13:13:58 - DEBUG - populationsim.integerizer - Integerizer status for backstopped PUMA_4702502_TAZ_437: OPTIMAL
24/10/2023 13:13:58 - INFO - populationsim.multi_integerizer - sequential_integerizing zone_id 438 zone_name TAZ_438
24/10/2023 13:13:58 - DEBUG - populationsim.integerizer - Integerizer: 58 out of 701 different from round
24/10/2023 13:13:58 - DEBUG - populationsim.integerizer - Integerizer status for backstopped PUMA_4702502_TAZ_438: OPTIMAL
24/10/2023 13:13:58 - INFO - populationsim.multi_integerizer - sequential_integerizing zone_id 439 zone_name TAZ_439
24/10/2023 13:13:58 - DEBUG - populationsim.integerizer - Integerizer: 56 out of 701 different from round
24/10/2023 13:13:58 - DEBUG - populationsim.integerizer - Integerizer status for backstopped PUMA_4702502_TAZ_439: OPTIMAL
24/10/2023 13:13:58 - INFO - populationsim.multi_integerizer - sequential_integerizing zone_id 440 zone_name TAZ_440
24/10/2023 13:13:58 - DEBUG - populationsim.integerizer - Integerizer: 38 out of 701 different from round
24/10/2023 13:13:58 - DEBUG - populationsim.integerizer - Integerizer status for backstopped PUMA_4702502_TAZ_440: OPTIMAL
24/10/2023 13:13:58 - INFO - populationsim.multi_integerizer - sequential_integerizing zone_id 441 zone_name TAZ_441
24/10/2023 13:13:58 - DEBUG - populationsim.integerizer - Integerizer: 46 out of 701 different from round
24/10/2023 13:13:58 - DEBUG - populationsim.integerizer - Integerizer status for backstopped PUMA_4702502_TAZ_441: OPTIMAL
24/10/2023 13:13:58 - INFO - populationsim.multi_integerizer - sequential_integerizing zone_id 442 zone_name TAZ_442
24/10/2023 13:13:58 - DEBUG - populationsim.integerizer - Integerizer: 34 out of 701 different from round
24/10/2023 13:13:58 - DEBUG - populationsim.integerizer - Integerizer status for backstopped PUMA_4702502_TAZ_442: OPTIMAL
24/10/2023 13:13:58 - INFO - populationsim.multi_integerizer - sequential_integerizing zone_id 443 zone_name TAZ_443
24/10/2023 13:13:58 - DEBUG - populationsim.integerizer - Integerizer: 48 out of 701 different from round
24/10/2023 13:13:58 - DEBUG - populationsim.integerizer - Integerizer status for backstopped PUMA_4702502_TAZ_443: OPTIMAL
24/10/2023 13:13:58 - INFO - populationsim.multi_integerizer - sequential_integerizing zone_id 444 zone_name TAZ_444
24/10/2023 13:13:58 - DEBUG - populationsim.integerizer - Integerizer: 42 out of 701 different from round
24/10/2023 13:13:58 - DEBUG - populationsim.integerizer - Integerizer status for backstopped PUMA_4702502_TAZ_444: OPTIMAL
24/10/2023 13:13:58 - INFO - populationsim.multi_integerizer - sequential_integerizing zone_id 445 zone_name TAZ_445
24/10/2023 13:13:58 - DEBUG - populationsim.integerizer - Integerizer: 58 out of 701 different from round
24/10/2023 13:13:58 - DEBUG - populationsim.integerizer - Integerizer status for backstopped PUMA_4702502_TAZ_445: OPTIMAL
24/10/2023 13:13:58 - INFO - populationsim.multi_integerizer - sequential_integerizing zone_id 446 zone_name TAZ_446
24/10/2023 13:13:58 - DEBUG - populationsim.integerizer - Integerizer: 44 out of 701 different from round
24/10/2023 13:13:58 - DEBUG - populationsim.integerizer - Integerizer status for backstopped PUMA_4702502_TAZ_446: OPTIMAL
24/10/2023 13:13:58 - INFO - populationsim.multi_integerizer - sequential_integerizing zone_id 447 zone_name TAZ_447
24/10/2023 13:13:59 - DEBUG - populationsim.integerizer - Integerizer: 55 out of 701 different from round
24/10/2023 13:13:59 - DEBUG - populationsim.integerizer - Integerizer status for backstopped PUMA_4702502_TAZ_447: OPTIMAL
24/10/2023 13:13:59 - INFO - populationsim.multi_integerizer - sequential_integerizing zone_id 540 zone_name TAZ_540
24/10/2023 13:13:59 - DEBUG - populationsim.integerizer - Integerizer: 47 out of 701 different from round
24/10/2023 13:13:59 - DEBUG - populationsim.integerizer - Integerizer status for backstopped PUMA_4702502_TAZ_540: OPTIMAL
24/10/2023 13:13:59 - INFO - populationsim.multi_integerizer - sequential_integerizing zone_id 541 zone_name TAZ_541
24/10/2023 13:13:59 - DEBUG - populationsim.integerizer - Integerizer: 51 out of 701 different from round
24/10/2023 13:13:59 - DEBUG - populationsim.integerizer - Integerizer status for backstopped PUMA_4702502_TAZ_541: OPTIMAL
24/10/2023 13:13:59 - INFO - populationsim.multi_integerizer - sequential_integerizing zone_id 543 zone_name TAZ_543
24/10/2023 13:13:59 - DEBUG - populationsim.integerizer - Integerizer: 38 out of 701 different from round
24/10/2023 13:13:59 - DEBUG - populationsim.integerizer - Integerizer status for backstopped PUMA_4702502_TAZ_543: OPTIMAL
24/10/2023 13:13:59 - INFO - populationsim.multi_integerizer - sequential_integerizing zone_id 544 zone_name TAZ_544
24/10/2023 13:13:59 - DEBUG - populationsim.integerizer - Integerizer: 35 out of 701 different from round
24/10/2023 13:13:59 - DEBUG - populationsim.integerizer - Integerizer status for backstopped PUMA_4702502_TAZ_544: OPTIMAL
24/10/2023 13:13:59 - INFO - populationsim.multi_integerizer - sequential_integerizing zone_id 545 zone_name TAZ_545
24/10/2023 13:13:59 - DEBUG - populationsim.integerizer - Integerizer: 45 out of 701 different from round
24/10/2023 13:13:59 - DEBUG - populationsim.integerizer - Integerizer status for backstopped PUMA_4702502_TAZ_545: OPTIMAL
24/10/2023 13:13:59 - INFO - populationsim.multi_integerizer - sequential_integerizing zone_id 546 zone_name TAZ_546
24/10/2023 13:13:59 - DEBUG - populationsim.integerizer - Integerizer: 62 out of 701 different from round
24/10/2023 13:13:59 - DEBUG - populationsim.integerizer - Integerizer status for backstopped PUMA_4702502_TAZ_546: OPTIMAL
24/10/2023 13:13:59 - INFO - populationsim.multi_integerizer - sequential_integerizing zone_id 552 zone_name TAZ_552
24/10/2023 13:13:59 - DEBUG - populationsim.integerizer - Integerizer: 67 out of 701 different from round
24/10/2023 13:13:59 - DEBUG - populationsim.integerizer - Integerizer status for backstopped PUMA_4702502_TAZ_552: OPTIMAL
24/10/2023 13:13:59 - INFO - populationsim.multi_integerizer - sequential_integerizing zone_id 553 zone_name TAZ_553
24/10/2023 13:13:59 - DEBUG - populationsim.integerizer - Integerizer: 64 out of 701 different from round
24/10/2023 13:13:59 - DEBUG - populationsim.integerizer - Integerizer status for backstopped PUMA_4702502_TAZ_553: OPTIMAL
24/10/2023 13:13:59 - INFO - populationsim.multi_integerizer - sequential_integerizing zone_id 554 zone_name TAZ_554
24/10/2023 13:13:59 - DEBUG - populationsim.integerizer - Integerizer: 46 out of 701 different from round
24/10/2023 13:13:59 - DEBUG - populationsim.integerizer - Integerizer status for backstopped PUMA_4702502_TAZ_554: OPTIMAL
24/10/2023 13:13:59 - INFO - populationsim.multi_integerizer - sequential_integerizing zone_id 555 zone_name TAZ_555
24/10/2023 13:13:59 - DEBUG - populationsim.integerizer - Integerizer: 25 out of 701 different from round
24/10/2023 13:13:59 - DEBUG - populationsim.integerizer - Integerizer status for backstopped PUMA_4702502_TAZ_555: OPTIMAL
24/10/2023 13:13:59 - INFO - populationsim.multi_integerizer - sequential_integerizing zone_id 556 zone_name TAZ_556
24/10/2023 13:13:59 - DEBUG - populationsim.integerizer - Integerizer: 23 out of 701 different from round
24/10/2023 13:13:59 - DEBUG - populationsim.integerizer - Integerizer status for backstopped PUMA_4702502_TAZ_556: OPTIMAL
24/10/2023 13:13:59 - INFO - populationsim.multi_integerizer - sequential_integerizing zone_id 557 zone_name TAZ_557
24/10/2023 13:13:59 - DEBUG - populationsim.integerizer - Integerizer: 73 out of 701 different from round
24/10/2023 13:13:59 - DEBUG - populationsim.integerizer - Integerizer status for backstopped PUMA_4702502_TAZ_557: OPTIMAL
24/10/2023 13:13:59 - INFO - populationsim.multi_integerizer - sequential_integerizing zone_id 558 zone_name TAZ_558
24/10/2023 13:13:59 - DEBUG - populationsim.integerizer - Integerizer: 68 out of 701 different from round
24/10/2023 13:13:59 - DEBUG - populationsim.integerizer - Integerizer status for backstopped PUMA_4702502_TAZ_558: OPTIMAL
24/10/2023 13:13:59 - INFO - populationsim.multi_integerizer - sequential_integerizing zone_id 559 zone_name TAZ_559
24/10/2023 13:13:59 - DEBUG - populationsim.integerizer - Integerizer: 47 out of 701 different from round
24/10/2023 13:13:59 - DEBUG - populationsim.integerizer - Integerizer status for backstopped PUMA_4702502_TAZ_559: OPTIMAL
24/10/2023 13:13:59 - INFO - populationsim.multi_integerizer - sequential_integerizing zone_id 560 zone_name TAZ_560
24/10/2023 13:14:00 - DEBUG - populationsim.integerizer - Integerizer: 39 out of 701 different from round
24/10/2023 13:14:00 - DEBUG - populationsim.integerizer - Integerizer status for backstopped PUMA_4702502_TAZ_560: OPTIMAL
24/10/2023 13:14:00 - INFO - populationsim.multi_integerizer - sequential_integerizing zone_id 561 zone_name TAZ_561
24/10/2023 13:14:00 - DEBUG - populationsim.integerizer - Integerizer: 66 out of 701 different from round
24/10/2023 13:14:00 - DEBUG - populationsim.integerizer - Integerizer status for backstopped PUMA_4702502_TAZ_561: OPTIMAL
24/10/2023 13:14:00 - INFO - populationsim.multi_integerizer - sequential_integerizing zone_id 562 zone_name TAZ_562
24/10/2023 13:14:00 - DEBUG - populationsim.integerizer - Integerizer: 27 out of 701 different from round
24/10/2023 13:14:00 - DEBUG - populationsim.integerizer - Integerizer status for backstopped PUMA_4702502_TAZ_562: OPTIMAL
24/10/2023 13:14:00 - INFO - populationsim.multi_integerizer - sequential_integerizing zone_id 563 zone_name TAZ_563
24/10/2023 13:14:00 - DEBUG - populationsim.integerizer - Integerizer: 22 out of 701 different from round
24/10/2023 13:14:00 - DEBUG - populationsim.integerizer - Integerizer status for backstopped PUMA_4702502_TAZ_563: OPTIMAL
24/10/2023 13:14:00 - INFO - populationsim.multi_integerizer - sequential_integerizing zone_id 564 zone_name TAZ_564
24/10/2023 13:14:00 - DEBUG - populationsim.integerizer - Integerizer: 15 out of 701 different from round
24/10/2023 13:14:00 - DEBUG - populationsim.integerizer - Integerizer status for backstopped PUMA_4702502_TAZ_564: OPTIMAL
24/10/2023 13:14:00 - INFO - populationsim.multi_integerizer - sequential_integerizing zone_id 565 zone_name TAZ_565
24/10/2023 13:14:00 - DEBUG - populationsim.integerizer - Integerizer: 44 out of 701 different from round
24/10/2023 13:14:00 - DEBUG - populationsim.integerizer - Integerizer status for backstopped PUMA_4702502_TAZ_565: OPTIMAL
24/10/2023 13:14:00 - INFO - populationsim.multi_integerizer - sequential_integerizing zone_id 566 zone_name TAZ_566
24/10/2023 13:14:00 - DEBUG - populationsim.integerizer - Integerizer: 46 out of 701 different from round
24/10/2023 13:14:00 - DEBUG - populationsim.integerizer - Integerizer status for backstopped PUMA_4702502_TAZ_566: OPTIMAL
24/10/2023 13:14:00 - INFO - populationsim.multi_integerizer - sequential_integerizing zone_id 568 zone_name TAZ_568
24/10/2023 13:14:00 - DEBUG - populationsim.integerizer - omitting 441 zero weight rows out of 701
24/10/2023 13:14:00 - DEBUG - populationsim.integerizer - Integerizer: 4 out of 260 different from round
24/10/2023 13:14:00 - DEBUG - populationsim.integerizer - Integerizer status for backstopped PUMA_4702502_TAZ_568: OPTIMAL
24/10/2023 13:14:00 - INFO - populationsim.multi_integerizer - sequential_integerizing zone_id 569 zone_name TAZ_569
24/10/2023 13:14:00 - DEBUG - populationsim.integerizer - omitting 592 zero weight rows out of 701
24/10/2023 13:14:00 - DEBUG - populationsim.integerizer - Integerizer: 3 out of 109 different from round
24/10/2023 13:14:00 - DEBUG - populationsim.integerizer - Integerizer status for backstopped PUMA_4702502_TAZ_569: OPTIMAL
24/10/2023 13:14:00 - INFO - populationsim.multi_integerizer - sequential_integerizing zone_id 577 zone_name TAZ_577
24/10/2023 13:14:00 - DEBUG - populationsim.integerizer - Integerizer: 57 out of 701 different from round
24/10/2023 13:14:00 - DEBUG - populationsim.integerizer - Integerizer status for backstopped PUMA_4702502_TAZ_577: OPTIMAL
24/10/2023 13:14:00 - INFO - populationsim.multi_integerizer - sequential_integerizing zone_id 578 zone_name TAZ_578
24/10/2023 13:14:00 - DEBUG - populationsim.integerizer - Integerizer: 61 out of 701 different from round
24/10/2023 13:14:00 - DEBUG - populationsim.integerizer - Integerizer status for backstopped PUMA_4702502_TAZ_578: OPTIMAL
24/10/2023 13:14:00 - INFO - populationsim.multi_integerizer - sequential_integerizing zone_id 579 zone_name TAZ_579
24/10/2023 13:14:00 - DEBUG - populationsim.integerizer - Integerizer: 71 out of 701 different from round
24/10/2023 13:14:00 - DEBUG - populationsim.integerizer - Integerizer status for backstopped PUMA_4702502_TAZ_579: OPTIMAL
24/10/2023 13:14:00 - INFO - populationsim.multi_integerizer - sequential_integerizing zone_id 580 zone_name TAZ_580
24/10/2023 13:14:00 - DEBUG - populationsim.integerizer - Integerizer: 62 out of 701 different from round
24/10/2023 13:14:00 - DEBUG - populationsim.integerizer - Integerizer status for backstopped PUMA_4702502_TAZ_580: OPTIMAL
24/10/2023 13:14:00 - INFO - populationsim.multi_integerizer - sequential_integerizing zone_id 2820 zone_name TAZ_2820
24/10/2023 13:14:00 - DEBUG - populationsim.integerizer - Integerizer: 62 out of 701 different from round
24/10/2023 13:14:00 - DEBUG - populationsim.integerizer - Integerizer status for backstopped PUMA_4702502_TAZ_2820: OPTIMAL
24/10/2023 13:14:00 - INFO - populationsim.multi_integerizer - sequential_integerizing zone_id 2821 zone_name TAZ_2821
24/10/2023 13:14:00 - DEBUG - populationsim.integerizer - Integerizer: 42 out of 701 different from round
24/10/2023 13:14:00 - DEBUG - populationsim.integerizer - Integerizer status for backstopped PUMA_4702502_TAZ_2821: OPTIMAL
24/10/2023 13:14:00 - INFO - populationsim.multi_integerizer - do_simul_integerizing 2 infeasable subzones for PUMA_4702502. 
24/10/2023 13:14:20 - DEBUG - populationsim.multi_integerizer - SimulIntegerizer status OPTIMAL
24/10/2023 13:14:20 - INFO - populationsim.multi_integerizer - do_simul_integerizing retry succeeded for PUMA_4702502 status OPTIMAL. 
24/10/2023 13:14:20 - INFO - populationsim.steps.sub_balancing - adding table TAZ_weights
24/10/2023 13:14:20 - DEBUG - activitysim.core.tracing - Time to execute #run_model completed step 'sub_balancing.geography=TAZ' : 332.321 seconds (5.5 minutes)
24/10/2023 13:14:20 - DEBUG - activitysim.core.pipeline - add_checkpoint sub_balancing.geography=TAZ timestamp 2023-10-24 13:14:20.760264
24/10/2023 13:14:20 - DEBUG - activitysim.core.pipeline - add_checkpoint 'sub_balancing.geography=TAZ' table 'TAZ_weights' (127582, 6) 6.6 MB
24/10/2023 13:14:20 - DEBUG - activitysim.core.pipeline - add_checkpoint 'sub_balancing.geography=TAZ' table 'TAZ_weights_sparse' (24222, 6) 1.3 MB
24/10/2023 13:14:20 - DEBUG - activitysim.core.pipeline - add_checkpoint 'sub_balancing.geography=TAZ' table 'trace_TAZ_weights' (701, 6) 36.5 KB
24/10/2023 13:14:20 - INFO - activitysim.core.tracing - Time to execute run (1 models) : 332.543 seconds (5.5 minutes)
24/10/2023 13:14:20 - DEBUG - activitysim.core.pipeline - add_checkpoint mp_sub_balancing_TAZ timestamp 2023-10-24 13:14:20.891542
24/10/2023 13:14:20 - DEBUG - activitysim.core.pipeline - close_pipeline
24/10/2023 13:14:20 - INFO - activitysim.core.mem - mp_sub_balancing_TAZ_6 high water mark rss: 406_700_032 (406.7 MB) timestamp: 24/10/2023 13:14:20 label:pipeline.run_model sub_balancing.geography=TAZ finished
24/10/2023 13:14:20 - INFO - activitysim.core.mem - mp_sub_balancing_TAZ_6 high water mark uss: 373_612_544 (373.6 MB) timestamp: 24/10/2023 13:14:20 label:pipeline.run_model sub_balancing.geography=TAZ finished
