24/10/2023 13:18:56 - INFO - activitysim - Read logging configuration from: configs\HH\logging.yaml
24/10/2023 13:18:56 - DEBUG - activitysim.core.random - Set random seed base to 0
24/10/2023 13:18:56 - DEBUG - activitysim.core.pipeline - open_pipeline - open existing pipeline
24/10/2023 13:18:56 - DEBUG - activitysim.core.pipeline - opened pipeline_store output\HH\pipeline.h5
24/10/2023 13:18:56 - INFO - activitysim.core.pipeline - load_checkpoint mp_sub_balancing_TAZ
24/10/2023 13:18:56 - INFO - activitysim.core.pipeline - load_checkpoint mp_sub_balancing_TAZ timestamp 2023-10-24 13:18:52.816237
24/10/2023 13:18:56 - INFO - activitysim.core.pipeline - load_checkpoint table households (34034, 238)
24/10/2023 13:18:56 - DEBUG - activitysim.core.pipeline - rewrap table households inplace=False
24/10/2023 13:18:57 - INFO - activitysim.core.pipeline - load_checkpoint table persons (83294, 289)
24/10/2023 13:18:57 - DEBUG - activitysim.core.pipeline - rewrap table persons inplace=False
24/10/2023 13:18:57 - INFO - activitysim.core.pipeline - load_checkpoint table geo_cross_walk (33117, 7)
24/10/2023 13:18:57 - DEBUG - activitysim.core.pipeline - rewrap table geo_cross_walk inplace=False
24/10/2023 13:18:57 - INFO - activitysim.core.pipeline - load_checkpoint table MAZ_control_data (33117, 4)
24/10/2023 13:18:57 - DEBUG - activitysim.core.pipeline - rewrap table MAZ_control_data inplace=False
24/10/2023 13:18:57 - INFO - activitysim.core.pipeline - load_checkpoint table TAZ_control_data (2929, 45)
24/10/2023 13:18:57 - DEBUG - activitysim.core.pipeline - rewrap table TAZ_control_data inplace=False
24/10/2023 13:18:57 - INFO - activitysim.core.pipeline - load_checkpoint table REGION_control_data (1, 2)
24/10/2023 13:18:57 - DEBUG - activitysim.core.pipeline - rewrap table REGION_control_data inplace=False
24/10/2023 13:18:57 - INFO - activitysim.core.pipeline - load_checkpoint table crosswalk (33117, 4)
24/10/2023 13:18:57 - DEBUG - activitysim.core.pipeline - rewrap table crosswalk inplace=False
24/10/2023 13:18:57 - INFO - activitysim.core.pipeline - load_checkpoint table slice_crosswalk (12, 2)
24/10/2023 13:18:57 - DEBUG - activitysim.core.pipeline - rewrap table slice_crosswalk inplace=False
24/10/2023 13:18:57 - INFO - activitysim.core.pipeline - load_checkpoint table control_spec (24, 6)
24/10/2023 13:18:57 - DEBUG - activitysim.core.pipeline - rewrap table control_spec inplace=False
24/10/2023 13:18:57 - INFO - activitysim.core.pipeline - load_checkpoint table REGION_controls (1, 24)
24/10/2023 13:18:57 - DEBUG - activitysim.core.pipeline - rewrap table REGION_controls inplace=False
24/10/2023 13:18:57 - INFO - activitysim.core.pipeline - load_checkpoint table PUMA_controls (12, 24)
24/10/2023 13:18:57 - DEBUG - activitysim.core.pipeline - rewrap table PUMA_controls inplace=False
24/10/2023 13:18:57 - INFO - activitysim.core.pipeline - load_checkpoint table TAZ_controls (2702, 23)
24/10/2023 13:18:57 - DEBUG - activitysim.core.pipeline - rewrap table TAZ_controls inplace=False
24/10/2023 13:18:57 - INFO - activitysim.core.pipeline - load_checkpoint table MAZ_controls (20797, 1)
24/10/2023 13:18:57 - DEBUG - activitysim.core.pipeline - rewrap table MAZ_controls inplace=False
24/10/2023 13:18:57 - INFO - activitysim.core.pipeline - load_checkpoint table household_groups (34034, 3)
24/10/2023 13:18:57 - DEBUG - activitysim.core.pipeline - rewrap table household_groups inplace=False
24/10/2023 13:18:57 - INFO - activitysim.core.pipeline - load_checkpoint table incidence_table (8894, 29)
24/10/2023 13:18:57 - DEBUG - activitysim.core.pipeline - rewrap table incidence_table inplace=False
24/10/2023 13:18:57 - INFO - activitysim.core.pipeline - load_checkpoint table PUMA_weights (8894, 6)
24/10/2023 13:18:57 - DEBUG - activitysim.core.pipeline - rewrap table PUMA_weights inplace=False
24/10/2023 13:18:58 - INFO - activitysim.core.pipeline - load_checkpoint table TAZ_weights (1992296, 6)
24/10/2023 13:18:58 - DEBUG - activitysim.core.pipeline - rewrap table TAZ_weights inplace=False
24/10/2023 13:18:58 - INFO - activitysim.core.pipeline - load_checkpoint table TAZ_weights_sparse (341740, 6)
24/10/2023 13:18:58 - DEBUG - activitysim.core.pipeline - rewrap table TAZ_weights_sparse inplace=False
24/10/2023 13:18:58 - INFO - activitysim.core.pipeline - load_checkpoint table trace_TAZ_weights (701, 6)
24/10/2023 13:18:58 - DEBUG - activitysim.core.pipeline - rewrap table trace_TAZ_weights inplace=False
24/10/2023 13:18:58 - DEBUG - activitysim.core.pipeline - open_pipeline complete
24/10/2023 13:18:58 - DEBUG - activitysim.core.mp_tasks - loaded table households (34034, 238)
24/10/2023 13:18:58 - DEBUG - activitysim.core.mp_tasks - loaded table persons (83294, 289)
24/10/2023 13:18:58 - DEBUG - activitysim.core.mp_tasks - loaded table geo_cross_walk (33117, 7)
24/10/2023 13:18:58 - DEBUG - activitysim.core.mp_tasks - loaded table MAZ_control_data (33117, 4)
24/10/2023 13:18:58 - DEBUG - activitysim.core.mp_tasks - loaded table TAZ_control_data (2929, 45)
24/10/2023 13:18:58 - DEBUG - activitysim.core.mp_tasks - loaded table REGION_control_data (1, 2)
24/10/2023 13:18:58 - DEBUG - activitysim.core.mp_tasks - loaded table crosswalk (33117, 4)
24/10/2023 13:18:58 - DEBUG - activitysim.core.mp_tasks - loaded table slice_crosswalk (12, 2)
24/10/2023 13:18:58 - DEBUG - activitysim.core.mp_tasks - loaded table control_spec (24, 6)
24/10/2023 13:18:58 - DEBUG - activitysim.core.mp_tasks - loaded table REGION_controls (1, 24)
24/10/2023 13:18:58 - DEBUG - activitysim.core.mp_tasks - loaded table PUMA_controls (12, 24)
24/10/2023 13:18:58 - DEBUG - activitysim.core.mp_tasks - loaded table TAZ_controls (2702, 23)
24/10/2023 13:18:58 - DEBUG - activitysim.core.mp_tasks - loaded table MAZ_controls (20797, 1)
24/10/2023 13:18:58 - DEBUG - activitysim.core.mp_tasks - loaded table household_groups (34034, 3)
24/10/2023 13:18:58 - DEBUG - activitysim.core.mp_tasks - loaded table incidence_table (8894, 29)
24/10/2023 13:18:58 - DEBUG - activitysim.core.mp_tasks - loaded table PUMA_weights (8894, 6)
24/10/2023 13:18:58 - DEBUG - activitysim.core.mp_tasks - loaded table TAZ_weights (1992296, 6)
24/10/2023 13:18:58 - DEBUG - activitysim.core.mp_tasks - loaded table TAZ_weights_sparse (341740, 6)
24/10/2023 13:18:58 - DEBUG - activitysim.core.mp_tasks - loaded table trace_TAZ_weights (701, 6)
24/10/2023 13:18:58 - DEBUG - activitysim.core.pipeline - close_pipeline
24/10/2023 13:18:58 - DEBUG - activitysim.core.mp_tasks - slice.except wildcard (True): excluding all tables not explicitly listed in slice.tables
24/10/2023 13:18:58 - DEBUG - activitysim.core.mp_tasks - ### table_name: slice_crosswalk slice_rules: {'slice_by': 'primary'}
24/10/2023 13:18:58 - DEBUG - activitysim.core.mp_tasks - ### table_name: crosswalk slice_rules: {'slice_by': 'column', 'column': 'PUMA', 'source': 'slice_crosswalk'}
24/10/2023 13:18:58 - DEBUG - activitysim.core.mp_tasks - ### slicer_ref_cols: OrderedDict([('slice_crosswalk', 'PUMA'), ('crosswalk', None)])
24/10/2023 13:18:59 - DEBUG - activitysim.core.mp_tasks - writing checkpoints ((1, 21)) to checkpoints in output\HH\mp_sub_balancing_MAZ_0-pipeline.h5
24/10/2023 13:19:00 - DEBUG - activitysim.core.mp_tasks - writing checkpoints ((1, 21)) to checkpoints in output\HH\mp_sub_balancing_MAZ_1-pipeline.h5
24/10/2023 13:19:01 - DEBUG - activitysim.core.mp_tasks - writing checkpoints ((1, 21)) to checkpoints in output\HH\mp_sub_balancing_MAZ_2-pipeline.h5
24/10/2023 13:19:02 - DEBUG - activitysim.core.mp_tasks - writing checkpoints ((1, 21)) to checkpoints in output\HH\mp_sub_balancing_MAZ_3-pipeline.h5
24/10/2023 13:19:03 - DEBUG - activitysim.core.mp_tasks - writing checkpoints ((1, 21)) to checkpoints in output\HH\mp_sub_balancing_MAZ_4-pipeline.h5
24/10/2023 13:19:04 - DEBUG - activitysim.core.mp_tasks - writing checkpoints ((1, 21)) to checkpoints in output\HH\mp_sub_balancing_MAZ_5-pipeline.h5
24/10/2023 13:19:05 - DEBUG - activitysim.core.mp_tasks - writing checkpoints ((1, 21)) to checkpoints in output\HH\mp_sub_balancing_MAZ_6-pipeline.h5
24/10/2023 13:19:06 - DEBUG - activitysim.core.mp_tasks - writing checkpoints ((1, 21)) to checkpoints in output\HH\mp_sub_balancing_MAZ_7-pipeline.h5
24/10/2023 13:19:07 - DEBUG - activitysim.core.mp_tasks - writing checkpoints ((1, 21)) to checkpoints in output\HH\mp_sub_balancing_MAZ_8-pipeline.h5
24/10/2023 13:19:08 - DEBUG - activitysim.core.mp_tasks - writing checkpoints ((1, 21)) to checkpoints in output\HH\mp_sub_balancing_MAZ_9-pipeline.h5
24/10/2023 13:19:09 - DEBUG - activitysim.core.mp_tasks - writing checkpoints ((1, 21)) to checkpoints in output\HH\mp_sub_balancing_MAZ_10-pipeline.h5
24/10/2023 13:19:10 - DEBUG - activitysim.core.mp_tasks - writing checkpoints ((1, 21)) to checkpoints in output\HH\mp_sub_balancing_MAZ_11-pipeline.h5
