24/10/2023 13:08:27 - INFO - activitysim - Read logging configuration from: configs\HH\logging.yaml
24/10/2023 13:08:27 - DEBUG - activitysim.core.random - Set random seed base to 0
24/10/2023 13:08:27 - DEBUG - activitysim.core.pipeline - open_pipeline - open existing pipeline
24/10/2023 13:08:27 - DEBUG - activitysim.core.pipeline - opened pipeline_store output\HH\pipeline.h5
24/10/2023 13:08:27 - INFO - activitysim.core.pipeline - load_checkpoint mp_seed_balancing
24/10/2023 13:08:27 - INFO - activitysim.core.pipeline - load_checkpoint mp_seed_balancing timestamp 2023-10-24 13:08:25.011576
24/10/2023 13:08:27 - INFO - activitysim.core.pipeline - load_checkpoint table households (34034, 238)
24/10/2023 13:08:27 - DEBUG - activitysim.core.pipeline - rewrap table households inplace=False
24/10/2023 13:08:28 - INFO - activitysim.core.pipeline - load_checkpoint table persons (83294, 289)
24/10/2023 13:08:28 - DEBUG - activitysim.core.pipeline - rewrap table persons inplace=False
24/10/2023 13:08:28 - INFO - activitysim.core.pipeline - load_checkpoint table geo_cross_walk (33117, 7)
24/10/2023 13:08:28 - DEBUG - activitysim.core.pipeline - rewrap table geo_cross_walk inplace=False
24/10/2023 13:08:28 - INFO - activitysim.core.pipeline - load_checkpoint table MAZ_control_data (33117, 4)
24/10/2023 13:08:28 - DEBUG - activitysim.core.pipeline - rewrap table MAZ_control_data inplace=False
24/10/2023 13:08:28 - INFO - activitysim.core.pipeline - load_checkpoint table TAZ_control_data (2929, 45)
24/10/2023 13:08:28 - DEBUG - activitysim.core.pipeline - rewrap table TAZ_control_data inplace=False
24/10/2023 13:08:28 - INFO - activitysim.core.pipeline - load_checkpoint table REGION_control_data (1, 2)
24/10/2023 13:08:28 - DEBUG - activitysim.core.pipeline - rewrap table REGION_control_data inplace=False
24/10/2023 13:08:28 - INFO - activitysim.core.pipeline - load_checkpoint table crosswalk (33117, 4)
24/10/2023 13:08:28 - DEBUG - activitysim.core.pipeline - rewrap table crosswalk inplace=False
24/10/2023 13:08:28 - INFO - activitysim.core.pipeline - load_checkpoint table slice_crosswalk (12, 2)
24/10/2023 13:08:28 - DEBUG - activitysim.core.pipeline - rewrap table slice_crosswalk inplace=False
24/10/2023 13:08:28 - INFO - activitysim.core.pipeline - load_checkpoint table control_spec (24, 6)
24/10/2023 13:08:28 - DEBUG - activitysim.core.pipeline - rewrap table control_spec inplace=False
24/10/2023 13:08:28 - INFO - activitysim.core.pipeline - load_checkpoint table REGION_controls (1, 24)
24/10/2023 13:08:28 - DEBUG - activitysim.core.pipeline - rewrap table REGION_controls inplace=False
24/10/2023 13:08:28 - INFO - activitysim.core.pipeline - load_checkpoint table PUMA_controls (12, 24)
24/10/2023 13:08:28 - DEBUG - activitysim.core.pipeline - rewrap table PUMA_controls inplace=False
24/10/2023 13:08:28 - INFO - activitysim.core.pipeline - load_checkpoint table TAZ_controls (2702, 23)
24/10/2023 13:08:28 - DEBUG - activitysim.core.pipeline - rewrap table TAZ_controls inplace=False
24/10/2023 13:08:28 - INFO - activitysim.core.pipeline - load_checkpoint table MAZ_controls (20797, 1)
24/10/2023 13:08:28 - DEBUG - activitysim.core.pipeline - rewrap table MAZ_controls inplace=False
24/10/2023 13:08:28 - INFO - activitysim.core.pipeline - load_checkpoint table household_groups (34034, 3)
24/10/2023 13:08:28 - DEBUG - activitysim.core.pipeline - rewrap table household_groups inplace=False
24/10/2023 13:08:28 - INFO - activitysim.core.pipeline - load_checkpoint table incidence_table (8894, 29)
24/10/2023 13:08:28 - DEBUG - activitysim.core.pipeline - rewrap table incidence_table inplace=False
24/10/2023 13:08:28 - INFO - activitysim.core.pipeline - load_checkpoint table PUMA_weights (8894, 6)
24/10/2023 13:08:28 - DEBUG - activitysim.core.pipeline - rewrap table PUMA_weights inplace=False
24/10/2023 13:08:28 - DEBUG - activitysim.core.pipeline - open_pipeline complete
24/10/2023 13:08:28 - DEBUG - activitysim.core.mp_tasks - loaded table households (34034, 238)
24/10/2023 13:08:28 - DEBUG - activitysim.core.mp_tasks - loaded table persons (83294, 289)
24/10/2023 13:08:28 - DEBUG - activitysim.core.mp_tasks - loaded table geo_cross_walk (33117, 7)
24/10/2023 13:08:28 - DEBUG - activitysim.core.mp_tasks - loaded table MAZ_control_data (33117, 4)
24/10/2023 13:08:28 - DEBUG - activitysim.core.mp_tasks - loaded table TAZ_control_data (2929, 45)
24/10/2023 13:08:28 - DEBUG - activitysim.core.mp_tasks - loaded table REGION_control_data (1, 2)
24/10/2023 13:08:28 - DEBUG - activitysim.core.mp_tasks - loaded table crosswalk (33117, 4)
24/10/2023 13:08:28 - DEBUG - activitysim.core.mp_tasks - loaded table slice_crosswalk (12, 2)
24/10/2023 13:08:28 - DEBUG - activitysim.core.mp_tasks - loaded table control_spec (24, 6)
24/10/2023 13:08:28 - DEBUG - activitysim.core.mp_tasks - loaded table REGION_controls (1, 24)
24/10/2023 13:08:28 - DEBUG - activitysim.core.mp_tasks - loaded table PUMA_controls (12, 24)
24/10/2023 13:08:28 - DEBUG - activitysim.core.mp_tasks - loaded table TAZ_controls (2702, 23)
24/10/2023 13:08:28 - DEBUG - activitysim.core.mp_tasks - loaded table MAZ_controls (20797, 1)
24/10/2023 13:08:28 - DEBUG - activitysim.core.mp_tasks - loaded table household_groups (34034, 3)
24/10/2023 13:08:28 - DEBUG - activitysim.core.mp_tasks - loaded table incidence_table (8894, 29)
24/10/2023 13:08:28 - DEBUG - activitysim.core.mp_tasks - loaded table PUMA_weights (8894, 6)
24/10/2023 13:08:29 - DEBUG - activitysim.core.pipeline - close_pipeline
24/10/2023 13:08:29 - DEBUG - activitysim.core.mp_tasks - slice.except wildcard (True): excluding all tables not explicitly listed in slice.tables
24/10/2023 13:08:29 - DEBUG - activitysim.core.mp_tasks - ### table_name: slice_crosswalk slice_rules: {'slice_by': 'primary'}
24/10/2023 13:08:29 - DEBUG - activitysim.core.mp_tasks - ### table_name: crosswalk slice_rules: {'slice_by': 'column', 'column': 'PUMA', 'source': 'slice_crosswalk'}
24/10/2023 13:08:29 - DEBUG - activitysim.core.mp_tasks - ### slicer_ref_cols: OrderedDict([('slice_crosswalk', 'PUMA'), ('crosswalk', None)])
24/10/2023 13:08:29 - DEBUG - activitysim.core.mp_tasks - writing checkpoints ((1, 18)) to checkpoints in output\HH\mp_sub_balancing_TAZ_0-pipeline.h5
24/10/2023 13:08:30 - DEBUG - activitysim.core.mp_tasks - writing checkpoints ((1, 18)) to checkpoints in output\HH\mp_sub_balancing_TAZ_1-pipeline.h5
24/10/2023 13:08:31 - DEBUG - activitysim.core.mp_tasks - writing checkpoints ((1, 18)) to checkpoints in output\HH\mp_sub_balancing_TAZ_2-pipeline.h5
24/10/2023 13:08:32 - DEBUG - activitysim.core.mp_tasks - writing checkpoints ((1, 18)) to checkpoints in output\HH\mp_sub_balancing_TAZ_3-pipeline.h5
24/10/2023 13:08:32 - DEBUG - activitysim.core.mp_tasks - writing checkpoints ((1, 18)) to checkpoints in output\HH\mp_sub_balancing_TAZ_4-pipeline.h5
24/10/2023 13:08:33 - DEBUG - activitysim.core.mp_tasks - writing checkpoints ((1, 18)) to checkpoints in output\HH\mp_sub_balancing_TAZ_5-pipeline.h5
24/10/2023 13:08:34 - DEBUG - activitysim.core.mp_tasks - writing checkpoints ((1, 18)) to checkpoints in output\HH\mp_sub_balancing_TAZ_6-pipeline.h5
24/10/2023 13:08:35 - DEBUG - activitysim.core.mp_tasks - writing checkpoints ((1, 18)) to checkpoints in output\HH\mp_sub_balancing_TAZ_7-pipeline.h5
24/10/2023 13:08:36 - DEBUG - activitysim.core.mp_tasks - writing checkpoints ((1, 18)) to checkpoints in output\HH\mp_sub_balancing_TAZ_8-pipeline.h5
24/10/2023 13:08:37 - DEBUG - activitysim.core.mp_tasks - writing checkpoints ((1, 18)) to checkpoints in output\HH\mp_sub_balancing_TAZ_9-pipeline.h5
24/10/2023 13:08:37 - DEBUG - activitysim.core.mp_tasks - writing checkpoints ((1, 18)) to checkpoints in output\HH\mp_sub_balancing_TAZ_10-pipeline.h5
24/10/2023 13:08:38 - DEBUG - activitysim.core.mp_tasks - writing checkpoints ((1, 18)) to checkpoints in output\HH\mp_sub_balancing_TAZ_11-pipeline.h5
